"../../../Engine/Content/Functions/Engine_MaterialFunctions01/Opacity/CameraDepthFade.uasset" 0
"../../../Engine/Content/EngineMaterials/T_Default_Material_Grid_M.uasset" 1
"../../../Engine/Content/EngineMaterials/T_Default_Material_Grid_N.uasset" 2
"../../../Engine/Content/EngineMaterials/DefaultMaterial.uasset" 3
"../../../Engine/Content/BasicShapes/Cone.uasset" 4
"../../../Engine/Content/BasicShapes/Cylinder.uasset" 5
"../../../Engine/Content/EngineMaterials/WorldGridMaterial.uasset" 6
"../../../Engine/Content/BasicShapes/Plane.uasset" 7
"../../../Engine/Content/EditorLandscapeResources/DataLayer.uasset" 8
"../../../Engine/Content/EditorMaterials/GizmoMaterial.uasset" 9
"../../../Engine/Content/EditorMaterials/MAT_Groups_Toggle.uasset" 10
"../../../Engine/Content/EditorMaterials/MAT_Groups_Visibility.uasset" 11
"../../../Engine/Content/EditorMaterials/PreviewShadowIndicator.uasset" 12
"../../../Engine/Content/EditorMaterials/PreviewShadowIndicatorMaterial.uasset" 13
"../../../Engine/Content/EditorMaterials/AssetViewer/EpicQuadPanorama_CC+EV1.uasset" 14
"../../../Engine/Content/EditorMaterials/MatineeGroups/MAT_ColorTrack.uasset" 15
"../../../Engine/Content/EditorMaterials/MatineeGroups/MAT_Groups_Anim.uasset" 16
"../../../Engine/Content/EditorMaterials/MatineeGroups/MAT_Groups_AudioMaster.uasset" 17
"../../../Engine/Content/EditorMaterials/MatineeGroups/MAT_Groups_Director.uasset" 18
"../../../Engine/Content/EditorMaterials/MatineeGroups/MAT_Groups_Event.uasset" 19
"../../../Engine/Content/EditorMaterials/MatineeGroups/MAT_Groups_Fade.uasset" 20
"../../../Engine/Content/EditorMaterials/MatineeGroups/MAT_Groups_Float.uasset" 21
"../../../Engine/Content/EditorMaterials/MatineeGroups/MAT_Groups_Move.uasset" 22
"../../../Engine/Content/EditorMaterials/MatineeGroups/MAT_Groups_Slomo.uasset" 23
"../../../Engine/Content/EditorMaterials/MatineeGroups/MAT_Groups_Sound.uasset" 24
"../../../Engine/Content/EditorMaterials/MatineeGroups/MAT_Groups_Vector.uasset" 25
"../../../Engine/Content/EditorMaterials/ParticleSystems/PSysThumbnail_NoImage.uasset" 26
"../../../Engine/Content/EditorMaterials/ParticleSystems/PSysThumbnail_OOD.uasset" 27
"../../../Engine/Content/EditorMaterials/Camera/CineMat.uasset" 28
"../../../Engine/Content/EditorMaterials/Camera/MI_CineMat_Rig.uasset" 29
"../../../Engine/Content/EditorMeshes/Camera/SM_CraneRig_Arm.uasset" 30
"../../../Engine/Content/EditorMeshes/Camera/SM_CraneRig_Base.uasset" 31
"../../../Engine/Content/EditorMeshes/Camera/SM_CraneRig_Body.uasset" 32
"../../../Engine/Content/EditorMeshes/Camera/SM_CraneRig_Mount.uasset" 33
"../../../Engine/Content/EditorMeshes/Camera/SM_RailRig_Mount.uasset" 34
"../../../Engine/Content/EditorMeshes/Camera/SM_RailRig_Track.uasset" 35
"../../../Engine/Content/EditorMeshes/ColorCalibrator/M_ChromeBall.uasset" 36
"../../../Engine/Content/EditorMeshes/ColorCalibrator/M_ClearCoat.uasset" 37
"../../../Engine/Content/EditorMeshes/ColorCalibrator/M_ClearCoatBlack.uasset" 38
"../../../Engine/Content/EditorMeshes/ColorCalibrator/T_ColorGrid.uasset" 39
"../../../Engine/Content/EditorMeshes/ColorCalibrator/M_ColorGrid.uasset" 40
"../../../Engine/Content/EditorMeshes/ColorCalibrator/M_GreyBall.uasset" 41
"../../../Engine/Content/EditorMeshes/ColorCalibrator/SM_ColorCalibrator.uasset" 42
"../../../Engine/Content/EditorResources/BSPVertex.uasset" 43
"../../../Engine/Content/EditorResources/EmptyActor.uasset" 44
"../../../Engine/Content/EditorResources/RGBTable16x1_AssetViewer.uasset" 45
"../../../Engine/Content/EditorResources/S_Actor.uasset" 46
"../../../Engine/Content/EditorResources/S_Trigger.uasset" 47
"../../../Engine/Content/EditorResources/SequenceRecorder/Countdown.uasset" 48
"../../../Engine/Content/EditorResources/SequenceRecorder/RecordingIndicator.uasset" 49
"../../../Engine/Content/EditorSounds/Notifications/CompileFailed.uasset" 50
"../../../Engine/Content/EditorSounds/Notifications/CompileFailed_Cue.uasset" 51
"../../../Engine/Content/EditorSounds/Notifications/CompileSuccess.uasset" 52
"../../../Engine/Content/EditorSounds/Notifications/CompileStart_Cue.uasset" 53
"../../../Engine/Content/EditorSounds/Notifications/CompileSuccess_Cue.uasset" 54
"../../../Engine/Content/EngineDamageTypes/DmgTypeBP_Environmental.uasset" 55
"../../../Engine/Content/EngineDebugMaterials/HeatmapGradient.uasset" 56
"../../../Engine/Content/EngineDebugMaterials/BoneWeightMaterial.uasset" 57
"../../../Engine/Content/EngineDebugMaterials/DebugMeshMaterial.uasset" 58
"../../../Engine/Content/EngineDebugMaterials/GeomMaterial.uasset" 59
"../../../Engine/Content/EngineFonts/Faces/RobotoBold.uasset" 60
"../../../Engine/Content/EngineFonts/Faces/RobotoBoldItalic.uasset" 61
"../../../Engine/Content/EngineFonts/Faces/RobotoItalic.uasset" 62
"../../../Engine/Content/EngineFonts/Faces/RobotoLight.uasset" 63
"../../../Engine/Content/EngineFonts/Faces/RobotoRegular.uasset" 64
"../../../Engine/Content/EngineFonts/Roboto.uasset" 65
"../../../Engine/Content/EngineFonts/Faces/RobotoTiny.uasset" 66
"../../../Engine/Content/EngineFonts/RobotoTiny.uasset" 67
"../../../Engine/Content/EngineMaterials/DefaultBokeh.uasset" 68
"../../../Engine/Content/EngineMaterials/DefaultDiffuse.uasset" 69
"../../../Engine/Content/EngineMaterials/DefaultDeferredDecalMaterial.uasset" 70
"../../../Engine/Content/EngineMaterials/DefaultLightFunctionMaterial.uasset" 71
"../../../Engine/Content/EngineMaterials/DefaultPhysicalMaterial.uasset" 72
"../../../Engine/Content/Functions/Engine_MaterialFunctions02/Utility/BreakOutFloat2Components.uasset" 73
"../../../Engine/Content/EngineMaterials/DefaultPostProcessMaterial.uasset" 74
"../../../Engine/Content/EngineFonts/RobotoDistanceField.uasset" 75
"../../../Engine/Content/EngineMaterials/DefaultTextMaterialOpaque.uasset" 76
"../../../Engine/Content/EngineMaterials/DefaultWhiteGrid.uasset" 77
"../../../Engine/Content/EngineMaterials/EditorBrushMaterial.uasset" 78
"../../../Engine/Content/EngineMaterials/Good64x64TilingNoiseHighFreq.uasset" 79
"../../../Engine/Content/EngineMaterials/MiniFont.uasset" 80
"../../../Engine/Content/EngineMaterials/InvalidLightmapSettings.uasset" 81
"../../../Engine/Content/EngineMaterials/M_InvalidLightmapSettings.uasset" 82
"../../../Engine/Content/EngineMaterials/PhAT_JointLimitMaterial.uasset" 83
"../../../Engine/Content/EngineMaterials/PreintegratedSkinBRDF.uasset" 84
"../../../Engine/Content/EngineMaterials/RemoveSurfaceMaterial.uasset" 85
"../../../Engine/Content/EngineMaterials/WeightMapPlaceholderTexture.uasset" 86
"../../../Engine/Content/EngineResources/WhiteSquareTexture.uasset" 87
"../../../Engine/Content/EngineMaterials/Widget3DPassThrough.uasset" 88
"../../../Engine/Content/EngineMaterials/Widget3DPassThrough_Masked.uasset" 89
"../../../Engine/Content/EngineMaterials/Widget3DPassThrough_Opaque.uasset" 90
"../../../Engine/Content/EngineMaterials/Widget3DPassThrough_Masked_OneSided.uasset" 91
"../../../Engine/Content/EngineMaterials/Widget3DPassThrough_Opaque_OneSided.uasset" 92
"../../../Engine/Content/EngineMaterials/Widget3DPassThrough_Translucent.uasset" 93
"../../../Engine/Content/EngineMaterials/Widget3DPassThrough_Translucent_OneSided.uasset" 94
"../../../Engine/Content/EngineMeshes/Cube.uasset" 95
"../../../Engine/Content/EngineMeshes/Cylinder.uasset" 96
"../../../Engine/Content/EngineMeshes/Sphere.uasset" 97
"../../../Engine/Content/EngineResources/DefaultTexture.uasset" 98
"../../../Engine/Content/EngineResources/DefaultTextureCube.uasset" 99
"../../../Engine/Content/EngineResources/GradientTexture0.uasset" 100
"../../../Engine/Content/EngineSounds/Master.uasset" 101
"../../../Engine/Content/Functions/Engine_MaterialFunctions01/Shading/ConvertFromDiffSpec.uasset" 102
"../../../Engine/Content/Functions/Engine_MaterialFunctions01/Shading/PowerToRoughness.uasset" 103
"../../../Engine/Content/Maps/Templates/Thumbnails/Default.uasset" 104
"../../../Engine/Content/Maps/Templates/Thumbnails/VR-Basic.uasset" 105
"../../../Engine/Content/MobileResources/T_MobileControls_texture.uasset" 106
"../../../Engine/Content/MobileResources/T_MobileMenu2.uasset" 107
"../../../Engine/Content/MobileResources/HUD/AnalogHat.uasset" 108
"../../../Engine/Content/MobileResources/HUD/VirtualJoystick_Background.uasset" 109
"../../../Engine/Content/MobileResources/HUD/VirtualJoystick_Thumb.uasset" 110
"../../../Engine/Content/MobileResources/HUD/DefaultVirtualJoysticks.uasset" 111
"../../../Engine/Content/MobileResources/HUD/LeftVirtualJoystickOnly.uasset" 112
"../../../Engine/Content/MobileResources/HUD/MobileHUDButton1_off.uasset" 113
"../../../Engine/Content/MobileResources/HUD/MobileHUDButton1_on.uasset" 114
"../../../Engine/Content/MobileResources/HUD/MobileHUDButton2_off.uasset" 115
"../../../Engine/Content/MobileResources/HUD/MobileHUDButton2_on.uasset" 116
"../../../Engine/Content/MobileResources/HUD/MobileHUDButton3.uasset" 117
"../../../Engine/Content/MobileResources/HUD/MobileHUDButtonFire.uasset" 118
"../../../Engine/Content/MobileResources/HUD/MobileHUDDirectionPad.uasset" 119
"../../../Engine/Content/MobileResources/HUD/MobileHUDDirectionPad2.uasset" 120
"../../../Engine/Content/MobileResources/HUD/MobileHUDDirectionPad3.uasset" 121
"../../../Engine/Content/MobileResources/HUD/MobileHUDDirectionStick.uasset" 122
"../../../Engine/Content/MobileResources/HUD/T_Castle_ThumbstickInner.uasset" 123
"../../../Engine/Content/MobileResources/HUD/T_Castle_ThumbstickOutter.uasset" 124
"../../../Engine/Content/Tutorial/ContentIntroCurve.uasset" 125
"../../../Engine/Content/Tutorial/Basics/TutorialAssets/icon_tab_Levels_40x.uasset" 126
"../../../Engine/Content/Tutorial/BlueprintTutorials/TutorialAssets/BlueprintInterface_64x.uasset" 127
"../../../Engine/Content/Tutorial/BlueprintTutorials/TutorialAssets/BlueprintMacroLibrary_64x.uasset" 128
"../../../Engine/Content/Tutorial/BlueprintTutorials/TutorialAssets/Blueprint_64x.uasset" 129
"../../../Engine/Content/Tutorial/BlueprintTutorials/TutorialAssets/Tutorial_BP_Interface.uasset" 130
"../../../Engine/Content/Tutorial/Foliage/TutorialAssets/Foliage.uasset" 131
"../../../Engine/Content/Tutorial/Landscape/TutorialAssets/Landscape.uasset" 132
"../../../Engine/Content/Tutorial/Paper2D/TutorialAssets/Paper2DFlipbook_TutorialIcon.uasset" 133
"../../../Engine/Content/Tutorial/Paper2D/TutorialAssets/Paper2DSprite_TutorialIcon.uasset" 134
"../../../Engine/Content/Tutorial/SubEditors/TutorialAssets/icon_Editor_Preferences_General_40x.uasset" 135
"../../../Engine/Content/Tutorial/SubEditors/TutorialAssets/icon_ShowSkeletalMeshes_40x.uasset" 136
"../../../Engine/Content/Tutorial/SubEditors/TutorialAssets/TutorialMaterial.uasset" 137
"../../../Engine/Content/Tutorial/SubEditors/TutorialAssets/T_SmokeSubUV_8X8.uasset" 138
"../../../Engine/Content/Tutorial/SubEditors/TutorialAssets/T_soft_smoke.uasset" 139
"../../../Engine/Content/Tutorial/SubEditors/TutorialAssets/M_smoke_subUV_blackbody.uasset" 140
"../../../Engine/Content/Tutorial/SubEditors/TutorialAssets/TutorialParticleSystem.uasset" 141
"../../../Engine/Content/EditorMeshes/EditorCube.uasset" 142
"../../../Engine/Content/Tutorial/SubEditors/TutorialAssets/Tutorial_DM.uasset" 143
"../../../Engine/Content/VREditor/Devices/Generic/GenericHMDMaterial.uasset" 144
"../../../Engine/Content/VREditor/Devices/Generic/GenericHMD.uasset" 145
"../../../Engine/Content/VREditor/FloatingText/LineMaterial.uasset" 146
"../../../Engine/Content/VREditor/FloatingText/JointSphere.uasset" 147
"../../../Engine/Content/VREditor/FloatingText/LineSegmentCylinder.uasset" 148
"../../../Engine/Content/VREditor/Fonts/VRText_RobotoLarge.uasset" 149
"../../../Engine/Content/VREditor/Fonts/VRTextMaterial.uasset" 150
"../../../Engine/Content/VREditor/Fonts/TranslucentVRTextMaterial.uasset" 151
"../../../Engine/Content/VREditor/LaserPointer/VR_LaserPower_01.uasset" 152
"../../../Engine/Content/VREditor/LaserPointer/LaserPointerMaterial.uasset" 153
"../../../Engine/Content/VREditor/LaserPointer/LaserPointerMaterialInst.uasset" 154
"../../../Engine/Content/VREditor/LaserPointer/TranslucentLaserPointerMaterialInst.uasset" 155
"../../../Engine/Content/VREditor/LaserPointer/LaserPointerMesh.uasset" 156
"../../../Engine/Content/VREditor/Sounds/VR_grab_Cue.uasset" 157
"../../../Engine/Content/VREditor/Sounds/VR_teleport_Cue.uasset" 158
"../../../Engine/Content/VREditor/TransformGizmo/TransformGizmoMaterial.uasset" 159
"../../../Engine/Content/VREditor/TransformGizmo/TranslucentTransformGizmoMaterial.uasset" 160
"../../../Engine/Content/VREditor/TransformGizmo/BoundingBoxCorner.uasset" 161
"../../../Engine/Content/VREditor/TransformGizmo/BoundingBoxEdge.uasset" 162
"../../../Engine/Content/VREditor/TransformGizmo/PlaneTranslationHandle.uasset" 163
"../../../Engine/Content/VREditor/TransformGizmo/RotationHandle.uasset" 164
"../../../Engine/Content/VREditor/TransformGizmo/RotationHandleFull.uasset" 165
"../../../Engine/Content/VREditor/TransformGizmo/StretchingHandle.uasset" 166
"../../../Engine/Content/VREditor/TransformGizmo/TranslateHandleLong.uasset" 167
"../../../Engine/Content/VREditor/TransformGizmo/TranslationHandle.uasset" 168
"../../../Engine/Content/VREditor/TransformGizmo/UniformScaleHandle.uasset" 169
"../../../Engine/Content/VREditor/UI/CloseButtonMesh.uasset" 170
"../../../Engine/Content/VREditor/UI/SelectionBarMesh.uasset" 171
"../../../Engine/Content/Functions/Engine_MaterialFunctions01/Gradient/RadialGradient.uasset" 172
"../../../Engine/Content/VREditor/WorldMovementGrid/SimpleGrid.uasset" 173
"../../../Engine/Content/VREditor/WorldMovementGrid/GridMaterial.uasset" 174
"../../../Engine/Content/Functions/Engine_MaterialFunctions01/Density/ExponentialDensity.uasset" 175
"../../../Engine/Content/VREditor/WorldMovementGrid/GridPostProcess.uasset" 176
"../../../Engine/Content/EditorLandscapeResources/FlattenHeightMat.uasset" 177
"../../../Engine/Content/VREditor/WorldMovementGrid/PlaneMesh.uasset" 178
"../../../Engine/Content/EditorBlueprintResources/StandardMacros.uasset" 179
"../../../Engine/Plugins/2D/Paper2D/Content/DefaultSpriteMaterial.uasset" 180
"../../../Engine/Plugins/2D/Paper2D/Content/TranslucentUnlitSpriteMaterial.uasset" 181
"../../../CreativeKeepers/Content/Textures/ForSprites/Enemies/enemyTipo1y3.uasset" 182
"../../../CreativeKeepers/Content/Sprites/Enemies/enemyTipo1y3_Sprite.uasset" 183
"../../../CreativeKeepers/Content/Enemies/obj-enemyDIES.uasset" 184
"../../../CreativeKeepers/Content/Textures/ForSprites/battleWall.uasset" 185
"../../../CreativeKeepers/Content/Sprites/battleWall_Sprite_0.uasset" 186
"../../../CreativeKeepers/Content/Sprites/battleWall_Sprite_1.uasset" 187
"../../../CreativeKeepers/Content/Flipbooks/battleWall_Flipbook.uasset" 188
"../../../CreativeKeepers/Content/Enemies/obj_battleWall.uasset" 189
"../../../CreativeKeepers/Content/Miscelaneous/misc-savegame.uasset" 190
"../../../CreativeKeepers/Content/HUDs/personajes.uasset" 191
"../../../CreativeKeepers/Content/Textures/ForSprites/Clara.uasset" 192
"../../../CreativeKeepers/Content/Textures/ForSprites/dialogbox.uasset" 193
"../../../CreativeKeepers/Content/Textures/ForSprites/Elfen/ElfenDiag.uasset" 194
"../../../CreativeKeepers/Content/Textures/ForSprites/Marcus.uasset" 195
"../../../CreativeKeepers/Content/Textures/ForSprites/Nerea.uasset" 196
"../../../CreativeKeepers/Content/HUDs/hud-dialogos.uasset" 197
"../../../CreativeKeepers/Content/HUDs/hud-loading.uasset" 198
"../../../CreativeKeepers/Content/Textures/ForSprites/Objects/chip.uasset" 199
"../../../CreativeKeepers/Content/Textures/ForSprites/Objects/corazon.uasset" 200
"../../../CreativeKeepers/Content/Textures/ForSprites/Objects/orbe.uasset" 201
"../../../CreativeKeepers/Content/Textures/ForSprites/Objects/trozoObra.uasset" 202
"../../../CreativeKeepers/Content/Textures/ForSprites/vitalAMA.uasset" 203
"../../../CreativeKeepers/Content/Textures/ForSprites/vitalR.uasset" 204
"../../../CreativeKeepers/Content/Textures/ForSprites/vitalV.uasset" 205
"../../../CreativeKeepers/Content/HUDs/hud-main.uasset" 206
"../../../CreativeKeepers/Content/Textures/Fotos/obra1.uasset" 207
"../../../CreativeKeepers/Content/Miscelaneous/misc-gameInstance.uasset" 208
"../../../CreativeKeepers/Content/Elfen/obj-meleeAttack.uasset" 209
"../../../CreativeKeepers/Content/Elfen/pawn-elfen-base.uasset" 210
"../../../CreativeKeepers/Content/Dialogos/misc_dialogos.uasset" 211
"../../../CreativeKeepers/Content/Textures/ForSprites/switchWall.uasset" 212
"../../../CreativeKeepers/Content/Sprites/switchWall_Sprite_0.uasset" 213
"../../../CreativeKeepers/Content/Sprites/switchWall_Sprite_1.uasset" 214
"../../../CreativeKeepers/Content/Flipbooks/switchWall_Flipbook.uasset" 215
"../../../CreativeKeepers/Content/Objects/obj_switchWall.uasset" 216
"../../../CreativeKeepers/Content/Textures/ForSprites/Objects/switchHELP.uasset" 217
"../../../CreativeKeepers/Content/Sprites/Objects/switchHELP_Sprite.uasset" 218
"../../../CreativeKeepers/Content/Objects/obj-helpSwitch.uasset" 219
"../../../CreativeKeepers/Content/Textures/ForSprites/Objects/switchOFF.uasset" 220
"../../../CreativeKeepers/Content/Sprites/Objects/switchOFF_Sprite.uasset" 221
"../../../CreativeKeepers/Content/Textures/ForSprites/Objects/switchON.uasset" 222
"../../../CreativeKeepers/Content/Sprites/Objects/switchON_Sprite.uasset" 223
"../../../CreativeKeepers/Content/Textures/ForSprites/Objects/switchVERDE.uasset" 224
"../../../CreativeKeepers/Content/Sprites/Objects/switchVERDE_Sprite.uasset" 225
"../../../CreativeKeepers/Content/Objects/obj-switch.uasset" 226
"../../../CreativeKeepers/Content/Textures/ForSprites/Objects/bullet.uasset" 227
"../../../CreativeKeepers/Content/Sprites/Objects/bullet_Sprite.uasset" 228
"../../../CreativeKeepers/Content/Elfen/obj-bulletElfen.uasset" 229
"../../../CreativeKeepers/Content/Textures/ForSprites/Elfen/ElfenS0.uasset" 230
"../../../CreativeKeepers/Content/Sprites/Elfen/ElfenS0_Sprite.uasset" 231
"../../../CreativeKeepers/Content/Elfen/obj-elfenFIN.uasset" 232
"../../../CreativeKeepers/Content/Textures/ForSprites/Elfen/ElfenATK.uasset" 233
"../../../CreativeKeepers/Content/Sprites/Elfen/ElfenATK/ElfenATK_ElfenATK_Sprite_0.uasset" 234
"../../../CreativeKeepers/Content/Sprites/Elfen/ElfenATK/ElfenATK_ElfenATK_Sprite_1.uasset" 235
"../../../CreativeKeepers/Content/Sprites/Elfen/ElfenATK/ElfenATK_ElfenATK_Sprite_10.uasset" 236
"../../../CreativeKeepers/Content/Sprites/Elfen/ElfenATK/ElfenATK_ElfenATK_Sprite_11.uasset" 237
"../../../CreativeKeepers/Content/Sprites/Elfen/ElfenATK/ElfenATK_ElfenATK_Sprite_12.uasset" 238
"../../../CreativeKeepers/Content/Sprites/Elfen/ElfenATK/ElfenATK_ElfenATK_Sprite_13.uasset" 239
"../../../CreativeKeepers/Content/Sprites/Elfen/ElfenATK/ElfenATK_ElfenATK_Sprite_14.uasset" 240
"../../../CreativeKeepers/Content/Sprites/Elfen/ElfenATK/ElfenATK_ElfenATK_Sprite_15.uasset" 241
"../../../CreativeKeepers/Content/Sprites/Elfen/ElfenATK/ElfenATK_ElfenATK_Sprite_16.uasset" 242
"../../../CreativeKeepers/Content/Sprites/Elfen/ElfenATK/ElfenATK_ElfenATK_Sprite_17.uasset" 243
"../../../CreativeKeepers/Content/Sprites/Elfen/ElfenATK/ElfenATK_ElfenATK_Sprite_18.uasset" 244
"../../../CreativeKeepers/Content/Sprites/Elfen/ElfenATK/ElfenATK_ElfenATK_Sprite_19.uasset" 245
"../../../CreativeKeepers/Content/Sprites/Elfen/ElfenATK/ElfenATK_ElfenATK_Sprite_2.uasset" 246
"../../../CreativeKeepers/Content/Sprites/Elfen/ElfenATK/ElfenATK_ElfenATK_Sprite_3.uasset" 247
"../../../CreativeKeepers/Content/Sprites/Elfen/ElfenATK/ElfenATK_ElfenATK_Sprite_4.uasset" 248
"../../../CreativeKeepers/Content/Sprites/Elfen/ElfenATK/ElfenATK_ElfenATK_Sprite_5.uasset" 249
"../../../CreativeKeepers/Content/Sprites/Elfen/ElfenATK/ElfenATK_ElfenATK_Sprite_6.uasset" 250
"../../../CreativeKeepers/Content/Sprites/Elfen/ElfenATK/ElfenATK_ElfenATK_Sprite_7.uasset" 251
"../../../CreativeKeepers/Content/Sprites/Elfen/ElfenATK/ElfenATK_ElfenATK_Sprite_8.uasset" 252
"../../../CreativeKeepers/Content/Sprites/Elfen/ElfenATK/ElfenATK_ElfenATK_Sprite_9.uasset" 253
"../../../CreativeKeepers/Content/Flipbooks/Elfen/spr_ElfenATK.uasset" 254
"../../../CreativeKeepers/Content/Textures/ForSprites/Elfen/ElfenF1.uasset" 255
"../../../CreativeKeepers/Content/Sprites/Elfen/ElfenF1_Sprite.uasset" 256
"../../../CreativeKeepers/Content/Textures/ForSprites/Elfen/ElfenF2.uasset" 257
"../../../CreativeKeepers/Content/Sprites/Elfen/ElfenF2_Sprite.uasset" 258
"../../../CreativeKeepers/Content/Textures/ForSprites/Elfen/ElfenF3.uasset" 259
"../../../CreativeKeepers/Content/Sprites/Elfen/ElfenF3_Sprite.uasset" 260
"../../../CreativeKeepers/Content/Textures/ForSprites/Elfen/ElfenF4.uasset" 261
"../../../CreativeKeepers/Content/Sprites/Elfen/ElfenF4_Sprite.uasset" 262
"../../../CreativeKeepers/Content/Flipbooks/Elfen/spr_elfenRunDown.uasset" 263
"../../../CreativeKeepers/Content/Textures/ForSprites/Elfen/ElfenSL10.uasset" 264
"../../../CreativeKeepers/Content/Sprites/Elfen/ElfenSL10_Sprite.uasset" 265
"../../../CreativeKeepers/Content/Textures/ForSprites/Elfen/ElfenSL1.uasset" 266
"../../../CreativeKeepers/Content/Sprites/Elfen/ElfenSL1_Sprite.uasset" 267
"../../../CreativeKeepers/Content/Textures/ForSprites/Elfen/ElfenSL2.uasset" 268
"../../../CreativeKeepers/Content/Sprites/Elfen/ElfenSL2_Sprite.uasset" 269
"../../../CreativeKeepers/Content/Textures/ForSprites/Elfen/ElfenSL3.uasset" 270
"../../../CreativeKeepers/Content/Sprites/Elfen/ElfenSL3_Sprite.uasset" 271
"../../../CreativeKeepers/Content/Textures/ForSprites/Elfen/ElfenSL4.uasset" 272
"../../../CreativeKeepers/Content/Sprites/Elfen/ElfenSL4_Sprite.uasset" 273
"../../../CreativeKeepers/Content/Textures/ForSprites/Elfen/ElfenSL5.uasset" 274
"../../../CreativeKeepers/Content/Sprites/Elfen/ElfenSL5_Sprite.uasset" 275
"../../../CreativeKeepers/Content/Textures/ForSprites/Elfen/ElfenSL6.uasset" 276
"../../../CreativeKeepers/Content/Sprites/Elfen/ElfenSL6_Sprite.uasset" 277
"../../../CreativeKeepers/Content/Textures/ForSprites/Elfen/ElfenSL7.uasset" 278
"../../../CreativeKeepers/Content/Sprites/Elfen/ElfenSL7_Sprite.uasset" 279
"../../../CreativeKeepers/Content/Textures/ForSprites/Elfen/ElfenSL8.uasset" 280
"../../../CreativeKeepers/Content/Sprites/Elfen/ElfenSL8_Sprite.uasset" 281
"../../../CreativeKeepers/Content/Textures/ForSprites/Elfen/ElfenSL9.uasset" 282
"../../../CreativeKeepers/Content/Sprites/Elfen/ElfenSL9_Sprite.uasset" 283
"../../../CreativeKeepers/Content/Flipbooks/Elfen/spr_elfenRunLeft.uasset" 284
"../../../CreativeKeepers/Content/Textures/ForSprites/Elfen/ElfenS10.uasset" 285
"../../../CreativeKeepers/Content/Sprites/Elfen/ElfenS10_Sprite.uasset" 286
"../../../CreativeKeepers/Content/Textures/ForSprites/Elfen/ElfenS1.uasset" 287
"../../../CreativeKeepers/Content/Sprites/Elfen/ElfenS1_Sprite.uasset" 288
"../../../CreativeKeepers/Content/Textures/ForSprites/Elfen/ElfenS2.uasset" 289
"../../../CreativeKeepers/Content/Sprites/Elfen/ElfenS2_Sprite.uasset" 290
"../../../CreativeKeepers/Content/Textures/ForSprites/Elfen/ElfenS3.uasset" 291
"../../../CreativeKeepers/Content/Sprites/Elfen/ElfenS3_Sprite.uasset" 292
"../../../CreativeKeepers/Content/Textures/ForSprites/Elfen/ElfenS4.uasset" 293
"../../../CreativeKeepers/Content/Sprites/Elfen/ElfenS4_Sprite.uasset" 294
"../../../CreativeKeepers/Content/Textures/ForSprites/Elfen/ElfenS5.uasset" 295
"../../../CreativeKeepers/Content/Sprites/Elfen/ElfenS5_Sprite.uasset" 296
"../../../CreativeKeepers/Content/Textures/ForSprites/Elfen/ElfenS6.uasset" 297
"../../../CreativeKeepers/Content/Sprites/Elfen/ElfenS6_Sprite.uasset" 298
"../../../CreativeKeepers/Content/Textures/ForSprites/Elfen/ElfenS7.uasset" 299
"../../../CreativeKeepers/Content/Sprites/Elfen/ElfenS7_Sprite.uasset" 300
"../../../CreativeKeepers/Content/Textures/ForSprites/Elfen/ElfenS8.uasset" 301
"../../../CreativeKeepers/Content/Sprites/Elfen/ElfenS8_Sprite.uasset" 302
"../../../CreativeKeepers/Content/Textures/ForSprites/Elfen/ElfenS9.uasset" 303
"../../../CreativeKeepers/Content/Sprites/Elfen/ElfenS9_Sprite.uasset" 304
"../../../CreativeKeepers/Content/Flipbooks/Elfen/spr_elfenRunRight.uasset" 305
"../../../CreativeKeepers/Content/Textures/ForSprites/Elfen/ElfenB1.uasset" 306
"../../../CreativeKeepers/Content/Sprites/Elfen/ElfenB1_Sprite.uasset" 307
"../../../CreativeKeepers/Content/Textures/ForSprites/Elfen/ElfenB2.uasset" 308
"../../../CreativeKeepers/Content/Sprites/Elfen/ElfenB2_Sprite.uasset" 309
"../../../CreativeKeepers/Content/Textures/ForSprites/Elfen/ElfenB3.uasset" 310
"../../../CreativeKeepers/Content/Sprites/Elfen/ElfenB3_Sprite.uasset" 311
"../../../CreativeKeepers/Content/Textures/ForSprites/Elfen/ElfenB4.uasset" 312
"../../../CreativeKeepers/Content/Sprites/Elfen/ElfenB4_Sprite.uasset" 313
"../../../CreativeKeepers/Content/Flipbooks/Elfen/spr_elfenRunUp.uasset" 314
"../../../CreativeKeepers/Content/Textures/ForSprites/Elfen/ElfenF0.uasset" 315
"../../../CreativeKeepers/Content/Sprites/Elfen/ElfenF0_Sprite.uasset" 316
"../../../CreativeKeepers/Content/Flipbooks/Elfen/spr_ElfenStandDown.uasset" 317
"../../../CreativeKeepers/Content/Textures/ForSprites/Elfen/ElfenSL0.uasset" 318
"../../../CreativeKeepers/Content/Sprites/Elfen/ElfenSL0_Sprite.uasset" 319
"../../../CreativeKeepers/Content/Flipbooks/Elfen/spr_elfenStandLeft.uasset" 320
"../../../CreativeKeepers/Content/Flipbooks/Elfen/spr_elfenStandRight.uasset" 321
"../../../CreativeKeepers/Content/Textures/ForSprites/Elfen/ElfenB0.uasset" 322
"../../../CreativeKeepers/Content/Sprites/Elfen/ElfenB0_Sprite.uasset" 323
"../../../CreativeKeepers/Content/Flipbooks/Elfen/spr_elfenStandUp.uasset" 324
"../../../CreativeKeepers/Content/Elfen/pawn-elfen.uasset" 325
"../../../CreativeKeepers/Content/Enemies/AI/AI-data.uasset" 326
"../../../CreativeKeepers/Content/Enemies/AI/BTS-CheckPlayerDetected.uasset" 327
"../../../CreativeKeepers/Content/Enemies/AI/BTS-CheckPlayerDistance.uasset" 328
"../../../CreativeKeepers/Content/Enemies/enemy-skils.uasset" 329
"../../../CreativeKeepers/Content/Enemies/AI/BTT-Attack.uasset" 330
"../../../CreativeKeepers/Content/Enemies/AI/BTT-Closerange.uasset" 331
"../../../CreativeKeepers/Content/Enemies/AI/BTT-Idle.uasset" 332
"../../../CreativeKeepers/Content/Enemies/AI/AI-statemachine.uasset" 333
"../../../CreativeKeepers/Content/Enemies/AI/AI-controller.uasset" 334
"../../../CreativeKeepers/Content/Enemies/enemiesTrigger.uasset" 335
"../../../CreativeKeepers/Content/Textures/ForSprites/Objects/bulletEnemies.uasset" 336
"../../../CreativeKeepers/Content/Sprites/Objects/bulletEnemies_Sprite.uasset" 337
"../../../CreativeKeepers/Content/Enemies/obj-bulletEnemy.uasset" 338
"../../../CreativeKeepers/Content/Textures/ForSprites/Enemies/enemyTipo4_2.uasset" 339
"../../../CreativeKeepers/Content/Sprites/Enemies/enemyTipo4_2_Sprite.uasset" 340
"../../../CreativeKeepers/Content/Textures/ForSprites/Enemies/enemyTipo4.uasset" 341
"../../../CreativeKeepers/Content/Sprites/Enemies/enemyTipo4_Sprite.uasset" 342
"../../../CreativeKeepers/Content/Flipbooks/Enemies/spr_enemyTipo4.uasset" 343
"../../../CreativeKeepers/Content/Textures/ForSprites/Enemies/explosion_01_strip13.uasset" 344
"../../../CreativeKeepers/Content/Sprites/Enemies/explosion_01_strip13_Sprite_0.uasset" 345
"../../../CreativeKeepers/Content/Sprites/Enemies/explosion_01_strip13_Sprite_1.uasset" 346
"../../../CreativeKeepers/Content/Sprites/Enemies/explosion_01_strip13_Sprite_10.uasset" 347
"../../../CreativeKeepers/Content/Sprites/Enemies/explosion_01_strip13_Sprite_11.uasset" 348
"../../../CreativeKeepers/Content/Sprites/Enemies/explosion_01_strip13_Sprite_2.uasset" 349
"../../../CreativeKeepers/Content/Sprites/Enemies/explosion_01_strip13_Sprite_3.uasset" 350
"../../../CreativeKeepers/Content/Sprites/Enemies/explosion_01_strip13_Sprite_4.uasset" 351
"../../../CreativeKeepers/Content/Sprites/Enemies/explosion_01_strip13_Sprite_5.uasset" 352
"../../../CreativeKeepers/Content/Sprites/Enemies/explosion_01_strip13_Sprite_6.uasset" 353
"../../../CreativeKeepers/Content/Sprites/Enemies/explosion_01_strip13_Sprite_7.uasset" 354
"../../../CreativeKeepers/Content/Sprites/Enemies/explosion_01_strip13_Sprite_8.uasset" 355
"../../../CreativeKeepers/Content/Sprites/Enemies/explosion_01_strip13_Sprite_9.uasset" 356
"../../../CreativeKeepers/Content/Flipbooks/Enemies/spr_explosion.uasset" 357
"../../../CreativeKeepers/Content/Enemies/obj-explosionEnemy.uasset" 358
"../../../CreativeKeepers/Content/Objects/objeto.uasset" 359
"../../../CreativeKeepers/Content/Sprites/Objects/chip_Sprite.uasset" 360
"../../../CreativeKeepers/Content/Objects/obj-chip.uasset" 361
"../../../CreativeKeepers/Content/Flipbooks/Enemies/spr_enemyTipo1y3.uasset" 362
"../../../CreativeKeepers/Content/Textures/ForSprites/Enemies/spark_03.uasset" 363
"../../../CreativeKeepers/Content/Sprites/Enemies/spark_03_Sprite_0.uasset" 364
"../../../CreativeKeepers/Content/Sprites/Enemies/spark_03_Sprite_1.uasset" 365
"../../../CreativeKeepers/Content/Sprites/Enemies/spark_03_Sprite_2.uasset" 366
"../../../CreativeKeepers/Content/Sprites/Enemies/spark_03_Sprite_3.uasset" 367
"../../../CreativeKeepers/Content/Sprites/Enemies/spark_03_Sprite_4.uasset" 368
"../../../CreativeKeepers/Content/Sprites/Enemies/spark_03_Sprite_5.uasset" 369
"../../../CreativeKeepers/Content/Sprites/Enemies/spark_03_Sprite_6.uasset" 370
"../../../CreativeKeepers/Content/Sprites/Enemies/spark_03_Sprite_7.uasset" 371
"../../../CreativeKeepers/Content/Flipbooks/Enemies/spr_spark.uasset" 372
"../../../CreativeKeepers/Content/Enemies/pawn-enemy.uasset" 373
"../../../CreativeKeepers/Content/Enemies/pawn-enemy3.uasset" 374
"../../../CreativeKeepers/Content/Textures/ForSprites/Link-melee-attack.uasset" 375
"../../../CreativeKeepers/Content/Sprites/melee-attack_Sprite.uasset" 376
"../../../CreativeKeepers/Content/Flipbooks/spr-melee-attack.uasset" 377
"../../../CreativeKeepers/Content/Textures/Others/cursor.uasset" 378
"../../../CreativeKeepers/Content/Textures/Others/Target-PNG.uasset" 379
"../../../CreativeKeepers/Content/HUDs/hud-mouseCursor.uasset" 380
"../../../CreativeKeepers/Content/Sprites/Objects/corazon_Sprite.uasset" 381
"../../../Engine/Plugins/2D/Paper2D/Content/DummySprite.uasset" 382
"../../../Engine/Plugins/2D/Paper2D/Content/DefaultPaperTerrainMaterial.uasset" 383
"../../../Engine/Plugins/2D/Paper2D/Content/MaskedUnlitSpriteMaterial.uasset" 384
"../../../Engine/Plugins/2D/Paper2D/Content/OpaqueUnlitSpriteMaterial.uasset" 385
"../../../Engine/Plugins/2D/Paper2D/Content/PlaceholderTextures/DummySpriteTexture.uasset" 386
"../../../CreativeKeepers/Content/Dialogos/diag_randomBase.uasset" 387
"../../../CreativeKeepers/Content/Miscelaneous/misc-playerController.uasset" 388
"../../../CreativeKeepers/Content/Miscelaneous/misc-gameModeBase.uasset" 389
"../../../CreativeKeepers/Content/Dialogos/diag_historia0.uasset" 390
"../../../CreativeKeepers/Content/Dialogos/diag_historia1.uasset" 391
"../../../CreativeKeepers/Content/Dialogos/diag_historia2.uasset" 392
"../../../CreativeKeepers/Content/Miscelaneous/misc_baseCTRL.uasset" 393
"../../../CreativeKeepers/Content/HUDs/Base/hudbutton-galeria.uasset" 394
"../../../CreativeKeepers/Content/Textures/ForBackgrounds/5570.uasset" 395
"../../../CreativeKeepers/Content/Textures/ForBackgrounds/galeria-lista-back.uasset" 396
"../../../CreativeKeepers/Content/HUDs/Base/hud-galeria.uasset" 397
"../../../CreativeKeepers/Content/Sprites/Clara_Sprite.uasset" 398
"../../../CreativeKeepers/Content/Objects/NPCs/npc-clara.uasset" 399
"../../../CreativeKeepers/Content/Textures/ForSprites/faseButton.uasset" 400
"../../../CreativeKeepers/Content/Textures/ForSprites/faseButtonHover.uasset" 401
"../../../CreativeKeepers/Content/Textures/ForSprites/faseJefeButton.uasset" 402
"../../../CreativeKeepers/Content/Textures/ForSprites/faseJefeButtonHover.uasset" 403
"../../../CreativeKeepers/Content/Textures/ForSprites/Objects/obraCompleta.uasset" 404
"../../../CreativeKeepers/Content/HUDs/Base/hud-faseSelector.uasset" 405
"../../../CreativeKeepers/Content/Sprites/Marcus_Sprite.uasset" 406
"../../../CreativeKeepers/Content/Objects/NPCs/npc-marcus.uasset" 407
"../../../CreativeKeepers/Content/HUDs/Base/hud-guardar.uasset" 408
"../../../CreativeKeepers/Content/Sprites/Nerea_Sprite.uasset" 409
"../../../CreativeKeepers/Content/Objects/NPCs/npc-nerea.uasset" 410
"../../../CreativeKeepers/Content/Textures/LaserAzul.uasset" 411
"../../../Engine/Content/BasicShapes/Sphere.uasset" 412
"../../../CreativeKeepers/Content/HUDs/hud-obraDesbloqueada.uasset" 413
"../../../CreativeKeepers/Content/Objects/obj-finish.uasset" 414
"../../../CreativeKeepers/Content/Textures/LaserGris.uasset" 415
"../../../Engine/Content/BasicShapes/Cube.uasset" 416
"../../../CreativeKeepers/Content/Textures/ForSprites/tubos-guardado.uasset" 417
"../../../CreativeKeepers/Content/Sprites/tubos-guardado_Sprite.uasset" 418
"../../../CreativeKeepers/Content/Textures/ForBackgrounds/suelo-base.uasset" 419
"../../../CreativeKeepers/Content/Textures/ForBackgrounds/suelo-base_Sprite.uasset" 420
"../../../CreativeKeepers/Content/Levels/base.umap" 421
"../../../CreativeKeepers/Content/Levels/CustomTriggers/trig_enemigosCustodianObra.uasset" 422
"../../../CreativeKeepers/Content/Enemies/pawn-enemy1.uasset" 423
"../../../CreativeKeepers/Content/Textures/ForSprites/Enemies/enemyTipo2.uasset" 424
"../../../CreativeKeepers/Content/Sprites/Enemies/enemyTipo2_Sprite.uasset" 425
"../../../CreativeKeepers/Content/Flipbooks/Enemies/spr_enemyTipo2.uasset" 426
"../../../CreativeKeepers/Content/Enemies/pawn-enemy2.uasset" 427
"../../../CreativeKeepers/Content/Enemies/pawn-enemy4.uasset" 428
"../../../CreativeKeepers/Content/Miscelaneous/misc-gameMode.uasset" 429
"../../../CreativeKeepers/Content/Textures/ForSprites/botiquin.uasset" 430
"../../../CreativeKeepers/Content/Sprites/botiquin_Sprite.uasset" 431
"../../../CreativeKeepers/Content/Objects/obj-botiquin.uasset" 432
"../../../CreativeKeepers/Content/Sprites/Objects/orbe_Sprite.uasset" 433
"../../../CreativeKeepers/Content/Objects/obj-orbe.uasset" 434
"../../../CreativeKeepers/Content/Sprites/trozoObra_Sprite.uasset" 435
"../../../CreativeKeepers/Content/Objects/obj-torzoObra.uasset" 436
"../../../CreativeKeepers/Content/Objects/Switches/sw-fase1-2.uasset" 437
"../../../CreativeKeepers/Content/Objects/Switches/sw-fase1-3.uasset" 438
"../../../CreativeKeepers/Content/Textures/texto.uasset" 439
"../../../CreativeKeepers/Content/Textures/Fotos/gotico.uasset" 440
"../../../CreativeKeepers/Content/Sprites/Fotos/gotico_Sprite.uasset" 441
"../../../CreativeKeepers/Content/Textures/Fotos/goya-cuadro1.uasset" 442
"../../../CreativeKeepers/Content/Sprites/Fotos/goya-cuadro1_Sprite.uasset" 443
"../../../CreativeKeepers/Content/Textures/Fotos/goya-cuadro2.uasset" 444
"../../../CreativeKeepers/Content/Sprites/Fotos/goya-cuadro2_Sprite.uasset" 445
"../../../CreativeKeepers/Content/Textures/Fotos/picasso-cuadro1.uasset" 446
"../../../CreativeKeepers/Content/Sprites/Fotos/picasso-cuadro1_Sprite.uasset" 447
"../../../CreativeKeepers/Content/Textures/Fotos/picasso-cuadro2.uasset" 448
"../../../CreativeKeepers/Content/Sprites/Fotos/picasso-cuadro2_Sprite.uasset" 449
"../../../CreativeKeepers/Content/Textures/Fotos/renacimiento.uasset" 450
"../../../CreativeKeepers/Content/Sprites/Fotos/renacimiento_Sprite.uasset" 451
"../../../CreativeKeepers/Content/Textures/Fotos/romanico.uasset" 452
"../../../CreativeKeepers/Content/Sprites/Fotos/romanico_Sprite.uasset" 453
"../../../CreativeKeepers/Content/Textures/ForBackgrounds/suelo.uasset" 454
"../../../CreativeKeepers/Content/Sprites/suelo_Sprite.uasset" 455
"../../../CreativeKeepers/Content/Levels/fase1.umap" 456
"../../../CreativeKeepers/Content/Miscelaneous/misc-gameModeNoPawn.uasset" 457
"../../../CreativeKeepers/Content/Textures/Others/avatar.uasset" 458
"../../../CreativeKeepers/Content/HUDs/hud-gracias2.uasset" 459
"../../../CreativeKeepers/Content/HUDs/hud-gracias.uasset" 460
"../../../CreativeKeepers/Content/Levels/fase2.umap" 461
"../../../CreativeKeepers/Content/Textures/Fotos/guernica1.uasset" 462
"../../../CreativeKeepers/Content/Textures/Others/titluo.uasset" 463
"../../../CreativeKeepers/Content/HUDs/hud-mainmenu.uasset" 464
"../../../CreativeKeepers/Content/Levels/main-menu.umap" 465
"../../../Engine/Content/EngineResources/Black.uasset" 466
"../../../CreativeKeepers/Content/HUDs/hud-historia.uasset" 467
"../../../CreativeKeepers/Content/Textures/ForBackgrounds/306.uasset" 468
"../../../CreativeKeepers/Content/Textures/ForBackgrounds/715.uasset" 469
"../../../CreativeKeepers/Content/Dialogos/hist_prologo.uasset" 470
"../../../CreativeKeepers/Content/Levels/prologo.umap" 471
"../../../CreativeKeepers/Content/Textures/Others/ue4.uasset" 472
"../../../CreativeKeepers/Content/Textures/Others/ugr.uasset" 473
"../../../CreativeKeepers/Content/HUDs/hud-splash.uasset" 474
"../../../CreativeKeepers/Content/Levels/splash.umap" 475
"../../../CreativeKeepers/Content/Dialogos/diag_tutorial2.uasset" 476
"../../../CreativeKeepers/Content/Levels/CustomTriggers/trig_tutorial1.uasset" 477
"../../../CreativeKeepers/Content/Dialogos/diag_tutorial1.uasset" 478
"../../../CreativeKeepers/Content/Dialogos/diag_tutorial3.uasset" 479
"../../../CreativeKeepers/Content/Textures/Fotos/Pablo_picasso.uasset" 480
"../../../CreativeKeepers/Content/Sprites/Fotos/Pablo_picasso_Sprite.uasset" 481
"../../../CreativeKeepers/Content/Levels/tutorial.umap" 482
"../../../Engine/Content/Maps/Entry.umap" 483
