Log file open, 06/26/17 17:48:17
LogInit:Display: Running engine for game: CreativeKeepers
LogPlatformFile: Not using cached read wrapper
LogInit:Display: RandInit(-1759945710) SRandInit(-1759945710).
LogTaskGraph: Started task graph with 5 named threads and 6 total threads with 1 sets of task threads.
LogStats: Stats thread started at 0.050922
LogInit: Using libcurl 7.47.1
LogInit:  - built for x86_64-pc-win32
LogInit:  - supports SSL with OpenSSL/1.0.2g
LogInit:  - supports HTTP deflate (compression) using libz 1.2.8
LogInit:  - other features:
LogInit:      CURL_VERSION_SSL
LogInit:      CURL_VERSION_LIBZ
LogInit:      CURL_VERSION_IPV6
LogInit:      CURL_VERSION_ASYNCHDNS
LogInit:      CURL_VERSION_LARGEFILE
LogInit:      CURL_VERSION_IDN
LogInit:  CurlRequestOptions (configurable via config and command line):
LogInit:  - bVerifyPeer = false  - Libcurl will NOT verify peer certificate
LogInit:  - bUseHttpProxy = false  - Libcurl will NOT use HTTP proxy
LogInit:  - bDontReuseConnections = false  - Libcurl will reuse connections
LogInit:  - CertBundlePath = nullptr  - Libcurl will use whatever was configured at build time.
LogInit: Build: ++UE4+Release-4.15-CL-3348071
LogInit: Engine Version: 4.15.1-3348071+++UE4+Release-4.15
LogInit: Compatible Engine Version: 4.15.0-3299760+++UE4+Release-4.15
LogInit: Net CL: 3299760
LogDevObjectVersion: Number of dev versions registered: 14
LogDevObjectVersion:   Dev-Blueprints (B0D832E4-1F89-4F0D-ACCF-7EB736FD4AA2): 8
LogDevObjectVersion:   Dev-Build (E1C64328-A22C-4D53-A36C-8E866417BD8C): 0
LogDevObjectVersion:   Dev-Core (375EC13C-06E4-48FB-B500-84F0262A717E): 2
LogDevObjectVersion:   Dev-Editor (E4B068ED-F494-42E9-A231-DA0B2E46BB41): 14
LogDevObjectVersion:   Dev-Framework (CFFC743F-43B0-4480-9391-14DF171D2073): 22
LogDevObjectVersion:   Dev-Mobile (B02B49B5-BB20-44E9-A304-32B752E40360): 0
LogDevObjectVersion:   Dev-Networking (A4E4105C-59A1-49B5-A7C5-40C4547EDFEE): 0
LogDevObjectVersion:   Dev-Online (39C831C9-5AE6-47DC-9A44-9C173E1C8E7C): 0
LogDevObjectVersion:   Dev-Physics (78F01B33-EBEA-4F98-B9B4-84EACCB95AA2): 0
LogDevObjectVersion:   Dev-Platform (6631380F-2D4D-43E0-8009-CF276956A95A): 0
LogDevObjectVersion:   Dev-Rendering (12F88B9F-8875-4AFC-A67C-D90C383ABD29): 12
LogDevObjectVersion:   Dev-Sequencer (7B5AE74C-D270-4C10-A958-57980B212A5A): 3
LogDevObjectVersion:   Dev-VR (D7296918-1DD6-4BDD-9DE2-64A83CC13884): 0
LogDevObjectVersion:   Dev-LoadTimes (C2A15278-BFE7-4AFE-6C17-90FF531DF755): 1
LogInit: Compiled (64-bit): Mar 15 2017 16:52:47
LogInit: Compiled with Visual C++: 19.00.23026.00
LogInit: Build Configuration: Development
LogInit: Branch Name: ++UE4+Release-4.15
LogInit: Command line:  /Temp/Autosaves/Game/UEDPCtest -game -PIEVIACONSOLE -ResX=1280 -ResY=720  -Multiprocess -messaging -SessionName="Play in Standalone Game" -featureleveles2 -faketouches -windowed 
LogInit: Base directory: D:/Programas/UE_4.15/Engine/Binaries/Win64/
LogInit: Installed Engine Build: 1
LogInit: Presizing for max 8388607 objects, including 0 objects not considered by GC, pre-allocating 0 bytes for permanent pool.
LogInit: Object subsystem initialized
[2017.06.26-15.48.18:710][  0]LogInit: Selected Device Profile: [Windows]
[2017.06.26-15.48.18:710][  0]LogInit: Applying CVar settings loaded from the selected device profile: [Windows]
[2017.06.26-15.48.18:714][  0]LogInit: Computer: DESKTOP-QMJBIV2
[2017.06.26-15.48.18:714][  0]LogInit: User: Grego
[2017.06.26-15.48.18:714][  0]LogInit: CPU Page size=65536, Cores=2
[2017.06.26-15.48.18:714][  0]LogInit: High frequency timer resolution =3.609382 MHz
[2017.06.26-15.48.18:714][  0]LogMemory: Memory total: Physical=8.0GB (8GB approx)
[2017.06.26-15.48.18:714][  0]LogMemory: Platform Memory Stats for Windows
[2017.06.26-15.48.18:714][  0]LogMemory: Process Physical Memory: 262.47 MB used, 262.47 MB peak
[2017.06.26-15.48.18:714][  0]LogMemory: Process Virtual Memory: 261.86 MB used, 261.86 MB peak
[2017.06.26-15.48.18:714][  0]LogMemory: Physical Memory: 4780.21 MB used,  3374.86 MB free, 8155.07 MB total
[2017.06.26-15.48.18:714][  0]LogMemory: Virtual Memory: 642.96 MB used,  3374.86 MB free, 134217728.00 MB total
[2017.06.26-15.48.18:801][  0]LogTextLocalizationManager: No specific translations for ('es-ES') exist, so ('es') translations will be used.
[2017.06.26-15.48.19:010][  0]LogD3D11RHI: D3D11 adapters:
[2017.06.26-15.48.19:525][  0]LogD3D11RHI:    0. 'NVIDIA GeForce GTX 1060 6GB' (Feature Level 11_0)
[2017.06.26-15.48.19:525][  0]LogD3D11RHI:       6084/0/4077 MB DedicatedVideo/DedicatedSystem/SharedSystem, Outputs:1, VendorId:0x10de
[2017.06.26-15.48.19:526][  0]LogD3D11RHI:    1. 'Microsoft Basic Render Driver' (Feature Level 11_0)
[2017.06.26-15.48.19:526][  0]LogD3D11RHI:       0/0/4077 MB DedicatedVideo/DedicatedSystem/SharedSystem, Outputs:0, VendorId:0x1414
[2017.06.26-15.48.19:526][  0]LogD3D11RHI: Chosen D3D11 Adapter: 0
[2017.06.26-15.48.19:530][  0]LogD3D11RHI: Creating new Direct3DDevice
[2017.06.26-15.48.19:530][  0]LogD3D11RHI:     GPU DeviceId: 0x1c03 (for the marketing name, search the web for "GPU Device Id")
[2017.06.26-15.48.19:530][  0]LogWindows: EnumDisplayDevices:
[2017.06.26-15.48.19:530][  0]LogWindows:    0. 'NVIDIA GeForce GTX 1060 6GB' (P:1 D:1)
[2017.06.26-15.48.19:530][  0]LogWindows:    1. 'NVIDIA GeForce GTX 1060 6GB' (P:0 D:0)
[2017.06.26-15.48.19:530][  0]LogWindows:    2. 'NVIDIA GeForce GTX 1060 6GB' (P:0 D:0)
[2017.06.26-15.48.19:530][  0]LogWindows:    3. 'NVIDIA GeForce GTX 1060 6GB' (P:0 D:0)
[2017.06.26-15.48.19:530][  0]LogWindows: DebugString: FoundDriverCount:4 
[2017.06.26-15.48.19:530][  0]LogD3D11RHI:     Adapter Name: NVIDIA GeForce GTX 1060 6GB
[2017.06.26-15.48.19:530][  0]LogD3D11RHI:   Driver Version: 382.53 (internal:22.21.13.8253, unified:382.53)
[2017.06.26-15.48.19:530][  0]LogD3D11RHI:      Driver Date: 6-7-2017
[2017.06.26-15.48.19:530][  0]LogRHI: Texture pool is 1361 MB (70% of 1945 MB)
[2017.06.26-15.48.20:002][  0]LogD3D11RHI: Async texture creation enabled
[2017.06.26-15.48.20:027][  0]LogD3D11RHI: GPU Timing Frequency: 1000.000000 (Debug: 2 1)
[2017.06.26-15.48.20:075][  0]LogShaderCompilers: Guid format shader working directory is 12 characters bigger than the processId version (../../../../../TFG/CreativeKeepers/Intermediate/Shaders/WorkingDirectory/6648/).
[2017.06.26-15.48.20:075][  0]LogShaderCompilers: Cleaned the shader compiler working directory 'C:/Users/Grego/AppData/Local/Temp/UnrealShaderWorkingDir/EEB8B9CD49522FEF6FB9E4B33EABA62E/'.
[2017.06.26-15.48.20:075][  0]LogShaderCompilers:Display: Using Local Shader Compiler.
[2017.06.26-15.48.20:901][  0]LogTemp:Display: Loaded TP WindowsClientTargetPlatform
[2017.06.26-15.48.20:934][  0]LogTemp:Display: Loaded TP WindowsNoEditorTargetPlatform
[2017.06.26-15.48.20:970][  0]LogTemp:Display: Loaded TP WindowsServerTargetPlatform
[2017.06.26-15.48.20:997][  0]LogTemp:Display: Loaded TP WindowsTargetPlatform
[2017.06.26-15.48.20:997][  0]LogTargetPlatformManager:Display: Building Assets For Windows
[2017.06.26-15.48.21:224][  0]LogDerivedDataCache:Display: Max Cache Size: 512 MB
[2017.06.26-15.48.21:265][  0]LogDerivedDataCache: Loaded boot cache 0.04s 50MB C:/Users/Grego/AppData/Local/UnrealEngine/4.15/DerivedDataCache/Boot.ddc.
[2017.06.26-15.48.21:265][  0]LogDerivedDataCache:Display: Loaded Boot cache: C:/Users/Grego/AppData/Local/UnrealEngine/4.15/DerivedDataCache/Boot.ddc
[2017.06.26-15.48.21:265][  0]LogDerivedDataCache: FDerivedDataBackendGraph:  Pak pak cache file ../../../../../TFG/CreativeKeepers/DerivedDataCache/DDC.ddp not found, will not use a pak cache.
[2017.06.26-15.48.21:265][  0]LogDerivedDataCache: Unable to find inner node Pak for hierarchical cache Hierarchy.
[2017.06.26-15.48.21:265][  0]LogDerivedDataCache: FDerivedDataBackendGraph:  CompressedPak pak cache file ../../../../../TFG/CreativeKeepers/DerivedDataCache/Compressed.ddp not found, will not use a pak cache.
[2017.06.26-15.48.21:265][  0]LogDerivedDataCache: Unable to find inner node CompressedPak for hierarchical cache Hierarchy.
[2017.06.26-15.48.21:282][  0]LogDerivedDataCache:Display: Pak cache opened for reading ../../../Engine/DerivedDataCache/Compressed.ddp.
[2017.06.26-15.48.21:294][  0]LogDerivedDataCache: Using Local data cache path C:/Users/Grego/AppData/Local/UnrealEngine/Common/DerivedDataCache: Writable
[2017.06.26-15.48.21:659][  0]LogSlate: Using Freetype 2.6.0
[2017.06.26-15.48.21:659][  0]LogSlate: SlateFontCache - WITH_FREETYPE: 1, WITH_HARFBUZZ: 1
[2017.06.26-15.48.21:659][  0]LogSlate: SlateFontCache - WITH_FREETYPE: 1, WITH_HARFBUZZ: 1
[2017.06.26-15.48.22:159][  0]LogAssetRegistry: FAssetRegistry took 0.0001 seconds to start up
[2017.06.26-15.48.22:168][  0]LogPackageLocalizationCache: Processed 3 localized package path(s) for 2 prioritized culture(s) in 0.009245 seconds
[2017.06.26-15.48.22:188][  0]LogInit: Selected Device Profile: [Windows]
[2017.06.26-15.48.22:190][  0]LogContentStreaming: Texture pool size is 1000.00 MB
[2017.06.26-15.48.22:236][  0]LogMaterial: Missing cached shader map for material WorldGridMaterial, compiling. Is special engine material.
[2017.06.26-15.48.22:261][  0]LogTemp:Display: Added material ShaderMap 0x000002D1900E2E80 with Material 0x000002D18F38C880 to ShaderMapsBeingCompiled
