Log file open, 08/24/17 12:53:38
LogInit:Display: Running engine for game: CreativeKeepers
LogPlatformFile: Not using cached read wrapper
LogInit:Display: RandInit(988431477) SRandInit(988431477).
LogTaskGraph: Started task graph with 5 named threads and 6 total threads with 1 sets of task threads.
LogStats: Stats thread started at 0.138699
LogInit: Using libcurl 7.47.1
LogInit:  - built for x86_64-pc-win32
LogInit:  - supports SSL with OpenSSL/1.0.2g
LogInit:  - supports HTTP deflate (compression) using libz 1.2.8
LogInit:  - other features:
LogInit:      CURL_VERSION_SSL
LogInit:      CURL_VERSION_LIBZ
LogInit:      CURL_VERSION_IPV6
LogInit:      CURL_VERSION_ASYNCHDNS
LogInit:      CURL_VERSION_LARGEFILE
LogInit:      CURL_VERSION_IDN
LogInit:  CurlRequestOptions (configurable via config and command line):
LogInit:  - bVerifyPeer = false  - Libcurl will NOT verify peer certificate
LogInit:  - bUseHttpProxy = false  - Libcurl will NOT use HTTP proxy
LogInit:  - bDontReuseConnections = false  - Libcurl will reuse connections
LogInit:  - CertBundlePath = nullptr  - Libcurl will use whatever was configured at build time.
LogInit: Build: ++UE4+Release-4.15-CL-3348071
LogInit: Engine Version: 4.15.1-3348071+++UE4+Release-4.15
LogInit: Compatible Engine Version: 4.15.0-3299760+++UE4+Release-4.15
LogInit: Net CL: 3299760
LogDevObjectVersion: Number of dev versions registered: 14
LogDevObjectVersion:   Dev-Blueprints (B0D832E4-1F89-4F0D-ACCF-7EB736FD4AA2): 8
LogDevObjectVersion:   Dev-Build (E1C64328-A22C-4D53-A36C-8E866417BD8C): 0
LogDevObjectVersion:   Dev-Core (375EC13C-06E4-48FB-B500-84F0262A717E): 2
LogDevObjectVersion:   Dev-Editor (E4B068ED-F494-42E9-A231-DA0B2E46BB41): 14
LogDevObjectVersion:   Dev-Framework (CFFC743F-43B0-4480-9391-14DF171D2073): 22
LogDevObjectVersion:   Dev-Mobile (B02B49B5-BB20-44E9-A304-32B752E40360): 0
LogDevObjectVersion:   Dev-Networking (A4E4105C-59A1-49B5-A7C5-40C4547EDFEE): 0
LogDevObjectVersion:   Dev-Online (39C831C9-5AE6-47DC-9A44-9C173E1C8E7C): 0
LogDevObjectVersion:   Dev-Physics (78F01B33-EBEA-4F98-B9B4-84EACCB95AA2): 0
LogDevObjectVersion:   Dev-Platform (6631380F-2D4D-43E0-8009-CF276956A95A): 0
LogDevObjectVersion:   Dev-Rendering (12F88B9F-8875-4AFC-A67C-D90C383ABD29): 12
LogDevObjectVersion:   Dev-Sequencer (7B5AE74C-D270-4C10-A958-57980B212A5A): 3
LogDevObjectVersion:   Dev-VR (D7296918-1DD6-4BDD-9DE2-64A83CC13884): 0
LogDevObjectVersion:   Dev-LoadTimes (C2A15278-BFE7-4AFE-6C17-90FF531DF755): 1
LogInit: Compiled (64-bit): Mar 15 2017 16:52:47
LogInit: Compiled with Visual C++: 19.00.23026.00
LogInit: Build Configuration: Development
LogInit: Branch Name: ++UE4+Release-4.15
LogInit: Command line:  
LogInit: Base directory: D:/Programas/UE_4.15/Engine/Binaries/Win64/
LogInit: Installed Engine Build: 1
LogInit: Presizing for max 8388607 objects, including 0 objects not considered by GC, pre-allocating 0 bytes for permanent pool.
LogInit: Object subsystem initialized
[2017.08.24-10.53.40:024][  0]LogInit: Selected Device Profile: [Windows]
[2017.08.24-10.53.40:024][  0]LogInit: Applying CVar settings loaded from the selected device profile: [Windows]
[2017.08.24-10.53.40:112][  0]LogInit: Computer: DESKTOP-QMJBIV2
[2017.08.24-10.53.40:112][  0]LogInit: User: Grego
[2017.08.24-10.53.40:112][  0]LogInit: CPU Page size=65536, Cores=2
[2017.08.24-10.53.40:112][  0]LogInit: High frequency timer resolution =3.609380 MHz
[2017.08.24-10.53.40:124][  0]LogMemory: Memory total: Physical=8.0GB (8GB approx)
[2017.08.24-10.53.40:124][  0]LogMemory: Platform Memory Stats for Windows
[2017.08.24-10.53.40:124][  0]LogMemory: Process Physical Memory: 262.41 MB used, 262.41 MB peak
[2017.08.24-10.53.40:124][  0]LogMemory: Process Virtual Memory: 261.73 MB used, 261.73 MB peak
[2017.08.24-10.53.40:124][  0]LogMemory: Physical Memory: 2967.28 MB used,  5187.79 MB free, 8155.07 MB total
[2017.08.24-10.53.40:124][  0]LogMemory: Virtual Memory: 640.97 MB used,  5187.79 MB free, 134217728.00 MB total
[2017.08.24-10.53.40:819][  0]LogInit: Overriding culture en with editor configuration.
[2017.08.24-10.53.42:523][  0]LogD3D11RHI: D3D11 adapters:
[2017.08.24-10.53.43:054][  0]LogD3D11RHI:    0. 'NVIDIA GeForce GTX 1060 6GB' (Feature Level 11_0)
[2017.08.24-10.53.43:054][  0]LogD3D11RHI:       6084/0/4077 MB DedicatedVideo/DedicatedSystem/SharedSystem, Outputs:1, VendorId:0x10de
[2017.08.24-10.53.43:055][  0]LogD3D11RHI:    1. 'Microsoft Basic Render Driver' (Feature Level 11_0)
[2017.08.24-10.53.43:055][  0]LogD3D11RHI:       0/0/4077 MB DedicatedVideo/DedicatedSystem/SharedSystem, Outputs:0, VendorId:0x1414
[2017.08.24-10.53.43:055][  0]LogD3D11RHI: Chosen D3D11 Adapter: 0
[2017.08.24-10.53.43:094][  0]LogD3D11RHI: Creating new Direct3DDevice
[2017.08.24-10.53.43:094][  0]LogD3D11RHI:     GPU DeviceId: 0x1c03 (for the marketing name, search the web for "GPU Device Id")
[2017.08.24-10.53.43:094][  0]LogWindows: EnumDisplayDevices:
[2017.08.24-10.53.43:095][  0]LogWindows:    0. 'NVIDIA GeForce GTX 1060 6GB' (P:1 D:1)
[2017.08.24-10.53.43:095][  0]LogWindows:    1. 'NVIDIA GeForce GTX 1060 6GB' (P:0 D:0)
[2017.08.24-10.53.43:095][  0]LogWindows:    2. 'NVIDIA GeForce GTX 1060 6GB' (P:0 D:0)
[2017.08.24-10.53.43:095][  0]LogWindows:    3. 'NVIDIA GeForce GTX 1060 6GB' (P:0 D:0)
[2017.08.24-10.53.43:095][  0]LogWindows: DebugString: FoundDriverCount:4 
[2017.08.24-10.53.43:095][  0]LogD3D11RHI:     Adapter Name: NVIDIA GeForce GTX 1060 6GB
[2017.08.24-10.53.43:097][  0]LogD3D11RHI:   Driver Version: 382.53 (internal:22.21.13.8253, unified:382.53)
[2017.08.24-10.53.43:097][  0]LogD3D11RHI:      Driver Date: 6-7-2017
[2017.08.24-10.53.43:097][  0]LogRHI: Texture pool is 1361 MB (70% of 1945 MB)
[2017.08.24-10.53.43:568][  0]LogD3D11RHI: Async texture creation enabled
[2017.08.24-10.53.43:823][  0]LogD3D11RHI: GPU Timing Frequency: 1000.000000 (Debug: 2 1)
[2017.08.24-10.53.43:971][  0]LogShaderCompilers: Guid format shader working directory is 11 characters bigger than the processId version (../../../../../TFG/CreativeKeepers/Intermediate/Shaders/WorkingDirectory/11220/).
[2017.08.24-10.53.43:971][  0]LogShaderCompilers: Cleaned the shader compiler working directory 'C:/Users/Grego/AppData/Local/Temp/UnrealShaderWorkingDir/ED2E235E45F6CFEA76BFF0A107A26D0B/'.
[2017.08.24-10.53.43:979][  0]LogShaderCompilers:Display: Using Local Shader Compiler.
[2017.08.24-10.53.46:073][  0]LogTemp:Display: Loaded TP AllDesktopTargetPlatform
[2017.08.24-10.53.46:114][  0]LogTemp:Display: Loaded TP MacClientTargetPlatform
[2017.08.24-10.53.46:151][  0]LogTemp:Display: Loaded TP MacNoEditorTargetPlatform
[2017.08.24-10.53.46:189][  0]LogTemp:Display: Loaded TP MacServerTargetPlatform
[2017.08.24-10.53.46:267][  0]LogTemp:Display: Loaded TP MacTargetPlatform
[2017.08.24-10.53.46:304][  0]LogTemp:Display: Loaded TP WindowsClientTargetPlatform
[2017.08.24-10.53.46:341][  0]LogTemp:Display: Loaded TP WindowsNoEditorTargetPlatform
[2017.08.24-10.53.46:379][  0]LogTemp:Display: Loaded TP WindowsServerTargetPlatform
[2017.08.24-10.53.46:409][  0]LogTemp:Display: Loaded TP WindowsTargetPlatform
[2017.08.24-10.53.46:470][  0]LogTemp:Display: Loaded TP AndroidTargetPlatform
[2017.08.24-10.53.46:507][  0]LogTemp:Display: Loaded TP Android_ASTCTargetPlatform
[2017.08.24-10.53.46:544][  0]LogTemp:Display: Loaded TP Android_ATCTargetPlatform
[2017.08.24-10.53.46:580][  0]LogTemp:Display: Loaded TP Android_DXTTargetPlatform
[2017.08.24-10.53.46:617][  0]LogTemp:Display: Loaded TP Android_ETC1TargetPlatform
[2017.08.24-10.53.46:654][  0]LogTemp:Display: Loaded TP Android_ETC2TargetPlatform
[2017.08.24-10.53.46:747][  0]LogTemp:Display: Loaded TP Android_MultiTargetPlatform
[2017.08.24-10.53.46:747][  0]LogTemp:Display: Loaded TP Android_PVRTCTargetPlatform
[2017.08.24-10.53.46:770][  0]LogTemp:Display: Loaded TP HTML5TargetPlatform
[2017.08.24-10.53.46:948][  0]LogTemp:Display: Loaded TP IOSTargetPlatform
[2017.08.24-10.53.46:974][  0]LogTemp:Display: Loaded TP TVOSTargetPlatform
[2017.08.24-10.53.47:012][  0]LogTemp:Display: Loaded TP LinuxClientTargetPlatform
[2017.08.24-10.53.47:050][  0]LogTemp:Display: Loaded TP LinuxNoEditorTargetPlatform
[2017.08.24-10.53.47:088][  0]LogTemp:Display: Loaded TP LinuxServerTargetPlatform
[2017.08.24-10.53.47:141][  0]LogTemp:Display: Loaded TP LinuxTargetPlatform
[2017.08.24-10.53.47:141][  0]LogTargetPlatformManager:Display: Building Assets For Windows
[2017.08.24-10.53.48:252][  0]LogDerivedDataCache:Display: Max Cache Size: 512 MB
[2017.08.24-10.53.48:613][  0]LogDerivedDataCache: Loaded boot cache 0.36s 54MB C:/Users/Grego/AppData/Local/UnrealEngine/4.15/DerivedDataCache/Boot.ddc.
[2017.08.24-10.53.48:613][  0]LogDerivedDataCache:Display: Loaded Boot cache: C:/Users/Grego/AppData/Local/UnrealEngine/4.15/DerivedDataCache/Boot.ddc
[2017.08.24-10.53.48:614][  0]LogDerivedDataCache: FDerivedDataBackendGraph:  Pak pak cache file ../../../../../TFG/CreativeKeepers/DerivedDataCache/DDC.ddp not found, will not use a pak cache.
[2017.08.24-10.53.48:614][  0]LogDerivedDataCache: Unable to find inner node Pak for hierarchical cache Hierarchy.
[2017.08.24-10.53.48:614][  0]LogDerivedDataCache: FDerivedDataBackendGraph:  CompressedPak pak cache file ../../../../../TFG/CreativeKeepers/DerivedDataCache/Compressed.ddp not found, will not use a pak cache.
[2017.08.24-10.53.48:614][  0]LogDerivedDataCache: Unable to find inner node CompressedPak for hierarchical cache Hierarchy.
[2017.08.24-10.53.48:719][  0]LogDerivedDataCache:Display: Pak cache opened for reading ../../../Engine/DerivedDataCache/Compressed.ddp.
[2017.08.24-10.53.48:732][  0]LogDerivedDataCache: Using Local data cache path C:/Users/Grego/AppData/Local/UnrealEngine/Common/DerivedDataCache: Writable
[2017.08.24-10.53.49:106][  0]LogSlate: Using Freetype 2.6.0
[2017.08.24-10.53.49:339][  0]LogSlate: SlateFontCache - WITH_FREETYPE: 1, WITH_HARFBUZZ: 1
[2017.08.24-10.53.49:339][  0]LogSlate: SlateFontCache - WITH_FREETYPE: 1, WITH_HARFBUZZ: 1
[2017.08.24-10.53.55:537][  0]LogInit: Selected Device Profile: [Windows]
[2017.08.24-10.53.55:618][  0]LogContentStreaming: Texture pool size is 0.00 MB
[2017.08.24-10.53.56:451][  0]LogMeshUtilities: Using QuadricMeshReduction for automatic static mesh reduction
[2017.08.24-10.53.56:478][  0]LogSimplygon: Simplygon DLL not present - disabling.
[2017.08.24-10.53.56:542][  0]LogMeshUtilities: Using SimplygonSwarm for distributed automatic mesh merging
[2017.08.24-10.53.56:542][  0]LogMeshUtilities: No automatic skeletal mesh reduction module available
[2017.08.24-10.53.56:542][  0]LogMeshUtilities: No automatic mesh merging module available
[2017.08.24-10.54.00:814][  0]LogNetVersion: GetLocalNetworkVersion: CL: 3299760, ProjectName: creativekeepers, ProjectVersion: , EngineNetworkVersion: 2, GameNetworkVersion: 0, NetworkChecksum: 1593119604
[2017.08.24-10.54.00:897][  0]LogAssetRegistry: FAssetRegistry took 0.0212 seconds to start up
[2017.08.24-10.54.01:101][  0]LogPackageLocalizationCache: Processed 3 localized package path(s) for 1 prioritized culture(s) in 0.113416 seconds
[2017.08.24-10.54.01:117][  0]LogUObjectArray: 32493 objects as part of root set at end of initial load.
[2017.08.24-10.54.01:117][  0]LogUObjectAllocator: 7077032 out of 0 bytes used by permanent object pool.
[2017.08.24-10.54.01:117][  0]LogUObjectArray: CloseDisregardForGC: 0/0 objects in disregard for GC pool
[2017.08.24-10.54.01:157][  0]LogInit: WinSock: version 1.1 (2.2), MaxSocks=32767, MaxUdp=65467
[2017.08.24-10.54.14:306][  0]LogTcpMessaging: Initializing TcpMessaging bridge
[2017.08.24-10.54.14:345][  0]LogUdpMessaging: Initializing bridge on interface 0.0.0.0:0 to multicast group 230.0.0.1:6666.
[2017.08.24-10.54.15:537][  0]LogMaterial: Uniform references updated for custom material expression Custom.
[2017.08.24-10.54.15:947][  0]SourceControl: Info Source control is disabled
[2017.08.24-10.54.15:947][  0]SourceControl: Info Source control is disabled
[2017.08.24-10.54.16:032][  0]SourceControl: Info Source control is disabled
[2017.08.24-10.54.16:066][  0]SourceControl: Info Source control is disabled
[2017.08.24-10.54.18:054][  0]LogEngine: Initializing Engine...
[2017.08.24-10.54.18:055][  0]LogHMD: Failed to initialize OpenVR with code 110
[2017.08.24-10.54.22:620][  0]LogAIModule: Creating AISystem for world Untitled
[2017.08.24-10.54.22:706][  0]LogInit: XAudio2 using 'Altavoces (Realtek High Definition Audio)' : 2 channels at 48 kHz using 32 bits per sample (channel mask 0x3)
[2017.08.24-10.54.22:723][  0]LogInit: FAudioDevice initialized.
[2017.08.24-10.54.22:743][  0]LogDerivedDataCache: Saved boot cache 0.02s 55MB C:/Users/Grego/AppData/Local/UnrealEngine/4.15/DerivedDataCache/Boot.ddc.
[2017.08.24-10.54.22:746][  0]LogInit: Texture streaming: Enabled
[2017.08.24-10.54.22:841][  0]LogEngineSessionManager: EngineSessionManager initialized
[2017.08.24-10.54.23:131][  0]LogInit: Transaction tracking system initialized
[2017.08.24-10.54.24:268][  0]BlueprintLog: New page: Editor Load
[2017.08.24-10.54.26:364][  0]LocalizationService: Info Localization service is disabled
[2017.08.24-10.54.27:876][  0]LogConsoleResponse:Display: 
[2017.08.24-10.54.32:251][  0]LogFileCache: Scanning file cache for directory 'D:/TFG/CreativeKeepers/Content/' took 0.01s
[2017.08.24-10.54.32:251][  0]LogCook:Display: Max memory allowance for cook 16384mb min free memory 0mb
[2017.08.24-10.54.32:251][  0]LogCook:Display: Mobile HDR setting 1
[2017.08.24-10.54.34:792][  0]SourceControl: Info Source control is disabled
[2017.08.24-10.54.34:898][  0]Cmd: MAP LOAD FILE="../../../../../TFG/CreativeKeepers/Content/test.umap" TEMPLATE=0 SHOWPROGRESS=1 FEATURELEVEL=3
[2017.08.24-10.54.34:960][  0]LightingResults: New page: Lighting Build
[2017.08.24-10.54.35:131][  0]MapCheck: New page: Map Check
[2017.08.24-10.54.35:131][  0]LightingResults: New page: Lighting Build
[2017.08.24-10.54.36:882][  0]LogAIModule: Creating AISystem for world test
[2017.08.24-10.54.37:366][  0]LogEditorServer: Finished looking for orphan Actors (0.000 secs)
[2017.08.24-10.54.37:484][  0]Cmd: MAP CHECKDEP NOCLEARLOG
[2017.08.24-10.54.37:515][  0]MapCheck: Info Map check complete: 0 Error(s), 0 Warning(s), took 30.857ms to complete.
[2017.08.24-10.54.37:515][  0]LogFileHelpers: Loading map 'test' took 2.664
[2017.08.24-10.54.40:674][  0]LogCollectionManager: Loaded 0 collections in 0.001002 seconds
[2017.08.24-10.54.41:564][  0]LogFileCache: Scanning file cache for directory 'D:/TFG/CreativeKeepers/Saved/Collections/' took 0.01s
[2017.08.24-10.54.41:564][  0]LogFileCache: Scanning file cache for directory 'D:/TFG/CreativeKeepers/Content/Developers/Grego/Collections/' took 0.01s
[2017.08.24-10.54.41:564][  0]LogFileCache: Scanning file cache for directory 'D:/TFG/CreativeKeepers/Content/Collections/' took 0.01s
[2017.08.24-10.54.41:564][  0]LogCollectionManager: Rebuilt the GUID cache for 0 collections in 0.000002 seconds
[2017.08.24-10.54.41:719][  0]LogContentBrowser: Native class hierarchy populated in 0.0434 seconds. Added 2245 classes and 453 folders.
[2017.08.24-10.54.41:833][  0]LogStats: UGameplayTagsManager::ConstructGameplayTagTree: Construct from data asset -  0.000 s
[2017.08.24-10.54.41:862][  0]LogStats: UGameplayTagsManager::ConstructGameplayTagTree: GameplayTagTreeChangedEvent.Broadcast -  0.000 s
[2017.08.24-10.54.41:930][  0]LogContentBrowser: Native class hierarchy updated for 'WidgetCarousel' in 0.0004 seconds. Added 0 classes and 0 folders.
[2017.08.24-10.54.46:600][  0]LogContentBrowser: Native class hierarchy updated for 'AddContentDialog' in 0.0004 seconds. Added 0 classes and 0 folders.
[2017.08.24-10.54.46:711][  0]LogContentBrowser: Native class hierarchy updated for 'SceneOutliner' in 0.0004 seconds. Added 1 classes and 2 folders.
[2017.08.24-10.54.48:438][  0]LogCrashTracker: Crashtracker disabled due to settings.
[2017.08.24-10.54.48:558][  0]LogUObjectGlobals:Warning: Failed to find object 'Class None.'
[2017.08.24-10.54.48:752][  0]LogContentBrowser: Native class hierarchy updated for 'HierarchicalLODOutliner' in 0.0004 seconds. Added 1 classes and 2 folders.
[2017.08.24-10.54.48:752][  0]LogLoad: (Engine Initialization) Total time: 73.83 seconds
[2017.08.24-10.54.48:752][  0]LogLoad: (Engine Initialization) Total Blueprint compile time: 0.98 seconds
[2017.08.24-10.54.48:752][  0]LogExternalProfiler: No external profilers were discovered.  External profiling features will not be available.
[2017.08.24-10.54.49:092][  0]LogOcInput: OculusInput pre-init called
[2017.08.24-10.54.49:388][  0]LogContentStreaming: Texture pool size now 1000 MB
[2017.08.24-10.54.49:544][  0]LogSlate: Took 0.048857 seconds to synchronously load lazily loaded font '../../../Engine/Content/Slate/Fonts/Roboto-Regular.ttf' (155K)
[2017.08.24-10.54.49:573][  0]LogSlate: Took 0.009830 seconds to synchronously load lazily loaded font '../../../Engine/Content/Slate/Fonts/Roboto-Bold.ttf' (160K)
[2017.08.24-10.54.49:653][  0]LogSlate: Took 0.053961 seconds to synchronously load lazily loaded font '../../../Engine/Content/Editor/Slate/Fonts/FontAwesome.ttf' (139K)
[2017.08.24-10.54.50:214][  0]LogRenderer: Reallocating scene render targets to support 1208x576 NumSamples 1 (Frame:2).
[2017.08.24-10.54.50:214][  0]LogSlate: Took 0.027096 seconds to synchronously load lazily loaded font '../../../Engine/Content/Slate/Fonts/Roboto-Light.ttf' (159K)
[2017.08.24-10.54.50:520][  1]LogAssetRegistry: Asset discovery search completed in 49.6446 seconds
[2017.08.24-10.54.50:520][  1]LogCollectionManager: Rebuilt the object cache for 0 collections in 0.000014 seconds (found 0 objects)
[2017.08.24-10.54.50:520][  1]LogCollectionManager: Fixed up redirectors for 0 collections in 0.000032 seconds (updated 0 objects)
[2017.08.24-10.54.50:706][  2]LogSlate: Took 0.000184 seconds to synchronously load lazily loaded font '../../../Engine/Content/Slate/Fonts/Roboto-Light.ttf' (159K)
[2017.08.24-10.54.51:796][  2]LogContentBrowser: Native class hierarchy updated for 'BlueprintGraph' in 0.0007 seconds. Added 112 classes and 0 folders.
[2017.08.24-10.54.54:532][  2]LogSlate: Took 0.028745 seconds to synchronously load lazily loaded font '../../../Engine/Content/Editor/Slate/Fonts/Roboto-BoldCondensed.ttf' (158K)
[2017.08.24-11.10.25:418][253]LogSlate: Took 0.023455 seconds to synchronously load lazily loaded font '../../../Engine/Content/Editor/Slate/Fonts/Roboto-Italic.ttf' (157K)
[2017.08.24-11.11.51:545][476]LogSlate: Took 0.007692 seconds to synchronously load lazily loaded font '../../../Engine/Content/Slate/Fonts/Roboto-Light.ttf' (159K)
[2017.08.24-11.12.00:571][549]LogFileHelpers: Editor autosave (incl. sublevels) for '/Game/test' took 0.038
[2017.08.24-11.12.00:635][549]OBJ SavePackage: Generating thumbnails for [0] asset(s) in package [/Game/Miscelaneous/misc-gameInstance] ([1] browsable assets)...
[2017.08.24-11.12.00:635][549]OBJ SavePackage: Finished generating thumbnails for package [/Game/Miscelaneous/misc-gameInstance]
[2017.08.24-11.12.00:635][549]Cmd: OBJ SAVEPACKAGE PACKAGE="/Game/Miscelaneous/misc-gameInstance" FILE="../../../../../TFG/CreativeKeepers/Saved/Autosaves/Game/Miscelaneous/misc-gameInstance_Auto1.uasset" SILENT=false AUTOSAVING=true
[2017.08.24-11.12.01:195][549]LogSavePackage: Save=58.07ms
[2017.08.24-11.12.01:195][549]LogSavePackage: Moving '../../../../../TFG/CreativeKeepers/Saved/misc-gameInstance_Auto11A0BC05A4704AF68DAE750B2875A39B0.tmp' to '../../../../../TFG/CreativeKeepers/Saved/Autosaves/Game/Miscelaneous/misc-gameInstance_Auto1.uasset'
[2017.08.24-11.12.01:212][549]LogSavePackage:Display: Finished SavePackage ../../../../../TFG/CreativeKeepers/Saved/Autosaves/Game/Miscelaneous/misc-gameInstance_Auto1.uasset
[2017.08.24-11.12.01:212][549]LogFileHelpers: Auto-saving content packages took 0.641
[2017.08.24-11.12.01:228][549]LogSlate: Took 0.015172 seconds to synchronously load lazily loaded font '../../../Engine/Content/Slate/Fonts/Roboto-Regular.ttf' (155K)
[2017.08.24-11.13.34:863][616]BlueprintLog: New page: Compile misc-gameInstance
[2017.08.24-11.13.35:401][652]Cmd: OBJ SAVEPACKAGE PACKAGE="/Game/Miscelaneous/misc-gameInstance" FILE="../../../../../TFG/CreativeKeepers/Content/Miscelaneous/misc-gameInstance.uasset" SILENT=true
[2017.08.24-11.13.35:455][652]LogSavePackage: Save=33.42ms
[2017.08.24-11.13.35:455][652]LogSavePackage: Moving '../../../../../TFG/CreativeKeepers/Saved/misc-gameInstance613B3673441410943DE5D78218B7585C.tmp' to '../../../../../TFG/CreativeKeepers/Content/Miscelaneous/misc-gameInstance.uasset'
[2017.08.24-11.13.35:458][652]LogSavePackage:Display: Finished SavePackage ../../../../../TFG/CreativeKeepers/Content/Miscelaneous/misc-gameInstance.uasset
[2017.08.24-11.16.23:013][532]BlueprintLog: New page: Compile hud-mainmenu
[2017.08.24-11.16.23:540][580]Cmd: OBJ SAVEPACKAGE PACKAGE="/Game/HUDs/hud-mainmenu" FILE="../../../../../TFG/CreativeKeepers/Content/HUDs/hud-mainmenu.uasset" SILENT=true
[2017.08.24-11.16.23:613][580]LogSavePackage: Save=52.77ms
[2017.08.24-11.16.23:613][580]LogSavePackage: Moving '../../../../../TFG/CreativeKeepers/Saved/hud-mainmenuBB48843D47D02F4F3ABA03804F6109E4.tmp' to '../../../../../TFG/CreativeKeepers/Content/HUDs/hud-mainmenu.uasset'
[2017.08.24-11.16.23:616][580]LogSavePackage:Display: Finished SavePackage ../../../../../TFG/CreativeKeepers/Content/HUDs/hud-mainmenu.uasset
[2017.08.24-11.16.30:392][386]LogAIModule: Creating AISystem for world main-menu
[2017.08.24-11.16.30:424][386]Cmd: MAP LOAD FILE="../../../../../TFG/CreativeKeepers/Content/Levels/main-menu.umap" TEMPLATE=0 SHOWPROGRESS=1 FEATURELEVEL=3
[2017.08.24-11.16.30:424][386]LightingResults: New page: Lighting Build
[2017.08.24-11.16.30:425][386]LoadErrors: New page: Loading map: main-menu.umap
[2017.08.24-11.16.30:426][386]MapCheck: New page: Map Check
[2017.08.24-11.16.30:426][386]LightingResults: New page: Lighting Build
[2017.08.24-11.16.30:573][386]LogEditorServer: Finished looking for orphan Actors (0.000 secs)
[2017.08.24-11.16.30:593][386]Cmd: MAP CHECKDEP NOCLEARLOG
[2017.08.24-11.16.30:623][386]MapCheck: Info Map check complete: 0 Error(s), 0 Warning(s), took 29.43ms to complete.
[2017.08.24-11.16.30:624][386]LogFileHelpers: Loading map 'main-menu' took 0.202
[2017.08.24-11.16.31:903][537]LogTemp: Repeting last play command: Selected Viewport
[2017.08.24-11.16.31:923][537]LogBlueprintUserMessages: Early PlayInEditor Detection: Level '/Game/Levels/main-menu.main-menu:PersistentLevel' has LevelScriptBlueprint '/Game/Levels/main-menu.main-menu:PersistentLevel.main-menu' with GeneratedClass '/Game/Levels/main-menu.main-menu_C' with ClassGeneratedBy '/Game/Levels/main-menu.main-menu:PersistentLevel.main-menu'
[2017.08.24-11.16.31:923][537]LogPlayLevel: PlayLevel: No blueprints needed recompiling
[2017.08.24-11.16.31:946][537]PIE: New page: PIE session: main-menu (Aug 24, 2017, 3:16:31 PM)
[2017.08.24-11.16.31:957][537]LogPlayLevel: Creating play world package: /Game/Levels/UEDPIE_0_main-menu
[2017.08.24-11.16.31:972][537]LogPlayLevel: PIE: StaticDuplicateObject took: (0.014604s)
[2017.08.24-11.16.31:972][537]LogAIModule: Creating AISystem for world main-menu
[2017.08.24-11.16.31:972][537]LogPlayLevel: PIE: World Init took: (0.000471s)
[2017.08.24-11.16.31:979][537]LogPlayLevel: PIE: Created PIE world by copying editor world from /Game/Levels/main-menu.main-menu to /Game/Levels/UEDPIE_0_main-menu.main-menu (0.032586s)
[2017.08.24-11.16.32:009][537]LogInit: XAudio2 using 'Altavoces (Realtek High Definition Audio)' : 2 channels at 48 kHz using 32 bits per sample (channel mask 0x3)
[2017.08.24-11.16.32:018][537]LogInit: FAudioDevice initialized.
[2017.08.24-11.16.32:166][537]LogLoad: Game class is 'misc-gameModeNoPawn_C'
[2017.08.24-11.16.32:167][537]LogWorld: Bringing World /Game/Levels/UEDPIE_0_main-menu.main-menu up for play (max tick rate 0) at 2017.08.24-13.16.32
[2017.08.24-11.16.32:179][537]LogWorld: Bringing up level for play took: 0.012909
[2017.08.24-11.16.32:285][537]LogSpawn:Warning: SpawnActor failed because no class was specified
[2017.08.24-11.16.32:327][537]LogContentBrowser: Native class hierarchy updated for 'MovieSceneCapture' in 0.0005 seconds. Added 11 classes and 0 folders.
[2017.08.24-11.16.32:400][537]PIE: Info Play in editor start time for /Game/Levels/UEDPIE_0_main-menu 1.209
[2017.08.24-11.16.32:400][537]LogBlueprintUserMessages: Late PlayInEditor Detection: Level '/Game/Levels/main-menu.main-menu:PersistentLevel' has LevelScriptBlueprint '/Game/Levels/main-menu.main-menu:PersistentLevel.main-menu' with GeneratedClass '/Game/Levels/main-menu.main-menu_C' with ClassGeneratedBy '/Game/Levels/main-menu.main-menu:PersistentLevel.main-menu'
[2017.08.24-11.16.46:877][256]LogBlueprintUserMessages: Early EndPlayMap Detection: Level '/Game/Levels/main-menu.main-menu:PersistentLevel' has LevelScriptBlueprint '/Game/Levels/main-menu.main-menu:PersistentLevel.main-menu' with GeneratedClass '/Game/Levels/main-menu.main-menu_C' with ClassGeneratedBy '/Game/Levels/main-menu.main-menu:PersistentLevel.main-menu'
[2017.08.24-11.16.46:965][256]LogBlueprintUserMessages: Late EndPlayMap Detection: Level '/Game/Levels/main-menu.main-menu:PersistentLevel' has LevelScriptBlueprint '/Game/Levels/main-menu.main-menu:PersistentLevel.main-menu' with GeneratedClass '/Game/Levels/main-menu.main-menu_C' with ClassGeneratedBy '/Game/Levels/main-menu.main-menu:PersistentLevel.main-menu'
[2017.08.24-11.19.00:085][125]Cmd: OBJ SAVEPACKAGE PACKAGE="/Game/HUDs/Base/hud-guardar" FILE="../../../../../TFG/CreativeKeepers/Content/HUDs/Base/hud-guardar.uasset" SILENT=true
[2017.08.24-11.19.00:134][125]LogSavePackage: Save=23.65ms
[2017.08.24-11.19.00:134][125]LogSavePackage: Moving '../../../../../TFG/CreativeKeepers/Saved/hud-guardar575FEAE3446E0A18C97388A9D84A8BF9.tmp' to '../../../../../TFG/CreativeKeepers/Content/HUDs/Base/hud-guardar.uasset'
[2017.08.24-11.19.00:136][125]LogSavePackage:Display: Finished SavePackage ../../../../../TFG/CreativeKeepers/Content/HUDs/Base/hud-guardar.uasset
[2017.08.24-11.19.20:533][566]Cmd: OBJ SAVEPACKAGE PACKAGE="/Game/HUDs/Base/hud-guardar" FILE="../../../../../TFG/CreativeKeepers/Content/HUDs/Base/hud-guardar.uasset" SILENT=true
[2017.08.24-11.19.20:575][566]LogSavePackage: Save=21.03ms
[2017.08.24-11.19.20:575][566]LogSavePackage: Moving '../../../../../TFG/CreativeKeepers/Saved/hud-guardar2261603B4493B23833EA609655182D89.tmp' to '../../../../../TFG/CreativeKeepers/Content/HUDs/Base/hud-guardar.uasset'
[2017.08.24-11.19.20:577][566]LogSavePackage:Display: Finished SavePackage ../../../../../TFG/CreativeKeepers/Content/HUDs/Base/hud-guardar.uasset
[2017.08.24-11.19.20:926][608]BlueprintLog: New page: Compile hud-guardar
[2017.08.24-11.20.07:115][ 73]BlueprintLog: New page: Compile hud-guardar
[2017.08.24-11.20.07:838][145]Cmd: OBJ SAVEPACKAGE PACKAGE="/Game/HUDs/Base/hud-guardar" FILE="../../../../../TFG/CreativeKeepers/Content/HUDs/Base/hud-guardar.uasset" SILENT=true
[2017.08.24-11.20.07:870][145]LogSavePackage: Save=14.54ms
[2017.08.24-11.20.07:870][145]LogSavePackage: Moving '../../../../../TFG/CreativeKeepers/Saved/hud-guardarACCA0B304D3DD12BD180C891798648FB.tmp' to '../../../../../TFG/CreativeKeepers/Content/HUDs/Base/hud-guardar.uasset'
[2017.08.24-11.20.07:873][145]LogSavePackage:Display: Finished SavePackage ../../../../../TFG/CreativeKeepers/Content/HUDs/Base/hud-guardar.uasset
[2017.08.24-11.21.01:274][551]LogTemp: Repeting last play command: Selected Viewport
[2017.08.24-11.21.01:293][551]LogBlueprintUserMessages: Early PlayInEditor Detection: Level '/Game/Levels/main-menu.main-menu:PersistentLevel' has LevelScriptBlueprint '/Game/Levels/main-menu.main-menu:PersistentLevel.main-menu' with GeneratedClass '/Game/Levels/main-menu.main-menu_C' with ClassGeneratedBy '/Game/Levels/main-menu.main-menu:PersistentLevel.main-menu'
[2017.08.24-11.21.01:293][551]LogPlayLevel: PlayLevel: No blueprints needed recompiling
[2017.08.24-11.21.01:293][551]PIE: New page: PIE session: main-menu (Aug 24, 2017, 3:21:01 PM)
[2017.08.24-11.21.01:293][551]LogPlayLevel: Creating play world package: /Game/Levels/UEDPIE_0_main-menu
[2017.08.24-11.21.01:294][551]LogPlayLevel: PIE: StaticDuplicateObject took: (0.000739s)
[2017.08.24-11.21.01:294][551]LogAIModule: Creating AISystem for world main-menu
[2017.08.24-11.21.01:295][551]LogPlayLevel: PIE: World Init took: (0.000584s)
[2017.08.24-11.21.01:295][551]LogPlayLevel: PIE: Created PIE world by copying editor world from /Game/Levels/main-menu.main-menu to /Game/Levels/UEDPIE_0_main-menu.main-menu (0.001514s)
[2017.08.24-11.21.01:325][551]LogInit: XAudio2 using 'Altavoces (Realtek High Definition Audio)' : 2 channels at 48 kHz using 32 bits per sample (channel mask 0x3)
[2017.08.24-11.21.01:334][551]LogInit: FAudioDevice initialized.
[2017.08.24-11.21.01:368][551]LogLoad: Game class is 'misc-gameModeNoPawn_C'
[2017.08.24-11.21.01:368][551]LogWorld: Bringing World /Game/Levels/UEDPIE_0_main-menu.main-menu up for play (max tick rate 0) at 2017.08.24-13.21.01
[2017.08.24-11.21.01:368][551]LogWorld: Bringing up level for play took: 0.000572
[2017.08.24-11.21.01:369][551]LogSpawn:Warning: SpawnActor failed because no class was specified
[2017.08.24-11.21.01:370][551]PIE: Info Play in editor start time for /Game/Levels/UEDPIE_0_main-menu 0.18
[2017.08.24-11.21.01:371][551]LogBlueprintUserMessages: Late PlayInEditor Detection: Level '/Game/Levels/main-menu.main-menu:PersistentLevel' has LevelScriptBlueprint '/Game/Levels/main-menu.main-menu:PersistentLevel.main-menu' with GeneratedClass '/Game/Levels/main-menu.main-menu_C' with ClassGeneratedBy '/Game/Levels/main-menu.main-menu:PersistentLevel.main-menu'
[2017.08.24-11.21.02:609][699]LogBlueprintUserMessages: Early EndPlayMap Detection: Level '/Game/Levels/main-menu.main-menu:PersistentLevel' has LevelScriptBlueprint '/Game/Levels/main-menu.main-menu:PersistentLevel.main-menu' with GeneratedClass '/Game/Levels/main-menu.main-menu_C' with ClassGeneratedBy '/Game/Levels/main-menu.main-menu:PersistentLevel.main-menu'
[2017.08.24-11.21.02:639][699]LogBlueprintUserMessages: Late EndPlayMap Detection: Level '/Game/Levels/main-menu.main-menu:PersistentLevel' has LevelScriptBlueprint '/Game/Levels/main-menu.main-menu:PersistentLevel.main-menu' with GeneratedClass '/Game/Levels/main-menu.main-menu_C' with ClassGeneratedBy '/Game/Levels/main-menu.main-menu:PersistentLevel.main-menu'
[2017.08.24-11.21.03:968][855]LogTemp: Repeting last play command: Selected Viewport
[2017.08.24-11.21.03:986][855]LogBlueprintUserMessages: Early PlayInEditor Detection: Level '/Game/Levels/main-menu.main-menu:PersistentLevel' has LevelScriptBlueprint '/Game/Levels/main-menu.main-menu:PersistentLevel.main-menu' with GeneratedClass '/Game/Levels/main-menu.main-menu_C' with ClassGeneratedBy '/Game/Levels/main-menu.main-menu:PersistentLevel.main-menu'
[2017.08.24-11.21.03:986][855]LogPlayLevel: PlayLevel: No blueprints needed recompiling
[2017.08.24-11.21.03:986][855]PIE: New page: PIE session: main-menu (Aug 24, 2017, 3:21:03 PM)
[2017.08.24-11.21.03:987][855]LogPlayLevel: Creating play world package: /Game/Levels/UEDPIE_0_main-menu
[2017.08.24-11.21.03:987][855]LogPlayLevel: PIE: StaticDuplicateObject took: (0.000671s)
[2017.08.24-11.21.03:988][855]LogAIModule: Creating AISystem for world main-menu
[2017.08.24-11.21.03:988][855]LogPlayLevel: PIE: World Init took: (0.000524s)
[2017.08.24-11.21.03:988][855]LogPlayLevel: PIE: Created PIE world by copying editor world from /Game/Levels/main-menu.main-menu to /Game/Levels/UEDPIE_0_main-menu.main-menu (0.001419s)
[2017.08.24-11.21.04:019][855]LogInit: XAudio2 using 'Altavoces (Realtek High Definition Audio)' : 2 channels at 48 kHz using 32 bits per sample (channel mask 0x3)
[2017.08.24-11.21.04:028][855]LogInit: FAudioDevice initialized.
[2017.08.24-11.21.04:081][855]LogLoad: Game class is 'misc-gameModeNoPawn_C'
[2017.08.24-11.21.04:082][855]LogWorld: Bringing World /Game/Levels/UEDPIE_0_main-menu.main-menu up for play (max tick rate 0) at 2017.08.24-13.21.04
[2017.08.24-11.21.04:082][855]LogWorld: Bringing up level for play took: 0.000738
[2017.08.24-11.21.04:083][855]LogGameMode: FindPlayerStart: PATHS NOT DEFINED or NO PLAYERSTART with positive rating
[2017.08.24-11.21.04:083][855]LogSpawn:Warning: SpawnActor failed because no class was specified
[2017.08.24-11.21.04:086][855]PIE: Info Play in editor start time for /Game/Levels/UEDPIE_0_main-menu 0.895
[2017.08.24-11.21.04:086][855]LogBlueprintUserMessages: Late PlayInEditor Detection: Level '/Game/Levels/main-menu.main-menu:PersistentLevel' has LevelScriptBlueprint '/Game/Levels/main-menu.main-menu:PersistentLevel.main-menu' with GeneratedClass '/Game/Levels/main-menu.main-menu_C' with ClassGeneratedBy '/Game/Levels/main-menu.main-menu:PersistentLevel.main-menu'
[2017.08.24-11.21.04:101][855]LogRenderer: Reallocating scene render targets to support 1292x756 NumSamples 1 (Frame:13971).
[2017.08.24-11.21.07:037][205]LogBlueprintUserMessages: Early EndPlayMap Detection: Level '/Game/Levels/main-menu.main-menu:PersistentLevel' has LevelScriptBlueprint '/Game/Levels/main-menu.main-menu:PersistentLevel.main-menu' with GeneratedClass '/Game/Levels/main-menu.main-menu_C' with ClassGeneratedBy '/Game/Levels/main-menu.main-menu:PersistentLevel.main-menu'
[2017.08.24-11.21.07:081][205]LogBlueprintUserMessages: Late EndPlayMap Detection: Level '/Game/Levels/main-menu.main-menu:PersistentLevel' has LevelScriptBlueprint '/Game/Levels/main-menu.main-menu:PersistentLevel.main-menu' with GeneratedClass '/Game/Levels/main-menu.main-menu_C' with ClassGeneratedBy '/Game/Levels/main-menu.main-menu:PersistentLevel.main-menu'
[2017.08.24-11.22.30:969][599]LogAIModule: Creating AISystem for world base
[2017.08.24-11.22.31:061][599]Cmd: MAP LOAD FILE="../../../../../TFG/CreativeKeepers/Content/Levels/base.umap" TEMPLATE=0 SHOWPROGRESS=1 FEATURELEVEL=3
[2017.08.24-11.22.31:061][599]LightingResults: New page: Lighting Build
[2017.08.24-11.22.31:062][599]LoadErrors: New page: Loading map: base.umap
[2017.08.24-11.22.31:063][599]MapCheck: New page: Map Check
[2017.08.24-11.22.31:063][599]LightingResults: New page: Lighting Build
[2017.08.24-11.22.31:166][599]LogEditorServer: Finished looking for orphan Actors (0.000 secs)
[2017.08.24-11.22.31:187][599]Cmd: MAP CHECKDEP NOCLEARLOG
[2017.08.24-11.22.31:217][599]MapCheck: Info Map check complete: 0 Error(s), 0 Warning(s), took 29.759ms to complete.
[2017.08.24-11.22.31:217][599]LogFileHelpers: Loading map 'base' took 0.157
[2017.08.24-11.22.32:511][751]LogTemp: Repeting last play command: Selected Viewport
[2017.08.24-11.22.32:528][751]LogBlueprintUserMessages: Early PlayInEditor Detection: Level '/Game/Levels/base.base:PersistentLevel' has LevelScriptBlueprint '/Game/Levels/base.base:PersistentLevel.base' with GeneratedClass '/Game/Levels/base.base_C' with ClassGeneratedBy '/Game/Levels/base.base:PersistentLevel.base'
[2017.08.24-11.22.32:528][751]LogPlayLevel: PlayLevel: No blueprints needed recompiling
[2017.08.24-11.22.32:528][751]PIE: New page: PIE session: base (Aug 24, 2017, 3:22:32 PM)
[2017.08.24-11.22.32:529][751]LogPlayLevel: Creating play world package: /Game/Levels/UEDPIE_0_base
[2017.08.24-11.22.32:532][751]LogPlayLevel: PIE: StaticDuplicateObject took: (0.002732s)
[2017.08.24-11.22.32:532][751]LogAIModule: Creating AISystem for world base
[2017.08.24-11.22.32:532][751]LogPlayLevel: PIE: World Init took: (0.000509s)
[2017.08.24-11.22.32:532][751]LogPlayLevel: PIE: Created PIE world by copying editor world from /Game/Levels/base.base to /Game/Levels/UEDPIE_0_base.base (0.003430s)
[2017.08.24-11.22.32:562][751]LogInit: XAudio2 using 'Altavoces (Realtek High Definition Audio)' : 2 channels at 48 kHz using 32 bits per sample (channel mask 0x3)
[2017.08.24-11.22.32:571][751]LogInit: FAudioDevice initialized.
[2017.08.24-11.22.32:603][751]LogLoad: Game class is 'misc-gameModeBase_C'
[2017.08.24-11.22.32:605][751]LogWorld: Bringing World /Game/Levels/UEDPIE_0_base.base up for play (max tick rate 0) at 2017.08.24-13.22.32
[2017.08.24-11.22.32:615][751]LogWorld: Bringing up level for play took: 0.011603
[2017.08.24-11.22.32:616][751]LogSpawn:Warning: SpawnActor failed because no class was specified
[2017.08.24-11.22.32:647][751]PIE: Info Play in editor start time for /Game/Levels/UEDPIE_0_base -0.544
[2017.08.24-11.22.32:647][751]LogBlueprintUserMessages: Late PlayInEditor Detection: Level '/Game/Levels/base.base:PersistentLevel' has LevelScriptBlueprint '/Game/Levels/base.base:PersistentLevel.base' with GeneratedClass '/Game/Levels/base.base_C' with ClassGeneratedBy '/Game/Levels/base.base:PersistentLevel.base'
[2017.08.24-11.22.34:255][941]LogBlueprintUserMessages: [pawn-elfen-base_C_0] 
[2017.08.24-11.33.14:998][646]LogBlueprintUserMessages: [pawn-elfen-base_C_0] 
[2017.08.24-11.33.15:522][709]LogBlueprintUserMessages: [pawn-elfen-base_C_0] 
[2017.08.24-11.33.16:539][831]LogBlueprintUserMessages: Early EndPlayMap Detection: Level '/Game/Levels/base.base:PersistentLevel' has LevelScriptBlueprint '/Game/Levels/base.base:PersistentLevel.base' with GeneratedClass '/Game/Levels/base.base_C' with ClassGeneratedBy '/Game/Levels/base.base:PersistentLevel.base'
[2017.08.24-11.33.16:568][831]LogBlueprintUserMessages: Late EndPlayMap Detection: Level '/Game/Levels/base.base:PersistentLevel' has LevelScriptBlueprint '/Game/Levels/base.base:PersistentLevel.base' with GeneratedClass '/Game/Levels/base.base_C' with ClassGeneratedBy '/Game/Levels/base.base:PersistentLevel.base'
[2017.08.24-11.33.21:273][389]LogTemp: Repeting last play command: Selected Viewport
[2017.08.24-11.33.21:291][389]LogBlueprintUserMessages: Early PlayInEditor Detection: Level '/Game/Levels/base.base:PersistentLevel' has LevelScriptBlueprint '/Game/Levels/base.base:PersistentLevel.base' with GeneratedClass '/Game/Levels/base.base_C' with ClassGeneratedBy '/Game/Levels/base.base:PersistentLevel.base'
[2017.08.24-11.33.21:291][389]LogPlayLevel: PlayLevel: No blueprints needed recompiling
[2017.08.24-11.33.21:291][389]PIE: New page: PIE session: base (Aug 24, 2017, 3:33:21 PM)
[2017.08.24-11.33.21:292][389]LogPlayLevel: Creating play world package: /Game/Levels/UEDPIE_0_base
[2017.08.24-11.33.21:295][389]LogPlayLevel: PIE: StaticDuplicateObject took: (0.002959s)
[2017.08.24-11.33.21:295][389]LogAIModule: Creating AISystem for world base
[2017.08.24-11.33.21:295][389]LogPlayLevel: PIE: World Init took: (0.000588s)
[2017.08.24-11.33.21:295][389]LogPlayLevel: PIE: Created PIE world by copying editor world from /Game/Levels/base.base to /Game/Levels/UEDPIE_0_base.base (0.003744s)
[2017.08.24-11.33.21:325][389]LogInit: XAudio2 using 'Altavoces (Realtek High Definition Audio)' : 2 channels at 48 kHz using 32 bits per sample (channel mask 0x3)
[2017.08.24-11.33.21:334][389]LogInit: FAudioDevice initialized.
[2017.08.24-11.33.21:365][389]LogLoad: Game class is 'misc-gameModeBase_C'
[2017.08.24-11.33.21:366][389]LogWorld: Bringing World /Game/Levels/UEDPIE_0_base.base up for play (max tick rate 0) at 2017.08.24-13.33.21
[2017.08.24-11.33.21:367][389]LogWorld: Bringing up level for play took: 0.001391
[2017.08.24-11.33.21:367][389]LogSpawn:Warning: SpawnActor failed because no class was specified
[2017.08.24-11.33.21:373][389]PIE: Info Play in editor start time for /Game/Levels/UEDPIE_0_base 0.182
[2017.08.24-11.33.21:374][389]LogBlueprintUserMessages: Late PlayInEditor Detection: Level '/Game/Levels/base.base:PersistentLevel' has LevelScriptBlueprint '/Game/Levels/base.base:PersistentLevel.base' with GeneratedClass '/Game/Levels/base.base_C' with ClassGeneratedBy '/Game/Levels/base.base:PersistentLevel.base'
[2017.08.24-11.33.22:533][527]LogBlueprintUserMessages: [pawn-elfen-base_C_0] 
[2017.08.24-11.33.26:052][946]LogBlueprintUserMessages: [pawn-elfen-base_C_0] 
[2017.08.24-11.33.27:051][ 66]LogBlueprintUserMessages: [pawn-elfen-base_C_0] 
[2017.08.24-11.33.30:010][421]LogBlueprintUserMessages: [pawn-elfen-base_C_0] 
[2017.08.24-11.33.30:551][486]LogBlueprintUserMessages: [pawn-elfen-base_C_0] 
[2017.08.24-11.33.34:255][930]LogBlueprintUserMessages: [pawn-elfen-base_C_0] 
[2017.08.24-11.33.35:579][ 89]LogBlueprintUserMessages: [pawn-elfen-base_C_0] 
[2017.08.24-11.33.36:887][246]LogBlueprintUserMessages: [pawn-elfen-base_C_0] 
[2017.08.24-11.33.38:313][417]LogBlueprintUserMessages: [pawn-elfen-base_C_0] 
[2017.08.24-11.33.38:671][460]LogBlueprintUserMessages: [pawn-elfen-base_C_0] 
[2017.08.24-11.33.38:838][480]LogBlueprintUserMessages: [pawn-elfen-base_C_0] 
[2017.08.24-11.33.38:979][497]LogBlueprintUserMessages: [pawn-elfen-base_C_0] 
[2017.08.24-11.33.39:554][566]LogBlueprintUserMessages: [pawn-elfen-base_C_0] 
[2017.08.24-11.33.39:754][590]LogBlueprintUserMessages: [pawn-elfen-base_C_0] 
[2017.08.24-11.33.39:938][612]LogBlueprintUserMessages: [pawn-elfen-base_C_0] 
[2017.08.24-11.33.40:138][636]LogBlueprintUserMessages: [pawn-elfen-base_C_0] 
[2017.08.24-11.33.55:296][455]LogBlueprintUserMessages: [pawn-elfen-base_C_0] 
[2017.08.24-11.33.55:538][484]LogBlueprintUserMessages: [pawn-elfen-base_C_0] 
[2017.08.24-11.33.55:697][503]LogBlueprintUserMessages: [pawn-elfen-base_C_0] 
[2017.08.24-11.33.56:005][540]LogBlueprintUserMessages: [pawn-elfen-base_C_0] 
[2017.08.24-11.33.56:322][578]LogBlueprintUserMessages: [pawn-elfen-base_C_0] 
[2017.08.24-11.33.56:914][649]LogBlueprintUserMessages: Early EndPlayMap Detection: Level '/Game/Levels/base.base:PersistentLevel' has LevelScriptBlueprint '/Game/Levels/base.base:PersistentLevel.base' with GeneratedClass '/Game/Levels/base.base_C' with ClassGeneratedBy '/Game/Levels/base.base:PersistentLevel.base'
[2017.08.24-11.33.56:946][649]LogBlueprintUserMessages: Late EndPlayMap Detection: Level '/Game/Levels/base.base:PersistentLevel' has LevelScriptBlueprint '/Game/Levels/base.base:PersistentLevel.base' with GeneratedClass '/Game/Levels/base.base_C' with ClassGeneratedBy '/Game/Levels/base.base:PersistentLevel.base'
[2017.08.24-11.35.59:268][176]Cmd: OBJ SAVEPACKAGE PACKAGE="/Game/HUDs/Base/hud-guardar" FILE="../../../../../TFG/CreativeKeepers/Content/HUDs/Base/hud-guardar.uasset" SILENT=true
[2017.08.24-11.35.59:307][176]LogSavePackage: Save=16.64ms
[2017.08.24-11.35.59:307][176]LogSavePackage: Moving '../../../../../TFG/CreativeKeepers/Saved/hud-guardarDC4613314D7E320BBE65A188CCC58AE7.tmp' to '../../../../../TFG/CreativeKeepers/Content/HUDs/Base/hud-guardar.uasset'
[2017.08.24-11.35.59:311][176]LogSavePackage:Display: Finished SavePackage ../../../../../TFG/CreativeKeepers/Content/HUDs/Base/hud-guardar.uasset
[2017.08.24-11.35.59:949][252]BlueprintLog: New page: Compile hud-guardar
[2017.08.24-11.36.05:153][852]LogTemp: Repeting last play command: Selected Viewport
[2017.08.24-11.36.05:188][852]LogBlueprintUserMessages: Early PlayInEditor Detection: Level '/Game/Levels/base.base:PersistentLevel' has LevelScriptBlueprint '/Game/Levels/base.base:PersistentLevel.base' with GeneratedClass '/Game/Levels/base.base_C' with ClassGeneratedBy '/Game/Levels/base.base:PersistentLevel.base'
[2017.08.24-11.36.05:188][852]LogPlayLevel: PlayLevel: No blueprints needed recompiling
[2017.08.24-11.36.05:188][852]PIE: New page: PIE session: base (Aug 24, 2017, 3:36:05 PM)
[2017.08.24-11.36.05:189][852]LogPlayLevel: Creating play world package: /Game/Levels/UEDPIE_0_base
[2017.08.24-11.36.05:192][852]LogPlayLevel: PIE: StaticDuplicateObject took: (0.002750s)
[2017.08.24-11.36.05:192][852]LogAIModule: Creating AISystem for world base
[2017.08.24-11.36.05:192][852]LogPlayLevel: PIE: World Init took: (0.000509s)
[2017.08.24-11.36.05:192][852]LogPlayLevel: PIE: Created PIE world by copying editor world from /Game/Levels/base.base to /Game/Levels/UEDPIE_0_base.base (0.003455s)
[2017.08.24-11.36.05:225][852]LogInit: XAudio2 using 'Altavoces (Realtek High Definition Audio)' : 2 channels at 48 kHz using 32 bits per sample (channel mask 0x3)
[2017.08.24-11.36.05:234][852]LogInit: FAudioDevice initialized.
[2017.08.24-11.36.05:272][852]LogLoad: Game class is 'misc-gameModeBase_C'
[2017.08.24-11.36.05:274][852]LogWorld: Bringing World /Game/Levels/UEDPIE_0_base.base up for play (max tick rate 0) at 2017.08.24-13.36.05
[2017.08.24-11.36.05:274][852]LogWorld: Bringing up level for play took: 0.001767
[2017.08.24-11.36.05:275][852]LogSpawn:Warning: SpawnActor failed because no class was specified
[2017.08.24-11.36.05:283][852]PIE: Info Play in editor start time for /Game/Levels/UEDPIE_0_base 0.092
[2017.08.24-11.36.05:283][852]LogBlueprintUserMessages: Late PlayInEditor Detection: Level '/Game/Levels/base.base:PersistentLevel' has LevelScriptBlueprint '/Game/Levels/base.base:PersistentLevel.base' with GeneratedClass '/Game/Levels/base.base_C' with ClassGeneratedBy '/Game/Levels/base.base:PersistentLevel.base'
[2017.08.24-11.36.06:754][ 21]LogBlueprintUserMessages: [pawn-elfen-base_C_0] 
[2017.08.24-11.36.09:807][386]LogBlueprintUserMessages: [pawn-elfen-base_C_0] 
[2017.08.24-11.36.10:358][452]LogBlueprintUserMessages: [pawn-elfen-base_C_0] 
[2017.08.24-11.36.11:398][576]LogBlueprintUserMessages: [pawn-elfen-base_C_0] 
[2017.08.24-11.36.12:157][667]LogBlueprintUserMessages: [pawn-elfen-base_C_0] 
[2017.08.24-11.36.21:489][786]LogBlueprintUserMessages: Early EndPlayMap Detection: Level '/Game/Levels/base.base:PersistentLevel' has LevelScriptBlueprint '/Game/Levels/base.base:PersistentLevel.base' with GeneratedClass '/Game/Levels/base.base_C' with ClassGeneratedBy '/Game/Levels/base.base:PersistentLevel.base'
[2017.08.24-11.36.21:531][786]LogBlueprintUserMessages: Late EndPlayMap Detection: Level '/Game/Levels/base.base:PersistentLevel' has LevelScriptBlueprint '/Game/Levels/base.base:PersistentLevel.base' with GeneratedClass '/Game/Levels/base.base_C' with ClassGeneratedBy '/Game/Levels/base.base:PersistentLevel.base'
[2017.08.24-11.36.42:144][256]LogTemp: Repeting last play command: Selected Viewport
[2017.08.24-11.36.42:158][256]LogBlueprintUserMessages: Early PlayInEditor Detection: Level '/Game/Levels/base.base:PersistentLevel' has LevelScriptBlueprint '/Game/Levels/base.base:PersistentLevel.base' with GeneratedClass '/Game/Levels/base.base_C' with ClassGeneratedBy '/Game/Levels/base.base:PersistentLevel.base'
[2017.08.24-11.36.42:159][256]LogPlayLevel: PlayLevel: No blueprints needed recompiling
[2017.08.24-11.36.42:159][256]PIE: New page: PIE session: base (Aug 24, 2017, 3:36:42 PM)
[2017.08.24-11.36.42:159][256]LogPlayLevel: Creating play world package: /Game/Levels/UEDPIE_0_base
[2017.08.24-11.36.42:162][256]LogPlayLevel: PIE: StaticDuplicateObject took: (0.002976s)
[2017.08.24-11.36.42:163][256]LogAIModule: Creating AISystem for world base
[2017.08.24-11.36.42:163][256]LogPlayLevel: PIE: World Init took: (0.000551s)
[2017.08.24-11.36.42:163][256]LogPlayLevel: PIE: Created PIE world by copying editor world from /Game/Levels/base.base to /Game/Levels/UEDPIE_0_base.base (0.003718s)
[2017.08.24-11.36.42:191][256]LogInit: XAudio2 using 'Altavoces (Realtek High Definition Audio)' : 2 channels at 48 kHz using 32 bits per sample (channel mask 0x3)
[2017.08.24-11.36.42:200][256]LogInit: FAudioDevice initialized.
[2017.08.24-11.36.42:240][256]LogLoad: Game class is 'misc-gameModeBase_C'
[2017.08.24-11.36.42:242][256]LogWorld: Bringing World /Game/Levels/UEDPIE_0_base.base up for play (max tick rate 0) at 2017.08.24-13.36.42
[2017.08.24-11.36.42:242][256]LogWorld: Bringing up level for play took: 0.001819
[2017.08.24-11.36.42:243][256]LogSpawn:Warning: SpawnActor failed because no class was specified
[2017.08.24-11.36.42:251][256]PIE: Info Play in editor start time for /Game/Levels/UEDPIE_0_base 1.06
[2017.08.24-11.36.42:251][256]LogBlueprintUserMessages: Late PlayInEditor Detection: Level '/Game/Levels/base.base:PersistentLevel' has LevelScriptBlueprint '/Game/Levels/base.base:PersistentLevel.base' with GeneratedClass '/Game/Levels/base.base_C' with ClassGeneratedBy '/Game/Levels/base.base:PersistentLevel.base'
[2017.08.24-11.36.43:358][384]LogBlueprintUserMessages: [pawn-elfen-base_C_0] 
[2017.08.24-11.36.45:850][683]LogBlueprintUserMessages: [pawn-elfen-base_C_0] 
[2017.08.24-11.36.46:574][770]LogBlueprintUserMessages: [pawn-elfen-base_C_0] 
[2017.08.24-11.36.46:892][808]LogBlueprintUserMessages: [pawn-elfen-base_C_0] 
[2017.08.24-11.36.57:272][ 53]LogBlueprintUserMessages: Early EndPlayMap Detection: Level '/Game/Levels/base.base:PersistentLevel' has LevelScriptBlueprint '/Game/Levels/base.base:PersistentLevel.base' with GeneratedClass '/Game/Levels/base.base_C' with ClassGeneratedBy '/Game/Levels/base.base:PersistentLevel.base'
[2017.08.24-11.36.57:314][ 53]LogBlueprintUserMessages: Late EndPlayMap Detection: Level '/Game/Levels/base.base:PersistentLevel' has LevelScriptBlueprint '/Game/Levels/base.base:PersistentLevel.base' with GeneratedClass '/Game/Levels/base.base_C' with ClassGeneratedBy '/Game/Levels/base.base:PersistentLevel.base'
[2017.08.24-11.37.18:419][507]BlueprintLog: New page: Compile hud-guardar
[2017.08.24-11.37.19:054][565]Cmd: OBJ SAVEPACKAGE PACKAGE="/Game/HUDs/Base/hud-guardar" FILE="../../../../../TFG/CreativeKeepers/Content/HUDs/Base/hud-guardar.uasset" SILENT=true
[2017.08.24-11.37.19:091][565]LogSavePackage: Save=15.45ms
[2017.08.24-11.37.19:091][565]LogSavePackage: Moving '../../../../../TFG/CreativeKeepers/Saved/hud-guardarB9845C3C4D005B175D720D85D407F000.tmp' to '../../../../../TFG/CreativeKeepers/Content/HUDs/Base/hud-guardar.uasset'
[2017.08.24-11.37.19:094][565]LogSavePackage:Display: Finished SavePackage ../../../../../TFG/CreativeKeepers/Content/HUDs/Base/hud-guardar.uasset
[2017.08.24-12.07.39:743][933]LogFileHelpers: Editor autosave (incl. sublevels) for '/Game/Levels/base' took 0.031
[2017.08.24-12.07.39:759][933]OBJ SavePackage: Generating thumbnails for [0] asset(s) in package [/Game/HUDs/Base/hud-guardar] ([1] browsable assets)...
[2017.08.24-12.07.39:759][933]OBJ SavePackage: Finished generating thumbnails for package [/Game/HUDs/Base/hud-guardar]
[2017.08.24-12.07.39:759][933]Cmd: OBJ SAVEPACKAGE PACKAGE="/Game/HUDs/Base/hud-guardar" FILE="../../../../../TFG/CreativeKeepers/Saved/Autosaves/Game/HUDs/Base/hud-guardar_Auto2.uasset" SILENT=false AUTOSAVING=true
[2017.08.24-12.07.39:798][933]LogSavePackage: Save=18.56ms
[2017.08.24-12.07.39:798][933]LogSavePackage: Moving '../../../../../TFG/CreativeKeepers/Saved/hud-guardar_Auto2B7E9F823431D509E040E69BE07D8B519.tmp' to '../../../../../TFG/CreativeKeepers/Saved/Autosaves/Game/HUDs/Base/hud-guardar_Auto2.uasset'
[2017.08.24-12.07.39:806][933]LogSavePackage:Display: Finished SavePackage ../../../../../TFG/CreativeKeepers/Saved/Autosaves/Game/HUDs/Base/hud-guardar_Auto2.uasset
[2017.08.24-12.07.39:806][933]LogFileHelpers: Auto-saving content packages took 0.062
[2017.08.24-12.11.32:187][336]BlueprintLog: New page: Compile hud-guardar
[2017.08.24-12.11.32:585][362]Cmd: OBJ SAVEPACKAGE PACKAGE="/Game/HUDs/Base/hud-guardar" FILE="../../../../../TFG/CreativeKeepers/Content/HUDs/Base/hud-guardar.uasset" SILENT=true
[2017.08.24-12.11.32:644][362]LogSavePackage: Save=20.61ms
[2017.08.24-12.11.32:644][362]LogSavePackage: Moving '../../../../../TFG/CreativeKeepers/Saved/hud-guardarFC32B47A4EB8D0CA7987CDA2FBA54DD8.tmp' to '../../../../../TFG/CreativeKeepers/Content/HUDs/Base/hud-guardar.uasset'
[2017.08.24-12.11.32:647][362]LogSavePackage:Display: Finished SavePackage ../../../../../TFG/CreativeKeepers/Content/HUDs/Base/hud-guardar.uasset
[2017.08.24-12.13.54:431][230]Cmd: OBJ SAVEPACKAGE PACKAGE="/Game/HUDs/Base/hud-guardar" FILE="../../../../../TFG/CreativeKeepers/Content/HUDs/Base/hud-guardar.uasset" SILENT=true
[2017.08.24-12.13.54:476][230]LogSavePackage: Save=26.14ms
[2017.08.24-12.13.54:476][230]LogSavePackage: Moving '../../../../../TFG/CreativeKeepers/Saved/hud-guardar1FBCB19242D4CF2D19FD95A767AE4C6E.tmp' to '../../../../../TFG/CreativeKeepers/Content/HUDs/Base/hud-guardar.uasset'
[2017.08.24-12.13.54:478][230]LogSavePackage:Display: Finished SavePackage ../../../../../TFG/CreativeKeepers/Content/HUDs/Base/hud-guardar.uasset
[2017.08.24-12.13.55:694][374]LogTemp: Repeting last play command: Selected Viewport
[2017.08.24-12.13.55:710][374]LogBlueprintUserMessages: Early PlayInEditor Detection: Level '/Game/Levels/base.base:PersistentLevel' has LevelScriptBlueprint '/Game/Levels/base.base:PersistentLevel.base' with GeneratedClass '/Game/Levels/base.base_C' with ClassGeneratedBy '/Game/Levels/base.base:PersistentLevel.base'
[2017.08.24-12.13.55:710][374]BlueprintLog: New page: Pre-Play auto-recompile
[2017.08.24-12.13.55:710][374]LogPlayLevel: [PlayLevel] Compiling hud-guardar before play...
[2017.08.24-12.13.55:819][374]LogPlayLevel: PlayLevel: Blueprint regeneration took 109 ms (1 blueprints)
[2017.08.24-12.13.55:819][374]PIE: New page: PIE session: base (Aug 24, 2017, 4:13:55 PM)
[2017.08.24-12.13.55:819][374]LogPlayLevel: Creating play world package: /Game/Levels/UEDPIE_0_base
[2017.08.24-12.13.55:823][374]LogPlayLevel: PIE: StaticDuplicateObject took: (0.003210s)
[2017.08.24-12.13.55:823][374]LogAIModule: Creating AISystem for world base
[2017.08.24-12.13.55:823][374]LogPlayLevel: PIE: World Init took: (0.000572s)
[2017.08.24-12.13.55:823][374]LogPlayLevel: PIE: Created PIE world by copying editor world from /Game/Levels/base.base to /Game/Levels/UEDPIE_0_base.base (0.003963s)
[2017.08.24-12.13.55:852][374]LogInit: XAudio2 using 'Altavoces (Realtek High Definition Audio)' : 2 channels at 48 kHz using 32 bits per sample (channel mask 0x3)
[2017.08.24-12.13.55:863][374]LogInit: FAudioDevice initialized.
[2017.08.24-12.13.55:901][374]LogLoad: Game class is 'misc-gameModeBase_C'
[2017.08.24-12.13.55:903][374]LogWorld: Bringing World /Game/Levels/UEDPIE_0_base.base up for play (max tick rate 0) at 2017.08.24-14.13.55
[2017.08.24-12.13.55:904][374]LogWorld: Bringing up level for play took: 0.001908
[2017.08.24-12.13.55:904][374]LogSpawn:Warning: SpawnActor failed because no class was specified
[2017.08.24-12.13.55:913][374]PIE: Info Play in editor start time for /Game/Levels/UEDPIE_0_base 0.722
[2017.08.24-12.13.55:914][374]LogBlueprintUserMessages: Late PlayInEditor Detection: Level '/Game/Levels/base.base:PersistentLevel' has LevelScriptBlueprint '/Game/Levels/base.base:PersistentLevel.base' with GeneratedClass '/Game/Levels/base.base_C' with ClassGeneratedBy '/Game/Levels/base.base:PersistentLevel.base'
[2017.08.24-12.13.56:609][452]LogBlueprintUserMessages: [pawn-elfen-base_C_0] 
[2017.08.24-12.13.59:816][837]LogBlueprintUserMessages: [pawn-elfen-base_C_0] 
[2017.08.24-12.14.00:751][949]LogBlueprintUserMessages: [pawn-elfen-base_C_0] 
[2017.08.24-12.14.23:536][683]LogBlueprintUserMessages: Early EndPlayMap Detection: Level '/Game/Levels/base.base:PersistentLevel' has LevelScriptBlueprint '/Game/Levels/base.base:PersistentLevel.base' with GeneratedClass '/Game/Levels/base.base_C' with ClassGeneratedBy '/Game/Levels/base.base:PersistentLevel.base'
[2017.08.24-12.14.23:580][683]LogBlueprintUserMessages: Late EndPlayMap Detection: Level '/Game/Levels/base.base:PersistentLevel' has LevelScriptBlueprint '/Game/Levels/base.base:PersistentLevel.base' with GeneratedClass '/Game/Levels/base.base_C' with ClassGeneratedBy '/Game/Levels/base.base:PersistentLevel.base'
[2017.08.24-12.14.41:903][852]BlueprintLog: New page: Compile hud-guardar
[2017.08.24-12.14.42:315][884]Cmd: OBJ SAVEPACKAGE PACKAGE="/Game/HUDs/Base/hud-guardar" FILE="../../../../../TFG/CreativeKeepers/Content/HUDs/Base/hud-guardar.uasset" SILENT=true
[2017.08.24-12.14.42:362][884]LogSavePackage: Save=25.74ms
[2017.08.24-12.14.42:362][884]LogSavePackage: Moving '../../../../../TFG/CreativeKeepers/Saved/hud-guardar5DE0626341EF05EE98FBC79AA057F15B.tmp' to '../../../../../TFG/CreativeKeepers/Content/HUDs/Base/hud-guardar.uasset'
[2017.08.24-12.14.42:364][884]LogSavePackage:Display: Finished SavePackage ../../../../../TFG/CreativeKeepers/Content/HUDs/Base/hud-guardar.uasset
[2017.08.24-12.15.44:450][451]BlueprintLog: New page: Compile hud-guardar
[2017.08.24-12.15.46:511][680]Cmd: OBJ SAVEPACKAGE PACKAGE="/Game/HUDs/Base/hud-guardar" FILE="../../../../../TFG/CreativeKeepers/Content/HUDs/Base/hud-guardar.uasset" SILENT=true
[2017.08.24-12.15.46:558][680]LogSavePackage: Save=25.62ms
[2017.08.24-12.15.46:558][680]LogSavePackage: Moving '../../../../../TFG/CreativeKeepers/Saved/hud-guardar1739DE6D4E3399F81B7ED1B41EB3AF9B.tmp' to '../../../../../TFG/CreativeKeepers/Content/HUDs/Base/hud-guardar.uasset'
[2017.08.24-12.15.46:561][680]LogSavePackage:Display: Finished SavePackage ../../../../../TFG/CreativeKeepers/Content/HUDs/Base/hud-guardar.uasset
[2017.08.24-12.17.29:015][729]LogTemp: Repeting last play command: Selected Viewport
[2017.08.24-12.17.29:035][729]LogBlueprintUserMessages: Early PlayInEditor Detection: Level '/Game/Levels/base.base:PersistentLevel' has LevelScriptBlueprint '/Game/Levels/base.base:PersistentLevel.base' with GeneratedClass '/Game/Levels/base.base_C' with ClassGeneratedBy '/Game/Levels/base.base:PersistentLevel.base'
[2017.08.24-12.17.29:035][729]BlueprintLog: New page: Pre-Play auto-recompile
[2017.08.24-12.17.29:035][729]LogPlayLevel: [PlayLevel] Compiling hud-guardar before play...
[2017.08.24-12.17.29:176][729]LogPlayLevel: PlayLevel: Blueprint regeneration took 141 ms (1 blueprints)
[2017.08.24-12.17.29:176][729]PIE: New page: PIE session: base (Aug 24, 2017, 4:17:29 PM)
[2017.08.24-12.17.29:176][729]LogPlayLevel: Creating play world package: /Game/Levels/UEDPIE_0_base
[2017.08.24-12.17.29:180][729]LogPlayLevel: PIE: StaticDuplicateObject took: (0.003146s)
[2017.08.24-12.17.29:180][729]LogAIModule: Creating AISystem for world base
[2017.08.24-12.17.29:180][729]LogPlayLevel: PIE: World Init took: (0.000605s)
[2017.08.24-12.17.29:180][729]LogPlayLevel: PIE: Created PIE world by copying editor world from /Game/Levels/base.base to /Game/Levels/UEDPIE_0_base.base (0.003965s)
[2017.08.24-12.17.29:208][729]LogInit: XAudio2 using 'Altavoces (Realtek High Definition Audio)' : 2 channels at 48 kHz using 32 bits per sample (channel mask 0x3)
[2017.08.24-12.17.29:218][729]LogInit: FAudioDevice initialized.
[2017.08.24-12.17.29:254][729]LogLoad: Game class is 'misc-gameModeBase_C'
[2017.08.24-12.17.29:256][729]LogWorld: Bringing World /Game/Levels/UEDPIE_0_base.base up for play (max tick rate 0) at 2017.08.24-14.17.29
[2017.08.24-12.17.29:256][729]LogWorld: Bringing up level for play took: 0.001786
[2017.08.24-12.17.29:257][729]LogSpawn:Warning: SpawnActor failed because no class was specified
[2017.08.24-12.17.29:265][729]PIE: Info Play in editor start time for /Game/Levels/UEDPIE_0_base 0.075
[2017.08.24-12.17.29:266][729]LogBlueprintUserMessages: Late PlayInEditor Detection: Level '/Game/Levels/base.base:PersistentLevel' has LevelScriptBlueprint '/Game/Levels/base.base:PersistentLevel.base' with GeneratedClass '/Game/Levels/base.base_C' with ClassGeneratedBy '/Game/Levels/base.base:PersistentLevel.base'
[2017.08.24-12.17.30:460][857]LogBlueprintUserMessages: [pawn-elfen-base_C_0] 
[2017.08.24-12.17.32:793][137]LogBlueprintUserMessages: [pawn-elfen-base_C_0] 
[2017.08.24-12.17.33:393][209]LogBlueprintUserMessages: [pawn-elfen-base_C_0] 
[2017.08.24-12.17.34:268][314]LogBlueprintUserMessages: [pawn-elfen-base_C_0] 
[2017.08.24-12.17.39:927][993]LogBlueprintUserMessages: Early EndPlayMap Detection: Level '/Game/Levels/base.base:PersistentLevel' has LevelScriptBlueprint '/Game/Levels/base.base:PersistentLevel.base' with GeneratedClass '/Game/Levels/base.base_C' with ClassGeneratedBy '/Game/Levels/base.base:PersistentLevel.base'
[2017.08.24-12.17.39:969][993]LogBlueprintUserMessages: Late EndPlayMap Detection: Level '/Game/Levels/base.base:PersistentLevel' has LevelScriptBlueprint '/Game/Levels/base.base:PersistentLevel.base' with GeneratedClass '/Game/Levels/base.base_C' with ClassGeneratedBy '/Game/Levels/base.base:PersistentLevel.base'
[2017.08.24-12.18.01:257][525]LogEditorTransaction: Undo Move Widget
[2017.08.24-12.18.05:528][ 29]BlueprintLog: New page: Compile hud-guardar
[2017.08.24-12.18.06:216][ 94]Cmd: OBJ SAVEPACKAGE PACKAGE="/Game/HUDs/Base/hud-guardar" FILE="../../../../../TFG/CreativeKeepers/Content/HUDs/Base/hud-guardar.uasset" SILENT=true
[2017.08.24-12.18.06:263][ 94]LogSavePackage: Save=28.22ms
[2017.08.24-12.18.06:263][ 94]LogSavePackage: Moving '../../../../../TFG/CreativeKeepers/Saved/hud-guardar1E66542B48E4A2D86ADD4F9A326EAB9A.tmp' to '../../../../../TFG/CreativeKeepers/Content/HUDs/Base/hud-guardar.uasset'
[2017.08.24-12.18.06:266][ 94]LogSavePackage:Display: Finished SavePackage ../../../../../TFG/CreativeKeepers/Content/HUDs/Base/hud-guardar.uasset
[2017.08.24-12.46.28:239][325]Cmd: QUIT_EDITOR
[2017.08.24-12.46.36:106][325]LogWindowsTextInputMethodSystem:Display: IME system now deactivated.
[2017.08.24-12.46.36:461][325]LogExit: Preparing to exit.
[2017.08.24-12.46.41:086][325]LogDirectoryWatcher: A directory notification for 'D:/TFG/CreativeKeepers/Content/' was aborted.
[2017.08.24-12.46.42:643][325]LogExit: Editor shut down
[2017.08.24-12.46.44:966][325]LogExit: Transaction tracking system shut down
[2017.08.24-12.47.05:212][325]LogObj: Freed 0b from 0 cluster array pools.
[2017.08.24-12.47.05:213][325]LogExit: Object subsystem successfully closed.
[2017.08.24-12.47.10:143][325]LogD3D11RHI: Shutdown
[2017.08.24-12.47.10:143][325]LogD3D11RHI: CleanupD3DDevice
[2017.08.24-12.47.11:322][325]LogD3D11RHI: ~FD3D11DynamicRHI
[2017.08.24-12.47.27:132][325]LogModuleManager: Shutting down and abandoning module MovieSceneCapture (506)
[2017.08.24-12.47.27:132][325]LogModuleManager: Shutting down and abandoning module SequencerWidgets (504)
[2017.08.24-12.47.27:132][325]LogModuleManager: Shutting down and abandoning module BlueprintGraph (502)
[2017.08.24-12.47.27:132][325]LogModuleManager: Shutting down and abandoning module BlueprintProfiler (500)
[2017.08.24-12.47.27:133][325]LogModuleManager: Shutting down and abandoning module HierarchicalLODOutliner (498)
[2017.08.24-12.47.27:133][325]LogModuleManager: Shutting down and abandoning module CrashTracker (496)
[2017.08.24-12.47.27:133][325]LogModuleManager: Shutting down and abandoning module SceneOutliner (494)
[2017.08.24-12.47.27:133][325]LogModuleManager: Shutting down and abandoning module AddContentDialog (492)
[2017.08.24-12.47.27:133][325]LogDirectoryWatcher: A directory notification for 'D:/Programas/UE_4.15/FeaturePacks/' was aborted.
[2017.08.24-12.47.27:679][325]LogModuleManager: Shutting down and abandoning module WidgetCarousel (491)
[2017.08.24-12.47.27:679][325]LogModuleManager: Shutting down and abandoning module EditorWidgets (488)
[2017.08.24-12.47.27:679][325]LogModuleManager: Shutting down and abandoning module CollectionManager (486)
[2017.08.24-12.47.27:862][325]LogDirectoryWatcher: A directory notification for 'D:/TFG/CreativeKeepers/Content/Collections/' was aborted.
[2017.08.24-12.47.27:862][325]LogDirectoryWatcher: A directory notification for 'D:/TFG/CreativeKeepers/Content/Developers/Grego/Collections/' was aborted.
[2017.08.24-12.47.27:862][325]LogDirectoryWatcher: A directory notification for 'D:/TFG/CreativeKeepers/Saved/Collections/' was aborted.
[2017.08.24-12.47.27:862][325]LogModuleManager: Shutting down and abandoning module StatsViewer (484)
[2017.08.24-12.47.28:294][325]LogModuleManager: Shutting down and abandoning module FoliageEdit (482)
[2017.08.24-12.47.28:294][325]LogModuleManager: Shutting down and abandoning module LandscapeEditor (480)
[2017.08.24-12.47.28:294][325]LogModuleManager: Shutting down and abandoning module SceneDepthPickerMode (478)
[2017.08.24-12.47.28:294][325]LogModuleManager: Shutting down and abandoning module ActorPickerMode (476)
[2017.08.24-12.47.28:294][325]LogModuleManager: Shutting down and abandoning module GeometryMode (474)
[2017.08.24-12.47.28:294][325]LogModuleManager: Shutting down and abandoning module TextureAlignMode (472)
[2017.08.24-12.47.28:294][325]LogModuleManager: Shutting down and abandoning module BspMode (470)
[2017.08.24-12.47.28:812][325]LogModuleManager: Shutting down and abandoning module HardwareSurvey (468)
[2017.08.24-12.47.28:812][325]LogModuleManager: Shutting down and abandoning module SequenceRecorderSections (466)
[2017.08.24-12.47.28:812][325]LogModuleManager: Shutting down and abandoning module AutomationWorker (464)
[2017.08.24-12.47.28:986][325]LogModuleManager: Shutting down and abandoning module MatineeToLevelSequence (462)
[2017.08.24-12.47.28:986][325]LogModuleManager: Shutting down and abandoning module LevelSequenceEditor (460)
[2017.08.24-12.47.30:245][325]LogModuleManager: Shutting down and abandoning module PlacementMode (459)
[2017.08.24-12.47.30:245][325]LogModuleManager: Shutting down and abandoning module WmfMediaFactory (456)
[2017.08.24-12.47.30:245][325]LogModuleManager: Shutting down and abandoning module WmfMediaEditor (454)
[2017.08.24-12.47.30:245][325]LogModuleManager: Shutting down and abandoning module MfMediaFactory (452)
[2017.08.24-12.47.30:245][325]LogModuleManager: Shutting down and abandoning module MfMediaEditor (450)
[2017.08.24-12.47.30:245][325]LogModuleManager: Shutting down and abandoning module AvfMediaFactory (448)
[2017.08.24-12.47.30:245][325]LogModuleManager: Shutting down and abandoning module AvfMediaEditor (446)
[2017.08.24-12.47.30:245][325]LogModuleManager: Shutting down and abandoning module AndroidMediaFactory (444)
[2017.08.24-12.47.30:245][325]LogModuleManager: Shutting down and abandoning module Media (443)
[2017.08.24-12.47.30:245][325]LogModuleManager: Shutting down and abandoning module AndroidMediaEditor (440)
[2017.08.24-12.47.30:245][325]LogModuleManager: Shutting down and abandoning module CharacterAI (438)
[2017.08.24-12.47.30:245][325]LogModuleManager: Shutting down and abandoning module AudioCapture (436)
[2017.08.24-12.47.30:245][325]LogModuleManager: Shutting down and abandoning module SequenceRecorder (435)
[2017.08.24-12.47.30:245][325]LogModuleManager: Shutting down and abandoning module SmartSnapping (432)
[2017.08.24-12.47.30:245][325]LogModuleManager: Shutting down and abandoning module SessionServices (430)
[2017.08.24-12.47.30:245][325]LogModuleManager: Shutting down and abandoning module ViewportSnapping (428)
[2017.08.24-12.47.30:245][325]LogModuleManager: Shutting down and abandoning module ViewportInteraction (426)
[2017.08.24-12.47.30:246][325]LogModuleManager: Shutting down and abandoning module LogVisualizer (424)
[2017.08.24-12.47.30:880][325]LogModuleManager: Shutting down and abandoning module IntroTutorials (422)
[2017.08.24-12.47.31:249][325]LogModuleManager: Shutting down and abandoning module GameProjectGeneration (421)
[2017.08.24-12.47.32:021][325]LogModuleManager: Shutting down and abandoning module EditorLiveStreaming (418)
[2017.08.24-12.47.32:021][325]LogModuleManager: Shutting down and abandoning module IOSPlatformEditor (416)
[2017.08.24-12.47.32:021][325]LogModuleManager: Shutting down and abandoning module HTML5PlatformEditor (414)
[2017.08.24-12.47.32:021][325]LogModuleManager: Shutting down and abandoning module AndroidPlatformEditor (412)
[2017.08.24-12.47.32:495][325]LogModuleManager: Shutting down and abandoning module AndroidDeviceDetection (411)
[2017.08.24-12.47.33:228][325]LogModuleManager: Shutting down and abandoning module IOSRuntimeSettings (408)
[2017.08.24-12.47.33:228][325]LogModuleManager: Shutting down and abandoning module AndroidRuntimeSettings (406)
[2017.08.24-12.47.33:228][325]LogModuleManager: Shutting down and abandoning module InputBindingEditor (404)
[2017.08.24-12.47.34:101][325]LogModuleManager: Shutting down and abandoning module NiagaraEditor (402)
[2017.08.24-12.47.35:119][325]LogModuleManager: Shutting down and abandoning module MergeActors (400)
[2017.08.24-12.47.35:271][325]LogModuleManager: Shutting down and abandoning module SizeMap (398)
[2017.08.24-12.47.35:271][325]LogModuleManager: Shutting down and abandoning module TreeMap (396)
[2017.08.24-12.47.35:849][325]LogModuleManager: Shutting down and abandoning module ReferenceViewer (394)
[2017.08.24-12.47.35:849][325]LogModuleManager: Shutting down and abandoning module LocalizationDashboard (392)
[2017.08.24-12.47.35:942][325]LogModuleManager: Shutting down and abandoning module LocalizationService (391)
[2017.08.24-12.47.36:359][325]LogModuleManager: Shutting down and abandoning module HardwareTargeting (388)
[2017.08.24-12.47.37:062][325]LogModuleManager: Shutting down and abandoning module DeviceProfileEditor (386)
[2017.08.24-12.47.37:165][325]LogModuleManager: Shutting down and abandoning module UndoHistory (384)
[2017.08.24-12.47.37:630][325]LogModuleManager: Shutting down and abandoning module UserFeedback (382)
[2017.08.24-12.47.37:630][325]LogModuleManager: Shutting down and abandoning module XmlParser (380)
[2017.08.24-12.47.37:630][325]LogModuleManager: Shutting down and abandoning module Blutility (378)
[2017.08.24-12.47.38:525][325]LogModuleManager: Shutting down and abandoning module ProjectSettingsViewer (376)
[2017.08.24-12.47.38:525][325]LogModuleManager: Shutting down and abandoning module ProjectTargetPlatformEditor (375)
[2017.08.24-12.47.38:525][325]LogModuleManager: Shutting down and abandoning module EditorSettingsViewer (372)
[2017.08.24-12.47.38:525][325]LogModuleManager: Shutting down and abandoning module SettingsEditor (370)
[2017.08.24-12.47.39:416][325]LogModuleManager: Shutting down and abandoning module ProjectLauncher (368)
[2017.08.24-12.47.40:321][325]LogModuleManager: Shutting down and abandoning module SessionFrontend (366)
[2017.08.24-12.47.40:412][325]LogModuleManager: Shutting down and abandoning module ProfilerClient (364)
[2017.08.24-12.47.40:565][325]LogModuleManager: Shutting down and abandoning module DeviceManager (362)
[2017.08.24-12.47.41:424][325]LogModuleManager: Shutting down and abandoning module TargetDeviceServices (361)
[2017.08.24-12.47.42:032][325]LogModuleManager: Shutting down and abandoning module AutomationController (358)
[2017.08.24-12.47.42:772][325]LogModuleManager: Shutting down and abandoning module AutomationWindow (356)
[2017.08.24-12.47.43:769][325]LogModuleManager: Shutting down and abandoning module Layers (354)
[2017.08.24-12.47.45:464][325]LogModuleManager: Shutting down and abandoning module ComponentVisualizers (352)
[2017.08.24-12.47.45:464][325]LogModuleManager: Shutting down and abandoning module DetailCustomizations (350)
[2017.08.24-12.47.45:465][325]LogModuleManager: Shutting down and abandoning module PackagesDialog (348)
[2017.08.24-12.47.45:465][325]LogModuleManager: Shutting down and abandoning module Persona (346)
[2017.08.24-12.47.46:377][325]LogModuleManager: Shutting down and abandoning module AnimGraph (345)
[2017.08.24-12.47.46:377][325]LogModuleManager: Shutting down and abandoning module Kismet (342)
[2017.08.24-12.47.46:384][325]LogModuleManager: Shutting down and abandoning module GraphEditor (340)
[2017.08.24-12.47.46:384][325]LogModuleManager: Shutting down and abandoning module ClassViewer (338)
[2017.08.24-12.47.46:890][325]LogModuleManager: Shutting down and abandoning module Toolbox (336)
[2017.08.24-12.47.46:890][325]LogModuleManager: Shutting down and abandoning module ModuleUI (334)
[2017.08.24-12.47.47:776][325]LogModuleManager: Shutting down and abandoning module MovieSceneTools (332)
[2017.08.24-12.47.47:776][325]LogModuleManager: Shutting down and abandoning module OutputLog (330)
[2017.08.24-12.47.48:688][325]LogModuleManager: Shutting down and abandoning module GammaUI (328)
[2017.08.24-12.47.49:095][325]LogModuleManager: Shutting down and abandoning module Documentation (326)
[2017.08.24-12.47.49:096][325]LogModuleManager: Shutting down and abandoning module Niagara (324)
[2017.08.24-12.47.49:096][325]LogModuleManager: Shutting down and abandoning module StreamingPauseRendering (322)
[2017.08.24-12.47.49:096][325]LogModuleManager: Shutting down and abandoning module AnalyticsET (320)
[2017.08.24-12.47.49:096][325]LogModuleManager: Shutting down and abandoning module PortalServices (318)
[2017.08.24-12.47.49:096][325]LogModuleManager: Shutting down and abandoning module PortalRpc (316)
[2017.08.24-12.47.49:096][325]LogModuleManager: Shutting down and abandoning module MessagingRpc (314)
[2017.08.24-12.47.49:096][325]LogModuleManager: Shutting down and abandoning module AIModule (312)
[2017.08.24-12.47.49:096][325]LogModuleManager: Shutting down and abandoning module GameplayDebugger (311)
[2017.08.24-12.47.49:096][325]LogModuleManager: Shutting down and abandoning module AITestSuite (309)
[2017.08.24-12.47.49:096][325]LogModuleManager: Shutting down and abandoning module ProfilerService (306)
[2017.08.24-12.47.49:102][325]LogModuleManager: Shutting down and abandoning module TaskGraph (304)
[2017.08.24-12.47.50:139][325]LogModuleManager: Shutting down and abandoning module SteamVRController (302)
[2017.08.24-12.47.50:140][325]LogModuleManager: Shutting down and abandoning module SteamVR (300)
[2017.08.24-12.47.50:140][325]LogModuleManager: Shutting down and abandoning module ProceduralMeshComponentEditor (298)
[2017.08.24-12.47.50:140][325]LogModuleManager: Shutting down and abandoning module ProceduralMeshComponent (296)
[2017.08.24-12.47.51:045][325]LogModuleManager: Shutting down and abandoning module OculusLibrary (294)
[2017.08.24-12.47.51:045][325]LogModuleManager: Shutting down and abandoning module OculusInput (292)
[2017.08.24-12.47.51:045][325]LogModuleManager: Shutting down and abandoning module MobilePatchingUtils (290)
[2017.08.24-12.47.51:045][325]LogModuleManager: Shutting down and abandoning module CustomMeshComponent (288)
[2017.08.24-12.47.51:045][325]LogModuleManager: Shutting down and abandoning module CableComponent (286)
[2017.08.24-12.47.51:045][325]LogModuleManager: Shutting down and abandoning module ArchVisCharacter (284)
[2017.08.24-12.47.51:045][325]LogModuleManager: Shutting down and abandoning module MediaPlayerEditor (280)
[2017.08.24-12.47.51:271][325]LogModuleManager: Shutting down and abandoning module HTML5Networking (278)
[2017.08.24-12.47.51:271][325]LogModuleManager: Shutting down and abandoning module AlembicImporter (276)
[2017.08.24-12.47.52:031][325]LogModuleManager: Shutting down and abandoning module AlembicLibrary (275)
[2017.08.24-12.47.52:031][325]LogModuleManager: Shutting down and abandoning module GeometryCache (274)
[2017.08.24-12.47.52:031][325]LogModuleManager: Shutting down and abandoning module GeometryCacheEd (273)
[2017.08.24-12.47.52:031][325]LogModuleManager: Shutting down and abandoning module SuperSearchEditor (268)
[2017.08.24-12.47.52:031][325]LogModuleManager: Shutting down and abandoning module SuperSearch (267)
[2017.08.24-12.47.52:031][325]LogModuleManager: Shutting down and abandoning module SpeedTreeImporter (264)
[2017.08.24-12.47.52:031][325]LogModuleManager: Shutting down and abandoning module PluginBrowser (262)
[2017.08.24-12.47.52:137][325]LogModuleManager: Shutting down and abandoning module MobileLauncherProfileWizard (260)
[2017.08.24-12.47.52:495][325]LogModuleManager: Shutting down and abandoning module EpicSurvey (258)
[2017.08.24-12.47.52:495][325]LogModuleManager: Shutting down and abandoning module VisualStudioSourceCodeAccess (256)
[2017.08.24-12.47.52:495][325]LogModuleManager: Shutting down and abandoning module DesktopPlatform (255)
[2017.08.24-12.47.52:495][325]LogModuleManager: Shutting down and abandoning module UObjectPlugin (252)
[2017.08.24-12.47.52:495][325]LogModuleManager: Shutting down and abandoning module SubversionSourceControl (250)
[2017.08.24-12.47.53:906][325]LogModuleManager: Shutting down and abandoning module PerforceSourceControl (248)
[2017.08.24-12.47.53:910][325]LogModuleManager: Shutting down and abandoning module GitSourceControl (246)
[2017.08.24-12.47.54:761][325]LogModuleManager: Shutting down and abandoning module SourceControl (245)
[2017.08.24-12.47.55:297][325]LogModuleManager: Shutting down and abandoning module LightPropagationVolumeEditor (242)
[2017.08.24-12.47.55:297][325]LogModuleManager: Shutting down and abandoning module PaperTiledImporter (240)
[2017.08.24-12.47.55:297][325]LogModuleManager: Shutting down and abandoning module PaperSpriteSheetImporter (238)
[2017.08.24-12.47.55:297][325]LogModuleManager: Shutting down and abandoning module Paper2DEditor (236)
[2017.08.24-12.47.55:821][325]LogModuleManager: Shutting down and abandoning module MeshPaint (235)
[2017.08.24-12.47.55:821][325]LogModuleManager: Shutting down and abandoning module LevelEditor (233)
[2017.08.24-12.47.55:822][325]LogModuleManager: Shutting down and abandoning module PixelInspectorModule (232)
[2017.08.24-12.47.56:597][325]LogModuleManager: Shutting down and abandoning module MainFrame (230)
[2017.08.24-12.47.56:597][325]LogModuleManager: Shutting down and abandoning module HotReload (229)
[2017.08.24-12.47.56:597][325]LogModuleManager: Shutting down and abandoning module ContentBrowser (225)
[2017.08.24-12.47.56:598][325]LogModuleManager: Shutting down and abandoning module PhysXVehiclesEditor (222)
[2017.08.24-12.47.57:292][325]LogModuleManager: Shutting down and abandoning module PhysXVehicles (220)
[2017.08.24-12.47.57:292][325]LogModuleManager: Shutting down and abandoning module LocationServicesBPLibrary (218)
[2017.08.24-12.47.57:292][325]LogModuleManager: Shutting down and abandoning module UdpMessaging (216)
[2017.08.24-12.47.57:393][325]LogModuleManager: Shutting down and abandoning module TcpMessaging (214)
[2017.08.24-12.47.58:196][325]LogModuleManager: Shutting down and abandoning module GameplayTagsEditor (212)
[2017.08.24-12.47.59:094][325]LogModuleManager: Shutting down and abandoning module FacialAnimationEditor (210)
[2017.08.24-12.47.59:287][325]LogModuleManager: Shutting down and abandoning module FacialAnimation (208)
[2017.08.24-12.47.59:287][325]LogModuleManager: Shutting down and abandoning module LightPropagationVolumeRuntime (206)
[2017.08.24-12.47.59:287][325]LogModuleManager: Shutting down and abandoning module Paper2D (204)
[2017.08.24-12.47.59:287][325]LogModuleManager: Shutting down and abandoning module WindowsMoviePlayer (202)
[2017.08.24-12.47.59:287][325]LogModuleManager: Shutting down and abandoning module WmfMedia (200)
[2017.08.24-12.47.59:287][325]LogModuleManager: Shutting down and abandoning module MfMedia (198)
[2017.08.24-12.47.59:287][325]LogModuleManager: Shutting down and abandoning module MediaAssets (196)
[2017.08.24-12.47.59:287][325]LogModuleManager: Shutting down and abandoning module GameLiveStreaming (194)
[2017.08.24-12.47.59:287][325]LogModuleManager: Shutting down and abandoning module VREditor (192)
[2017.08.24-12.47.59:288][325]LogModuleManager: Shutting down and abandoning module GameplayTasksEditor (190)
[2017.08.24-12.47.59:288][325]LogModuleManager: Shutting down and abandoning module BehaviorTreeEditor (188)
[2017.08.24-12.48.00:117][325]LogModuleManager: Shutting down and abandoning module FunctionalTesting (186)
[2017.08.24-12.48.00:704][325]LogModuleManager: Shutting down and abandoning module CollisionAnalyzer (184)
[2017.08.24-12.48.01:604][325]LogModuleManager: Shutting down and abandoning module UMG (182)
[2017.08.24-12.48.01:604][325]LogModuleManager: Shutting down and abandoning module UMGEditor (181)
[2017.08.24-12.48.01:604][325]LogModuleManager: Shutting down and abandoning module Sequencer (180)
[2017.08.24-12.48.01:604][325]LogModuleManager: Shutting down and abandoning module AssetTools (178)
[2017.08.24-12.48.01:641][325]LogModuleManager: Shutting down and abandoning module MessageLog (177)
[2017.08.24-12.48.01:642][325]LogModuleManager: Shutting down and abandoning module WorkspaceMenuStructure (176)
[2017.08.24-12.48.01:642][325]LogModuleManager: Shutting down and abandoning module SlateReflector (170)
[2017.08.24-12.48.04:105][325]LogModuleManager: Shutting down and abandoning module Slate (168)
[2017.08.24-12.48.04:105][325]LogModuleManager: Shutting down and abandoning module EditorStyle (166)
[2017.08.24-12.48.04:107][325]LogModuleManager: Shutting down and abandoning module SourceCodeAccess (164)
[2017.08.24-12.48.04:107][325]LogModuleManager: Shutting down and abandoning module HeadMountedDisplay (162)
[2017.08.24-12.48.04:107][325]LogModuleManager: Shutting down and abandoning module XAudio2 (160)
[2017.08.24-12.48.04:107][325]LogModuleManager: Shutting down and abandoning module Networking (158)
[2017.08.24-12.48.04:107][325]LogModuleManager: Shutting down and abandoning module Core (154)
[2017.08.24-12.48.04:107][325]LogModuleManager: Shutting down and abandoning module AssetRegistry (152)
[2017.08.24-12.48.04:202][325]LogDirectoryWatcher: A directory notification for '../../../Engine/Content/' was aborted.
[2017.08.24-12.48.04:202][325]LogDirectoryWatcher: A directory notification for '../../../../../TFG/CreativeKeepers/Content/' was aborted.
[2017.08.24-12.48.04:202][325]LogDirectoryWatcher: A directory notification for '../../../Engine/Plugins/2D/Paper2D/Content/' was aborted.
[2017.08.24-12.48.04:202][325]LogModuleManager: Shutting down and abandoning module DirectoryWatcher (151)
[2017.08.24-12.48.04:205][325]LogModuleManager: Shutting down and abandoning module KismetCompiler (148)
[2017.08.24-12.48.04:205][325]LogModuleManager: Shutting down and abandoning module PhysXFormats (146)
[2017.08.24-12.48.04:205][325]LogModuleManager: Shutting down and abandoning module MeshUtilities (144)
[2017.08.24-12.48.04:841][325]LogModuleManager: Shutting down and abandoning module SimplygonSwarm (143)
[2017.08.24-12.48.05:103][325]LogModuleManager: Shutting down and abandoning module SimplygonMeshReduction (141)
[2017.08.24-12.48.05:103][325]LogModuleManager: Shutting down and abandoning module QuadricMeshReduction (139)
[2017.08.24-12.48.05:103][325]LogModuleManager: Shutting down and abandoning module PropertyEditor (137)
[2017.08.24-12.48.05:103][325]LogModuleManager: Shutting down and abandoning module DerivedDataCache (134)
[2017.08.24-12.48.05:157][325]LogDerivedDataCache: Shutdown
[2017.08.24-12.48.05:157][325]LogModuleManager: Shutting down and abandoning module TargetPlatform (132)
[2017.08.24-12.48.05:157][325]LogModuleManager: Shutting down and abandoning module VulkanShaderFormat (131)
[2017.08.24-12.48.06:051][325]LogModuleManager: Shutting down and abandoning module ShaderFormatOpenGL (129)
[2017.08.24-12.48.06:783][325]LogModuleManager: Shutting down and abandoning module ShaderFormatD3D (127)
[2017.08.24-12.48.06:783][325]LogModuleManager: Shutting down and abandoning module MetalShaderFormat (125)
[2017.08.24-12.48.07:560][325]LogModuleManager: Shutting down and abandoning module TextureFormatUncompressed (123)
[2017.08.24-12.48.07:560][325]LogModuleManager: Shutting down and abandoning module TextureFormatPVR (121)
[2017.08.24-12.48.07:560][325]LogModuleManager: Shutting down and abandoning module TextureFormatDXT (119)
[2017.08.24-12.48.07:560][325]LogModuleManager: Shutting down and abandoning module TextureFormatIntelISPCTexComp (117)
[2017.08.24-12.48.07:560][325]LogModuleManager: Shutting down and abandoning module TextureFormatASTC (115)
[2017.08.24-12.48.07:560][325]LogModuleManager: Shutting down and abandoning module ImageWrapper (114)
[2017.08.24-12.48.07:560][325]LogModuleManager: Shutting down and abandoning module TextureFormatAndroid (111)
[2017.08.24-12.48.07:560][325]LogModuleManager: Shutting down and abandoning module AudioFormatOpus (109)
[2017.08.24-12.48.07:933][325]LogModuleManager: Shutting down and abandoning module AudioFormatOgg (107)
[2017.08.24-12.48.07:933][325]LogModuleManager: Shutting down and abandoning module AudioFormatADPCM (105)
[2017.08.24-12.48.07:933][325]LogModuleManager: Shutting down and abandoning module LinuxTargetPlatform (103)
[2017.08.24-12.48.07:933][325]LogModuleManager: Shutting down and abandoning module LinuxServerTargetPlatform (101)
[2017.08.24-12.48.07:933][325]LogModuleManager: Shutting down and abandoning module LinuxNoEditorTargetPlatform (99)
[2017.08.24-12.48.07:933][325]LogModuleManager: Shutting down and abandoning module LinuxClientTargetPlatform (97)
[2017.08.24-12.48.07:933][325]LogModuleManager: Shutting down and abandoning module TVOSTargetPlatform (95)
[2017.08.24-12.48.07:933][325]LogModuleManager: Shutting down and abandoning module Messaging (93)
[2017.08.24-12.48.07:933][325]LogModuleManager: Shutting down and abandoning module IOSTargetPlatform (91)
[2017.08.24-12.48.07:933][325]LogModuleManager: Shutting down and abandoning module HTML5TargetPlatform (89)
[2017.08.24-12.48.07:933][325]LogModuleManager: Shutting down and abandoning module Android_PVRTCTargetPlatform (87)
[2017.08.24-12.48.07:933][325]LogModuleManager: Shutting down and abandoning module Android_MultiTargetPlatform (85)
[2017.08.24-12.48.07:933][325]LogModuleManager: Shutting down and abandoning module Android_ETC2TargetPlatform (83)
[2017.08.24-12.48.07:933][325]LogModuleManager: Shutting down and abandoning module Android_ETC1TargetPlatform (81)
[2017.08.24-12.48.07:933][325]LogModuleManager: Shutting down and abandoning module Android_DXTTargetPlatform (79)
[2017.08.24-12.48.07:933][325]LogModuleManager: Shutting down and abandoning module Android_ATCTargetPlatform (77)
[2017.08.24-12.48.07:933][325]LogModuleManager: Shutting down and abandoning module Android_ASTCTargetPlatform (75)
[2017.08.24-12.48.07:933][325]LogModuleManager: Shutting down and abandoning module AndroidTargetPlatform (73)
[2017.08.24-12.48.07:933][325]LogModuleManager: Shutting down and abandoning module WindowsTargetPlatform (71)
[2017.08.24-12.48.07:933][325]LogModuleManager: Shutting down and abandoning module WindowsServerTargetPlatform (69)
[2017.08.24-12.48.07:933][325]LogModuleManager: Shutting down and abandoning module WindowsNoEditorTargetPlatform (67)
[2017.08.24-12.48.07:933][325]LogModuleManager: Shutting down and abandoning module WindowsClientTargetPlatform (65)
[2017.08.24-12.48.07:933][325]LogModuleManager: Shutting down and abandoning module MacTargetPlatform (63)
[2017.08.24-12.48.07:933][325]LogModuleManager: Shutting down and abandoning module MacServerTargetPlatform (61)
[2017.08.24-12.48.07:933][325]LogModuleManager: Shutting down and abandoning module MacNoEditorTargetPlatform (59)
[2017.08.24-12.48.07:933][325]LogModuleManager: Shutting down and abandoning module MacClientTargetPlatform (57)
[2017.08.24-12.48.07:933][325]LogModuleManager: Shutting down and abandoning module AllDesktopTargetPlatform (55)
[2017.08.24-12.48.07:933][325]LogModuleManager: Shutting down and abandoning module InputCore (52)
[2017.08.24-12.48.07:933][325]LogModuleManager: Shutting down and abandoning module Settings (50)
[2017.08.24-12.48.07:933][325]LogModuleManager: Shutting down and abandoning module OculusRift (48)
[2017.08.24-12.48.07:933][325]LogModuleManager: Shutting down and abandoning module GearVR (46)
[2017.08.24-12.48.07:933][325]LogModuleManager: Shutting down and abandoning module ExampleDeviceProfileSelector (44)
[2017.08.24-12.48.07:933][325]LogModuleManager: Shutting down and abandoning module OnlineBlueprintSupport (42)
[2017.08.24-12.48.07:933][325]LogModuleManager: Shutting down and abandoning module OnlineSubsystem (38)
[2017.08.24-12.48.07:933][325]LogOnline:Display: Unloading online subsystem: NULL
[2017.08.24-12.48.08:475][325]LogModuleManager: Shutting down and abandoning module XMPP (37)
[2017.08.24-12.48.08:574][325]LogModuleManager: Shutting down and abandoning module HTTP (35)
[2017.08.24-12.48.08:574][325]LogHttp:Display: Http module shutting down, but needs to wait on 1 outstanding Http requests:
[2017.08.24-12.48.08:574][325]LogHttp:Display: 	verb=[POST] url=[https://datarouter.ol.epicgames.com/datarouter/api/v1/public/data?SessionID=%7B01E7AFE8-4D14-8679-9403-CD845F20481F%7D&AppID=UEEditor.Rocket.Release&AppVersion=4.15.1-3348071%2B%2B%2BUE4%2BRelease-4.15&UserID=32a836f54a69625fd74255b8f28df338%7C1968c17eba254ed9b4bf8b1be1637d8f%7C3fa134da-b9a2-4079-8632-9954fbbaa8c2&AppEnvironment=datacollector-binary&UploadType=eteventstream] status=Processing
[2017.08.24-12.48.08:581][325]LogModuleManager: Shutting down and abandoning module SSL (34)
[2017.08.24-12.48.08:582][325]LogModuleManager: Shutting down and abandoning module AudioEditor (30)
[2017.08.24-12.48.09:382][325]LogModuleManager: Shutting down and abandoning module TextureCompressor (28)
[2017.08.24-12.48.09:383][325]LogModuleManager: Shutting down and abandoning module ShaderCore (26)
[2017.08.24-12.48.09:383][325]LogModuleManager: Shutting down and abandoning module Landscape (24)
[2017.08.24-12.48.09:383][325]LogModuleManager: Shutting down and abandoning module SlateRHIRenderer (22)
[2017.08.24-12.48.10:284][325]LogModuleManager: Shutting down and abandoning module OpenGLDrv (20)
[2017.08.24-12.48.11:170][325]LogModuleManager: Shutting down and abandoning module D3D11RHI (18)
[2017.08.24-12.48.11:170][325]LogModuleManager: Shutting down and abandoning module AnimGraphRuntime (16)
[2017.08.24-12.48.11:170][325]LogModuleManager: Shutting down and abandoning module Renderer (14)
[2017.08.24-12.48.11:170][325]LogModuleManager: Shutting down and abandoning module Engine (12)
[2017.08.24-12.48.11:170][325]LogModuleManager: Shutting down and abandoning module CoreUObject (10)
[2017.08.24-12.48.11:170][325]LogModuleManager: Shutting down and abandoning module NetworkFile (8)
[2017.08.24-12.48.11:170][325]LogModuleManager: Shutting down and abandoning module StreamingFile (6)
[2017.08.24-12.48.11:170][325]LogModuleManager: Shutting down and abandoning module SandboxFile (4)
[2017.08.24-12.48.11:170][325]LogModuleManager: Shutting down and abandoning module PakFile (2)
[2017.08.24-12.48.12:009][325]LogExit: Exiting.
[2017.08.24-12.48.12:013][325]Log file closed, 08/24/17 14:48:12
