Log file open, 05/02/17 09:31:08
LogInit:Display: Running engine for game: CreativeKeepers
LogPlatformFile: Not using cached read wrapper
LogInit:Display: RandInit(2109089071) SRandInit(2109089072).
LogTaskGraph: Started task graph with 5 named threads and 6 total threads with 1 sets of task threads.
LogStats: Stats thread started at 25.476257
LogConfig:Warning: Failed to saved backup for config[Compat]
LogInit: Using libcurl 7.47.1
LogInit:  - built for x86_64-pc-win32
LogInit:  - supports SSL with OpenSSL/1.0.2g
LogInit:  - supports HTTP deflate (compression) using libz 1.2.8
LogInit:  - other features:
LogInit:      CURL_VERSION_SSL
LogInit:      CURL_VERSION_LIBZ
LogInit:      CURL_VERSION_IPV6
LogInit:      CURL_VERSION_ASYNCHDNS
LogInit:      CURL_VERSION_LARGEFILE
LogInit:      CURL_VERSION_IDN
LogInit:  CurlRequestOptions (configurable via config and command line):
LogInit:  - bVerifyPeer = false  - Libcurl will NOT verify peer certificate
LogInit:  - bUseHttpProxy = false  - Libcurl will NOT use HTTP proxy
LogInit:  - bDontReuseConnections = false  - Libcurl will reuse connections
LogInit:  - CertBundlePath = nullptr  - Libcurl will use whatever was configured at build time.
LogInit: Build: ++UE4+Release-4.15-CL-3348071
LogInit: Engine Version: 4.15.1-3348071+++UE4+Release-4.15
LogInit: Compatible Engine Version: 4.15.0-3299760+++UE4+Release-4.15
LogInit: Net CL: 3299760
LogDevObjectVersion: Number of dev versions registered: 14
LogDevObjectVersion:   Dev-Blueprints (B0D832E4-1F89-4F0D-ACCF-7EB736FD4AA2): 8
LogDevObjectVersion:   Dev-Build (E1C64328-A22C-4D53-A36C-8E866417BD8C): 0
LogDevObjectVersion:   Dev-Core (375EC13C-06E4-48FB-B500-84F0262A717E): 2
LogDevObjectVersion:   Dev-Editor (E4B068ED-F494-42E9-A231-DA0B2E46BB41): 14
LogDevObjectVersion:   Dev-Framework (CFFC743F-43B0-4480-9391-14DF171D2073): 22
LogDevObjectVersion:   Dev-Mobile (B02B49B5-BB20-44E9-A304-32B752E40360): 0
LogDevObjectVersion:   Dev-Networking (A4E4105C-59A1-49B5-A7C5-40C4547EDFEE): 0
LogDevObjectVersion:   Dev-Online (39C831C9-5AE6-47DC-9A44-9C173E1C8E7C): 0
LogDevObjectVersion:   Dev-Physics (78F01B33-EBEA-4F98-B9B4-84EACCB95AA2): 0
LogDevObjectVersion:   Dev-Platform (6631380F-2D4D-43E0-8009-CF276956A95A): 0
LogDevObjectVersion:   Dev-Rendering (12F88B9F-8875-4AFC-A67C-D90C383ABD29): 12
LogDevObjectVersion:   Dev-Sequencer (7B5AE74C-D270-4C10-A958-57980B212A5A): 3
LogDevObjectVersion:   Dev-VR (D7296918-1DD6-4BDD-9DE2-64A83CC13884): 0
LogDevObjectVersion:   Dev-LoadTimes (C2A15278-BFE7-4AFE-6C17-90FF531DF755): 1
LogInit: Compiled (64-bit): Mar 15 2017 16:52:47
LogInit: Compiled with Visual C++: 19.00.23026.00
LogInit: Build Configuration: Development
LogInit: Branch Name: ++UE4+Release-4.15
LogInit: Command line:  
LogInit: Base directory: D:/Programas/UE_4.15/Engine/Binaries/Win64/
LogInit: Installed Engine Build: 1
LogFileManager:Warning: Error deleting file: ../../../../../TFG/CreativeKeepers/Saved/Logs/CreativeKeepers-backup-2017.04.25-11.17.55.log (Error Code 2)
LogInit: Presizing for max 8388607 objects, including 0 objects not considered by GC, pre-allocating 0 bytes for permanent pool.
LogInit: Object subsystem initialized
[2017.05.02-07.31.14:099][  0]LogInit: Selected Device Profile: [Windows]
[2017.05.02-07.31.14:099][  0]LogInit: Applying CVar settings loaded from the selected device profile: [Windows]
[2017.05.02-07.31.14:206][  0]LogInit: Computer: DESKTOP-QMJBIV2
[2017.05.02-07.31.14:206][  0]LogInit: User: Grego
[2017.05.02-07.31.14:206][  0]LogInit: CPU Page size=65536, Cores=2
[2017.05.02-07.31.14:206][  0]LogInit: High frequency timer resolution =3.609371 MHz
[2017.05.02-07.31.14:206][  0]LogMemory: Memory total: Physical=8.0GB (8GB approx)
[2017.05.02-07.31.14:206][  0]LogMemory: Platform Memory Stats for Windows
[2017.05.02-07.31.14:206][  0]LogMemory: Process Physical Memory: 262.47 MB used, 262.47 MB peak
[2017.05.02-07.31.14:206][  0]LogMemory: Process Virtual Memory: 262.17 MB used, 262.17 MB peak
[2017.05.02-07.31.14:206][  0]LogMemory: Physical Memory: 3848.07 MB used,  4307.00 MB free, 8155.07 MB total
[2017.05.02-07.31.14:206][  0]LogMemory: Virtual Memory: 643.10 MB used,  4307.00 MB free, 134217728.00 MB total
[2017.05.02-07.31.15:332][  0]LogInit: Overriding culture en with editor configuration.
[2017.05.02-07.31.18:091][  0]LogD3D11RHI: D3D11 adapters:
[2017.05.02-07.31.19:542][  0]LogD3D11RHI:    0. 'NVIDIA GeForce GTX 1060 6GB' (Feature Level 11_0)
[2017.05.02-07.31.19:542][  0]LogD3D11RHI:       6084/0/4077 MB DedicatedVideo/DedicatedSystem/SharedSystem, Outputs:1, VendorId:0x10de
[2017.05.02-07.31.19:543][  0]LogD3D11RHI:    1. 'Microsoft Basic Render Driver' (Feature Level 11_0)
[2017.05.02-07.31.19:543][  0]LogD3D11RHI:       0/0/4077 MB DedicatedVideo/DedicatedSystem/SharedSystem, Outputs:0, VendorId:0x1414
[2017.05.02-07.31.19:543][  0]LogD3D11RHI: Chosen D3D11 Adapter: 0
[2017.05.02-07.31.19:547][  0]LogD3D11RHI: Creating new Direct3DDevice
[2017.05.02-07.31.19:547][  0]LogD3D11RHI:     GPU DeviceId: 0x1c03 (for the marketing name, search the web for "GPU Device Id")
[2017.05.02-07.31.19:547][  0]LogWindows: EnumDisplayDevices:
[2017.05.02-07.31.19:547][  0]LogWindows:    0. 'NVIDIA GeForce GTX 1060 6GB' (P:1 D:1)
[2017.05.02-07.31.19:547][  0]LogWindows:    1. 'NVIDIA GeForce GTX 1060 6GB' (P:0 D:0)
[2017.05.02-07.31.19:548][  0]LogWindows:    2. 'NVIDIA GeForce GTX 1060 6GB' (P:0 D:0)
[2017.05.02-07.31.19:548][  0]LogWindows:    3. 'NVIDIA GeForce GTX 1060 6GB' (P:0 D:0)
[2017.05.02-07.31.19:548][  0]LogWindows: DebugString: FoundDriverCount:4 
[2017.05.02-07.31.19:548][  0]LogD3D11RHI:     Adapter Name: NVIDIA GeForce GTX 1060 6GB
[2017.05.02-07.31.19:548][  0]LogD3D11RHI:   Driver Version: 378.92 (internal:21.21.13.7892, unified:378.92)
[2017.05.02-07.31.19:548][  0]LogD3D11RHI:      Driver Date: 3-16-2017
[2017.05.02-07.31.19:548][  0]LogRHI: Texture pool is 1361 MB (70% of 1945 MB)
[2017.05.02-07.31.19:561][  0]LogD3D11RHI: Async texture creation enabled
[2017.05.02-07.31.19:929][  0]LogD3D11RHI: GPU Timing Frequency: 1000.000000 (Debug: 2 1)
[2017.05.02-07.31.20:076][  0]LogShaderCompilers: Guid format shader working directory is 12 characters bigger than the processId version (../../../../../TFG/CreativeKeepers/Intermediate/Shaders/WorkingDirectory/8632/).
[2017.05.02-07.31.20:076][  0]LogShaderCompilers: Cleaned the shader compiler working directory 'C:/Users/Grego/AppData/Local/Temp/UnrealShaderWorkingDir/A900A07F4746450739A70990383C0EA7/'.
[2017.05.02-07.31.20:076][  0]LogShaderCompilers:Display: Using Local Shader Compiler.
[2017.05.02-07.31.25:174][  0]LogTemp:Display: Loaded TP AllDesktopTargetPlatform
[2017.05.02-07.31.25:241][  0]LogTemp:Display: Loaded TP MacClientTargetPlatform
[2017.05.02-07.31.25:308][  0]LogTemp:Display: Loaded TP MacNoEditorTargetPlatform
[2017.05.02-07.31.25:375][  0]LogTemp:Display: Loaded TP MacServerTargetPlatform
[2017.05.02-07.31.25:464][  0]LogTemp:Display: Loaded TP MacTargetPlatform
[2017.05.02-07.31.25:530][  0]LogTemp:Display: Loaded TP WindowsClientTargetPlatform
[2017.05.02-07.31.25:604][  0]LogTemp:Display: Loaded TP WindowsNoEditorTargetPlatform
[2017.05.02-07.31.25:668][  0]LogTemp:Display: Loaded TP WindowsServerTargetPlatform
[2017.05.02-07.31.26:203][  0]LogTemp:Display: Loaded TP WindowsTargetPlatform
[2017.05.02-07.31.26:692][  0]LogTemp:Display: Loaded TP AndroidTargetPlatform
[2017.05.02-07.31.26:753][  0]LogTemp:Display: Loaded TP Android_ASTCTargetPlatform
[2017.05.02-07.31.26:809][  0]LogTemp:Display: Loaded TP Android_ATCTargetPlatform
[2017.05.02-07.31.26:851][  0]LogTemp:Display: Loaded TP Android_DXTTargetPlatform
[2017.05.02-07.31.26:892][  0]LogTemp:Display: Loaded TP Android_ETC1TargetPlatform
[2017.05.02-07.31.27:193][  0]LogTemp:Display: Loaded TP Android_ETC2TargetPlatform
[2017.05.02-07.31.28:537][  0]LogTemp:Display: Loaded TP Android_MultiTargetPlatform
[2017.05.02-07.31.28:537][  0]LogTemp:Display: Loaded TP Android_PVRTCTargetPlatform
[2017.05.02-07.31.28:591][  0]LogTemp:Display: Loaded TP HTML5TargetPlatform
[2017.05.02-07.31.28:921][  0]LogTemp:Display: Loaded TP IOSTargetPlatform
[2017.05.02-07.31.28:983][  0]LogTemp:Display: Loaded TP TVOSTargetPlatform
[2017.05.02-07.31.29:048][  0]LogTemp:Display: Loaded TP LinuxClientTargetPlatform
[2017.05.02-07.31.29:105][  0]LogTemp:Display: Loaded TP LinuxNoEditorTargetPlatform
[2017.05.02-07.31.29:165][  0]LogTemp:Display: Loaded TP LinuxServerTargetPlatform
[2017.05.02-07.31.29:228][  0]LogTemp:Display: Loaded TP LinuxTargetPlatform
[2017.05.02-07.31.29:228][  0]LogTargetPlatformManager:Display: Building Assets For Windows
[2017.05.02-07.31.30:753][  0]LogDerivedDataCache:Display: Max Cache Size: 512 MB
[2017.05.02-07.31.31:038][  0]LogDerivedDataCache: Loaded boot cache 0.28s 50MB C:/Users/Grego/AppData/Local/UnrealEngine/4.15/DerivedDataCache/Boot.ddc.
[2017.05.02-07.31.31:038][  0]LogDerivedDataCache:Display: Loaded Boot cache: C:/Users/Grego/AppData/Local/UnrealEngine/4.15/DerivedDataCache/Boot.ddc
[2017.05.02-07.31.31:038][  0]LogDerivedDataCache: FDerivedDataBackendGraph:  Pak pak cache file ../../../../../TFG/CreativeKeepers/DerivedDataCache/DDC.ddp not found, will not use a pak cache.
[2017.05.02-07.31.31:038][  0]LogDerivedDataCache: Unable to find inner node Pak for hierarchical cache Hierarchy.
[2017.05.02-07.31.31:038][  0]LogDerivedDataCache: FDerivedDataBackendGraph:  CompressedPak pak cache file ../../../../../TFG/CreativeKeepers/DerivedDataCache/Compressed.ddp not found, will not use a pak cache.
[2017.05.02-07.31.31:038][  0]LogDerivedDataCache: Unable to find inner node CompressedPak for hierarchical cache Hierarchy.
[2017.05.02-07.31.31:142][  0]LogDerivedDataCache:Display: Pak cache opened for reading ../../../Engine/DerivedDataCache/Compressed.ddp.
[2017.05.02-07.31.31:154][  0]LogDerivedDataCache: Using Local data cache path C:/Users/Grego/AppData/Local/UnrealEngine/Common/DerivedDataCache: Writable
[2017.05.02-07.31.31:460][  0]LogSlate: Using Freetype 2.6.0
[2017.05.02-07.31.31:832][  0]LogSlate: SlateFontCache - WITH_FREETYPE: 1, WITH_HARFBUZZ: 1
[2017.05.02-07.31.31:832][  0]LogSlate: SlateFontCache - WITH_FREETYPE: 1, WITH_HARFBUZZ: 1
[2017.05.02-07.31.52:380][  0]LogInit: Selected Device Profile: [Windows]
[2017.05.02-07.31.52:483][  0]LogContentStreaming: Texture pool size is 0.00 MB
[2017.05.02-07.31.53:774][  0]LogMeshUtilities: Using QuadricMeshReduction for automatic static mesh reduction
[2017.05.02-07.31.53:847][  0]LogSimplygon: Simplygon DLL not present - disabling.
[2017.05.02-07.31.53:970][  0]LogMeshUtilities: Using SimplygonSwarm for distributed automatic mesh merging
[2017.05.02-07.31.53:970][  0]LogMeshUtilities: No automatic skeletal mesh reduction module available
[2017.05.02-07.31.53:970][  0]LogMeshUtilities: No automatic mesh merging module available
[2017.05.02-07.32.01:522][  0]LogNetVersion: GetLocalNetworkVersion: CL: 3299760, ProjectName: creativekeepers, ProjectVersion: , EngineNetworkVersion: 2, GameNetworkVersion: 0, NetworkChecksum: 1593119604
[2017.05.02-07.32.01:749][  0]LogAssetRegistry: FAssetRegistry took 0.0238 seconds to start up
[2017.05.02-07.32.02:404][  0]LogPackageLocalizationCache: Processed 3 localized package path(s) for 1 prioritized culture(s) in 0.323376 seconds
[2017.05.02-07.32.02:481][  0]LogUObjectArray: 32493 objects as part of root set at end of initial load.
[2017.05.02-07.32.02:481][  0]LogUObjectAllocator: 7077024 out of 0 bytes used by permanent object pool.
[2017.05.02-07.32.02:481][  0]LogUObjectArray: CloseDisregardForGC: 0/0 objects in disregard for GC pool
[2017.05.02-07.32.03:069][  0]LogInit: WinSock: version 1.1 (2.2), MaxSocks=32767, MaxUdp=65467
[2017.05.02-07.32.29:160][  0]LogAssetRegistry:Error: Failed to open file for write ../../../../../TFG/CreativeKeepers/Intermediate/CachedAssetRegistry.bin
[2017.05.02-07.32.29:213][  0]LogTcpMessaging: Initializing TcpMessaging bridge
[2017.05.02-07.32.29:299][  0]LogUdpMessaging: Initializing bridge on interface 0.0.0.0:0 to multicast group 230.0.0.1:6666.
[2017.05.02-07.32.31:182][  0]LogMaterial: Uniform references updated for custom material expression Custom.
[2017.05.02-07.32.32:642][  0]SourceControl: Info Source control is disabled
[2017.05.02-07.32.32:644][  0]SourceControl: Info Source control is disabled
[2017.05.02-07.32.32:789][  0]SourceControl: Info Source control is disabled
[2017.05.02-07.32.32:871][  0]SourceControl: Info Source control is disabled
[2017.05.02-07.32.39:079][  0]LogEngine: Initializing Engine...
[2017.05.02-07.32.39:079][  0]LogHMD: Failed to initialize OpenVR with code 110
[2017.05.02-07.32.41:072][  0]LogAIModule: Creating AISystem for world Untitled
[2017.05.02-07.32.41:218][  0]LogInit: XAudio2 using 'Altavoces (Realtek High Definition Audio)' : 2 channels at 48 kHz using 32 bits per sample (channel mask 0x3)
[2017.05.02-07.32.41:233][  0]LogInit: FAudioDevice initialized.
[2017.05.02-07.32.41:256][  0]LogDerivedDataCache: Saved boot cache 0.02s 50MB C:/Users/Grego/AppData/Local/UnrealEngine/4.15/DerivedDataCache/Boot.ddc.
[2017.05.02-07.32.41:259][  0]LogInit: Texture streaming: Enabled
[2017.05.02-07.32.41:582][  0]LogEngineSessionManager: EngineSessionManager initialized
[2017.05.02-07.32.42:019][  0]LogInit: Transaction tracking system initialized
[2017.05.02-07.32.43:099][  0]BlueprintLog: New page: Editor Load
[2017.05.02-07.33.00:621][  0]LocalizationService: Info Localization service is disabled
[2017.05.02-07.33.13:775][  0]LogConsoleResponse:Display: 
[2017.05.02-07.33.25:651][  0]LogFileCache: Scanning file cache for directory 'D:/TFG/CreativeKeepers/Content/' took 0.08s
[2017.05.02-07.33.25:651][  0]LogCook:Display: Max memory allowance for cook 16384mb min free memory 0mb
[2017.05.02-07.33.25:678][  0]LogCook:Display: Mobile HDR setting 1
[2017.05.02-07.33.44:573][  0]SourceControl: Info Source control is disabled
[2017.05.02-07.33.44:716][  0]Cmd: MAP LOAD FILE="../../../../../TFG/CreativeKeepers/Content/test.umap" TEMPLATE=0 SHOWPROGRESS=1 FEATURELEVEL=3
[2017.05.02-07.33.44:783][  0]LightingResults: New page: Lighting Build
[2017.05.02-07.33.45:531][  0]MapCheck: New page: Map Check
[2017.05.02-07.33.45:531][  0]LightingResults: New page: Lighting Build
[2017.05.02-07.33.48:878][  0]LogBlueprint:Error: [Compiler pawn-enemy] Error The current value of the ' T ' pin is invalid: 'T' must have an input wired into it ("by ref" params expect a valid input to operate on).
[2017.05.02-07.33.48:887][  0]LogBlueprint:Warning: [Compiler pawn-enemy] Warning [0193.51] Compile of pawn-enemy failed. 1 Fatal Issue(s) 0 Warning(s) [in 36 ms] (/Game/Enemies/pawn-enemy.pawn-enemy)
[2017.05.02-07.33.48:887][  0]LogBlueprint:Warning: [Compiler pawn-enemy] Warning [0193.51] Compile of pawn-enemy failed. 1 Fatal Issue(s) 1 Warning(s) [in 0 ms] (/Game/Enemies/pawn-enemy.pawn-enemy)
[2017.05.02-07.33.48:887][  0]LogBlueprint:Warning: [Compiler pawn-enemy] Warning [0193.51] Compile of pawn-enemy failed. 1 Fatal Issue(s) 2 Warning(s) [in 0 ms] (/Game/Enemies/pawn-enemy.pawn-enemy)
[2017.05.02-07.33.49:020][  0]LogBlueprint:Error: [Compiler pawn-enemy] Error The current value of the ' T ' pin is invalid: 'T' must have an input wired into it ("by ref" params expect a valid input to operate on).
[2017.05.02-07.33.49:028][  0]LogBlueprint:Warning: [Compiler pawn-enemy] Warning [0193.65] Compile of pawn-enemy failed. 1 Fatal Issue(s) 0 Warning(s) [in 15 ms] (/Game/Enemies/pawn-enemy.pawn-enemy)
[2017.05.02-07.33.49:028][  0]LogBlueprint:Warning: [Compiler pawn-enemy] Warning [0193.65] Compile of pawn-enemy failed. 1 Fatal Issue(s) 1 Warning(s) [in 0 ms] (/Game/Enemies/pawn-enemy.pawn-enemy)
[2017.05.02-07.33.49:029][  0]LogBlueprint:Warning: [Compiler pawn-enemy] Warning [0193.65] Compile of pawn-enemy failed. 1 Fatal Issue(s) 2 Warning(s) [in 0 ms] (/Game/Enemies/pawn-enemy.pawn-enemy)
[2017.05.02-07.33.49:852][  0]LogAIModule: Creating AISystem for world test
[2017.05.02-07.33.50:601][  0]LogEditorServer: Finished looking for orphan Actors (0.000 secs)
[2017.05.02-07.33.50:780][  0]Cmd: MAP CHECKDEP NOCLEARLOG
[2017.05.02-07.33.50:872][  0]MapCheck: Info Map check complete: 0 Error(s), 0 Warning(s), took 91.663ms to complete.
[2017.05.02-07.33.50:872][  0]LogFileHelpers: Loading map 'test' took 6.215
[2017.05.02-07.33.54:804][  0]LogCollectionManager: Loaded 0 collections in 0.000784 seconds
[2017.05.02-07.33.55:148][  0]LogFileCache: Scanning file cache for directory 'D:/TFG/CreativeKeepers/Saved/Collections/' took 0.01s
[2017.05.02-07.33.55:148][  0]LogFileCache: Scanning file cache for directory 'D:/TFG/CreativeKeepers/Content/Developers/Grego/Collections/' took 0.01s
[2017.05.02-07.33.55:148][  0]LogFileCache: Scanning file cache for directory 'D:/TFG/CreativeKeepers/Content/Collections/' took 0.01s
[2017.05.02-07.33.55:148][  0]LogCollectionManager: Rebuilt the GUID cache for 0 collections in 0.000002 seconds
[2017.05.02-07.33.55:208][  0]LogContentBrowser: Native class hierarchy populated in 0.0115 seconds. Added 2245 classes and 453 folders.
[2017.05.02-07.33.55:384][  0]LogStats: UGameplayTagsManager::ConstructGameplayTagTree: Construct from data asset -  0.018 s
[2017.05.02-07.33.55:386][  0]LogStats: UGameplayTagsManager::ConstructGameplayTagTree: GameplayTagTreeChangedEvent.Broadcast -  0.000 s
[2017.05.02-07.33.55:455][  0]LogContentBrowser: Native class hierarchy updated for 'WidgetCarousel' in 0.0004 seconds. Added 0 classes and 0 folders.
[2017.05.02-07.33.58:636][  0]LogContentBrowser: Native class hierarchy updated for 'AddContentDialog' in 0.0005 seconds. Added 0 classes and 0 folders.
[2017.05.02-07.34.00:216][  0]LogContentBrowser: Native class hierarchy updated for 'SceneOutliner' in 0.0007 seconds. Added 1 classes and 2 folders.
[2017.05.02-07.34.16:365][  0]LogCrashTracker: Crashtracker disabled due to settings.
[2017.05.02-07.34.18:548][  0]LogUObjectGlobals:Warning: Failed to find object 'Class None.'
[2017.05.02-07.34.20:120][  0]LogContentBrowser: Native class hierarchy updated for 'HierarchicalLODOutliner' in 0.0006 seconds. Added 1 classes and 2 folders.
[2017.05.02-07.34.20:121][  0]LogLoad: (Engine Initialization) Total time: 224.74 seconds
[2017.05.02-07.34.20:121][  0]LogLoad: (Engine Initialization) Total Blueprint compile time: 1.65 seconds
[2017.05.02-07.34.20:121][  0]LogExternalProfiler: No external profilers were discovered.  External profiling features will not be available.
[2017.05.02-07.34.20:694][  0]LogOcInput: OculusInput pre-init called
[2017.05.02-07.34.24:294][  0]LogContentStreaming: Texture pool size now 1000 MB
[2017.05.02-07.34.25:269][  0]LogSlate: Took 0.109523 seconds to synchronously load lazily loaded font '../../../Engine/Content/Slate/Fonts/Roboto-Regular.ttf' (155K)
[2017.05.02-07.34.25:490][  0]LogSlate: Took 0.081167 seconds to synchronously load lazily loaded font '../../../Engine/Content/Slate/Fonts/Roboto-Bold.ttf' (160K)
[2017.05.02-07.34.26:286][  0]LogSlate: Took 0.065756 seconds to synchronously load lazily loaded font '../../../Engine/Content/Editor/Slate/Fonts/FontAwesome.ttf' (139K)
[2017.05.02-07.34.31:073][  0]LogRenderer: Reallocating scene render targets to support 1208x576 NumSamples 1 (Frame:2).
[2017.05.02-07.34.31:073][  0]LogSlate: Took 0.067907 seconds to synchronously load lazily loaded font '../../../Engine/Content/Slate/Fonts/Roboto-Light.ttf' (159K)
[2017.05.02-07.34.37:023][  2]LogAssetRegistry: Asset discovery search completed in 155.2959 seconds
[2017.05.02-07.34.37:114][  2]LogCollectionManager: Rebuilt the object cache for 0 collections in 0.034407 seconds (found 0 objects)
[2017.05.02-07.34.37:114][  2]LogCollectionManager: Fixed up redirectors for 0 collections in 0.091244 seconds (updated 0 objects)
[2017.05.02-07.34.37:273][  2]LogSlate: Took 0.000387 seconds to synchronously load lazily loaded font '../../../Engine/Content/Slate/Fonts/Roboto-Light.ttf' (159K)
[2017.05.02-07.35.46:669][371]LogWindowsTextInputMethodSystem:Display: IME system now deactivated.
[2017.05.02-07.35.47:511][372]Cmd: QUIT_EDITOR
[2017.05.02-07.35.48:051][372]LogExit: Preparing to exit.
[2017.05.02-07.35.49:000][372]LogDirectoryWatcher: A directory notification for 'D:/TFG/CreativeKeepers/Content/' was aborted.
[2017.05.02-07.35.49:337][372]LogExit: Editor shut down
[2017.05.02-07.35.49:338][372]LogExit: Transaction tracking system shut down
[2017.05.02-07.35.51:375][372]LogObj: Freed 0b from 0 cluster array pools.
[2017.05.02-07.35.51:375][372]LogExit: Object subsystem successfully closed.
[2017.05.02-07.35.51:660][372]LogD3D11RHI: Shutdown
[2017.05.02-07.35.51:660][372]LogD3D11RHI: CleanupD3DDevice
[2017.05.02-07.35.51:762][372]LogD3D11RHI: ~FD3D11DynamicRHI
[2017.05.02-07.35.53:048][372]LogModuleManager: Shutting down and abandoning module HierarchicalLODOutliner (498)
[2017.05.02-07.35.53:048][372]LogModuleManager: Shutting down and abandoning module CrashTracker (496)
[2017.05.02-07.35.53:048][372]LogModuleManager: Shutting down and abandoning module SceneOutliner (494)
[2017.05.02-07.35.53:062][372]LogModuleManager: Shutting down and abandoning module AddContentDialog (492)
[2017.05.02-07.35.53:096][372]LogDirectoryWatcher: A directory notification for 'D:/Programas/UE_4.15/FeaturePacks/' was aborted.
[2017.05.02-07.35.53:107][372]LogModuleManager: Shutting down and abandoning module WidgetCarousel (491)
[2017.05.02-07.35.53:107][372]LogModuleManager: Shutting down and abandoning module EditorWidgets (488)
[2017.05.02-07.35.53:107][372]LogModuleManager: Shutting down and abandoning module CollectionManager (486)
[2017.05.02-07.35.53:123][372]LogDirectoryWatcher: A directory notification for 'D:/TFG/CreativeKeepers/Content/Collections/' was aborted.
[2017.05.02-07.35.53:123][372]LogDirectoryWatcher: A directory notification for 'D:/TFG/CreativeKeepers/Content/Developers/Grego/Collections/' was aborted.
[2017.05.02-07.35.53:123][372]LogDirectoryWatcher: A directory notification for 'D:/TFG/CreativeKeepers/Saved/Collections/' was aborted.
[2017.05.02-07.35.53:123][372]LogModuleManager: Shutting down and abandoning module StatsViewer (484)
[2017.05.02-07.35.53:145][372]LogModuleManager: Shutting down and abandoning module FoliageEdit (482)
[2017.05.02-07.35.53:157][372]LogModuleManager: Shutting down and abandoning module LandscapeEditor (480)
[2017.05.02-07.35.53:184][372]LogModuleManager: Shutting down and abandoning module SceneDepthPickerMode (478)
[2017.05.02-07.35.53:185][372]LogModuleManager: Shutting down and abandoning module ActorPickerMode (476)
[2017.05.02-07.35.53:185][372]LogModuleManager: Shutting down and abandoning module GeometryMode (474)
[2017.05.02-07.35.53:185][372]LogModuleManager: Shutting down and abandoning module TextureAlignMode (472)
[2017.05.02-07.35.53:185][372]LogModuleManager: Shutting down and abandoning module BspMode (470)
[2017.05.02-07.35.53:195][372]LogModuleManager: Shutting down and abandoning module HardwareSurvey (468)
[2017.05.02-07.35.53:195][372]LogModuleManager: Shutting down and abandoning module SequenceRecorderSections (466)
[2017.05.02-07.35.53:195][372]LogModuleManager: Shutting down and abandoning module AutomationWorker (464)
[2017.05.02-07.35.53:205][372]LogModuleManager: Shutting down and abandoning module MatineeToLevelSequence (462)
[2017.05.02-07.35.53:205][372]LogModuleManager: Shutting down and abandoning module LevelSequenceEditor (460)
[2017.05.02-07.35.53:272][372]LogModuleManager: Shutting down and abandoning module PlacementMode (459)
[2017.05.02-07.35.53:272][372]LogModuleManager: Shutting down and abandoning module WmfMediaFactory (456)
[2017.05.02-07.35.53:272][372]LogModuleManager: Shutting down and abandoning module WmfMediaEditor (454)
[2017.05.02-07.35.53:272][372]LogModuleManager: Shutting down and abandoning module MfMediaFactory (452)
[2017.05.02-07.35.53:272][372]LogModuleManager: Shutting down and abandoning module MfMediaEditor (450)
[2017.05.02-07.35.53:272][372]LogModuleManager: Shutting down and abandoning module AvfMediaFactory (448)
[2017.05.02-07.35.53:272][372]LogModuleManager: Shutting down and abandoning module AvfMediaEditor (446)
[2017.05.02-07.35.53:272][372]LogModuleManager: Shutting down and abandoning module AndroidMediaFactory (444)
[2017.05.02-07.35.53:272][372]LogModuleManager: Shutting down and abandoning module Media (443)
[2017.05.02-07.35.53:272][372]LogModuleManager: Shutting down and abandoning module AndroidMediaEditor (440)
[2017.05.02-07.35.53:272][372]LogModuleManager: Shutting down and abandoning module CharacterAI (438)
[2017.05.02-07.35.53:272][372]LogModuleManager: Shutting down and abandoning module AudioCapture (436)
[2017.05.02-07.35.53:272][372]LogModuleManager: Shutting down and abandoning module SequenceRecorder (435)
[2017.05.02-07.35.53:323][372]LogModuleManager: Shutting down and abandoning module SmartSnapping (432)
[2017.05.02-07.35.53:323][372]LogModuleManager: Shutting down and abandoning module SessionServices (430)
[2017.05.02-07.35.53:323][372]LogModuleManager: Shutting down and abandoning module ViewportSnapping (428)
[2017.05.02-07.35.53:323][372]LogModuleManager: Shutting down and abandoning module ViewportInteraction (426)
[2017.05.02-07.35.53:323][372]LogModuleManager: Shutting down and abandoning module LogVisualizer (424)
[2017.05.02-07.35.53:358][372]LogModuleManager: Shutting down and abandoning module IntroTutorials (422)
[2017.05.02-07.35.53:358][372]LogModuleManager: Shutting down and abandoning module GameProjectGeneration (421)
[2017.05.02-07.35.53:388][372]LogModuleManager: Shutting down and abandoning module EditorLiveStreaming (418)
[2017.05.02-07.35.53:388][372]LogModuleManager: Shutting down and abandoning module IOSPlatformEditor (416)
[2017.05.02-07.35.53:388][372]LogModuleManager: Shutting down and abandoning module HTML5PlatformEditor (414)
[2017.05.02-07.35.53:388][372]LogModuleManager: Shutting down and abandoning module AndroidPlatformEditor (412)
[2017.05.02-07.35.53:401][372]LogModuleManager: Shutting down and abandoning module AndroidDeviceDetection (411)
[2017.05.02-07.35.53:635][372]LogModuleManager: Shutting down and abandoning module IOSRuntimeSettings (408)
[2017.05.02-07.35.53:635][372]LogModuleManager: Shutting down and abandoning module AndroidRuntimeSettings (406)
[2017.05.02-07.35.53:635][372]LogModuleManager: Shutting down and abandoning module InputBindingEditor (404)
[2017.05.02-07.35.53:656][372]LogModuleManager: Shutting down and abandoning module NiagaraEditor (402)
[2017.05.02-07.35.53:697][372]LogModuleManager: Shutting down and abandoning module MergeActors (400)
[2017.05.02-07.35.53:711][372]LogModuleManager: Shutting down and abandoning module SizeMap (398)
[2017.05.02-07.35.53:711][372]LogModuleManager: Shutting down and abandoning module TreeMap (396)
[2017.05.02-07.35.53:751][372]LogModuleManager: Shutting down and abandoning module ReferenceViewer (394)
[2017.05.02-07.35.53:751][372]LogModuleManager: Shutting down and abandoning module LocalizationDashboard (392)
[2017.05.02-07.35.53:763][372]LogModuleManager: Shutting down and abandoning module LocalizationService (391)
[2017.05.02-07.35.53:803][372]LogModuleManager: Shutting down and abandoning module HardwareTargeting (388)
[2017.05.02-07.35.53:816][372]LogModuleManager: Shutting down and abandoning module DeviceProfileEditor (386)
[2017.05.02-07.35.53:828][372]LogModuleManager: Shutting down and abandoning module UndoHistory (384)
[2017.05.02-07.35.53:840][372]LogModuleManager: Shutting down and abandoning module UserFeedback (382)
[2017.05.02-07.35.53:840][372]LogModuleManager: Shutting down and abandoning module XmlParser (380)
[2017.05.02-07.35.53:840][372]LogModuleManager: Shutting down and abandoning module Blutility (378)
[2017.05.02-07.35.53:868][372]LogModuleManager: Shutting down and abandoning module ProjectSettingsViewer (376)
[2017.05.02-07.35.53:868][372]LogModuleManager: Shutting down and abandoning module ProjectTargetPlatformEditor (375)
[2017.05.02-07.35.53:868][372]LogModuleManager: Shutting down and abandoning module EditorSettingsViewer (372)
[2017.05.02-07.35.53:868][372]LogModuleManager: Shutting down and abandoning module SettingsEditor (370)
[2017.05.02-07.35.53:900][372]LogModuleManager: Shutting down and abandoning module ProjectLauncher (368)
[2017.05.02-07.35.53:939][372]LogModuleManager: Shutting down and abandoning module SessionFrontend (366)
[2017.05.02-07.35.53:970][372]LogModuleManager: Shutting down and abandoning module ProfilerClient (364)
[2017.05.02-07.35.54:010][372]LogModuleManager: Shutting down and abandoning module DeviceManager (362)
[2017.05.02-07.35.54:027][372]LogModuleManager: Shutting down and abandoning module TargetDeviceServices (361)
[2017.05.02-07.35.54:066][372]LogModuleManager: Shutting down and abandoning module AutomationController (358)
[2017.05.02-07.35.54:126][372]LogModuleManager: Shutting down and abandoning module AutomationWindow (356)
[2017.05.02-07.35.54:152][372]LogModuleManager: Shutting down and abandoning module Layers (354)
[2017.05.02-07.35.54:196][372]LogModuleManager: Shutting down and abandoning module ComponentVisualizers (352)
[2017.05.02-07.35.54:196][372]LogModuleManager: Shutting down and abandoning module DetailCustomizations (350)
[2017.05.02-07.35.54:213][372]LogModuleManager: Shutting down and abandoning module PackagesDialog (348)
[2017.05.02-07.35.54:250][372]LogModuleManager: Shutting down and abandoning module Persona (346)
[2017.05.02-07.35.54:295][372]LogModuleManager: Shutting down and abandoning module AnimGraph (345)
[2017.05.02-07.35.54:295][372]LogModuleManager: Shutting down and abandoning module Kismet (342)
[2017.05.02-07.35.54:332][372]LogModuleManager: Shutting down and abandoning module GraphEditor (340)
[2017.05.02-07.35.54:400][372]LogModuleManager: Shutting down and abandoning module ClassViewer (338)
[2017.05.02-07.35.54:419][372]LogModuleManager: Shutting down and abandoning module Toolbox (336)
[2017.05.02-07.35.54:419][372]LogModuleManager: Shutting down and abandoning module ModuleUI (334)
[2017.05.02-07.35.54:447][372]LogModuleManager: Shutting down and abandoning module MovieSceneTools (332)
[2017.05.02-07.35.54:467][372]LogModuleManager: Shutting down and abandoning module OutputLog (330)
[2017.05.02-07.35.54:481][372]LogModuleManager: Shutting down and abandoning module GammaUI (328)
[2017.05.02-07.35.54:498][372]LogModuleManager: Shutting down and abandoning module Documentation (326)
[2017.05.02-07.35.54:498][372]LogModuleManager: Shutting down and abandoning module Niagara (324)
[2017.05.02-07.35.54:498][372]LogModuleManager: Shutting down and abandoning module StreamingPauseRendering (322)
[2017.05.02-07.35.54:498][372]LogModuleManager: Shutting down and abandoning module AnalyticsET (320)
[2017.05.02-07.35.54:498][372]LogModuleManager: Shutting down and abandoning module PortalServices (318)
[2017.05.02-07.35.54:498][372]LogModuleManager: Shutting down and abandoning module PortalRpc (316)
[2017.05.02-07.35.54:498][372]LogModuleManager: Shutting down and abandoning module MessagingRpc (314)
[2017.05.02-07.35.54:498][372]LogModuleManager: Shutting down and abandoning module AIModule (312)
[2017.05.02-07.35.54:498][372]LogModuleManager: Shutting down and abandoning module GameplayDebugger (311)
[2017.05.02-07.35.54:514][372]LogModuleManager: Shutting down and abandoning module AITestSuite (309)
[2017.05.02-07.35.54:514][372]LogModuleManager: Shutting down and abandoning module ProfilerService (306)
[2017.05.02-07.35.54:665][372]LogModuleManager: Shutting down and abandoning module TaskGraph (304)
[2017.05.02-07.35.54:723][372]LogModuleManager: Shutting down and abandoning module SteamVRController (302)
[2017.05.02-07.35.54:723][372]LogModuleManager: Shutting down and abandoning module SteamVR (300)
[2017.05.02-07.35.54:723][372]LogModuleManager: Shutting down and abandoning module ProceduralMeshComponentEditor (298)
[2017.05.02-07.35.54:723][372]LogModuleManager: Shutting down and abandoning module ProceduralMeshComponent (296)
[2017.05.02-07.35.54:743][372]LogModuleManager: Shutting down and abandoning module OculusLibrary (294)
[2017.05.02-07.35.54:743][372]LogModuleManager: Shutting down and abandoning module OculusInput (292)
[2017.05.02-07.35.54:743][372]LogModuleManager: Shutting down and abandoning module MobilePatchingUtils (290)
[2017.05.02-07.35.54:743][372]LogModuleManager: Shutting down and abandoning module CustomMeshComponent (288)
[2017.05.02-07.35.54:743][372]LogModuleManager: Shutting down and abandoning module CableComponent (286)
[2017.05.02-07.35.54:743][372]LogModuleManager: Shutting down and abandoning module ArchVisCharacter (284)
[2017.05.02-07.35.54:743][372]LogModuleManager: Shutting down and abandoning module MediaPlayerEditor (280)
[2017.05.02-07.35.54:813][372]LogModuleManager: Shutting down and abandoning module HTML5Networking (278)
[2017.05.02-07.35.54:813][372]LogModuleManager: Shutting down and abandoning module AlembicImporter (276)
[2017.05.02-07.35.54:824][372]LogModuleManager: Shutting down and abandoning module AlembicLibrary (275)
[2017.05.02-07.35.54:824][372]LogModuleManager: Shutting down and abandoning module GeometryCache (274)
[2017.05.02-07.35.54:824][372]LogModuleManager: Shutting down and abandoning module GeometryCacheEd (273)
[2017.05.02-07.35.54:824][372]LogModuleManager: Shutting down and abandoning module SuperSearchEditor (268)
[2017.05.02-07.35.54:824][372]LogModuleManager: Shutting down and abandoning module SuperSearch (267)
[2017.05.02-07.35.54:824][372]LogModuleManager: Shutting down and abandoning module SpeedTreeImporter (264)
[2017.05.02-07.35.54:824][372]LogModuleManager: Shutting down and abandoning module PluginBrowser (262)
[2017.05.02-07.35.54:861][372]LogModuleManager: Shutting down and abandoning module MobileLauncherProfileWizard (260)
[2017.05.02-07.35.54:889][372]LogModuleManager: Shutting down and abandoning module EpicSurvey (258)
[2017.05.02-07.35.54:889][372]LogModuleManager: Shutting down and abandoning module VisualStudioSourceCodeAccess (256)
[2017.05.02-07.35.54:889][372]LogModuleManager: Shutting down and abandoning module DesktopPlatform (255)
[2017.05.02-07.35.54:889][372]LogModuleManager: Shutting down and abandoning module UObjectPlugin (252)
[2017.05.02-07.35.54:889][372]LogModuleManager: Shutting down and abandoning module SubversionSourceControl (250)
[2017.05.02-07.35.54:912][372]LogModuleManager: Shutting down and abandoning module PerforceSourceControl (248)
[2017.05.02-07.35.54:938][372]LogModuleManager: Shutting down and abandoning module GitSourceControl (246)
[2017.05.02-07.35.54:951][372]LogModuleManager: Shutting down and abandoning module SourceControl (245)
[2017.05.02-07.35.54:966][372]LogModuleManager: Shutting down and abandoning module LightPropagationVolumeEditor (242)
[2017.05.02-07.35.54:966][372]LogModuleManager: Shutting down and abandoning module PaperTiledImporter (240)
[2017.05.02-07.35.54:966][372]LogModuleManager: Shutting down and abandoning module PaperSpriteSheetImporter (238)
[2017.05.02-07.35.54:966][372]LogModuleManager: Shutting down and abandoning module Paper2DEditor (236)
[2017.05.02-07.35.54:998][372]LogModuleManager: Shutting down and abandoning module MeshPaint (235)
[2017.05.02-07.35.55:012][372]LogModuleManager: Shutting down and abandoning module LevelEditor (233)
[2017.05.02-07.35.55:037][372]LogModuleManager: Shutting down and abandoning module PixelInspectorModule (232)
[2017.05.02-07.35.55:059][372]LogModuleManager: Shutting down and abandoning module MainFrame (230)
[2017.05.02-07.35.55:059][372]LogModuleManager: Shutting down and abandoning module HotReload (229)
[2017.05.02-07.35.55:069][372]LogModuleManager: Shutting down and abandoning module ContentBrowser (225)
[2017.05.02-07.35.55:070][372]LogModuleManager: Shutting down and abandoning module PhysXVehiclesEditor (222)
[2017.05.02-07.35.55:086][372]LogModuleManager: Shutting down and abandoning module PhysXVehicles (220)
[2017.05.02-07.35.55:086][372]LogModuleManager: Shutting down and abandoning module LocationServicesBPLibrary (218)
[2017.05.02-07.35.55:086][372]LogModuleManager: Shutting down and abandoning module UdpMessaging (216)
[2017.05.02-07.35.55:186][372]LogModuleManager: Shutting down and abandoning module TcpMessaging (214)
[2017.05.02-07.35.55:305][372]LogModuleManager: Shutting down and abandoning module GameplayTagsEditor (212)
[2017.05.02-07.35.55:335][372]LogModuleManager: Shutting down and abandoning module FacialAnimationEditor (210)
[2017.05.02-07.35.55:352][372]LogModuleManager: Shutting down and abandoning module FacialAnimation (208)
[2017.05.02-07.35.55:352][372]LogModuleManager: Shutting down and abandoning module LightPropagationVolumeRuntime (206)
[2017.05.02-07.35.55:352][372]LogModuleManager: Shutting down and abandoning module Paper2D (204)
[2017.05.02-07.35.55:373][372]LogModuleManager: Shutting down and abandoning module WindowsMoviePlayer (202)
[2017.05.02-07.35.55:373][372]LogModuleManager: Shutting down and abandoning module WmfMedia (200)
[2017.05.02-07.35.55:373][372]LogModuleManager: Shutting down and abandoning module MfMedia (198)
[2017.05.02-07.35.55:373][372]LogModuleManager: Shutting down and abandoning module MediaAssets (196)
[2017.05.02-07.35.55:373][372]LogModuleManager: Shutting down and abandoning module GameLiveStreaming (194)
[2017.05.02-07.35.55:381][372]LogModuleManager: Shutting down and abandoning module VREditor (192)
[2017.05.02-07.35.55:381][372]LogModuleManager: Shutting down and abandoning module GameplayTasksEditor (190)
[2017.05.02-07.35.55:381][372]LogModuleManager: Shutting down and abandoning module BehaviorTreeEditor (188)
[2017.05.02-07.35.55:440][372]LogModuleManager: Shutting down and abandoning module FunctionalTesting (186)
[2017.05.02-07.35.55:440][372]LogModuleManager: Shutting down and abandoning module CollisionAnalyzer (184)
[2017.05.02-07.35.55:457][372]LogModuleManager: Shutting down and abandoning module UMG (182)
[2017.05.02-07.35.55:496][372]LogModuleManager: Shutting down and abandoning module UMGEditor (181)
[2017.05.02-07.35.55:554][372]LogModuleManager: Shutting down and abandoning module Sequencer (180)
[2017.05.02-07.35.55:593][372]LogModuleManager: Shutting down and abandoning module AssetTools (178)
[2017.05.02-07.35.55:650][372]LogModuleManager: Shutting down and abandoning module MessageLog (177)
[2017.05.02-07.35.55:670][372]LogModuleManager: Shutting down and abandoning module WorkspaceMenuStructure (176)
[2017.05.02-07.35.55:670][372]LogModuleManager: Shutting down and abandoning module SlateReflector (170)
[2017.05.02-07.35.55:722][372]LogModuleManager: Shutting down and abandoning module Slate (168)
[2017.05.02-07.35.55:722][372]LogModuleManager: Shutting down and abandoning module EditorStyle (166)
[2017.05.02-07.35.55:724][372]LogModuleManager: Shutting down and abandoning module SourceCodeAccess (164)
[2017.05.02-07.35.55:735][372]LogModuleManager: Shutting down and abandoning module HeadMountedDisplay (162)
[2017.05.02-07.35.55:735][372]LogModuleManager: Shutting down and abandoning module XAudio2 (160)
[2017.05.02-07.35.55:735][372]LogModuleManager: Shutting down and abandoning module Networking (158)
[2017.05.02-07.35.55:735][372]LogModuleManager: Shutting down and abandoning module Core (154)
[2017.05.02-07.35.55:735][372]LogModuleManager: Shutting down and abandoning module AssetRegistry (152)
[2017.05.02-07.35.55:861][372]LogAssetRegistry:Error: Failed to open file for write ../../../../../TFG/CreativeKeepers/Intermediate/CachedAssetRegistry.bin
[2017.05.02-07.35.55:861][372]LogDirectoryWatcher: A directory notification for '../../../Engine/Content/' was aborted.
[2017.05.02-07.35.55:861][372]LogDirectoryWatcher: A directory notification for '../../../../../TFG/CreativeKeepers/Content/' was aborted.
[2017.05.02-07.35.55:861][372]LogDirectoryWatcher: A directory notification for '../../../Engine/Plugins/2D/Paper2D/Content/' was aborted.
[2017.05.02-07.35.55:883][372]LogModuleManager: Shutting down and abandoning module DirectoryWatcher (151)
[2017.05.02-07.35.55:883][372]LogModuleManager: Shutting down and abandoning module KismetCompiler (148)
[2017.05.02-07.35.55:883][372]LogModuleManager: Shutting down and abandoning module PhysXFormats (146)
[2017.05.02-07.35.55:883][372]LogModuleManager: Shutting down and abandoning module MeshUtilities (144)
[2017.05.02-07.35.55:935][372]LogModuleManager: Shutting down and abandoning module SimplygonSwarm (143)
[2017.05.02-07.35.55:943][372]LogModuleManager: Shutting down and abandoning module SimplygonMeshReduction (141)
[2017.05.02-07.35.55:943][372]LogModuleManager: Shutting down and abandoning module QuadricMeshReduction (139)
[2017.05.02-07.35.55:943][372]LogModuleManager: Shutting down and abandoning module PropertyEditor (137)
[2017.05.02-07.35.55:943][372]LogModuleManager: Shutting down and abandoning module DerivedDataCache (134)
[2017.05.02-07.35.55:987][372]LogDerivedDataCache: Shutdown
[2017.05.02-07.35.55:987][372]LogModuleManager: Shutting down and abandoning module TargetPlatform (132)
[2017.05.02-07.35.55:987][372]LogModuleManager: Shutting down and abandoning module VulkanShaderFormat (131)
[2017.05.02-07.35.56:021][372]LogModuleManager: Shutting down and abandoning module ShaderFormatOpenGL (129)
[2017.05.02-07.35.56:055][372]LogModuleManager: Shutting down and abandoning module ShaderFormatD3D (127)
[2017.05.02-07.35.56:055][372]LogModuleManager: Shutting down and abandoning module MetalShaderFormat (125)
[2017.05.02-07.35.56:094][372]LogModuleManager: Shutting down and abandoning module TextureFormatUncompressed (123)
[2017.05.02-07.35.56:094][372]LogModuleManager: Shutting down and abandoning module TextureFormatPVR (121)
[2017.05.02-07.35.56:094][372]LogModuleManager: Shutting down and abandoning module TextureFormatDXT (119)
[2017.05.02-07.35.56:094][372]LogModuleManager: Shutting down and abandoning module TextureFormatIntelISPCTexComp (117)
[2017.05.02-07.35.56:094][372]LogModuleManager: Shutting down and abandoning module TextureFormatASTC (115)
[2017.05.02-07.35.56:094][372]LogModuleManager: Shutting down and abandoning module ImageWrapper (114)
[2017.05.02-07.35.56:094][372]LogModuleManager: Shutting down and abandoning module TextureFormatAndroid (111)
[2017.05.02-07.35.56:094][372]LogModuleManager: Shutting down and abandoning module AudioFormatOpus (109)
[2017.05.02-07.35.56:115][372]LogModuleManager: Shutting down and abandoning module AudioFormatOgg (107)
[2017.05.02-07.35.56:115][372]LogModuleManager: Shutting down and abandoning module AudioFormatADPCM (105)
[2017.05.02-07.35.56:115][372]LogModuleManager: Shutting down and abandoning module LinuxTargetPlatform (103)
[2017.05.02-07.35.56:115][372]LogModuleManager: Shutting down and abandoning module LinuxServerTargetPlatform (101)
[2017.05.02-07.35.56:115][372]LogModuleManager: Shutting down and abandoning module LinuxNoEditorTargetPlatform (99)
[2017.05.02-07.35.56:115][372]LogModuleManager: Shutting down and abandoning module LinuxClientTargetPlatform (97)
[2017.05.02-07.35.56:115][372]LogModuleManager: Shutting down and abandoning module TVOSTargetPlatform (95)
[2017.05.02-07.35.56:115][372]LogModuleManager: Shutting down and abandoning module Messaging (93)
[2017.05.02-07.35.56:115][372]LogModuleManager: Shutting down and abandoning module IOSTargetPlatform (91)
[2017.05.02-07.35.56:115][372]LogModuleManager: Shutting down and abandoning module HTML5TargetPlatform (89)
[2017.05.02-07.35.56:115][372]LogModuleManager: Shutting down and abandoning module Android_PVRTCTargetPlatform (87)
[2017.05.02-07.35.56:115][372]LogModuleManager: Shutting down and abandoning module Android_MultiTargetPlatform (85)
[2017.05.02-07.35.56:115][372]LogModuleManager: Shutting down and abandoning module Android_ETC2TargetPlatform (83)
[2017.05.02-07.35.56:115][372]LogModuleManager: Shutting down and abandoning module Android_ETC1TargetPlatform (81)
[2017.05.02-07.35.56:115][372]LogModuleManager: Shutting down and abandoning module Android_DXTTargetPlatform (79)
[2017.05.02-07.35.56:115][372]LogModuleManager: Shutting down and abandoning module Android_ATCTargetPlatform (77)
[2017.05.02-07.35.56:115][372]LogModuleManager: Shutting down and abandoning module Android_ASTCTargetPlatform (75)
[2017.05.02-07.35.56:115][372]LogModuleManager: Shutting down and abandoning module AndroidTargetPlatform (73)
[2017.05.02-07.35.56:115][372]LogModuleManager: Shutting down and abandoning module WindowsTargetPlatform (71)
[2017.05.02-07.35.56:115][372]LogModuleManager: Shutting down and abandoning module WindowsServerTargetPlatform (69)
[2017.05.02-07.35.56:115][372]LogModuleManager: Shutting down and abandoning module WindowsNoEditorTargetPlatform (67)
[2017.05.02-07.35.56:115][372]LogModuleManager: Shutting down and abandoning module WindowsClientTargetPlatform (65)
[2017.05.02-07.35.56:115][372]LogModuleManager: Shutting down and abandoning module MacTargetPlatform (63)
[2017.05.02-07.35.56:115][372]LogModuleManager: Shutting down and abandoning module MacServerTargetPlatform (61)
[2017.05.02-07.35.56:115][372]LogModuleManager: Shutting down and abandoning module MacNoEditorTargetPlatform (59)
[2017.05.02-07.35.56:115][372]LogModuleManager: Shutting down and abandoning module MacClientTargetPlatform (57)
[2017.05.02-07.35.56:115][372]LogModuleManager: Shutting down and abandoning module AllDesktopTargetPlatform (55)
[2017.05.02-07.35.56:115][372]LogModuleManager: Shutting down and abandoning module InputCore (52)
[2017.05.02-07.35.56:115][372]LogModuleManager: Shutting down and abandoning module Settings (50)
[2017.05.02-07.35.56:115][372]LogModuleManager: Shutting down and abandoning module OculusRift (48)
[2017.05.02-07.35.56:128][372]LogModuleManager: Shutting down and abandoning module GearVR (46)
[2017.05.02-07.35.56:128][372]LogModuleManager: Shutting down and abandoning module ExampleDeviceProfileSelector (44)
[2017.05.02-07.35.56:128][372]LogModuleManager: Shutting down and abandoning module OnlineBlueprintSupport (42)
[2017.05.02-07.35.56:128][372]LogModuleManager: Shutting down and abandoning module OnlineSubsystem (38)
[2017.05.02-07.35.56:128][372]LogOnline:Display: Unloading online subsystem: NULL
[2017.05.02-07.35.56:189][372]LogModuleManager: Shutting down and abandoning module XMPP (37)
[2017.05.02-07.35.56:213][372]LogModuleManager: Shutting down and abandoning module HTTP (35)
[2017.05.02-07.35.56:213][372]LogHttp:Display: Http module shutting down, but needs to wait on 1 outstanding Http requests:
[2017.05.02-07.35.56:213][372]LogHttp:Display: 	verb=[POST] url=[https://datarouter.ol.epicgames.com/datarouter/api/v1/public/data?SessionID=%7BDBC391E4-48FC-D39F-6AE0-1CBB335209E8%7D&AppID=UEEditor.Rocket.Release&AppVersion=4.15.1-3348071%2B%2B%2BUE4%2BRelease-4.15&UserID=32a836f54a69625fd74255b8f28df338%7C1968c17eba254ed9b4bf8b1be1637d8f%7C3fa134da-b9a2-4079-8632-9954fbbaa8c2&AppEnvironment=datacollector-binary&UploadType=eteventstream] status=Processing
[2017.05.02-07.35.56:240][372]LogModuleManager: Shutting down and abandoning module SSL (34)
[2017.05.02-07.35.56:241][372]LogModuleManager: Shutting down and abandoning module AudioEditor (30)
[2017.05.02-07.35.56:241][372]LogModuleManager: Shutting down and abandoning module TextureCompressor (28)
[2017.05.02-07.35.56:241][372]LogModuleManager: Shutting down and abandoning module ShaderCore (26)
[2017.05.02-07.35.56:241][372]LogModuleManager: Shutting down and abandoning module Landscape (24)
[2017.05.02-07.35.56:241][372]LogModuleManager: Shutting down and abandoning module SlateRHIRenderer (22)
[2017.05.02-07.35.56:303][372]LogModuleManager: Shutting down and abandoning module OpenGLDrv (20)
[2017.05.02-07.35.56:311][372]LogModuleManager: Shutting down and abandoning module D3D11RHI (18)
[2017.05.02-07.35.56:311][372]LogModuleManager: Shutting down and abandoning module AnimGraphRuntime (16)
[2017.05.02-07.35.56:331][372]LogModuleManager: Shutting down and abandoning module Renderer (14)
[2017.05.02-07.35.56:331][372]LogModuleManager: Shutting down and abandoning module Engine (12)
[2017.05.02-07.35.56:331][372]LogModuleManager: Shutting down and abandoning module CoreUObject (10)
[2017.05.02-07.35.56:331][372]LogModuleManager: Shutting down and abandoning module NetworkFile (8)
[2017.05.02-07.35.56:331][372]LogModuleManager: Shutting down and abandoning module StreamingFile (6)
[2017.05.02-07.35.56:331][372]LogModuleManager: Shutting down and abandoning module SandboxFile (4)
[2017.05.02-07.35.56:331][372]LogModuleManager: Shutting down and abandoning module PakFile (2)
[2017.05.02-07.35.56:364][372]LogExit: Exiting.
[2017.05.02-07.35.56:365][372]Log file closed, 05/02/17 09:35:56
