Log file open, 07/14/17 17:51:15
LogInit:Display: Running engine for game: CreativeKeepers
LogPlatformFile: Not using cached read wrapper
LogInit:Display: RandInit(52976457) SRandInit(52976457).
LogTaskGraph: Started task graph with 5 named threads and 6 total threads with 1 sets of task threads.
LogStats: Stats thread started at 0.054297
LogInit: Using libcurl 7.47.1
LogInit:  - built for x86_64-pc-win32
LogInit:  - supports SSL with OpenSSL/1.0.2g
LogInit:  - supports HTTP deflate (compression) using libz 1.2.8
LogInit:  - other features:
LogInit:      CURL_VERSION_SSL
LogInit:      CURL_VERSION_LIBZ
LogInit:      CURL_VERSION_IPV6
LogInit:      CURL_VERSION_ASYNCHDNS
LogInit:      CURL_VERSION_LARGEFILE
LogInit:      CURL_VERSION_IDN
LogInit:  CurlRequestOptions (configurable via config and command line):
LogInit:  - bVerifyPeer = false  - Libcurl will NOT verify peer certificate
LogInit:  - bUseHttpProxy = false  - Libcurl will NOT use HTTP proxy
LogInit:  - bDontReuseConnections = false  - Libcurl will reuse connections
LogInit:  - CertBundlePath = nullptr  - Libcurl will use whatever was configured at build time.
LogInit: Build: ++UE4+Release-4.15-CL-3348071
LogInit: Engine Version: 4.15.1-3348071+++UE4+Release-4.15
LogInit: Compatible Engine Version: 4.15.0-3299760+++UE4+Release-4.15
LogInit: Net CL: 3299760
LogDevObjectVersion: Number of dev versions registered: 14
LogDevObjectVersion:   Dev-Blueprints (B0D832E4-1F89-4F0D-ACCF-7EB736FD4AA2): 8
LogDevObjectVersion:   Dev-Build (E1C64328-A22C-4D53-A36C-8E866417BD8C): 0
LogDevObjectVersion:   Dev-Core (375EC13C-06E4-48FB-B500-84F0262A717E): 2
LogDevObjectVersion:   Dev-Editor (E4B068ED-F494-42E9-A231-DA0B2E46BB41): 14
LogDevObjectVersion:   Dev-Framework (CFFC743F-43B0-4480-9391-14DF171D2073): 22
LogDevObjectVersion:   Dev-Mobile (B02B49B5-BB20-44E9-A304-32B752E40360): 0
LogDevObjectVersion:   Dev-Networking (A4E4105C-59A1-49B5-A7C5-40C4547EDFEE): 0
LogDevObjectVersion:   Dev-Online (39C831C9-5AE6-47DC-9A44-9C173E1C8E7C): 0
LogDevObjectVersion:   Dev-Physics (78F01B33-EBEA-4F98-B9B4-84EACCB95AA2): 0
LogDevObjectVersion:   Dev-Platform (6631380F-2D4D-43E0-8009-CF276956A95A): 0
LogDevObjectVersion:   Dev-Rendering (12F88B9F-8875-4AFC-A67C-D90C383ABD29): 12
LogDevObjectVersion:   Dev-Sequencer (7B5AE74C-D270-4C10-A958-57980B212A5A): 3
LogDevObjectVersion:   Dev-VR (D7296918-1DD6-4BDD-9DE2-64A83CC13884): 0
LogDevObjectVersion:   Dev-LoadTimes (C2A15278-BFE7-4AFE-6C17-90FF531DF755): 1
LogInit: Compiled (64-bit): Mar 15 2017 16:52:47
LogInit: Compiled with Visual C++: 19.00.23026.00
LogInit: Build Configuration: Development
LogInit: Branch Name: ++UE4+Release-4.15
LogInit: Command line: "D:/TFG/CreativeKeepers/CreativeKeepers.uproject" -run=GatherText -config="Config/Localization/Game_GenerateReports.ini"
LogInit: Base directory: D:/Programas/UE_4.15/Engine/Binaries/Win64/
LogInit: Installed Engine Build: 1
LogInit: Presizing for max 8388607 objects, including 0 objects not considered by GC, pre-allocating 0 bytes for permanent pool.
LogInit: Object subsystem initialized
[2017.07.14-15.51.15:893][  0]LogInit: Selected Device Profile: [Windows]
[2017.07.14-15.51.15:893][  0]LogInit: Applying CVar settings loaded from the selected device profile: [Windows]
[2017.07.14-15.51.15:900][  0]LogInit: Computer: DESKTOP-QMJBIV2
[2017.07.14-15.51.15:900][  0]LogInit: User: Grego
[2017.07.14-15.51.15:900][  0]LogInit: CPU Page size=65536, Cores=2
[2017.07.14-15.51.15:900][  0]LogInit: High frequency timer resolution =3.609379 MHz
[2017.07.14-15.51.15:900][  0]LogMemory: Memory total: Physical=8.0GB (8GB approx)
[2017.07.14-15.51.15:900][  0]LogMemory: Platform Memory Stats for Windows
[2017.07.14-15.51.15:900][  0]LogMemory: Process Physical Memory: 261.22 MB used, 261.22 MB peak
[2017.07.14-15.51.15:900][  0]LogMemory: Process Virtual Memory: 261.70 MB used, 261.70 MB peak
[2017.07.14-15.51.15:900][  0]LogMemory: Physical Memory: 4070.31 MB used,  4084.76 MB free, 8155.07 MB total
[2017.07.14-15.51.15:900][  0]LogMemory: Virtual Memory: 640.61 MB used,  4084.76 MB free, 134217728.00 MB total
[2017.07.14-15.51.15:952][  0]LogInit: Overriding culture en with editor configuration.
[2017.07.14-15.51.16:435][  0]LogShaderCompilers: Guid format shader working directory is 12 characters bigger than the processId version (../../../../../TFG/CreativeKeepers/Intermediate/Shaders/WorkingDirectory/4912/).
[2017.07.14-15.51.16:435][  0]LogShaderCompilers: Cleaned the shader compiler working directory 'C:/Users/Grego/AppData/Local/Temp/UnrealShaderWorkingDir/5C1A829E48E19DC3A0A63B8B00C6E6D5/'.
[2017.07.14-15.51.16:435][  0]LogShaderCompilers:Display: Using Local Shader Compiler.
[2017.07.14-15.51.17:503][  0]LogTemp:Display: Loaded TP AllDesktopTargetPlatform
[2017.07.14-15.51.17:541][  0]LogTemp:Display: Loaded TP MacClientTargetPlatform
[2017.07.14-15.51.17:584][  0]LogTemp:Display: Loaded TP MacNoEditorTargetPlatform
[2017.07.14-15.51.17:624][  0]LogTemp:Display: Loaded TP MacServerTargetPlatform
[2017.07.14-15.51.17:661][  0]LogTemp:Display: Loaded TP MacTargetPlatform
[2017.07.14-15.51.17:702][  0]LogTemp:Display: Loaded TP WindowsClientTargetPlatform
[2017.07.14-15.51.17:743][  0]LogTemp:Display: Loaded TP WindowsNoEditorTargetPlatform
[2017.07.14-15.51.17:789][  0]LogTemp:Display: Loaded TP WindowsServerTargetPlatform
[2017.07.14-15.51.17:827][  0]LogTemp:Display: Loaded TP WindowsTargetPlatform
[2017.07.14-15.51.17:872][  0]LogTemp:Display: Loaded TP AndroidTargetPlatform
[2017.07.14-15.51.17:909][  0]LogTemp:Display: Loaded TP Android_ASTCTargetPlatform
[2017.07.14-15.51.17:947][  0]LogTemp:Display: Loaded TP Android_ATCTargetPlatform
[2017.07.14-15.51.17:985][  0]LogTemp:Display: Loaded TP Android_DXTTargetPlatform
[2017.07.14-15.51.18:029][  0]LogTemp:Display: Loaded TP Android_ETC1TargetPlatform
[2017.07.14-15.51.18:068][  0]LogTemp:Display: Loaded TP Android_ETC2TargetPlatform
[2017.07.14-15.51.18:149][  0]LogTemp:Display: Loaded TP Android_MultiTargetPlatform
[2017.07.14-15.51.18:149][  0]LogTemp:Display: Loaded TP Android_PVRTCTargetPlatform
[2017.07.14-15.51.18:174][  0]LogTemp:Display: Loaded TP HTML5TargetPlatform
[2017.07.14-15.51.18:248][  0]LogTemp:Display: Loaded TP IOSTargetPlatform
[2017.07.14-15.51.18:275][  0]LogTemp:Display: Loaded TP TVOSTargetPlatform
[2017.07.14-15.51.18:314][  0]LogTemp:Display: Loaded TP LinuxClientTargetPlatform
[2017.07.14-15.51.18:355][  0]LogTemp:Display: Loaded TP LinuxNoEditorTargetPlatform
[2017.07.14-15.51.18:394][  0]LogTemp:Display: Loaded TP LinuxServerTargetPlatform
[2017.07.14-15.51.18:435][  0]LogTemp:Display: Loaded TP LinuxTargetPlatform
[2017.07.14-15.51.18:435][  0]LogTargetPlatformManager:Display: Building Assets For Windows
[2017.07.14-15.51.18:704][  0]LogDerivedDataCache:Display: Max Cache Size: 512 MB
[2017.07.14-15.51.18:707][  0]LogDerivedDataCache: Loaded boot cache 0.00s 4MB C:/Users/Grego/AppData/Local/UnrealEngine/4.15/DerivedDataCache/Boot.ddc.
[2017.07.14-15.51.18:707][  0]LogDerivedDataCache:Display: Loaded Boot cache: C:/Users/Grego/AppData/Local/UnrealEngine/4.15/DerivedDataCache/Boot.ddc
[2017.07.14-15.51.18:707][  0]LogDerivedDataCache: FDerivedDataBackendGraph:  Pak pak cache file ../../../../../TFG/CreativeKeepers/DerivedDataCache/DDC.ddp not found, will not use a pak cache.
[2017.07.14-15.51.18:707][  0]LogDerivedDataCache: Unable to find inner node Pak for hierarchical cache Hierarchy.
[2017.07.14-15.51.18:707][  0]LogDerivedDataCache: FDerivedDataBackendGraph:  CompressedPak pak cache file ../../../../../TFG/CreativeKeepers/DerivedDataCache/Compressed.ddp not found, will not use a pak cache.
[2017.07.14-15.51.18:707][  0]LogDerivedDataCache: Unable to find inner node CompressedPak for hierarchical cache Hierarchy.
[2017.07.14-15.51.18:724][  0]LogDerivedDataCache:Display: Pak cache opened for reading ../../../Engine/DerivedDataCache/Compressed.ddp.
[2017.07.14-15.51.18:735][  0]LogDerivedDataCache: Using Local data cache path C:/Users/Grego/AppData/Local/UnrealEngine/Common/DerivedDataCache: Writable
[2017.07.14-15.51.18:972][  0]LogInit: Selected Device Profile: [Windows]
[2017.07.14-15.51.19:048][  0]LogMeshUtilities: Using QuadricMeshReduction for automatic static mesh reduction
[2017.07.14-15.51.19:072][  0]LogSimplygon: Simplygon DLL not present - disabling.
[2017.07.14-15.51.19:100][  0]LogMeshUtilities: Using SimplygonSwarm for distributed automatic mesh merging
[2017.07.14-15.51.19:100][  0]LogMeshUtilities: No automatic skeletal mesh reduction module available
[2017.07.14-15.51.19:100][  0]LogMeshUtilities: No automatic mesh merging module available
[2017.07.14-15.51.19:332][  0]LogNetVersion: GetLocalNetworkVersion: CL: 3299760, ProjectName: creativekeepers, ProjectVersion: , EngineNetworkVersion: 2, GameNetworkVersion: 0, NetworkChecksum: 1593119604
[2017.07.14-15.51.19:349][  0]LogAssetRegistry: FAssetRegistry took 0.0001 seconds to start up
[2017.07.14-15.51.19:362][  0]LogPackageLocalizationCache: Processed 3 localized package path(s) for 1 prioritized culture(s) in 0.012509 seconds
[2017.07.14-15.51.19:410][  0]LogInit: WinSock: version 1.1 (2.2), MaxSocks=32767, MaxUdp=65467
[2017.07.14-15.51.20:397][  0]SourceControl: Info Source control is disabled
[2017.07.14-15.51.20:398][  0]SourceControl: Info Source control is disabled
[2017.07.14-15.51.20:428][  0]SourceControl: Info Source control is disabled
[2017.07.14-15.51.20:458][  0]SourceControl: Info Source control is disabled
[2017.07.14-15.51.21:181][  0]LogUObjectArray: 34832 objects as part of root set at end of initial load.
[2017.07.14-15.51.21:181][  0]LogUObjectAllocator: 7827960 out of 0 bytes used by permanent object pool.
[2017.07.14-15.51.21:181][  0]LogUObjectArray: CloseDisregardForGC: 0/0 objects in disregard for GC pool
[2017.07.14-15.51.21:182][  0]LogInit: Executing Class /Script/UnrealEd.GatherTextCommandlet
[2017.07.14-15.51.21:182][  0]LogInit: Initializing Editor Engine...
[2017.07.14-15.51.21:182][  0]LogEngine: Initializing Engine...
[2017.07.14-15.51.21:298][  0]LogAIModule: Creating AISystem for world Untitled
[2017.07.14-15.51.21:301][  0]LogDerivedDataCache: Saved boot cache 0.00s 4MB C:/Users/Grego/AppData/Local/UnrealEngine/4.15/DerivedDataCache/Boot.ddc.
[2017.07.14-15.51.21:302][  0]LogInit: Texture streaming: Disabled
[2017.07.14-15.51.21:350][  0]LogInit: Initializing Editor Engine Completed
[2017.07.14-15.51.21:848][  0]LogGatherTextCommandlet: Beginning GatherText Commandlet.
[2017.07.14-15.51.21:848][  0]LogGatherTextCommandlet: Executing GatherTextStep0: GenerateTextLocalizationReportCommandlet
[2017.07.14-15.51.21:849][  0]LogGatherTextCommandlet: Completed GatherTextStep0: GenerateTextLocalizationReportCommandlet
[2017.07.14-15.51.21:849][  0]LogInit:Display: 
[2017.07.14-15.51.21:849][  0]LogInit:Display: Success - 0 error(s), 0 warning(s)
[2017.07.14-15.51.21:850][  0]LogInit:Display: 
Execution of commandlet took:  0.00 seconds
[2017.07.14-15.51.21:850][  0]LogExit: Preparing to exit.
[2017.07.14-15.51.21:869][  0]LogExit: Editor shut down
[2017.07.14-15.51.21:917][  0]LogObj: Freed 0b from 0 cluster array pools.
[2017.07.14-15.51.21:917][  0]LogExit: Object subsystem successfully closed.
[2017.07.14-15.51.21:932][  0]LogModuleManager: Shutting down and abandoning module MatineeToLevelSequence (336)
[2017.07.14-15.51.21:932][  0]LogModuleManager: Shutting down and abandoning module LevelSequenceEditor (334)
[2017.07.14-15.51.21:932][  0]LogModuleManager: Shutting down and abandoning module PlacementMode (333)
[2017.07.14-15.51.21:932][  0]LogModuleManager: Shutting down and abandoning module WmfMediaEditor (330)
[2017.07.14-15.51.21:932][  0]LogModuleManager: Shutting down and abandoning module MfMediaFactory (328)
[2017.07.14-15.51.21:932][  0]LogModuleManager: Shutting down and abandoning module Media (327)
[2017.07.14-15.51.21:932][  0]LogModuleManager: Shutting down and abandoning module MfMediaEditor (324)
[2017.07.14-15.51.21:932][  0]LogModuleManager: Shutting down and abandoning module AvfMediaEditor (322)
[2017.07.14-15.51.21:932][  0]LogModuleManager: Shutting down and abandoning module AndroidMediaEditor (320)
[2017.07.14-15.51.21:932][  0]LogModuleManager: Shutting down and abandoning module CharacterAI (318)
[2017.07.14-15.51.21:932][  0]LogModuleManager: Shutting down and abandoning module AudioCapture (316)
[2017.07.14-15.51.21:932][  0]LogModuleManager: Shutting down and abandoning module SequenceRecorder (315)
[2017.07.14-15.51.21:932][  0]LogModuleManager: Shutting down and abandoning module LevelEditor (314)
[2017.07.14-15.51.21:932][  0]LogModuleManager: Shutting down and abandoning module PixelInspectorModule (313)
[2017.07.14-15.51.21:932][  0]LogModuleManager: Shutting down and abandoning module Persona (310)
[2017.07.14-15.51.21:932][  0]LogModuleManager: Shutting down and abandoning module AnimGraph (309)
[2017.07.14-15.51.21:932][  0]LogModuleManager: Shutting down and abandoning module SmartSnapping (304)
[2017.07.14-15.51.21:932][  0]LogModuleManager: Shutting down and abandoning module Niagara (302)
[2017.07.14-15.51.21:932][  0]LogModuleManager: Shutting down and abandoning module StreamingPauseRendering (300)
[2017.07.14-15.51.21:932][  0]LogModuleManager: Shutting down and abandoning module AIModule (298)
[2017.07.14-15.51.21:932][  0]LogModuleManager: Shutting down and abandoning module GameplayDebugger (297)
[2017.07.14-15.51.21:932][  0]LogModuleManager: Shutting down and abandoning module AITestSuite (295)
[2017.07.14-15.51.21:932][  0]LogModuleManager: Shutting down and abandoning module SteamVRController (292)
[2017.07.14-15.51.21:932][  0]LogModuleManager: Shutting down and abandoning module SteamVR (290)
[2017.07.14-15.51.21:932][  0]LogModuleManager: Shutting down and abandoning module ProceduralMeshComponentEditor (288)
[2017.07.14-15.51.21:932][  0]LogModuleManager: Shutting down and abandoning module ProceduralMeshComponent (286)
[2017.07.14-15.51.21:932][  0]LogModuleManager: Shutting down and abandoning module OculusLibrary (284)
[2017.07.14-15.51.21:932][  0]LogModuleManager: Shutting down and abandoning module OculusInput (282)
[2017.07.14-15.51.21:932][  0]LogModuleManager: Shutting down and abandoning module MobilePatchingUtils (280)
[2017.07.14-15.51.21:932][  0]LogModuleManager: Shutting down and abandoning module CustomMeshComponent (278)
[2017.07.14-15.51.21:932][  0]LogModuleManager: Shutting down and abandoning module CableComponent (276)
[2017.07.14-15.51.21:932][  0]LogModuleManager: Shutting down and abandoning module ArchVisCharacter (274)
[2017.07.14-15.51.21:933][  0]LogModuleManager: Shutting down and abandoning module MediaPlayerEditor (270)
[2017.07.14-15.51.21:933][  0]LogModuleManager: Shutting down and abandoning module HTML5Networking (268)
[2017.07.14-15.51.21:933][  0]LogModuleManager: Shutting down and abandoning module AlembicImporter (266)
[2017.07.14-15.51.21:933][  0]LogModuleManager: Shutting down and abandoning module AlembicLibrary (265)
[2017.07.14-15.51.21:933][  0]LogModuleManager: Shutting down and abandoning module GeometryCache (264)
[2017.07.14-15.51.21:933][  0]LogModuleManager: Shutting down and abandoning module GeometryCacheEd (263)
[2017.07.14-15.51.21:933][  0]LogModuleManager: Shutting down and abandoning module SuperSearchEditor (258)
[2017.07.14-15.51.21:933][  0]LogModuleManager: Shutting down and abandoning module SuperSearch (257)
[2017.07.14-15.51.21:933][  0]LogModuleManager: Shutting down and abandoning module SpeedTreeImporter (254)
[2017.07.14-15.51.21:933][  0]LogModuleManager: Shutting down and abandoning module PluginBrowser (252)
[2017.07.14-15.51.21:933][  0]LogModuleManager: Shutting down and abandoning module MainFrame (251)
[2017.07.14-15.51.21:933][  0]LogModuleManager: Shutting down and abandoning module MobileLauncherProfileWizard (248)
[2017.07.14-15.51.21:933][  0]LogModuleManager: Shutting down and abandoning module EpicSurvey (246)
[2017.07.14-15.51.21:933][  0]LogModuleManager: Shutting down and abandoning module VisualStudioSourceCodeAccess (244)
[2017.07.14-15.51.21:933][  0]LogModuleManager: Shutting down and abandoning module DesktopPlatform (243)
[2017.07.14-15.51.21:933][  0]LogModuleManager: Shutting down and abandoning module HotReload (241)
[2017.07.14-15.51.21:933][  0]LogModuleManager: Shutting down and abandoning module DirectoryWatcher (240)
[2017.07.14-15.51.21:933][  0]LogModuleManager: Shutting down and abandoning module UObjectPlugin (236)
[2017.07.14-15.51.21:933][  0]LogModuleManager: Shutting down and abandoning module SubversionSourceControl (234)
[2017.07.14-15.51.21:933][  0]LogModuleManager: Shutting down and abandoning module PerforceSourceControl (232)
[2017.07.14-15.51.21:933][  0]LogModuleManager: Shutting down and abandoning module GitSourceControl (230)
[2017.07.14-15.51.21:933][  0]LogModuleManager: Shutting down and abandoning module SourceControl (229)
[2017.07.14-15.51.21:933][  0]LogModuleManager: Shutting down and abandoning module LightPropagationVolumeEditor (226)
[2017.07.14-15.51.21:933][  0]LogModuleManager: Shutting down and abandoning module PaperTiledImporter (224)
[2017.07.14-15.51.21:933][  0]LogModuleManager: Shutting down and abandoning module PaperSpriteSheetImporter (222)
[2017.07.14-15.51.21:933][  0]LogModuleManager: Shutting down and abandoning module Paper2DEditor (220)
[2017.07.14-15.51.21:933][  0]LogModuleManager: Shutting down and abandoning module MeshPaint (219)
[2017.07.14-15.51.21:933][  0]LogModuleManager: Shutting down and abandoning module PhysXVehiclesEditor (216)
[2017.07.14-15.51.21:933][  0]LogModuleManager: Shutting down and abandoning module PhysXVehicles (214)
[2017.07.14-15.51.21:934][  0]LogModuleManager: Shutting down and abandoning module LocationServicesBPLibrary (212)
[2017.07.14-15.51.21:934][  0]LogModuleManager: Shutting down and abandoning module UdpMessaging (210)
[2017.07.14-15.51.21:934][  0]LogModuleManager: Shutting down and abandoning module TcpMessaging (208)
[2017.07.14-15.51.21:934][  0]LogModuleManager: Shutting down and abandoning module GameplayTagsEditor (206)
[2017.07.14-15.51.21:934][  0]LogModuleManager: Shutting down and abandoning module FacialAnimationEditor (204)
[2017.07.14-15.51.21:934][  0]LogModuleManager: Shutting down and abandoning module FacialAnimation (202)
[2017.07.14-15.51.21:934][  0]LogModuleManager: Shutting down and abandoning module LightPropagationVolumeRuntime (200)
[2017.07.14-15.51.21:934][  0]LogModuleManager: Shutting down and abandoning module Paper2D (198)
[2017.07.14-15.51.21:934][  0]LogModuleManager: Shutting down and abandoning module MediaAssets (196)
[2017.07.14-15.51.21:934][  0]LogModuleManager: Shutting down and abandoning module GameLiveStreaming (194)
[2017.07.14-15.51.21:934][  0]LogModuleManager: Shutting down and abandoning module Blutility (192)
[2017.07.14-15.51.21:934][  0]LogModuleManager: Shutting down and abandoning module IntroTutorials (190)
[2017.07.14-15.51.21:934][  0]LogModuleManager: Shutting down and abandoning module VREditor (188)
[2017.07.14-15.51.21:934][  0]LogModuleManager: Shutting down and abandoning module GameplayTasksEditor (186)
[2017.07.14-15.51.21:934][  0]LogModuleManager: Shutting down and abandoning module BehaviorTreeEditor (184)
[2017.07.14-15.51.21:934][  0]LogModuleManager: Shutting down and abandoning module FunctionalTesting (182)
[2017.07.14-15.51.21:934][  0]LogModuleManager: Shutting down and abandoning module CollisionAnalyzer (180)
[2017.07.14-15.51.21:934][  0]LogModuleManager: Shutting down and abandoning module UMG (178)
[2017.07.14-15.51.21:934][  0]LogModuleManager: Shutting down and abandoning module UMGEditor (177)
[2017.07.14-15.51.21:934][  0]LogModuleManager: Shutting down and abandoning module Sequencer (176)
[2017.07.14-15.51.21:934][  0]LogModuleManager: Shutting down and abandoning module AssetTools (174)
[2017.07.14-15.51.21:934][  0]LogModuleManager: Shutting down and abandoning module MessageLog (173)
[2017.07.14-15.51.21:934][  0]LogModuleManager: Shutting down and abandoning module WorkspaceMenuStructure (172)
[2017.07.14-15.51.21:934][  0]LogModuleManager: Shutting down and abandoning module SlateReflector (166)
[2017.07.14-15.51.21:934][  0]LogModuleManager: Shutting down and abandoning module Slate (164)
[2017.07.14-15.51.21:934][  0]LogModuleManager: Shutting down and abandoning module EditorStyle (162)
[2017.07.14-15.51.21:936][  0]LogModuleManager: Shutting down and abandoning module SourceCodeAccess (160)
[2017.07.14-15.51.21:936][  0]LogModuleManager: Shutting down and abandoning module HeadMountedDisplay (158)
[2017.07.14-15.51.21:936][  0]LogModuleManager: Shutting down and abandoning module XAudio2 (156)
[2017.07.14-15.51.21:936][  0]LogModuleManager: Shutting down and abandoning module Networking (154)
[2017.07.14-15.51.21:936][  0]LogModuleManager: Shutting down and abandoning module Core (150)
[2017.07.14-15.51.21:936][  0]LogModuleManager: Shutting down and abandoning module AssetRegistry (148)
[2017.07.14-15.51.21:936][  0]LogModuleManager: Shutting down and abandoning module KismetCompiler (146)
[2017.07.14-15.51.21:936][  0]LogModuleManager: Shutting down and abandoning module PhysXFormats (144)
[2017.07.14-15.51.21:936][  0]LogModuleManager: Shutting down and abandoning module MeshUtilities (142)
[2017.07.14-15.51.21:936][  0]LogModuleManager: Shutting down and abandoning module SimplygonSwarm (141)
[2017.07.14-15.51.21:936][  0]LogModuleManager: Shutting down and abandoning module SimplygonMeshReduction (139)
[2017.07.14-15.51.21:936][  0]LogModuleManager: Shutting down and abandoning module QuadricMeshReduction (137)
[2017.07.14-15.51.21:936][  0]LogModuleManager: Shutting down and abandoning module PropertyEditor (135)
[2017.07.14-15.51.21:936][  0]LogModuleManager: Shutting down and abandoning module DerivedDataCache (132)
[2017.07.14-15.51.22:227][  0]LogDerivedDataCache: Shutdown
[2017.07.14-15.51.22:227][  0]LogModuleManager: Shutting down and abandoning module TargetPlatform (130)
[2017.07.14-15.51.22:228][  0]LogModuleManager: Shutting down and abandoning module VulkanShaderFormat (129)
[2017.07.14-15.51.22:228][  0]LogModuleManager: Shutting down and abandoning module ShaderFormatOpenGL (127)
[2017.07.14-15.51.22:228][  0]LogModuleManager: Shutting down and abandoning module ShaderFormatD3D (125)
[2017.07.14-15.51.22:228][  0]LogModuleManager: Shutting down and abandoning module MetalShaderFormat (123)
[2017.07.14-15.51.22:228][  0]LogModuleManager: Shutting down and abandoning module TextureFormatUncompressed (121)
[2017.07.14-15.51.22:228][  0]LogModuleManager: Shutting down and abandoning module TextureFormatPVR (119)
[2017.07.14-15.51.22:228][  0]LogModuleManager: Shutting down and abandoning module TextureFormatDXT (117)
[2017.07.14-15.51.22:228][  0]LogModuleManager: Shutting down and abandoning module TextureFormatIntelISPCTexComp (115)
[2017.07.14-15.51.22:228][  0]LogModuleManager: Shutting down and abandoning module TextureFormatASTC (113)
[2017.07.14-15.51.22:228][  0]LogModuleManager: Shutting down and abandoning module ImageWrapper (112)
[2017.07.14-15.51.22:228][  0]LogModuleManager: Shutting down and abandoning module TextureFormatAndroid (109)
[2017.07.14-15.51.22:228][  0]LogModuleManager: Shutting down and abandoning module AudioFormatOpus (107)
[2017.07.14-15.51.22:228][  0]LogModuleManager: Shutting down and abandoning module AudioFormatOgg (105)
[2017.07.14-15.51.22:228][  0]LogModuleManager: Shutting down and abandoning module AudioFormatADPCM (103)
[2017.07.14-15.51.22:228][  0]LogModuleManager: Shutting down and abandoning module LinuxTargetPlatform (101)
[2017.07.14-15.51.22:228][  0]LogModuleManager: Shutting down and abandoning module LinuxServerTargetPlatform (99)
[2017.07.14-15.51.22:228][  0]LogModuleManager: Shutting down and abandoning module LinuxNoEditorTargetPlatform (97)
[2017.07.14-15.51.22:228][  0]LogModuleManager: Shutting down and abandoning module LinuxClientTargetPlatform (95)
[2017.07.14-15.51.22:228][  0]LogModuleManager: Shutting down and abandoning module TVOSTargetPlatform (93)
[2017.07.14-15.51.22:228][  0]LogModuleManager: Shutting down and abandoning module Messaging (91)
[2017.07.14-15.51.22:228][  0]LogModuleManager: Shutting down and abandoning module IOSTargetPlatform (89)
[2017.07.14-15.51.22:228][  0]LogModuleManager: Shutting down and abandoning module HTML5TargetPlatform (87)
[2017.07.14-15.51.22:228][  0]LogModuleManager: Shutting down and abandoning module Android_PVRTCTargetPlatform (85)
[2017.07.14-15.51.22:228][  0]LogModuleManager: Shutting down and abandoning module Android_MultiTargetPlatform (83)
[2017.07.14-15.51.22:228][  0]LogModuleManager: Shutting down and abandoning module Android_ETC2TargetPlatform (81)
[2017.07.14-15.51.22:228][  0]LogModuleManager: Shutting down and abandoning module Android_ETC1TargetPlatform (79)
[2017.07.14-15.51.22:228][  0]LogModuleManager: Shutting down and abandoning module Android_DXTTargetPlatform (77)
[2017.07.14-15.51.22:228][  0]LogModuleManager: Shutting down and abandoning module Android_ATCTargetPlatform (75)
[2017.07.14-15.51.22:228][  0]LogModuleManager: Shutting down and abandoning module Android_ASTCTargetPlatform (73)
[2017.07.14-15.51.22:228][  0]LogModuleManager: Shutting down and abandoning module AndroidTargetPlatform (71)
[2017.07.14-15.51.22:228][  0]LogModuleManager: Shutting down and abandoning module WindowsTargetPlatform (69)
[2017.07.14-15.51.22:228][  0]LogModuleManager: Shutting down and abandoning module WindowsServerTargetPlatform (67)
[2017.07.14-15.51.22:228][  0]LogModuleManager: Shutting down and abandoning module WindowsNoEditorTargetPlatform (65)
[2017.07.14-15.51.22:228][  0]LogModuleManager: Shutting down and abandoning module WindowsClientTargetPlatform (63)
[2017.07.14-15.51.22:228][  0]LogModuleManager: Shutting down and abandoning module MacTargetPlatform (61)
[2017.07.14-15.51.22:228][  0]LogModuleManager: Shutting down and abandoning module MacServerTargetPlatform (59)
[2017.07.14-15.51.22:228][  0]LogModuleManager: Shutting down and abandoning module MacNoEditorTargetPlatform (57)
[2017.07.14-15.51.22:228][  0]LogModuleManager: Shutting down and abandoning module MacClientTargetPlatform (55)
[2017.07.14-15.51.22:228][  0]LogModuleManager: Shutting down and abandoning module AllDesktopTargetPlatform (53)
[2017.07.14-15.51.22:228][  0]LogModuleManager: Shutting down and abandoning module NullDrv (50)
[2017.07.14-15.51.22:228][  0]LogModuleManager: Shutting down and abandoning module ExampleDeviceProfileSelector (48)
[2017.07.14-15.51.22:228][  0]LogModuleManager: Shutting down and abandoning module OculusRift (46)
[2017.07.14-15.51.22:228][  0]LogModuleManager: Shutting down and abandoning module GearVR (44)
[2017.07.14-15.51.22:228][  0]LogModuleManager: Shutting down and abandoning module OnlineBlueprintSupport (42)
[2017.07.14-15.51.22:228][  0]LogModuleManager: Shutting down and abandoning module OnlineSubsystem (38)
[2017.07.14-15.51.22:228][  0]LogOnline:Display: Unloading online subsystem: NULL
[2017.07.14-15.51.22:228][  0]LogModuleManager: Shutting down and abandoning module XMPP (37)
[2017.07.14-15.51.22:228][  0]LogModuleManager: Shutting down and abandoning module HTTP (35)
[2017.07.14-15.51.22:258][  0]LogModuleManager: Shutting down and abandoning module SSL (34)
[2017.07.14-15.51.22:259][  0]LogModuleManager: Shutting down and abandoning module AudioEditor (30)
[2017.07.14-15.51.22:259][  0]LogModuleManager: Shutting down and abandoning module TextureCompressor (28)
[2017.07.14-15.51.22:259][  0]LogModuleManager: Shutting down and abandoning module ShaderCore (26)
[2017.07.14-15.51.22:259][  0]LogModuleManager: Shutting down and abandoning module Landscape (24)
[2017.07.14-15.51.22:259][  0]LogModuleManager: Shutting down and abandoning module SlateRHIRenderer (22)
[2017.07.14-15.51.22:259][  0]LogModuleManager: Shutting down and abandoning module OpenGLDrv (20)
[2017.07.14-15.51.22:259][  0]LogModuleManager: Shutting down and abandoning module D3D11RHI (18)
[2017.07.14-15.51.22:259][  0]LogModuleManager: Shutting down and abandoning module AnimGraphRuntime (16)
[2017.07.14-15.51.22:259][  0]LogModuleManager: Shutting down and abandoning module Renderer (14)
[2017.07.14-15.51.22:259][  0]LogModuleManager: Shutting down and abandoning module Engine (12)
[2017.07.14-15.51.22:259][  0]LogModuleManager: Shutting down and abandoning module CoreUObject (10)
[2017.07.14-15.51.22:259][  0]LogModuleManager: Shutting down and abandoning module NetworkFile (8)
[2017.07.14-15.51.22:259][  0]LogModuleManager: Shutting down and abandoning module StreamingFile (6)
[2017.07.14-15.51.22:259][  0]LogModuleManager: Shutting down and abandoning module SandboxFile (4)
[2017.07.14-15.51.22:259][  0]LogModuleManager: Shutting down and abandoning module PakFile (2)
[2017.07.14-15.51.22:259][  0]LogExit: Exiting.
[2017.07.14-15.51.22:261][  0]Log file closed, 07/14/17 17:51:22
