Log file open, 04/18/17 16:01:51
LogInit:Display: Running engine for game: CreativeKeepers
LogPlatformFile: Not using cached read wrapper
LogInit:Display: RandInit(-1230562285) SRandInit(-1230562285).
LogTaskGraph: Started task graph with 5 named threads and 6 total threads with 1 sets of task threads.
LogStats: Stats thread started at 0.050615
LogInit: Using libcurl 7.47.1
LogInit:  - built for x86_64-pc-win32
LogInit:  - supports SSL with OpenSSL/1.0.2g
LogInit:  - supports HTTP deflate (compression) using libz 1.2.8
LogInit:  - other features:
LogInit:      CURL_VERSION_SSL
LogInit:      CURL_VERSION_LIBZ
LogInit:      CURL_VERSION_IPV6
LogInit:      CURL_VERSION_ASYNCHDNS
LogInit:      CURL_VERSION_LARGEFILE
LogInit:      CURL_VERSION_IDN
LogInit:  CurlRequestOptions (configurable via config and command line):
LogInit:  - bVerifyPeer = false  - Libcurl will NOT verify peer certificate
LogInit:  - bUseHttpProxy = false  - Libcurl will NOT use HTTP proxy
LogInit:  - bDontReuseConnections = false  - Libcurl will reuse connections
LogInit:  - CertBundlePath = nullptr  - Libcurl will use whatever was configured at build time.
LogInit: Build: ++UE4+Release-4.15-CL-3348071
LogInit: Engine Version: 4.15.1-3348071+++UE4+Release-4.15
LogInit: Compatible Engine Version: 4.15.0-3299760+++UE4+Release-4.15
LogInit: Net CL: 3299760
LogDevObjectVersion: Number of dev versions registered: 14
LogDevObjectVersion:   Dev-Blueprints (B0D832E4-1F89-4F0D-ACCF-7EB736FD4AA2): 8
LogDevObjectVersion:   Dev-Build (E1C64328-A22C-4D53-A36C-8E866417BD8C): 0
LogDevObjectVersion:   Dev-Core (375EC13C-06E4-48FB-B500-84F0262A717E): 2
LogDevObjectVersion:   Dev-Editor (E4B068ED-F494-42E9-A231-DA0B2E46BB41): 14
LogDevObjectVersion:   Dev-Framework (CFFC743F-43B0-4480-9391-14DF171D2073): 22
LogDevObjectVersion:   Dev-Mobile (B02B49B5-BB20-44E9-A304-32B752E40360): 0
LogDevObjectVersion:   Dev-Networking (A4E4105C-59A1-49B5-A7C5-40C4547EDFEE): 0
LogDevObjectVersion:   Dev-Online (39C831C9-5AE6-47DC-9A44-9C173E1C8E7C): 0
LogDevObjectVersion:   Dev-Physics (78F01B33-EBEA-4F98-B9B4-84EACCB95AA2): 0
LogDevObjectVersion:   Dev-Platform (6631380F-2D4D-43E0-8009-CF276956A95A): 0
LogDevObjectVersion:   Dev-Rendering (12F88B9F-8875-4AFC-A67C-D90C383ABD29): 12
LogDevObjectVersion:   Dev-Sequencer (7B5AE74C-D270-4C10-A958-57980B212A5A): 3
LogDevObjectVersion:   Dev-VR (D7296918-1DD6-4BDD-9DE2-64A83CC13884): 0
LogDevObjectVersion:   Dev-LoadTimes (C2A15278-BFE7-4AFE-6C17-90FF531DF755): 1
LogInit: Compiled (64-bit): Mar 15 2017 16:52:47
LogInit: Compiled with Visual C++: 19.00.23026.00
LogInit: Build Configuration: Development
LogInit: Branch Name: ++UE4+Release-4.15
LogInit: Command line: -EpicPortal 
LogInit: Base directory: D:/Programas/UE_4.15/Engine/Binaries/Win64/
LogInit: Installed Engine Build: 1
LogInit: Presizing for max 8388607 objects, including 0 objects not considered by GC, pre-allocating 0 bytes for permanent pool.
LogInit: Object subsystem initialized
[2017.04.18-14.01.52:198][  0]LogInit: Selected Device Profile: [Windows]
[2017.04.18-14.01.52:198][  0]LogInit: Applying CVar settings loaded from the selected device profile: [Windows]
[2017.04.18-14.01.52:203][  0]LogInit: Computer: DESKTOP-QMJBIV2
[2017.04.18-14.01.52:203][  0]LogInit: User: Grego
[2017.04.18-14.01.52:203][  0]LogInit: CPU Page size=65536, Cores=2
[2017.04.18-14.01.52:203][  0]LogInit: High frequency timer resolution =3.609377 MHz
[2017.04.18-14.01.52:203][  0]LogMemory: Memory total: Physical=8.0GB (8GB approx)
[2017.04.18-14.01.52:203][  0]LogMemory: Platform Memory Stats for Windows
[2017.04.18-14.01.52:203][  0]LogMemory: Process Physical Memory: 262.25 MB used, 262.25 MB peak
[2017.04.18-14.01.52:203][  0]LogMemory: Process Virtual Memory: 262.21 MB used, 262.21 MB peak
[2017.04.18-14.01.52:203][  0]LogMemory: Physical Memory: 4021.73 MB used,  4133.34 MB free, 8155.07 MB total
[2017.04.18-14.01.52:203][  0]LogMemory: Virtual Memory: 643.11 MB used,  4133.34 MB free, 134217728.00 MB total
[2017.04.18-14.01.52:257][  0]LogTextLocalizationManager: No specific translations for ('es-ES') exist, so ('es') translations will be used.
[2017.04.18-14.01.52:627][  0]LogD3D11RHI: D3D11 adapters:
[2017.04.18-14.01.53:128][  0]LogD3D11RHI:    0. 'NVIDIA GeForce GTX 1060 6GB' (Feature Level 11_0)
[2017.04.18-14.01.53:128][  0]LogD3D11RHI:       6084/0/4077 MB DedicatedVideo/DedicatedSystem/SharedSystem, Outputs:1, VendorId:0x10de
[2017.04.18-14.01.53:129][  0]LogD3D11RHI:    1. 'Microsoft Basic Render Driver' (Feature Level 11_0)
[2017.04.18-14.01.53:129][  0]LogD3D11RHI:       0/0/4077 MB DedicatedVideo/DedicatedSystem/SharedSystem, Outputs:0, VendorId:0x1414
[2017.04.18-14.01.53:129][  0]LogD3D11RHI: Chosen D3D11 Adapter: 0
[2017.04.18-14.01.53:132][  0]LogD3D11RHI: Creating new Direct3DDevice
[2017.04.18-14.01.53:132][  0]LogD3D11RHI:     GPU DeviceId: 0x1c03 (for the marketing name, search the web for "GPU Device Id")
[2017.04.18-14.01.53:132][  0]LogWindows: EnumDisplayDevices:
[2017.04.18-14.01.53:132][  0]LogWindows:    0. 'NVIDIA GeForce GTX 1060 6GB' (P:1 D:1)
[2017.04.18-14.01.53:132][  0]LogWindows:    1. 'NVIDIA GeForce GTX 1060 6GB' (P:0 D:0)
[2017.04.18-14.01.53:132][  0]LogWindows:    2. 'NVIDIA GeForce GTX 1060 6GB' (P:0 D:0)
[2017.04.18-14.01.53:132][  0]LogWindows:    3. 'NVIDIA GeForce GTX 1060 6GB' (P:0 D:0)
[2017.04.18-14.01.53:132][  0]LogWindows: DebugString: FoundDriverCount:4 
[2017.04.18-14.01.53:132][  0]LogD3D11RHI:     Adapter Name: NVIDIA GeForce GTX 1060 6GB
[2017.04.18-14.01.53:132][  0]LogD3D11RHI:   Driver Version: 378.92 (internal:21.21.13.7892, unified:378.92)
[2017.04.18-14.01.53:132][  0]LogD3D11RHI:      Driver Date: 3-16-2017
[2017.04.18-14.01.53:132][  0]LogRHI: Texture pool is 1361 MB (70% of 1945 MB)
[2017.04.18-14.01.53:581][  0]LogD3D11RHI: Async texture creation enabled
[2017.04.18-14.01.53:608][  0]LogD3D11RHI: GPU Timing Frequency: 1000.000000 (Debug: 2 1)
[2017.04.18-14.01.53:656][  0]LogShaderCompilers: Guid format shader working directory is 12 characters bigger than the processId version (../../../../../TFG/CreativeKeepers/Intermediate/Shaders/WorkingDirectory/3204/).
[2017.04.18-14.01.53:656][  0]LogShaderCompilers: Cleaned the shader compiler working directory 'C:/Users/Grego/AppData/Local/Temp/UnrealShaderWorkingDir/86C2455040E6BBA7CA5479B28C94A7E7/'.
[2017.04.18-14.01.53:656][  0]LogShaderCompilers:Display: Using Local Shader Compiler.
[2017.04.18-14.01.54:576][  0]LogTemp:Display: Loaded TP AllDesktopTargetPlatform
[2017.04.18-14.01.54:615][  0]LogTemp:Display: Loaded TP MacClientTargetPlatform
[2017.04.18-14.01.54:655][  0]LogTemp:Display: Loaded TP MacNoEditorTargetPlatform
[2017.04.18-14.01.54:693][  0]LogTemp:Display: Loaded TP MacServerTargetPlatform
[2017.04.18-14.01.54:731][  0]LogTemp:Display: Loaded TP MacTargetPlatform
[2017.04.18-14.01.54:770][  0]LogTemp:Display: Loaded TP WindowsClientTargetPlatform
[2017.04.18-14.01.54:806][  0]LogTemp:Display: Loaded TP WindowsNoEditorTargetPlatform
[2017.04.18-14.01.54:842][  0]LogTemp:Display: Loaded TP WindowsServerTargetPlatform
[2017.04.18-14.01.54:871][  0]LogTemp:Display: Loaded TP WindowsTargetPlatform
[2017.04.18-14.01.54:907][  0]LogTemp:Display: Loaded TP AndroidTargetPlatform
[2017.04.18-14.01.54:942][  0]LogTemp:Display: Loaded TP Android_ASTCTargetPlatform
[2017.04.18-14.01.54:977][  0]LogTemp:Display: Loaded TP Android_ATCTargetPlatform
[2017.04.18-14.01.55:011][  0]LogTemp:Display: Loaded TP Android_DXTTargetPlatform
[2017.04.18-14.01.55:046][  0]LogTemp:Display: Loaded TP Android_ETC1TargetPlatform
[2017.04.18-14.01.55:082][  0]LogTemp:Display: Loaded TP Android_ETC2TargetPlatform
[2017.04.18-14.01.55:151][  0]LogTemp:Display: Loaded TP Android_MultiTargetPlatform
[2017.04.18-14.01.55:151][  0]LogTemp:Display: Loaded TP Android_PVRTCTargetPlatform
[2017.04.18-14.01.55:173][  0]LogTemp:Display: Loaded TP HTML5TargetPlatform
[2017.04.18-14.01.55:240][  0]LogTemp:Display: Loaded TP IOSTargetPlatform
[2017.04.18-14.01.55:264][  0]LogTemp:Display: Loaded TP TVOSTargetPlatform
[2017.04.18-14.01.55:298][  0]LogTemp:Display: Loaded TP LinuxClientTargetPlatform
[2017.04.18-14.01.55:332][  0]LogTemp:Display: Loaded TP LinuxNoEditorTargetPlatform
[2017.04.18-14.01.55:365][  0]LogTemp:Display: Loaded TP LinuxServerTargetPlatform
[2017.04.18-14.01.55:400][  0]LogTemp:Display: Loaded TP LinuxTargetPlatform
[2017.04.18-14.01.55:400][  0]LogTargetPlatformManager:Display: Building Assets For Windows
[2017.04.18-14.01.55:651][  0]LogDerivedDataCache:Display: Max Cache Size: 512 MB
[2017.04.18-14.01.55:697][  0]LogDerivedDataCache: Loaded boot cache 0.05s 50MB C:/Users/Grego/AppData/Local/UnrealEngine/4.15/DerivedDataCache/Boot.ddc.
[2017.04.18-14.01.55:697][  0]LogDerivedDataCache:Display: Loaded Boot cache: C:/Users/Grego/AppData/Local/UnrealEngine/4.15/DerivedDataCache/Boot.ddc
[2017.04.18-14.01.55:697][  0]LogDerivedDataCache: FDerivedDataBackendGraph:  Pak pak cache file ../../../../../TFG/CreativeKeepers/DerivedDataCache/DDC.ddp not found, will not use a pak cache.
[2017.04.18-14.01.55:697][  0]LogDerivedDataCache: Unable to find inner node Pak for hierarchical cache Hierarchy.
[2017.04.18-14.01.55:697][  0]LogDerivedDataCache: FDerivedDataBackendGraph:  CompressedPak pak cache file ../../../../../TFG/CreativeKeepers/DerivedDataCache/Compressed.ddp not found, will not use a pak cache.
[2017.04.18-14.01.55:697][  0]LogDerivedDataCache: Unable to find inner node CompressedPak for hierarchical cache Hierarchy.
[2017.04.18-14.01.55:712][  0]LogDerivedDataCache:Display: Pak cache opened for reading ../../../Engine/DerivedDataCache/Compressed.ddp.
[2017.04.18-14.02.06:183][  0]LogDerivedDataCache:Warning: C:/Users/Grego/AppData/Local/UnrealEngine/Common/DerivedDataCache access is very slow (initialization took 10.47 seconds), consider disabling it.
[2017.04.18-14.02.06:194][  0]LogDerivedDataCache: Using Local data cache path C:/Users/Grego/AppData/Local/UnrealEngine/Common/DerivedDataCache: Writable
[2017.04.18-14.02.06:202][  0]LogSlate: Using Freetype 2.6.0
[2017.04.18-14.02.06:203][  0]LogSlate: SlateFontCache - WITH_FREETYPE: 1, WITH_HARFBUZZ: 1
[2017.04.18-14.02.06:203][  0]LogSlate: SlateFontCache - WITH_FREETYPE: 1, WITH_HARFBUZZ: 1
[2017.04.18-14.02.06:558][  0]LogInit: Selected Device Profile: [Windows]
[2017.04.18-14.02.06:562][  0]LogContentStreaming: Texture pool size is 0.00 MB
[2017.04.18-14.02.06:740][  0]LogMeshUtilities: Using QuadricMeshReduction for automatic static mesh reduction
[2017.04.18-14.02.06:768][  0]LogSimplygon: Simplygon DLL not present - disabling.
[2017.04.18-14.02.06:799][  0]LogMeshUtilities: Using SimplygonSwarm for distributed automatic mesh merging
[2017.04.18-14.02.06:799][  0]LogMeshUtilities: No automatic skeletal mesh reduction module available
[2017.04.18-14.02.06:799][  0]LogMeshUtilities: No automatic mesh merging module available
[2017.04.18-14.02.07:283][  0]LogNetVersion: GetLocalNetworkVersion: CL: 3299760, ProjectName: creativekeepers, ProjectVersion: , EngineNetworkVersion: 2, GameNetworkVersion: 0, NetworkChecksum: 1593119604
[2017.04.18-14.02.07:326][  0]LogAssetRegistry: FAssetRegistry took 0.0212 seconds to start up
[2017.04.18-14.02.07:368][  0]LogPackageLocalizationCache: Processed 3 localized package path(s) for 2 prioritized culture(s) in 0.025958 seconds
[2017.04.18-14.02.07:374][  0]LogUObjectArray: 32493 objects as part of root set at end of initial load.
[2017.04.18-14.02.07:374][  0]LogUObjectAllocator: 7077024 out of 0 bytes used by permanent object pool.
[2017.04.18-14.02.07:374][  0]LogUObjectArray: CloseDisregardForGC: 0/0 objects in disregard for GC pool
[2017.04.18-14.02.07:421][  0]LogInit: WinSock: version 1.1 (2.2), MaxSocks=32767, MaxUdp=65467
[2017.04.18-14.02.08:635][  0]LogTcpMessaging: Initializing TcpMessaging bridge
[2017.04.18-14.02.08:683][  0]LogUdpMessaging: Initializing bridge on interface 0.0.0.0:0 to multicast group 230.0.0.1:6666.
[2017.04.18-14.02.08:970][  0]LogMaterial: Uniform references updated for custom material expression Custom.
[2017.04.18-14.02.09:283][  0]SourceControl: Información El control de código fuente está desactivado
[2017.04.18-14.02.09:284][  0]SourceControl: Información El control de código fuente está desactivado
[2017.04.18-14.02.09:329][  0]SourceControl: Información El control de código fuente está desactivado
[2017.04.18-14.02.09:357][  0]SourceControl: Información El control de código fuente está desactivado
[2017.04.18-14.02.10:148][  0]LogEngine: Initializing Engine...
[2017.04.18-14.02.10:148][  0]LogHMD: Failed to initialize OpenVR with code 110
[2017.04.18-14.02.10:330][  0]LogAIModule: Creating AISystem for world Untitled
[2017.04.18-14.02.10:337][  0]LogInit: XAudio2 using 'Altavoces (Realtek High Definition Audio)' : 2 channels at 48 kHz using 32 bits per sample (channel mask 0x3)
[2017.04.18-14.02.10:348][  0]LogInit: FAudioDevice initialized.
[2017.04.18-14.02.10:372][  0]LogDerivedDataCache: Saved boot cache 0.02s 50MB C:/Users/Grego/AppData/Local/UnrealEngine/4.15/DerivedDataCache/Boot.ddc.
[2017.04.18-14.02.10:380][  0]LogInit: Texture streaming: Enabled
[2017.04.18-14.02.10:444][  0]LogEngineSessionManager: EngineSessionManager initialized
[2017.04.18-14.02.10:535][  0]LogInit: Transaction tracking system initialized
[2017.04.18-14.02.10:892][  0]BlueprintLog: New page: Cargar el editor
[2017.04.18-14.02.11:658][  0]LocalizationService: Información Localization service is disabled
[2017.04.18-14.02.12:065][  0]LogConsoleResponse:Display: 
[2017.04.18-14.02.12:166][  0]LogFileCache: Scanning file cache for directory 'D:/TFG/CreativeKeepers/Content/' took 0.01s
[2017.04.18-14.02.12:166][  0]LogCook:Display: Max memory allowance for cook 16384mb min free memory 0mb
[2017.04.18-14.02.12:166][  0]LogCook:Display: Mobile HDR setting 1
[2017.04.18-14.02.12:795][  0]SourceControl: Información El control de código fuente está desactivado
[2017.04.18-14.02.12:795][  0]Cmd: MAP LOAD FILE="../../../Engine/Content/Maps/Templates/Template_Default.umap" TEMPLATE=1 SHOWPROGRESS=1 FEATURELEVEL=3
[2017.04.18-14.02.12:795][  0]LightingResults: New page: Diseñar la iluminación
[2017.04.18-14.02.12:818][  0]MapCheck: New page: Revisión del mapa
[2017.04.18-14.02.12:818][  0]LightingResults: New page: Diseñar la iluminación
[2017.04.18-14.02.13:107][  0]LogAIModule: Creating AISystem for world Untitled_1
[2017.04.18-14.02.13:125][  0]LogActorComponent: RegisterComponentWithWorld: (/Temp/Untitled_1.Untitled_1:PersistentLevel.WorldSettings_1.StaticMeshComponent0) Trying to register component with IsPendingKill() == true. Aborting.
[2017.04.18-14.02.13:130][  0]LogEditorServer: Finished looking for orphan Actors (0.000 secs)
[2017.04.18-14.02.13:142][  0]Cmd: MAP CHECKDEP NOCLEARLOG
[2017.04.18-14.02.13:172][  0]MapCheck: Información Map check complete: 0 Error(s), 0 Warning(s), took 29,997ms to complete.
[2017.04.18-14.02.13:172][  0]LogFileHelpers: Loading map 'Template_Default' took 0.377
[2017.04.18-14.02.13:233][  0]LogWindowsTextInputMethodSystem:Display: IME system now deactivated.
[2017.04.18-14.02.13:347][  0]LogCollectionManager: Loaded 0 collections in 0.000655 seconds
[2017.04.18-14.02.13:411][  0]LogFileCache: Scanning file cache for directory 'D:/TFG/CreativeKeepers/Saved/Collections/' took 0.01s
[2017.04.18-14.02.13:411][  0]LogFileCache: Scanning file cache for directory 'D:/TFG/CreativeKeepers/Content/Developers/Grego/Collections/' took 0.01s
[2017.04.18-14.02.13:411][  0]LogFileCache: Scanning file cache for directory 'D:/TFG/CreativeKeepers/Content/Collections/' took 0.01s
[2017.04.18-14.02.13:411][  0]LogCollectionManager: Rebuilt the GUID cache for 0 collections in 0.000002 seconds
[2017.04.18-14.02.13:419][  0]LogContentBrowser: Native class hierarchy populated in 0.0082 seconds. Added 2245 classes and 453 folders.
[2017.04.18-14.02.13:422][  0]LogStats: UGameplayTagsManager::ConstructGameplayTagTree: Construct from data asset -  0.000 s
[2017.04.18-14.02.13:422][  0]LogStats: UGameplayTagsManager::ConstructGameplayTagTree: GameplayTagTreeChangedEvent.Broadcast -  0.000 s
[2017.04.18-14.02.13:460][  0]LogContentBrowser: Native class hierarchy updated for 'WidgetCarousel' in 0.0005 seconds. Added 0 classes and 0 folders.
[2017.04.18-14.02.14:413][  0]LogContentBrowser: Native class hierarchy updated for 'AddContentDialog' in 0.0006 seconds. Added 0 classes and 0 folders.
[2017.04.18-14.02.14:442][  0]LogContentBrowser: Native class hierarchy updated for 'SceneOutliner' in 0.0004 seconds. Added 1 classes and 2 folders.
[2017.04.18-14.02.14:481][  0]LogCrashTracker: Crashtracker disabled due to settings.
[2017.04.18-14.02.14:559][  0]LogContentBrowser: Native class hierarchy updated for 'HierarchicalLODOutliner' in 0.0004 seconds. Added 1 classes and 2 folders.
[2017.04.18-14.02.14:559][  0]LogLoad: (Engine Initialization) Total time: 28.37 seconds
[2017.04.18-14.02.14:559][  0]LogLoad: (Engine Initialization) Total Blueprint compile time: 0.09 seconds
[2017.04.18-14.02.14:559][  0]LogExternalProfiler: No external profilers were discovered.  External profiling features will not be available.
[2017.04.18-14.02.14:568][  0]LogOcInput: OculusInput pre-init called
[2017.04.18-14.02.14:585][  0]LogAssetRegistry: Asset discovery search completed in 7.2799 seconds
[2017.04.18-14.02.14:585][  0]LogCollectionManager: Rebuilt the object cache for 0 collections in 0.000003 seconds (found 0 objects)
[2017.04.18-14.02.14:585][  0]LogCollectionManager: Fixed up redirectors for 0 collections in 0.000014 seconds (updated 0 objects)
[2017.04.18-14.02.14:587][  0]LogContentStreaming: Texture pool size now 1000 MB
[2017.04.18-14.02.14:595][  0]LogSlate: Took 0.000199 seconds to synchronously load lazily loaded font '../../../Engine/Content/Slate/Fonts/Roboto-Regular.ttf' (155K)
[2017.04.18-14.02.14:598][  0]LogSlate: Took 0.000165 seconds to synchronously load lazily loaded font '../../../Engine/Content/Slate/Fonts/Roboto-Bold.ttf' (160K)
[2017.04.18-14.02.14:666][  0]LogSlate: Took 0.063321 seconds to synchronously load lazily loaded font '../../../Engine/Content/Editor/Slate/Fonts/FontAwesome.ttf' (139K)
[2017.04.18-14.02.14:780][  0]LogRenderer: Reallocating scene render targets to support 1208x576 NumSamples 1 (Frame:2).
[2017.04.18-14.34.18:345][142]LogSlate: Took 0.000121 seconds to synchronously load lazily loaded font '../../../Engine/Content/Slate/Fonts/Roboto-Light.ttf' (159K)
[2017.04.18-14.34.47:322][142]LogWindows: LaunchURL http://docs.unrealengine.com/latest/SPA/Gameplay/Framework/Pawn/index.html?utm_source=editor&utm_medium=docs&utm_campaign=doc_anchors
[2017.04.18-14.36.57:740][142]LogSlate: Took 0.000139 seconds to synchronously load lazily loaded font '../../../Engine/Content/Slate/Fonts/Roboto-Light.ttf' (159K)
[2017.04.18-14.37.20:773][776]LogSlate: Took 0.000126 seconds to synchronously load lazily loaded font '../../../Engine/Content/Slate/Fonts/Roboto-Regular.ttf' (155K)
[2017.04.18-14.37.21:312][776]LogContentBrowser: Native class hierarchy updated for 'BlueprintGraph' in 0.0007 seconds. Added 112 classes and 0 folders.
[2017.04.18-14.37.23:219][776]LogRenderer: Reallocating scene render targets to support 1208x900 NumSamples 1 (Frame:5694).
[2017.04.18-14.37.27:019][107]LogSlate: Took 0.087515 seconds to synchronously load lazily loaded font '../../../Engine/Content/Editor/Slate/Fonts/Roboto-Italic.ttf' (157K)
[2017.04.18-14.44.51:212][843]LogFactory: FactoryCreateFile: Texture with ReimportTextureFactory (0 0 D:\Escritorio\Link.png)
[2017.04.18-14.44.51:300][843]LogTexture:Display: Building textures: Link (BGRA8, 236X34) - 76 MB total VRAM
[2017.04.18-14.44.53:387][ 45]Cmd: OBJ SAVEPACKAGE PACKAGE="/Game/obj_character" FILE="../../../../../TFG/CreativeKeepers/Content/obj_character.uasset" SILENT=true
[2017.04.18-14.44.53:511][ 45]LogSavePackage: Save=100.41ms
[2017.04.18-14.44.53:511][ 45]LogSavePackage: Moving '../../../../../TFG/CreativeKeepers/Saved/obj_character857EACD942FEEC0EADFD6FAC6CFFF0D5.tmp' to '../../../../../TFG/CreativeKeepers/Content/obj_character.uasset'
[2017.04.18-14.44.53:514][ 45]LogSavePackage:Display: Finished SavePackage ../../../../../TFG/CreativeKeepers/Content/obj_character.uasset
[2017.04.18-14.45.04:422][211]LogSlate: Took 0.022565 seconds to synchronously load lazily loaded font '../../../Engine/Content/Editor/Slate/Fonts/Roboto-BoldCondensed.ttf' (158K)
[2017.04.18-14.50.13:056][ 86]LogSlate: Took 0.000184 seconds to synchronously load lazily loaded font '../../../Engine/Content/Slate/Fonts/Roboto-Light.ttf' (159K)
[2017.04.18-14.52.14:326][ 32]LogRenderer: Reallocating scene render targets to support 1528x900 NumSamples 1 (Frame:87466).
[2017.04.18-14.53.07:801][396]Cmd: OBJ SAVEPACKAGE PACKAGE="/Game/spr_Link2" FILE="../../../../../TFG/CreativeKeepers/Content/spr_Link2.uasset" SILENT=true
[2017.04.18-14.53.07:807][396]LogSavePackage: Save=4.74ms
[2017.04.18-14.53.07:807][396]LogSavePackage: Moving '../../../../../TFG/CreativeKeepers/Saved/spr_Link235F01FC443D6D6802D58828562443188.tmp' to '../../../../../TFG/CreativeKeepers/Content/spr_Link2.uasset'
[2017.04.18-14.53.07:809][396]LogSavePackage:Display: Finished SavePackage ../../../../../TFG/CreativeKeepers/Content/spr_Link2.uasset
[2017.04.18-14.53.46:874][766]LogSlate: Took 0.235697 seconds to synchronously load lazily loaded font '../../../Engine/Content/Slate/Fonts/DroidSansFallback.ttf' (3848K)
[2017.04.18-14.53.47:052][767]LogSlate: Took 0.139251 seconds to synchronously load lazily loaded font '../../../Engine/Content/SlateDebug/Fonts/LastResort.ttf' (5269K)
[2017.04.18-14.53.51:653][158]LogSlate: Took 0.000156 seconds to synchronously load lazily loaded font '../../../Engine/Content/Slate/Fonts/Roboto-Regular.ttf' (155K)
[2017.04.18-14.53.51:654][158]LogSlate: Took 0.000230 seconds to synchronously load lazily loaded font '../../../Engine/Content/Slate/Fonts/Roboto-Bold.ttf' (160K)
[2017.04.18-14.53.51:657][158]LogSlate: Took 0.000148 seconds to synchronously load lazily loaded font '../../../Engine/Content/Editor/Slate/Fonts/FontAwesome.ttf' (139K)
[2017.04.18-14.53.51:682][158]LogSlate: Took 0.019909 seconds to synchronously load lazily loaded font '../../../Engine/Content/Editor/Slate/Fonts/Roboto-BoldCondensed.ttf' (158K)
[2017.04.18-14.54.37:798][530]LogSlate: Took 0.015604 seconds to synchronously load lazily loaded font '../../../Engine/Content/Editor/Slate/Fonts/Roboto-Italic.ttf' (157K)
[2017.04.18-14.54.45:626][452]LogSlate: Took 0.000137 seconds to synchronously load lazily loaded font '../../../Engine/Content/Slate/Fonts/Roboto-Light.ttf' (159K)
[2017.04.18-14.54.54:706][531]LogSlate: Took 0.000155 seconds to synchronously load lazily loaded font '../../../Engine/Content/Slate/Fonts/Roboto-Light.ttf' (159K)
[2017.04.18-14.54.54:765][531]Cmd: OBJ SAVEPACKAGE PACKAGE="/Game/obj_character" FILE="../../../../../TFG/CreativeKeepers/Content/obj_character.uasset" SILENT=true
[2017.04.18-14.54.54:774][531]LogSavePackage: Save=7.67ms
[2017.04.18-14.54.54:774][531]LogSavePackage: Moving '../../../../../TFG/CreativeKeepers/Saved/obj_character266BCD314879D9825DF09AB8C5D0BC77.tmp' to '../../../../../TFG/CreativeKeepers/Content/obj_character.uasset'
[2017.04.18-14.54.54:777][531]LogSavePackage:Display: Finished SavePackage ../../../../../TFG/CreativeKeepers/Content/obj_character.uasset
[2017.04.18-14.54.55:635][631]BlueprintLog: New page: Compile obj_character
[2017.04.18-14.54.57:265][749]LogSlate: Took 0.000123 seconds to synchronously load lazily loaded font '../../../Engine/Content/Slate/Fonts/Roboto-Light.ttf' (159K)
[2017.04.18-14.55.04:127][527]LogEditorActor: Deleted Actor: BP_Sky_Sphere_C
[2017.04.18-14.55.04:149][527]LogEditorActor: Deleted 1 Actors (0.023 secs)
[2017.04.18-14.55.04:760][581]LogEditorActor: Deleted Actor: DirectionalLight
[2017.04.18-14.55.04:783][581]LogEditorActor: Deleted 1 Actors (0.023 secs)
[2017.04.18-14.55.05:365][648]LogEditorActor: Deleted Actor: PlayerStart
[2017.04.18-14.55.05:388][648]LogEditorActor: Deleted 1 Actors (0.023 secs)
[2017.04.18-14.55.06:171][726]LogEditorActor: Deleted Actor: StaticMeshActor
[2017.04.18-14.55.06:196][726]LogEditorActor: Deleted 1 Actors (0.025 secs)
[2017.04.18-14.55.06:897][804]LogEditorActor: Deleted Actor: AtmosphericFog
[2017.04.18-14.55.06:921][804]LogEditorActor: Deleted 1 Actors (0.023 secs)
[2017.04.18-14.55.12:791][473]LogTemp: Repeting last play command: Selected Viewport
[2017.04.18-14.55.12:859][473]LogPlayLevel: PlayLevel: No blueprints needed recompiling
[2017.04.18-14.55.12:971][473]PIE: New page: PIE session: Untitled_1 (Apr 18, 2017, 6:55:12 PM)
[2017.04.18-14.55.13:009][473]LogPlayLevel: Creating play world package: /Temp/UEDPIE_0_Untitled_1
[2017.04.18-14.55.13:080][473]LogPlayLevel: PIE: StaticDuplicateObject took: (0.070837s)
[2017.04.18-14.55.13:080][473]LogAIModule: Creating AISystem for world Untitled_1
[2017.04.18-14.55.13:081][473]LogPlayLevel: PIE: World Init took: (0.000509s)
[2017.04.18-14.55.13:095][473]LogPlayLevel: PIE: Created PIE world by copying editor world from /Temp/Untitled_1.Untitled_1 to /Temp/UEDPIE_0_Untitled_1.Untitled_1 (0.098382s)
[2017.04.18-14.55.13:138][473]LogInit: XAudio2 using 'Altavoces (Realtek High Definition Audio)' : 2 channels at 48 kHz using 32 bits per sample (channel mask 0x3)
[2017.04.18-14.55.13:146][473]LogInit: FAudioDevice initialized.
[2017.04.18-14.55.13:334][473]LogLoad: Game class is 'GameModeBase'
[2017.04.18-14.55.13:592][473]LogWorld: Bringing World /Temp/UEDPIE_0_Untitled_1.Untitled_1 up for play (max tick rate 0) at 2017.04.18-16.55.13
[2017.04.18-14.55.13:694][473]LogWorld: Bringing up level for play took: 0.103032
[2017.04.18-14.55.14:030][473]LogContentBrowser: Native class hierarchy updated for 'MovieSceneCapture' in 0.0005 seconds. Added 11 classes and 0 folders.
[2017.04.18-14.55.14:171][473]PIE: Info Play in editor start time for /Temp/UEDPIE_0_Untitled_1 2.009
[2017.04.18-14.55.29:259][209]LogTemp: Repeting last play command: Selected Viewport
[2017.04.18-14.55.29:263][209]LogPlayLevel: PlayLevel: No blueprints needed recompiling
[2017.04.18-14.55.29:263][209]PIE: New page: PIE session: Untitled_1 (Apr 18, 2017, 6:55:29 PM)
[2017.04.18-14.55.29:263][209]LogPlayLevel: Creating play world package: /Temp/UEDPIE_0_Untitled_1
[2017.04.18-14.55.29:264][209]LogPlayLevel: PIE: StaticDuplicateObject took: (0.000635s)
[2017.04.18-14.55.29:264][209]LogAIModule: Creating AISystem for world Untitled_1
[2017.04.18-14.55.29:264][209]LogPlayLevel: PIE: World Init took: (0.000478s)
[2017.04.18-14.55.29:264][209]LogPlayLevel: PIE: Created PIE world by copying editor world from /Temp/Untitled_1.Untitled_1 to /Temp/UEDPIE_0_Untitled_1.Untitled_1 (0.001250s)
[2017.04.18-14.55.29:290][209]LogInit: XAudio2 using 'Altavoces (Realtek High Definition Audio)' : 2 channels at 48 kHz using 32 bits per sample (channel mask 0x3)
[2017.04.18-14.55.29:297][209]LogInit: FAudioDevice initialized.
[2017.04.18-14.55.29:357][209]LogLoad: Game class is 'GameModeBase'
[2017.04.18-14.55.29:358][209]LogWorld: Bringing World /Temp/UEDPIE_0_Untitled_1.Untitled_1 up for play (max tick rate 0) at 2017.04.18-16.55.29
[2017.04.18-14.55.29:358][209]LogWorld: Bringing up level for play took: 0.000804
[2017.04.18-14.55.29:359][209]PIE: Info Play in editor start time for /Temp/UEDPIE_0_Untitled_1 -0.803
[2017.04.18-14.56.25:421][  9]Cmd: OBJ SAVEPACKAGE PACKAGE="/Temp/Untitled_1" FILE="../../../../../TFG/CreativeKeepers/Saved/Autosaves/Temp/Untitled_1_Auto1.umap" SILENT=true AUTOSAVING=true KEEPDIRTY=false
[2017.04.18-14.56.25:483][  9]LogSavePackage: Save=61.81ms
[2017.04.18-14.56.25:483][  9]LogSavePackage: Moving '../../../../../TFG/CreativeKeepers/Saved/Untitled_1_Auto19B54E205400D240376F67EB028BB4F4D.tmp' to '../../../../../TFG/CreativeKeepers/Saved/Autosaves/Temp/Untitled_1_Auto1.umap'
[2017.04.18-14.56.25:490][  9]LogSavePackage:Display: Finished SavePackage ../../../../../TFG/CreativeKeepers/Saved/Autosaves/Temp/Untitled_1_Auto1.umap
[2017.04.18-14.56.25:510][  9]LogFileHelpers: Editor autosave (incl. sublevels) for '/Temp/Untitled_1' took 0.112
[2017.04.18-14.56.25:510][  9]LogFileHelpers: Editor autosave (incl. sublevels) for all levels took 0.112
[2017.04.18-14.56.25:511][  9]OBJ SavePackage: Generating thumbnails for [1] asset(s) in package [/Game/Link_Link_0] ([1] browsable assets)...
[2017.04.18-14.56.25:519][  9]OBJ SavePackage:     Rendered thumbnail for [PaperSprite /Game/Link_Link_0.Link_Link_0]
[2017.04.18-14.56.25:519][  9]OBJ SavePackage: Finished generating thumbnails for package [/Game/Link_Link_0]
[2017.04.18-14.56.25:519][  9]Cmd: OBJ SAVEPACKAGE PACKAGE="/Game/Link_Link_0" FILE="../../../../../TFG/CreativeKeepers/Saved/Autosaves/Game/Link_Link_0_Auto1.uasset" SILENT=false AUTOSAVING=true
[2017.04.18-14.56.25:525][  9]LogSavePackage: Save=5.65ms
[2017.04.18-14.56.25:525][  9]LogSavePackage: Moving '../../../../../TFG/CreativeKeepers/Saved/Link_Link_0_Auto153F9505A4C93AC8293A8A6A86A1E09D1.tmp' to '../../../../../TFG/CreativeKeepers/Saved/Autosaves/Game/Link_Link_0_Auto1.uasset'
[2017.04.18-14.56.25:526][  9]LogSavePackage:Display: Finished SavePackage ../../../../../TFG/CreativeKeepers/Saved/Autosaves/Game/Link_Link_0_Auto1.uasset
[2017.04.18-14.56.25:527][  9]OBJ SavePackage: Generating thumbnails for [1] asset(s) in package [/Game/Link] ([1] browsable assets)...
[2017.04.18-14.56.25:528][  9]OBJ SavePackage:     Rendered thumbnail for [Texture2D /Game/Link.Link]
[2017.04.18-14.56.25:528][  9]OBJ SavePackage: Finished generating thumbnails for package [/Game/Link]
[2017.04.18-14.56.25:528][  9]Cmd: OBJ SAVEPACKAGE PACKAGE="/Game/Link" FILE="../../../../../TFG/CreativeKeepers/Saved/Autosaves/Game/Link_Auto1.uasset" SILENT=false AUTOSAVING=true
[2017.04.18-14.56.25:531][  9]LogSavePackage: Save=1.55ms
[2017.04.18-14.56.25:531][  9]LogSavePackage: Moving '../../../../../TFG/CreativeKeepers/Saved/Link_Auto1371F241A46B364CFAAC3E7B8CF0F04C3.tmp' to '../../../../../TFG/CreativeKeepers/Saved/Autosaves/Game/Link_Auto1.uasset'
[2017.04.18-14.56.25:532][  9]LogSavePackage:Display: Finished SavePackage ../../../../../TFG/CreativeKeepers/Saved/Autosaves/Game/Link_Auto1.uasset
[2017.04.18-14.56.25:532][  9]OBJ SavePackage: Generating thumbnails for [1] asset(s) in package [/Game/Link_Link_1] ([1] browsable assets)...
[2017.04.18-14.56.25:539][  9]OBJ SavePackage:     Rendered thumbnail for [PaperSprite /Game/Link_Link_1.Link_Link_1]
[2017.04.18-14.56.25:539][  9]OBJ SavePackage: Finished generating thumbnails for package [/Game/Link_Link_1]
[2017.04.18-14.56.25:539][  9]Cmd: OBJ SAVEPACKAGE PACKAGE="/Game/Link_Link_1" FILE="../../../../../TFG/CreativeKeepers/Saved/Autosaves/Game/Link_Link_1_Auto1.uasset" SILENT=false AUTOSAVING=true
[2017.04.18-14.56.25:545][  9]LogSavePackage: Save=5.30ms
[2017.04.18-14.56.25:545][  9]LogSavePackage: Moving '../../../../../TFG/CreativeKeepers/Saved/Link_Link_1_Auto1540DDFDA4681EB371D19DAA7E519A755.tmp' to '../../../../../TFG/CreativeKeepers/Saved/Autosaves/Game/Link_Link_1_Auto1.uasset'
[2017.04.18-14.56.25:547][  9]LogSavePackage:Display: Finished SavePackage ../../../../../TFG/CreativeKeepers/Saved/Autosaves/Game/Link_Link_1_Auto1.uasset
[2017.04.18-14.56.25:547][  9]OBJ SavePackage: Generating thumbnails for [1] asset(s) in package [/Game/Link_Link_2] ([1] browsable assets)...
[2017.04.18-14.56.25:554][  9]OBJ SavePackage:     Rendered thumbnail for [PaperSprite /Game/Link_Link_2.Link_Link_2]
[2017.04.18-14.56.25:554][  9]OBJ SavePackage: Finished generating thumbnails for package [/Game/Link_Link_2]
[2017.04.18-14.56.25:554][  9]Cmd: OBJ SAVEPACKAGE PACKAGE="/Game/Link_Link_2" FILE="../../../../../TFG/CreativeKeepers/Saved/Autosaves/Game/Link_Link_2_Auto1.uasset" SILENT=false AUTOSAVING=true
[2017.04.18-14.56.25:560][  9]LogSavePackage: Save=5.12ms
[2017.04.18-14.56.25:560][  9]LogSavePackage: Moving '../../../../../TFG/CreativeKeepers/Saved/Link_Link_2_Auto1C410A20A480F188ECBED8F8EA929895A.tmp' to '../../../../../TFG/CreativeKeepers/Saved/Autosaves/Game/Link_Link_2_Auto1.uasset'
[2017.04.18-14.56.25:562][  9]LogSavePackage:Display: Finished SavePackage ../../../../../TFG/CreativeKeepers/Saved/Autosaves/Game/Link_Link_2_Auto1.uasset
[2017.04.18-14.56.25:562][  9]OBJ SavePackage: Generating thumbnails for [1] asset(s) in package [/Game/Link_Link_3] ([1] browsable assets)...
[2017.04.18-14.56.25:569][  9]OBJ SavePackage:     Rendered thumbnail for [PaperSprite /Game/Link_Link_3.Link_Link_3]
[2017.04.18-14.56.25:569][  9]OBJ SavePackage: Finished generating thumbnails for package [/Game/Link_Link_3]
[2017.04.18-14.56.25:569][  9]Cmd: OBJ SAVEPACKAGE PACKAGE="/Game/Link_Link_3" FILE="../../../../../TFG/CreativeKeepers/Saved/Autosaves/Game/Link_Link_3_Auto1.uasset" SILENT=false AUTOSAVING=true
[2017.04.18-14.56.25:576][  9]LogSavePackage: Save=5.27ms
[2017.04.18-14.56.25:576][  9]LogSavePackage: Moving '../../../../../TFG/CreativeKeepers/Saved/Link_Link_3_Auto1D319BFC8424AC5168CF533B8F92D0B4E.tmp' to '../../../../../TFG/CreativeKeepers/Saved/Autosaves/Game/Link_Link_3_Auto1.uasset'
[2017.04.18-14.56.25:577][  9]LogSavePackage:Display: Finished SavePackage ../../../../../TFG/CreativeKeepers/Saved/Autosaves/Game/Link_Link_3_Auto1.uasset
[2017.04.18-14.56.25:577][  9]OBJ SavePackage: Generating thumbnails for [1] asset(s) in package [/Game/Link_Link_4] ([1] browsable assets)...
[2017.04.18-14.56.25:584][  9]OBJ SavePackage:     Rendered thumbnail for [PaperSprite /Game/Link_Link_4.Link_Link_4]
[2017.04.18-14.56.25:584][  9]OBJ SavePackage: Finished generating thumbnails for package [/Game/Link_Link_4]
[2017.04.18-14.56.25:584][  9]Cmd: OBJ SAVEPACKAGE PACKAGE="/Game/Link_Link_4" FILE="../../../../../TFG/CreativeKeepers/Saved/Autosaves/Game/Link_Link_4_Auto1.uasset" SILENT=false AUTOSAVING=true
[2017.04.18-14.56.25:590][  9]LogSavePackage: Save=5.11ms
[2017.04.18-14.56.25:590][  9]LogSavePackage: Moving '../../../../../TFG/CreativeKeepers/Saved/Link_Link_4_Auto139DD4EE14FDCB6A3AB9F329D4E5C2D29.tmp' to '../../../../../TFG/CreativeKeepers/Saved/Autosaves/Game/Link_Link_4_Auto1.uasset'
[2017.04.18-14.56.25:591][  9]LogSavePackage:Display: Finished SavePackage ../../../../../TFG/CreativeKeepers/Saved/Autosaves/Game/Link_Link_4_Auto1.uasset
[2017.04.18-14.56.25:592][  9]OBJ SavePackage: Generating thumbnails for [1] asset(s) in package [/Game/Link_Link_5] ([1] browsable assets)...
[2017.04.18-14.56.25:598][  9]OBJ SavePackage:     Rendered thumbnail for [PaperSprite /Game/Link_Link_5.Link_Link_5]
[2017.04.18-14.56.25:598][  9]OBJ SavePackage: Finished generating thumbnails for package [/Game/Link_Link_5]
[2017.04.18-14.56.25:598][  9]Cmd: OBJ SAVEPACKAGE PACKAGE="/Game/Link_Link_5" FILE="../../../../../TFG/CreativeKeepers/Saved/Autosaves/Game/Link_Link_5_Auto1.uasset" SILENT=false AUTOSAVING=true
[2017.04.18-14.56.25:605][  9]LogSavePackage: Save=5.16ms
[2017.04.18-14.56.25:605][  9]LogSavePackage: Moving '../../../../../TFG/CreativeKeepers/Saved/Link_Link_5_Auto168361A6C4132C3B0B6DBB0BF2E4FA92A.tmp' to '../../../../../TFG/CreativeKeepers/Saved/Autosaves/Game/Link_Link_5_Auto1.uasset'
[2017.04.18-14.56.25:605][  9]LogSavePackage:Display: Finished SavePackage ../../../../../TFG/CreativeKeepers/Saved/Autosaves/Game/Link_Link_5_Auto1.uasset
[2017.04.18-14.56.25:606][  9]OBJ SavePackage: Generating thumbnails for [1] asset(s) in package [/Game/Link_Link_6] ([1] browsable assets)...
[2017.04.18-14.56.25:613][  9]OBJ SavePackage:     Rendered thumbnail for [PaperSprite /Game/Link_Link_6.Link_Link_6]
[2017.04.18-14.56.25:613][  9]OBJ SavePackage: Finished generating thumbnails for package [/Game/Link_Link_6]
[2017.04.18-14.56.25:613][  9]Cmd: OBJ SAVEPACKAGE PACKAGE="/Game/Link_Link_6" FILE="../../../../../TFG/CreativeKeepers/Saved/Autosaves/Game/Link_Link_6_Auto1.uasset" SILENT=false AUTOSAVING=true
[2017.04.18-14.56.25:619][  9]LogSavePackage: Save=5.10ms
[2017.04.18-14.56.25:619][  9]LogSavePackage: Moving '../../../../../TFG/CreativeKeepers/Saved/Link_Link_6_Auto19CEE20A04E333CD5C49192878BC13AEC.tmp' to '../../../../../TFG/CreativeKeepers/Saved/Autosaves/Game/Link_Link_6_Auto1.uasset'
[2017.04.18-14.56.25:620][  9]LogSavePackage:Display: Finished SavePackage ../../../../../TFG/CreativeKeepers/Saved/Autosaves/Game/Link_Link_6_Auto1.uasset
[2017.04.18-14.56.25:621][  9]OBJ SavePackage: Generating thumbnails for [1] asset(s) in package [/Game/Link_Link_7] ([1] browsable assets)...
[2017.04.18-14.56.25:628][  9]OBJ SavePackage:     Rendered thumbnail for [PaperSprite /Game/Link_Link_7.Link_Link_7]
[2017.04.18-14.56.25:628][  9]OBJ SavePackage: Finished generating thumbnails for package [/Game/Link_Link_7]
[2017.04.18-14.56.25:628][  9]Cmd: OBJ SAVEPACKAGE PACKAGE="/Game/Link_Link_7" FILE="../../../../../TFG/CreativeKeepers/Saved/Autosaves/Game/Link_Link_7_Auto1.uasset" SILENT=false AUTOSAVING=true
[2017.04.18-14.56.25:634][  9]LogSavePackage: Save=5.10ms
[2017.04.18-14.56.25:634][  9]LogSavePackage: Moving '../../../../../TFG/CreativeKeepers/Saved/Link_Link_7_Auto18B2B79FD4615AE2C4B911C8658CE9C9C.tmp' to '../../../../../TFG/CreativeKeepers/Saved/Autosaves/Game/Link_Link_7_Auto1.uasset'
[2017.04.18-14.56.25:635][  9]LogSavePackage:Display: Finished SavePackage ../../../../../TFG/CreativeKeepers/Saved/Autosaves/Game/Link_Link_7_Auto1.uasset
[2017.04.18-14.56.25:635][  9]OBJ SavePackage: Generating thumbnails for [1] asset(s) in package [/Game/Link_Link_8] ([1] browsable assets)...
[2017.04.18-14.56.25:642][  9]OBJ SavePackage:     Rendered thumbnail for [PaperSprite /Game/Link_Link_8.Link_Link_8]
[2017.04.18-14.56.25:642][  9]OBJ SavePackage: Finished generating thumbnails for package [/Game/Link_Link_8]
[2017.04.18-14.56.25:642][  9]Cmd: OBJ SAVEPACKAGE PACKAGE="/Game/Link_Link_8" FILE="../../../../../TFG/CreativeKeepers/Saved/Autosaves/Game/Link_Link_8_Auto1.uasset" SILENT=false AUTOSAVING=true
[2017.04.18-14.56.25:648][  9]LogSavePackage: Save=5.03ms
[2017.04.18-14.56.25:648][  9]LogSavePackage: Moving '../../../../../TFG/CreativeKeepers/Saved/Link_Link_8_Auto178567E4348227356EAE142B6C8832698.tmp' to '../../../../../TFG/CreativeKeepers/Saved/Autosaves/Game/Link_Link_8_Auto1.uasset'
[2017.04.18-14.56.25:649][  9]LogSavePackage:Display: Finished SavePackage ../../../../../TFG/CreativeKeepers/Saved/Autosaves/Game/Link_Link_8_Auto1.uasset
[2017.04.18-14.56.25:649][  9]OBJ SavePackage: Generating thumbnails for [1] asset(s) in package [/Game/spr_Link] ([1] browsable assets)...
[2017.04.18-14.56.25:656][  9]OBJ SavePackage:     Rendered thumbnail for [PaperFlipbook /Game/spr_Link.spr_Link]
[2017.04.18-14.56.25:656][  9]OBJ SavePackage: Finished generating thumbnails for package [/Game/spr_Link]
[2017.04.18-14.56.25:656][  9]Cmd: OBJ SAVEPACKAGE PACKAGE="/Game/spr_Link" FILE="../../../../../TFG/CreativeKeepers/Saved/Autosaves/Game/spr_Link_Auto1.uasset" SILENT=false AUTOSAVING=true
[2017.04.18-14.56.25:662][  9]LogSavePackage: Save=5.04ms
[2017.04.18-14.56.25:662][  9]LogSavePackage: Moving '../../../../../TFG/CreativeKeepers/Saved/spr_Link_Auto1119E3BBA4D1BF1BC77EF69872ED5986D.tmp' to '../../../../../TFG/CreativeKeepers/Saved/Autosaves/Game/spr_Link_Auto1.uasset'
[2017.04.18-14.56.25:663][  9]LogSavePackage:Display: Finished SavePackage ../../../../../TFG/CreativeKeepers/Saved/Autosaves/Game/spr_Link_Auto1.uasset
[2017.04.18-14.56.25:663][  9]LogFileHelpers: Auto-saving content packages took 0.153
[2017.04.18-14.56.43:882][176]BlueprintLog: New page: Compile obj_character
[2017.04.18-14.56.44:688][250]Cmd: OBJ SAVEPACKAGE PACKAGE="/Game/obj_character" FILE="../../../../../TFG/CreativeKeepers/Content/obj_character.uasset" SILENT=true
[2017.04.18-14.56.44:697][250]LogSavePackage: Save=8.34ms
[2017.04.18-14.56.44:697][250]LogSavePackage: Moving '../../../../../TFG/CreativeKeepers/Saved/obj_character7C3D888E409E9623A5099D83649C8E30.tmp' to '../../../../../TFG/CreativeKeepers/Content/obj_character.uasset'
[2017.04.18-14.56.44:700][250]LogSavePackage:Display: Finished SavePackage ../../../../../TFG/CreativeKeepers/Content/obj_character.uasset
[2017.04.18-14.56.50:756][968]LogEditorViewport: Clicking Background
[2017.04.18-14.56.53:112][250]LogTemp: Repeting last play command: Selected Viewport
[2017.04.18-14.56.53:117][250]LogPlayLevel: PlayLevel: No blueprints needed recompiling
[2017.04.18-14.56.53:117][250]PIE: New page: PIE session: Untitled_1 (Apr 18, 2017, 6:56:53 PM)
[2017.04.18-14.56.53:117][250]LogPlayLevel: Creating play world package: /Temp/UEDPIE_0_Untitled_1
[2017.04.18-14.56.53:117][250]LogPlayLevel: PIE: StaticDuplicateObject took: (0.000596s)
[2017.04.18-14.56.53:118][250]LogAIModule: Creating AISystem for world Untitled_1
[2017.04.18-14.56.53:118][250]LogPlayLevel: PIE: World Init took: (0.000476s)
[2017.04.18-14.56.53:118][250]LogPlayLevel: PIE: Created PIE world by copying editor world from /Temp/Untitled_1.Untitled_1 to /Temp/UEDPIE_0_Untitled_1.Untitled_1 (0.001228s)
[2017.04.18-14.56.53:143][250]LogInit: XAudio2 using 'Altavoces (Realtek High Definition Audio)' : 2 channels at 48 kHz using 32 bits per sample (channel mask 0x3)
[2017.04.18-14.56.53:151][250]LogInit: FAudioDevice initialized.
[2017.04.18-14.56.53:179][250]LogLoad: Game class is 'GameModeBase'
[2017.04.18-14.56.53:180][250]LogWorld: Bringing World /Temp/UEDPIE_0_Untitled_1.Untitled_1 up for play (max tick rate 0) at 2017.04.18-16.56.53
[2017.04.18-14.56.53:180][250]LogWorld: Bringing up level for play took: 0.000705
[2017.04.18-14.56.53:214][250]PIE: Info Play in editor start time for /Temp/UEDPIE_0_Untitled_1 1.052
[2017.04.18-14.57.10:465][282]BlueprintLog: New page: Compile obj_character
[2017.04.18-14.57.10:940][326]Cmd: OBJ SAVEPACKAGE PACKAGE="/Game/obj_character" FILE="../../../../../TFG/CreativeKeepers/Content/obj_character.uasset" SILENT=true
[2017.04.18-14.57.10:948][326]LogSavePackage: Save=6.94ms
[2017.04.18-14.57.10:948][326]LogSavePackage: Moving '../../../../../TFG/CreativeKeepers/Saved/obj_characterEF8E3CEA418F172389677A8686EC18DA.tmp' to '../../../../../TFG/CreativeKeepers/Content/obj_character.uasset'
[2017.04.18-14.57.10:951][326]LogSavePackage:Display: Finished SavePackage ../../../../../TFG/CreativeKeepers/Content/obj_character.uasset
[2017.04.18-14.57.23:461][802]Cmd: OBJ SAVEPACKAGE PACKAGE="/Game/obj_character" FILE="../../../../../TFG/CreativeKeepers/Content/obj_character.uasset" SILENT=true
[2017.04.18-14.57.23:468][802]LogSavePackage: Save=6.37ms
[2017.04.18-14.57.23:469][802]LogSavePackage: Moving '../../../../../TFG/CreativeKeepers/Saved/obj_characterBC743EA54B8C6DC5AEEB5AB3D5110E11.tmp' to '../../../../../TFG/CreativeKeepers/Content/obj_character.uasset'
[2017.04.18-14.57.23:471][802]LogSavePackage:Display: Finished SavePackage ../../../../../TFG/CreativeKeepers/Content/obj_character.uasset
[2017.04.18-14.57.24:441][910]BlueprintLog: New page: Compile obj_character
[2017.04.18-14.59.04:868][ 97]LogMetaData: Removing '/Game/pawn-elfen.pawn-elfen:UserConstructionScript.K2Node_FunctionEntry_0' ref from Metadata '/Game/obj_character.PackageMetaData'
[2017.04.18-14.59.04:868][ 97]LogMetaData: Removing '/Game/pawn-elfen.SKEL_pawn-elfen_C' ref from Metadata '/Game/obj_character.PackageMetaData'
[2017.04.18-14.59.04:868][ 97]LogMetaData: Removing '/Game/pawn-elfen.pawn-elfen_C' ref from Metadata '/Game/obj_character.PackageMetaData'
[2017.04.18-14.59.04:868][ 97]LogMetaData: Removing '/Game/pawn-elfen.pawn-elfen:EventGraph.K2Node_Event_0' ref from Metadata '/Game/obj_character.PackageMetaData'
[2017.04.18-14.59.04:868][ 97]LogMetaData: Removing '/Game/pawn-elfen.pawn-elfen:EventGraph.K2Node_Event_1' ref from Metadata '/Game/obj_character.PackageMetaData'
[2017.04.18-14.59.04:868][ 97]LogMetaData: Removing '/Game/pawn-elfen.pawn-elfen:EventGraph.K2Node_Event_2' ref from Metadata '/Game/obj_character.PackageMetaData'
[2017.04.18-14.59.04:887][ 97]Cmd: OBJ SAVEPACKAGE PACKAGE="/Game/pawn-elfen" FILE="../../../../../TFG/CreativeKeepers/Content/pawn-elfen.uasset" SILENT=true
[2017.04.18-14.59.04:896][ 97]LogSavePackage: Save=7.26ms
[2017.04.18-14.59.04:896][ 97]LogSavePackage: Moving '../../../../../TFG/CreativeKeepers/Saved/pawn-elfenF4C4A0E84A24D98667B27E9188FC4989.tmp' to '../../../../../TFG/CreativeKeepers/Content/pawn-elfen.uasset'
[2017.04.18-14.59.04:898][ 97]LogSavePackage:Display: Finished SavePackage ../../../../../TFG/CreativeKeepers/Content/pawn-elfen.uasset
[2017.04.18-15.06.29:894][717]Cmd: OBJ SAVEPACKAGE PACKAGE="/Temp/Untitled_1" FILE="../../../../../TFG/CreativeKeepers/Saved/Autosaves/Temp/Untitled_1_Auto2.umap" SILENT=true AUTOSAVING=true KEEPDIRTY=false
[2017.04.18-15.06.29:912][717]LogSavePackage: Save=17.34ms
[2017.04.18-15.06.29:912][717]LogSavePackage: Moving '../../../../../TFG/CreativeKeepers/Saved/Untitled_1_Auto2850F1EC54FE8EFFBE8D614AEE09CA8B4.tmp' to '../../../../../TFG/CreativeKeepers/Saved/Autosaves/Temp/Untitled_1_Auto2.umap'
[2017.04.18-15.06.29:913][717]LogSavePackage:Display: Finished SavePackage ../../../../../TFG/CreativeKeepers/Saved/Autosaves/Temp/Untitled_1_Auto2.umap
[2017.04.18-15.06.29:914][717]LogFileHelpers: Editor autosave (incl. sublevels) for '/Temp/Untitled_1' took 0.044
[2017.04.18-15.06.29:914][717]LogFileHelpers: Editor autosave (incl. sublevels) for all levels took 0.044
[2017.04.18-15.12.06:512][483]LogSlate:Warning: Prevented a slow task dialog from being summoned while a context menu was open
[2017.04.18-15.16.35:577][108]LogEditorViewport: Clicking on Actor (LMB): pawn-elfen_C (obj_character)
[2017.04.18-15.16.45:383][269]LogEditorViewport: Clicking Background
[2017.04.18-15.16.47:000][463]LogEditorViewport: Clicking on Actor (LMB): pawn-elfen_C (obj_character)
[2017.04.18-15.17.06:559][798]LogEditorViewport: Clicking Background
[2017.04.18-15.17.18:188][539]LogContentBrowser: Native class hierarchy updated for 'WebBrowser' in 0.0004 seconds. Added 0 classes and 0 folders.
[2017.04.18-15.17.22:502][727]LogEditorViewport: Clicking Background
[2017.04.18-15.17.30:133][599]LogEditorViewport: Clicking Background
[2017.04.18-15.18.04:582][992]Cmd: OBJ SAVEPACKAGE PACKAGE="/Temp/Untitled_1" FILE="../../../../../TFG/CreativeKeepers/Saved/Autosaves/Temp/Untitled_1_Auto3.umap" SILENT=true AUTOSAVING=true KEEPDIRTY=false
[2017.04.18-15.18.04:598][992]LogSavePackage: Save=15.30ms
[2017.04.18-15.18.04:598][992]LogSavePackage: Moving '../../../../../TFG/CreativeKeepers/Saved/Untitled_1_Auto3237F4E4D40298010102EF48A1FBCD63A.tmp' to '../../../../../TFG/CreativeKeepers/Saved/Autosaves/Temp/Untitled_1_Auto3.umap'
[2017.04.18-15.18.04:599][992]LogSavePackage:Display: Finished SavePackage ../../../../../TFG/CreativeKeepers/Saved/Autosaves/Temp/Untitled_1_Auto3.umap
[2017.04.18-15.18.04:600][992]LogFileHelpers: Editor autosave (incl. sublevels) for '/Temp/Untitled_1' took 0.041
[2017.04.18-15.18.04:600][992]LogFileHelpers: Editor autosave (incl. sublevels) for all levels took 0.041
[2017.04.18-15.24.27:835][ 19]Cmd: OBJ SAVEPACKAGE PACKAGE="/Game/misc-playerController" FILE="../../../../../TFG/CreativeKeepers/Content/misc-playerController.uasset" SILENT=true
[2017.04.18-15.24.27:841][ 19]LogSavePackage: Save=5.63ms
[2017.04.18-15.24.27:841][ 19]LogSavePackage: Moving '../../../../../TFG/CreativeKeepers/Saved/misc-playerControllerB5F92DB745A29A1B35732EB32615F6D5.tmp' to '../../../../../TFG/CreativeKeepers/Content/misc-playerController.uasset'
[2017.04.18-15.24.27:843][ 19]LogSavePackage:Display: Finished SavePackage ../../../../../TFG/CreativeKeepers/Content/misc-playerController.uasset
[2017.04.18-15.24.55:182][714]LogSlate:Warning: Prevented a slow task dialog from being summoned while a context menu was open
[2017.04.18-15.25.22:898][  9]Cmd: OBJ SAVEPACKAGE PACKAGE="/Game/misc-gameMode" FILE="../../../../../TFG/CreativeKeepers/Content/misc-gameMode.uasset" SILENT=true
[2017.04.18-15.25.22:905][  9]LogSavePackage: Save=6.22ms
[2017.04.18-15.25.22:905][  9]LogSavePackage: Moving '../../../../../TFG/CreativeKeepers/Saved/misc-gameMode2A5779664B08756A484590B2B8258757.tmp' to '../../../../../TFG/CreativeKeepers/Content/misc-gameMode.uasset'
[2017.04.18-15.25.22:908][  9]LogSavePackage:Display: Finished SavePackage ../../../../../TFG/CreativeKeepers/Content/misc-gameMode.uasset
[2017.04.18-15.27.59:985][473]LogEditorViewport: Clicking on Actor (LMB): pawn-elfen_C (obj_character)
[2017.04.18-15.28.01:002][594]Cmd: DELETE
[2017.04.18-15.28.01:002][594]Cmd: ACTOR DELETE
[2017.04.18-15.28.01:220][594]LogEditorActor: Deleted Actor: pawn-elfen_C
[2017.04.18-15.28.01:245][594]LogEditorActor: Deleted 1 Actors (0.025 secs)
[2017.04.18-15.28.05:092][ 40]LogEditorViewport: Clicking Background
[2017.04.18-15.28.06:903][254]LogTemp: Repeting last play command: Selected Viewport
[2017.04.18-15.28.06:912][254]LogPlayLevel: PlayLevel: No blueprints needed recompiling
[2017.04.18-15.28.06:912][254]PIE: New page: PIE session: Untitled_1 (Apr 18, 2017, 7:28:06 PM)
[2017.04.18-15.28.06:912][254]LogPlayLevel: Creating play world package: /Temp/UEDPIE_0_Untitled_1
[2017.04.18-15.28.06:913][254]LogPlayLevel: PIE: StaticDuplicateObject took: (0.000725s)
[2017.04.18-15.28.06:913][254]LogAIModule: Creating AISystem for world Untitled_1
[2017.04.18-15.28.06:913][254]LogPlayLevel: PIE: World Init took: (0.000594s)
[2017.04.18-15.28.06:913][254]LogPlayLevel: PIE: Created PIE world by copying editor world from /Temp/Untitled_1.Untitled_1 to /Temp/UEDPIE_0_Untitled_1.Untitled_1 (0.001497s)
[2017.04.18-15.28.06:939][254]LogInit: XAudio2 using 'Altavoces (Realtek High Definition Audio)' : 2 channels at 48 kHz using 32 bits per sample (channel mask 0x3)
[2017.04.18-15.28.06:946][254]LogInit: FAudioDevice initialized.
[2017.04.18-15.28.06:978][254]LogLoad: Game class is 'misc-gameMode_C'
[2017.04.18-15.28.06:979][254]LogWorld: Bringing World /Temp/UEDPIE_0_Untitled_1.Untitled_1 up for play (max tick rate 0) at 2017.04.18-17.28.06
[2017.04.18-15.28.06:980][254]LogWorld: Bringing up level for play took: 0.000613
[2017.04.18-15.28.07:015][254]PIE: Info Play in editor start time for /Temp/UEDPIE_0_Untitled_1 0.853
[2017.04.18-15.28.27:283][668]LogTemp: Repeting last play command: Selected Viewport
[2017.04.18-15.28.27:289][668]LogPlayLevel: PlayLevel: No blueprints needed recompiling
[2017.04.18-15.28.27:289][668]PIE: New page: PIE session: Untitled_1 (Apr 18, 2017, 7:28:27 PM)
[2017.04.18-15.28.27:289][668]LogPlayLevel: Creating play world package: /Temp/UEDPIE_0_Untitled_1
[2017.04.18-15.28.27:289][668]LogPlayLevel: PIE: StaticDuplicateObject took: (0.000603s)
[2017.04.18-15.28.27:290][668]LogAIModule: Creating AISystem for world Untitled_1
[2017.04.18-15.28.27:290][668]LogPlayLevel: PIE: World Init took: (0.000468s)
[2017.04.18-15.28.27:290][668]LogPlayLevel: PIE: Created PIE world by copying editor world from /Temp/Untitled_1.Untitled_1 to /Temp/UEDPIE_0_Untitled_1.Untitled_1 (0.001219s)
[2017.04.18-15.28.27:316][668]LogInit: XAudio2 using 'Altavoces (Realtek High Definition Audio)' : 2 channels at 48 kHz using 32 bits per sample (channel mask 0x3)
[2017.04.18-15.28.27:323][668]LogInit: FAudioDevice initialized.
[2017.04.18-15.28.27:351][668]LogLoad: Game class is 'misc-gameMode_C'
[2017.04.18-15.28.27:352][668]LogWorld: Bringing World /Temp/UEDPIE_0_Untitled_1.Untitled_1 up for play (max tick rate 0) at 2017.04.18-17.28.27
[2017.04.18-15.28.27:352][668]LogWorld: Bringing up level for play took: 0.000744
[2017.04.18-15.28.27:353][668]PIE: Info Play in editor start time for /Temp/UEDPIE_0_Untitled_1 -0.809
[2017.04.18-15.29.18:502][934]Cmd: OBJ SAVEPACKAGE PACKAGE="/Temp/Untitled_1" FILE="../../../../../TFG/CreativeKeepers/Saved/Autosaves/Temp/Untitled_1_Auto4.umap" SILENT=true AUTOSAVING=true KEEPDIRTY=false
[2017.04.18-15.29.18:519][934]LogSavePackage: Save=15.89ms
[2017.04.18-15.29.18:519][934]LogSavePackage: Moving '../../../../../TFG/CreativeKeepers/Saved/Untitled_1_Auto4670A838D436CDE78A71F51859D8C2F12.tmp' to '../../../../../TFG/CreativeKeepers/Saved/Autosaves/Temp/Untitled_1_Auto4.umap'
[2017.04.18-15.29.18:520][934]LogSavePackage:Display: Finished SavePackage ../../../../../TFG/CreativeKeepers/Saved/Autosaves/Temp/Untitled_1_Auto4.umap
[2017.04.18-15.29.18:521][934]LogFileHelpers: Editor autosave (incl. sublevels) for '/Temp/Untitled_1' took 0.043
[2017.04.18-15.29.18:521][934]LogFileHelpers: Editor autosave (incl. sublevels) for all levels took 0.043
[2017.04.18-15.37.37:314][ 30]LogTemp:Display: Executing iPhonePackager certificates Engine -bundlename com.YourCompany.CreativeKeepers

[2017.04.18-15.37.37:314][ 30]LogTemp:Display: CWD: D:\Programas\UE_4.15\Engine\Binaries\DotNET\IOS

[2017.04.18-15.37.37:314][ 30]LogTemp:Display: Initial Dir: D:\Programas\UE_4.15

[2017.04.18-15.37.37:314][ 30]LogTemp:Display: Env CWD: D:\Programas\UE_4.15\Engine\Binaries\DotNET\IOS

[2017.04.18-15.37.37:314][ 30]LogTemp:Display: BranchPath = DESKTOP-QMJBIV2/D/Programas/UE_4.15/Engine/Binaries --- GameBranchPath = DESKTOP-QMJBIV2/D/Programas/UE_4.15/Engine/Binaries

[2017.04.18-15.37.37:314][ 30]LogTemp:Display: IPP ERROR: Application exception: System.IO.DirectoryNotFoundException: No se puede encontrar una parte de la ruta de acceso 'C:\Users\Grego\AppData\Local\Apple Computer\MobileDevice\Provisioning Profiles'.

[2017.04.18-15.37.37:314][ 30]LogTemp:Display:    en System.IO.__Error.WinIOError(Int32 errorCode, String maybeFullPath)

[2017.04.18-15.37.37:314][ 30]LogTemp:Display:    en System.IO.FileSystemEnumerableIterator`1.CommonInit()

[2017.04.18-15.37.37:314][ 30]LogTemp:Display:    en System.IO.Directory.EnumerateFiles(String path, String searchPattern)

[2017.04.18-15.37.37:314][ 30]LogTemp:Display:    en iPhonePackager.CodeSignatureBuilder.FindProvisions(String CFBundleIdentifier)

[2017.04.18-15.37.37:314][ 30]LogTemp:Display:    en iPhonePackager.Program.Main(String[] args)

[2017.04.18-15.37.37:314][ 30]LogSlate: Only BGRA pngs, bmps or icos are supported in by External Image Picker
[2017.04.18-15.43.07:708][196]Cmd: OBJ SAVEPACKAGE PACKAGE="/Game/test" FILE="../../../../../TFG/CreativeKeepers/Content/test.umap" SILENT=true AUTOSAVING=false KEEPDIRTY=false
[2017.04.18-15.43.07:749][196]LogSavePackage: Save=15.74ms
[2017.04.18-15.43.07:749][196]LogSavePackage: Moving '../../../../../TFG/CreativeKeepers/Saved/test5A7A974349CCC5DC4F72779270976649.tmp' to '../../../../../TFG/CreativeKeepers/Content/test.umap'
[2017.04.18-15.43.07:750][196]LogSavePackage:Display: Finished SavePackage ../../../../../TFG/CreativeKeepers/Content/test.umap
[2017.04.18-15.43.07:794][196]LogFileHelpers: Saving map 'test' took 1.154
[2017.04.18-15.43.31:099][982]LogTemp: Repeting last play command: Selected Viewport
[2017.04.18-15.43.31:106][982]LogPlayLevel: PlayLevel: No blueprints needed recompiling
[2017.04.18-15.43.31:106][982]PIE: New page: PIE session: test (Apr 18, 2017, 7:43:31 PM)
[2017.04.18-15.43.31:106][982]LogPlayLevel: Creating play world package: /Game/UEDPIE_0_test
[2017.04.18-15.43.31:107][982]LogPlayLevel: PIE: StaticDuplicateObject took: (0.000608s)
[2017.04.18-15.43.31:107][982]LogAIModule: Creating AISystem for world test
[2017.04.18-15.43.31:107][982]LogPlayLevel: PIE: World Init took: (0.000488s)
[2017.04.18-15.43.31:107][982]LogPlayLevel: PIE: Created PIE world by copying editor world from /Game/test.test to /Game/UEDPIE_0_test.test (0.001232s)
[2017.04.18-15.43.31:135][982]LogInit: XAudio2 using 'Altavoces (Realtek High Definition Audio)' : 2 channels at 48 kHz using 32 bits per sample (channel mask 0x3)
[2017.04.18-15.43.31:143][982]LogInit: FAudioDevice initialized.
[2017.04.18-15.43.31:172][982]LogLoad: Game class is 'misc-gameMode_C'
[2017.04.18-15.43.31:173][982]LogWorld: Bringing World /Game/UEDPIE_0_test.test up for play (max tick rate 0) at 2017.04.18-17.43.31
[2017.04.18-15.43.31:173][982]LogWorld: Bringing up level for play took: 0.000616
[2017.04.18-15.43.31:209][982]PIE: Info Play in editor start time for /Game/UEDPIE_0_test 1.047
[2017.04.18-15.43.51:211][ 15]LogSlate: Only BGRA pngs, bmps or icos are supported in by External Image Picker
[2017.04.18-15.43.51:319][ 21]LogTemp:Display: Executing iPhonePackager certificates Engine -bundlename com.YourCompany.CreativeKeepers

[2017.04.18-15.43.51:319][ 21]LogTemp:Display: CWD: D:\Programas\UE_4.15\Engine\Binaries\DotNET\IOS

[2017.04.18-15.43.51:319][ 21]LogTemp:Display: Initial Dir: D:\Programas\UE_4.15

[2017.04.18-15.43.51:319][ 21]LogTemp:Display: Env CWD: D:\Programas\UE_4.15\Engine\Binaries\DotNET\IOS

[2017.04.18-15.43.51:319][ 21]LogTemp:Display: BranchPath = DESKTOP-QMJBIV2/D/Programas/UE_4.15/Engine/Binaries --- GameBranchPath = DESKTOP-QMJBIV2/D/Programas/UE_4.15/Engine/Binaries

[2017.04.18-15.43.51:345][ 24]LogTemp:Display: IPP ERROR: Application exception: System.IO.DirectoryNotFoundException: No se puede encontrar una parte de la ruta de acceso 'C:\Users\Grego\AppData\Local\Apple Computer\MobileDevice\Provisioning Profiles'.

[2017.04.18-15.43.51:345][ 24]LogTemp:Display:    en System.IO.__Error.WinIOError(Int32 errorCode, String maybeFullPath)

[2017.04.18-15.43.51:345][ 24]LogTemp:Display:    en System.IO.FileSystemEnumerableIterator`1.CommonInit()

[2017.04.18-15.43.51:345][ 24]LogTemp:Display:    en System.IO.Directory.EnumerateFiles(String path, String searchPattern)

[2017.04.18-15.43.51:345][ 24]LogTemp:Display:    en iPhonePackager.CodeSignatureBuilder.FindProvisions(String CFBundleIdentifier)

[2017.04.18-15.43.51:345][ 24]LogTemp:Display:    en iPhonePackager.Program.Main(String[] args)

[2017.04.18-15.44.11:583][355]LogTemp: Repeting last play command: Selected Viewport
[2017.04.18-15.44.11:589][355]LogPlayLevel: PlayLevel: No blueprints needed recompiling
[2017.04.18-15.44.11:589][355]PIE: New page: PIE session: test (Apr 18, 2017, 7:44:11 PM)
[2017.04.18-15.44.11:589][355]LogPlayLevel: Creating play world package: /Game/UEDPIE_0_test
[2017.04.18-15.44.11:590][355]LogPlayLevel: PIE: StaticDuplicateObject took: (0.000716s)
[2017.04.18-15.44.11:591][355]LogAIModule: Creating AISystem for world test
[2017.04.18-15.44.11:591][355]LogPlayLevel: PIE: World Init took: (0.000749s)
[2017.04.18-15.44.11:591][355]LogPlayLevel: PIE: Created PIE world by copying editor world from /Game/test.test to /Game/UEDPIE_0_test.test (0.001619s)
[2017.04.18-15.44.11:616][355]LogInit: XAudio2 using 'Altavoces (Realtek High Definition Audio)' : 2 channels at 48 kHz using 32 bits per sample (channel mask 0x3)
[2017.04.18-15.44.11:623][355]LogInit: FAudioDevice initialized.
[2017.04.18-15.44.11:652][355]LogLoad: Game class is 'misc-gameMode_C'
[2017.04.18-15.44.11:653][355]LogWorld: Bringing World /Game/UEDPIE_0_test.test up for play (max tick rate 0) at 2017.04.18-17.44.11
[2017.04.18-15.44.11:653][355]LogWorld: Bringing up level for play took: 0.000607
[2017.04.18-15.44.11:654][355]PIE: Info Play in editor start time for /Game/UEDPIE_0_test -0.508
[2017.04.18-15.44.24:236][853]LogTemp: Repeting last play command: Selected Viewport
[2017.04.18-15.44.24:243][853]LogPlayLevel: PlayLevel: No blueprints needed recompiling
[2017.04.18-15.44.24:244][853]PIE: New page: PIE session: test (Apr 18, 2017, 7:44:24 PM)
[2017.04.18-15.44.24:244][853]LogPlayLevel: Creating play world package: /Game/UEDPIE_0_test
[2017.04.18-15.44.24:244][853]LogPlayLevel: PIE: StaticDuplicateObject took: (0.000594s)
[2017.04.18-15.44.24:245][853]LogAIModule: Creating AISystem for world test
[2017.04.18-15.44.24:245][853]LogPlayLevel: PIE: World Init took: (0.000480s)
[2017.04.18-15.44.24:245][853]LogPlayLevel: PIE: Created PIE world by copying editor world from /Game/test.test to /Game/UEDPIE_0_test.test (0.001211s)
[2017.04.18-15.44.24:271][853]LogInit: XAudio2 using 'Altavoces (Realtek High Definition Audio)' : 2 channels at 48 kHz using 32 bits per sample (channel mask 0x3)
[2017.04.18-15.44.24:279][853]LogInit: FAudioDevice initialized.
[2017.04.18-15.44.24:307][853]LogLoad: Game class is 'misc-gameMode_C'
[2017.04.18-15.44.24:308][853]LogWorld: Bringing World /Game/UEDPIE_0_test.test up for play (max tick rate 0) at 2017.04.18-17.44.24
[2017.04.18-15.44.24:308][853]LogWorld: Bringing up level for play took: 0.000680
[2017.04.18-15.44.24:309][853]PIE: Info Play in editor start time for /Game/UEDPIE_0_test 0.147
[2017.04.18-15.45.01:937][245]LogSlate: Only BGRA pngs, bmps or icos are supported in by External Image Picker
[2017.04.18-15.45.02:009][246]LogTemp:Display: Executing iPhonePackager certificates Engine -bundlename com.YourCompany.CreativeKeepers

[2017.04.18-15.45.02:009][246]LogTemp:Display: CWD: D:\Programas\UE_4.15\Engine\Binaries\DotNET\IOS

[2017.04.18-15.45.02:009][246]LogTemp:Display: Initial Dir: D:\Programas\UE_4.15

[2017.04.18-15.45.02:009][246]LogTemp:Display: Env CWD: D:\Programas\UE_4.15\Engine\Binaries\DotNET\IOS

[2017.04.18-15.45.02:009][246]LogTemp:Display: BranchPath = DESKTOP-QMJBIV2/D/Programas/UE_4.15/Engine/Binaries --- GameBranchPath = DESKTOP-QMJBIV2/D/Programas/UE_4.15/Engine/Binaries

[2017.04.18-15.45.02:010][246]LogTemp:Display: IPP ERROR: Application exception: System.IO.DirectoryNotFoundException: No se puede encontrar una parte de la ruta de acceso 'C:\Users\Grego\AppData\Local\Apple Computer\MobileDevice\Provisioning Profiles'.

[2017.04.18-15.45.02:010][246]LogTemp:Display:    en System.IO.__Error.WinIOError(Int32 errorCode, String maybeFullPath)

[2017.04.18-15.45.02:010][246]LogTemp:Display:    en System.IO.FileSystemEnumerableIterator`1.CommonInit()

[2017.04.18-15.45.02:010][246]LogTemp:Display:    en System.IO.Directory.EnumerateFiles(String path, String searchPattern)

[2017.04.18-15.45.02:010][246]LogTemp:Display:    en iPhonePackager.CodeSignatureBuilder.FindProvisions(String CFBundleIdentifier)

[2017.04.18-15.45.02:010][246]LogTemp:Display:    en iPhonePackager.Program.Main(String[] args)

[2017.04.18-15.46.06:320][825]LogSlate: Only BGRA pngs, bmps or icos are supported in by External Image Picker
[2017.04.18-15.46.06:373][826]LogTemp:Display: Executing iPhonePackager certificates Engine -bundlename com.YourCompany.CreativeKeepers

[2017.04.18-15.46.06:373][826]LogTemp:Display: CWD: D:\Programas\UE_4.15\Engine\Binaries\DotNET\IOS

[2017.04.18-15.46.06:373][826]LogTemp:Display: Initial Dir: D:\Programas\UE_4.15

[2017.04.18-15.46.06:373][826]LogTemp:Display: Env CWD: D:\Programas\UE_4.15\Engine\Binaries\DotNET\IOS

[2017.04.18-15.46.06:373][826]LogTemp:Display: BranchPath = DESKTOP-QMJBIV2/D/Programas/UE_4.15/Engine/Binaries --- GameBranchPath = DESKTOP-QMJBIV2/D/Programas/UE_4.15/Engine/Binaries

[2017.04.18-15.46.06:403][829]LogTemp:Display: IPP ERROR: Application exception: System.IO.DirectoryNotFoundException: No se puede encontrar una parte de la ruta de acceso 'C:\Users\Grego\AppData\Local\Apple Computer\MobileDevice\Provisioning Profiles'.

[2017.04.18-15.46.06:403][829]LogTemp:Display:    en System.IO.__Error.WinIOError(Int32 errorCode, String maybeFullPath)

[2017.04.18-15.46.06:403][829]LogTemp:Display:    en System.IO.FileSystemEnumerableIterator`1.CommonInit()

[2017.04.18-15.46.06:403][829]LogTemp:Display:    en System.IO.Directory.EnumerateFiles(String path, String searchPattern)

[2017.04.18-15.46.06:403][829]LogTemp:Display:    en iPhonePackager.CodeSignatureBuilder.FindProvisions(String CFBundleIdentifier)

[2017.04.18-15.46.06:403][829]LogTemp:Display:    en iPhonePackager.Program.Main(String[] args)

[2017.04.18-15.46.11:378][414]LogSlate:Warning: Prevented a slow task dialog from being summoned while a context menu was open
[2017.04.18-15.47.22:091][ 62]Cmd: OBJ SAVEPACKAGE PACKAGE="/Game/misc-gameInstance" FILE="../../../../../TFG/CreativeKeepers/Content/misc-gameInstance.uasset" SILENT=true
[2017.04.18-15.47.22:095][ 62]LogSavePackage: Save=2.62ms
[2017.04.18-15.47.22:095][ 62]LogSavePackage: Moving '../../../../../TFG/CreativeKeepers/Saved/misc-gameInstance91D9968E46F085467C19679BE3352CD6.tmp' to '../../../../../TFG/CreativeKeepers/Content/misc-gameInstance.uasset'
[2017.04.18-15.47.22:098][ 62]LogSavePackage:Display: Finished SavePackage ../../../../../TFG/CreativeKeepers/Content/misc-gameInstance.uasset
[2017.04.18-15.47.23:879][253]LogSlate:Warning: Prevented a slow task dialog from being summoned while a context menu was open
[2017.04.18-15.47.31:880][177]LogUObjectGlobals:Warning: Failed to find object 'Class /Game/misc-gameInstance.misc-gameInstance'
[2017.04.18-15.50.01:491][179]Cmd: OBJ SAVEPACKAGE PACKAGE="/Game/pawn-elfen" FILE="../../../../../TFG/CreativeKeepers/Content/pawn-elfen.uasset" SILENT=true
[2017.04.18-15.50.01:545][179]LogSavePackage: Save=7.04ms
[2017.04.18-15.50.01:545][179]LogSavePackage: Moving '../../../../../TFG/CreativeKeepers/Saved/pawn-elfen6CD6A8E64FA1D41EA9DE558652361FF2.tmp' to '../../../../../TFG/CreativeKeepers/Content/pawn-elfen.uasset'
[2017.04.18-15.50.01:548][179]LogSavePackage:Display: Finished SavePackage ../../../../../TFG/CreativeKeepers/Content/pawn-elfen.uasset
[2017.04.18-15.50.01:946][224]BlueprintLog: New page: Compile pawn-elfen
[2017.04.18-15.50.33:301][840]LogSlate: Only BGRA pngs, bmps or icos are supported in by External Image Picker
[2017.04.18-15.50.33:350][841]LogTemp:Display: Executing iPhonePackager certificates Engine -bundlename com.YourCompany.CreativeKeepers

[2017.04.18-15.50.33:350][841]LogTemp:Display: CWD: D:\Programas\UE_4.15\Engine\Binaries\DotNET\IOS

[2017.04.18-15.50.33:350][841]LogTemp:Display: Initial Dir: D:\Programas\UE_4.15

[2017.04.18-15.50.33:350][841]LogTemp:Display: Env CWD: D:\Programas\UE_4.15\Engine\Binaries\DotNET\IOS

[2017.04.18-15.50.33:350][841]LogTemp:Display: BranchPath = DESKTOP-QMJBIV2/D/Programas/UE_4.15/Engine/Binaries --- GameBranchPath = DESKTOP-QMJBIV2/D/Programas/UE_4.15/Engine/Binaries

[2017.04.18-15.50.33:371][842]LogTemp:Display: IPP ERROR: Application exception: System.IO.DirectoryNotFoundException: No se puede encontrar una parte de la ruta de acceso 'C:\Users\Grego\AppData\Local\Apple Computer\MobileDevice\Provisioning Profiles'.

[2017.04.18-15.50.33:371][842]LogTemp:Display:    en System.IO.__Error.WinIOError(Int32 errorCode, String maybeFullPath)

[2017.04.18-15.50.33:371][842]LogTemp:Display:    en System.IO.FileSystemEnumerableIterator`1.CommonInit()

[2017.04.18-15.50.33:371][842]LogTemp:Display:    en System.IO.Directory.EnumerateFiles(String path, String searchPattern)

[2017.04.18-15.50.33:371][842]LogTemp:Display:    en iPhonePackager.CodeSignatureBuilder.FindProvisions(String CFBundleIdentifier)

[2017.04.18-15.50.33:371][842]LogTemp:Display:    en iPhonePackager.Program.Main(String[] args)

[2017.04.18-15.55.45:748][947]LogActorComponent: UnregisterComponent: (/Engine/Transient.EditorFloorComp) Not registered. Aborting.
[2017.04.18-15.55.46:022][947]LogWindowsTextInputMethodSystem:Display: IME system now deactivated.
[2017.04.18-15.55.46:024][947]Cmd: QUIT_EDITOR
[2017.04.18-15.55.46:731][947]LogExit: Preparing to exit.
[2017.04.18-15.55.47:949][947]LogDirectoryWatcher: A directory notification for 'D:/TFG/CreativeKeepers/Content/' was aborted.
[2017.04.18-15.55.48:069][947]LogExit: Editor shut down
[2017.04.18-15.55.48:069][947]LogExit: Transaction tracking system shut down
[2017.04.18-15.55.51:964][947]LogObj: Freed 0b from 0 cluster array pools.
[2017.04.18-15.55.51:965][947]LogExit: Object subsystem successfully closed.
[2017.04.18-15.55.53:683][947]LogD3D11RHI: Shutdown
[2017.04.18-15.55.53:683][947]LogD3D11RHI: CleanupD3DDevice
[2017.04.18-15.55.53:934][947]LogD3D11RHI: ~FD3D11DynamicRHI
[2017.04.18-15.55.55:114][947]LogModuleManager: Shutting down and abandoning module ExternalImagePicker (508)
[2017.04.18-15.55.55:114][947]LogModuleManager: Shutting down and abandoning module WebBrowser (506)
[2017.04.18-15.55.55:624][947]LogModuleManager: Shutting down and abandoning module MovieSceneCapture (504)
[2017.04.18-15.55.55:624][947]LogModuleManager: Shutting down and abandoning module BlueprintGraph (502)
[2017.04.18-15.55.55:624][947]LogModuleManager: Shutting down and abandoning module BlueprintProfiler (500)
[2017.04.18-15.55.55:643][947]LogModuleManager: Shutting down and abandoning module HierarchicalLODOutliner (498)
[2017.04.18-15.55.55:643][947]LogModuleManager: Shutting down and abandoning module CrashTracker (496)
[2017.04.18-15.55.55:643][947]LogModuleManager: Shutting down and abandoning module SceneOutliner (494)
[2017.04.18-15.55.55:643][947]LogModuleManager: Shutting down and abandoning module AddContentDialog (492)
[2017.04.18-15.55.55:657][947]LogDirectoryWatcher: A directory notification for 'D:/Programas/UE_4.15/FeaturePacks/' was aborted.
[2017.04.18-15.55.55:658][947]LogModuleManager: Shutting down and abandoning module WidgetCarousel (491)
[2017.04.18-15.55.55:658][947]LogModuleManager: Shutting down and abandoning module EditorWidgets (488)
[2017.04.18-15.55.55:658][947]LogModuleManager: Shutting down and abandoning module CollectionManager (486)
[2017.04.18-15.55.55:658][947]LogDirectoryWatcher: A directory notification for 'D:/TFG/CreativeKeepers/Content/Collections/' was aborted.
[2017.04.18-15.55.55:659][947]LogDirectoryWatcher: A directory notification for 'D:/TFG/CreativeKeepers/Content/Developers/Grego/Collections/' was aborted.
[2017.04.18-15.55.55:659][947]LogDirectoryWatcher: A directory notification for 'D:/TFG/CreativeKeepers/Saved/Collections/' was aborted.
[2017.04.18-15.55.55:659][947]LogModuleManager: Shutting down and abandoning module StatsViewer (484)
[2017.04.18-15.55.55:671][947]LogModuleManager: Shutting down and abandoning module FoliageEdit (482)
[2017.04.18-15.55.55:671][947]LogModuleManager: Shutting down and abandoning module LandscapeEditor (480)
[2017.04.18-15.55.55:684][947]LogModuleManager: Shutting down and abandoning module SceneDepthPickerMode (478)
[2017.04.18-15.55.55:684][947]LogModuleManager: Shutting down and abandoning module ActorPickerMode (476)
[2017.04.18-15.55.55:684][947]LogModuleManager: Shutting down and abandoning module GeometryMode (474)
[2017.04.18-15.55.55:685][947]LogModuleManager: Shutting down and abandoning module TextureAlignMode (472)
[2017.04.18-15.55.55:685][947]LogModuleManager: Shutting down and abandoning module BspMode (470)
[2017.04.18-15.55.55:685][947]LogModuleManager: Shutting down and abandoning module HardwareSurvey (468)
[2017.04.18-15.55.55:685][947]LogModuleManager: Shutting down and abandoning module SequenceRecorderSections (466)
[2017.04.18-15.55.55:685][947]LogModuleManager: Shutting down and abandoning module AutomationWorker (464)
[2017.04.18-15.55.55:685][947]LogModuleManager: Shutting down and abandoning module MatineeToLevelSequence (462)
[2017.04.18-15.55.55:685][947]LogModuleManager: Shutting down and abandoning module LevelSequenceEditor (460)
[2017.04.18-15.55.55:685][947]LogModuleManager: Shutting down and abandoning module PlacementMode (459)
[2017.04.18-15.55.55:685][947]LogModuleManager: Shutting down and abandoning module WmfMediaFactory (456)
[2017.04.18-15.55.55:685][947]LogModuleManager: Shutting down and abandoning module WmfMediaEditor (454)
[2017.04.18-15.55.55:685][947]LogModuleManager: Shutting down and abandoning module MfMediaFactory (452)
[2017.04.18-15.55.55:685][947]LogModuleManager: Shutting down and abandoning module MfMediaEditor (450)
[2017.04.18-15.55.55:685][947]LogModuleManager: Shutting down and abandoning module AvfMediaFactory (448)
[2017.04.18-15.55.55:685][947]LogModuleManager: Shutting down and abandoning module AvfMediaEditor (446)
[2017.04.18-15.55.55:685][947]LogModuleManager: Shutting down and abandoning module AndroidMediaFactory (444)
[2017.04.18-15.55.55:685][947]LogModuleManager: Shutting down and abandoning module Media (443)
[2017.04.18-15.55.55:685][947]LogModuleManager: Shutting down and abandoning module AndroidMediaEditor (440)
[2017.04.18-15.55.55:685][947]LogModuleManager: Shutting down and abandoning module CharacterAI (438)
[2017.04.18-15.55.55:685][947]LogModuleManager: Shutting down and abandoning module AudioCapture (436)
[2017.04.18-15.55.55:685][947]LogModuleManager: Shutting down and abandoning module SequenceRecorder (435)
[2017.04.18-15.55.55:741][947]LogModuleManager: Shutting down and abandoning module SmartSnapping (432)
[2017.04.18-15.55.55:741][947]LogModuleManager: Shutting down and abandoning module SessionServices (430)
[2017.04.18-15.55.55:741][947]LogModuleManager: Shutting down and abandoning module ViewportSnapping (428)
[2017.04.18-15.55.55:741][947]LogModuleManager: Shutting down and abandoning module ViewportInteraction (426)
[2017.04.18-15.55.55:741][947]LogModuleManager: Shutting down and abandoning module LogVisualizer (424)
[2017.04.18-15.55.55:741][947]LogModuleManager: Shutting down and abandoning module IntroTutorials (422)
[2017.04.18-15.55.55:741][947]LogModuleManager: Shutting down and abandoning module GameProjectGeneration (421)
[2017.04.18-15.55.55:741][947]LogModuleManager: Shutting down and abandoning module EditorLiveStreaming (418)
[2017.04.18-15.55.55:741][947]LogModuleManager: Shutting down and abandoning module IOSPlatformEditor (416)
[2017.04.18-15.55.55:741][947]LogModuleManager: Shutting down and abandoning module HTML5PlatformEditor (414)
[2017.04.18-15.55.55:741][947]LogModuleManager: Shutting down and abandoning module AndroidPlatformEditor (412)
[2017.04.18-15.55.55:741][947]LogModuleManager: Shutting down and abandoning module AndroidDeviceDetection (411)
[2017.04.18-15.55.55:923][947]LogModuleManager: Shutting down and abandoning module IOSRuntimeSettings (408)
[2017.04.18-15.55.55:923][947]LogModuleManager: Shutting down and abandoning module AndroidRuntimeSettings (406)
[2017.04.18-15.55.55:923][947]LogModuleManager: Shutting down and abandoning module InputBindingEditor (404)
[2017.04.18-15.55.55:923][947]LogModuleManager: Shutting down and abandoning module NiagaraEditor (402)
[2017.04.18-15.55.55:923][947]LogModuleManager: Shutting down and abandoning module MergeActors (400)
[2017.04.18-15.55.55:923][947]LogModuleManager: Shutting down and abandoning module SizeMap (398)
[2017.04.18-15.55.55:923][947]LogModuleManager: Shutting down and abandoning module TreeMap (396)
[2017.04.18-15.55.55:923][947]LogModuleManager: Shutting down and abandoning module ReferenceViewer (394)
[2017.04.18-15.55.55:923][947]LogModuleManager: Shutting down and abandoning module LocalizationDashboard (392)
[2017.04.18-15.55.55:923][947]LogModuleManager: Shutting down and abandoning module LocalizationService (391)
[2017.04.18-15.55.55:923][947]LogModuleManager: Shutting down and abandoning module HardwareTargeting (388)
[2017.04.18-15.55.55:923][947]LogModuleManager: Shutting down and abandoning module DeviceProfileEditor (386)
[2017.04.18-15.55.55:923][947]LogModuleManager: Shutting down and abandoning module UndoHistory (384)
[2017.04.18-15.55.55:923][947]LogModuleManager: Shutting down and abandoning module UserFeedback (382)
[2017.04.18-15.55.55:923][947]LogModuleManager: Shutting down and abandoning module XmlParser (380)
[2017.04.18-15.55.55:923][947]LogModuleManager: Shutting down and abandoning module Blutility (378)
[2017.04.18-15.55.55:923][947]LogModuleManager: Shutting down and abandoning module ProjectSettingsViewer (376)
[2017.04.18-15.55.55:923][947]LogModuleManager: Shutting down and abandoning module ProjectTargetPlatformEditor (375)
[2017.04.18-15.55.55:923][947]LogModuleManager: Shutting down and abandoning module EditorSettingsViewer (372)
[2017.04.18-15.55.55:924][947]LogModuleManager: Shutting down and abandoning module SettingsEditor (370)
[2017.04.18-15.55.55:924][947]LogModuleManager: Shutting down and abandoning module ProjectLauncher (368)
[2017.04.18-15.55.55:924][947]LogModuleManager: Shutting down and abandoning module SessionFrontend (366)
[2017.04.18-15.55.55:924][947]LogModuleManager: Shutting down and abandoning module ProfilerClient (364)
[2017.04.18-15.55.55:924][947]LogModuleManager: Shutting down and abandoning module DeviceManager (362)
[2017.04.18-15.55.55:924][947]LogModuleManager: Shutting down and abandoning module TargetDeviceServices (361)
[2017.04.18-15.55.55:956][947]LogModuleManager: Shutting down and abandoning module AutomationController (358)
[2017.04.18-15.55.55:956][947]LogModuleManager: Shutting down and abandoning module AutomationWindow (356)
[2017.04.18-15.55.55:956][947]LogModuleManager: Shutting down and abandoning module Layers (354)
[2017.04.18-15.55.55:980][947]LogModuleManager: Shutting down and abandoning module ComponentVisualizers (352)
[2017.04.18-15.55.55:980][947]LogModuleManager: Shutting down and abandoning module DetailCustomizations (350)
[2017.04.18-15.55.56:004][947]LogModuleManager: Shutting down and abandoning module PackagesDialog (348)
[2017.04.18-15.55.56:004][947]LogModuleManager: Shutting down and abandoning module Persona (346)
[2017.04.18-15.55.56:004][947]LogModuleManager: Shutting down and abandoning module AnimGraph (345)
[2017.04.18-15.55.56:004][947]LogModuleManager: Shutting down and abandoning module Kismet (342)
[2017.04.18-15.55.56:015][947]LogModuleManager: Shutting down and abandoning module GraphEditor (340)
[2017.04.18-15.55.56:015][947]LogModuleManager: Shutting down and abandoning module ClassViewer (338)
[2017.04.18-15.55.56:016][947]LogModuleManager: Shutting down and abandoning module Toolbox (336)
[2017.04.18-15.55.56:016][947]LogModuleManager: Shutting down and abandoning module ModuleUI (334)
[2017.04.18-15.55.56:016][947]LogModuleManager: Shutting down and abandoning module MovieSceneTools (332)
[2017.04.18-15.55.56:025][947]LogModuleManager: Shutting down and abandoning module OutputLog (330)
[2017.04.18-15.55.56:025][947]LogModuleManager: Shutting down and abandoning module GammaUI (328)
[2017.04.18-15.55.56:025][947]LogModuleManager: Shutting down and abandoning module Documentation (326)
[2017.04.18-15.55.56:026][947]LogModuleManager: Shutting down and abandoning module Niagara (324)
[2017.04.18-15.55.56:026][947]LogModuleManager: Shutting down and abandoning module StreamingPauseRendering (322)
[2017.04.18-15.55.56:026][947]LogModuleManager: Shutting down and abandoning module AnalyticsET (320)
[2017.04.18-15.55.56:026][947]LogModuleManager: Shutting down and abandoning module PortalServices (318)
[2017.04.18-15.55.56:026][947]LogModuleManager: Shutting down and abandoning module PortalRpc (316)
[2017.04.18-15.55.56:026][947]LogModuleManager: Shutting down and abandoning module MessagingRpc (314)
[2017.04.18-15.55.56:026][947]LogModuleManager: Shutting down and abandoning module AIModule (312)
[2017.04.18-15.55.56:034][947]LogModuleManager: Shutting down and abandoning module GameplayDebugger (311)
[2017.04.18-15.55.56:034][947]LogModuleManager: Shutting down and abandoning module AITestSuite (309)
[2017.04.18-15.55.56:034][947]LogModuleManager: Shutting down and abandoning module ProfilerService (306)
[2017.04.18-15.55.56:066][947]LogModuleManager: Shutting down and abandoning module TaskGraph (304)
[2017.04.18-15.55.56:066][947]LogModuleManager: Shutting down and abandoning module SteamVRController (302)
[2017.04.18-15.55.56:066][947]LogModuleManager: Shutting down and abandoning module SteamVR (300)
[2017.04.18-15.55.56:066][947]LogModuleManager: Shutting down and abandoning module ProceduralMeshComponentEditor (298)
[2017.04.18-15.55.56:066][947]LogModuleManager: Shutting down and abandoning module ProceduralMeshComponent (296)
[2017.04.18-15.55.56:066][947]LogModuleManager: Shutting down and abandoning module OculusLibrary (294)
[2017.04.18-15.55.56:066][947]LogModuleManager: Shutting down and abandoning module OculusInput (292)
[2017.04.18-15.55.56:066][947]LogModuleManager: Shutting down and abandoning module MobilePatchingUtils (290)
[2017.04.18-15.55.56:066][947]LogModuleManager: Shutting down and abandoning module CustomMeshComponent (288)
[2017.04.18-15.55.56:066][947]LogModuleManager: Shutting down and abandoning module CableComponent (286)
[2017.04.18-15.55.56:066][947]LogModuleManager: Shutting down and abandoning module ArchVisCharacter (284)
[2017.04.18-15.55.56:066][947]LogModuleManager: Shutting down and abandoning module MediaPlayerEditor (280)
[2017.04.18-15.55.56:066][947]LogModuleManager: Shutting down and abandoning module HTML5Networking (278)
[2017.04.18-15.55.56:066][947]LogModuleManager: Shutting down and abandoning module AlembicImporter (276)
[2017.04.18-15.55.56:066][947]LogModuleManager: Shutting down and abandoning module AlembicLibrary (275)
[2017.04.18-15.55.56:066][947]LogModuleManager: Shutting down and abandoning module GeometryCache (274)
[2017.04.18-15.55.56:066][947]LogModuleManager: Shutting down and abandoning module GeometryCacheEd (273)
[2017.04.18-15.55.56:066][947]LogModuleManager: Shutting down and abandoning module SuperSearchEditor (268)
[2017.04.18-15.55.56:066][947]LogModuleManager: Shutting down and abandoning module SuperSearch (267)
[2017.04.18-15.55.56:066][947]LogModuleManager: Shutting down and abandoning module SpeedTreeImporter (264)
[2017.04.18-15.55.56:066][947]LogModuleManager: Shutting down and abandoning module PluginBrowser (262)
[2017.04.18-15.55.56:066][947]LogModuleManager: Shutting down and abandoning module MobileLauncherProfileWizard (260)
[2017.04.18-15.55.56:066][947]LogModuleManager: Shutting down and abandoning module EpicSurvey (258)
[2017.04.18-15.55.56:066][947]LogModuleManager: Shutting down and abandoning module VisualStudioSourceCodeAccess (256)
[2017.04.18-15.55.56:066][947]LogModuleManager: Shutting down and abandoning module DesktopPlatform (255)
[2017.04.18-15.55.56:066][947]LogModuleManager: Shutting down and abandoning module UObjectPlugin (252)
[2017.04.18-15.55.56:066][947]LogModuleManager: Shutting down and abandoning module SubversionSourceControl (250)
[2017.04.18-15.55.56:066][947]LogModuleManager: Shutting down and abandoning module PerforceSourceControl (248)
[2017.04.18-15.55.56:066][947]LogModuleManager: Shutting down and abandoning module GitSourceControl (246)
[2017.04.18-15.55.56:066][947]LogModuleManager: Shutting down and abandoning module SourceControl (245)
[2017.04.18-15.55.56:079][947]LogModuleManager: Shutting down and abandoning module LightPropagationVolumeEditor (242)
[2017.04.18-15.55.56:079][947]LogModuleManager: Shutting down and abandoning module PaperTiledImporter (240)
[2017.04.18-15.55.56:079][947]LogModuleManager: Shutting down and abandoning module PaperSpriteSheetImporter (238)
[2017.04.18-15.55.56:079][947]LogModuleManager: Shutting down and abandoning module Paper2DEditor (236)
[2017.04.18-15.55.56:079][947]LogModuleManager: Shutting down and abandoning module MeshPaint (235)
[2017.04.18-15.55.56:079][947]LogModuleManager: Shutting down and abandoning module LevelEditor (233)
[2017.04.18-15.55.56:094][947]LogModuleManager: Shutting down and abandoning module PixelInspectorModule (232)
[2017.04.18-15.55.56:094][947]LogModuleManager: Shutting down and abandoning module MainFrame (230)
[2017.04.18-15.55.56:094][947]LogModuleManager: Shutting down and abandoning module HotReload (229)
[2017.04.18-15.55.56:094][947]LogModuleManager: Shutting down and abandoning module ContentBrowser (225)
[2017.04.18-15.55.56:095][947]LogModuleManager: Shutting down and abandoning module PhysXVehiclesEditor (222)
[2017.04.18-15.55.56:095][947]LogModuleManager: Shutting down and abandoning module PhysXVehicles (220)
[2017.04.18-15.55.56:095][947]LogModuleManager: Shutting down and abandoning module LocationServicesBPLibrary (218)
[2017.04.18-15.55.56:095][947]LogModuleManager: Shutting down and abandoning module UdpMessaging (216)
[2017.04.18-15.55.56:196][947]LogModuleManager: Shutting down and abandoning module TcpMessaging (214)
[2017.04.18-15.55.56:297][947]LogModuleManager: Shutting down and abandoning module GameplayTagsEditor (212)
[2017.04.18-15.55.56:297][947]LogModuleManager: Shutting down and abandoning module FacialAnimationEditor (210)
[2017.04.18-15.55.56:297][947]LogModuleManager: Shutting down and abandoning module FacialAnimation (208)
[2017.04.18-15.55.56:297][947]LogModuleManager: Shutting down and abandoning module LightPropagationVolumeRuntime (206)
[2017.04.18-15.55.56:297][947]LogModuleManager: Shutting down and abandoning module Paper2D (204)
[2017.04.18-15.55.56:297][947]LogModuleManager: Shutting down and abandoning module WindowsMoviePlayer (202)
[2017.04.18-15.55.56:297][947]LogModuleManager: Shutting down and abandoning module WmfMedia (200)
[2017.04.18-15.55.56:298][947]LogModuleManager: Shutting down and abandoning module MfMedia (198)
[2017.04.18-15.55.56:298][947]LogModuleManager: Shutting down and abandoning module MediaAssets (196)
[2017.04.18-15.55.56:298][947]LogModuleManager: Shutting down and abandoning module GameLiveStreaming (194)
[2017.04.18-15.55.56:298][947]LogModuleManager: Shutting down and abandoning module VREditor (192)
[2017.04.18-15.55.56:298][947]LogModuleManager: Shutting down and abandoning module GameplayTasksEditor (190)
[2017.04.18-15.55.56:298][947]LogModuleManager: Shutting down and abandoning module BehaviorTreeEditor (188)
[2017.04.18-15.55.56:298][947]LogModuleManager: Shutting down and abandoning module FunctionalTesting (186)
[2017.04.18-15.55.56:298][947]LogModuleManager: Shutting down and abandoning module CollisionAnalyzer (184)
[2017.04.18-15.55.56:393][947]LogModuleManager: Shutting down and abandoning module UMG (182)
[2017.04.18-15.55.56:504][947]LogModuleManager: Shutting down and abandoning module UMGEditor (181)
[2017.04.18-15.55.56:726][947]LogModuleManager: Shutting down and abandoning module Sequencer (180)
[2017.04.18-15.55.56:918][947]LogModuleManager: Shutting down and abandoning module AssetTools (178)
[2017.04.18-15.55.57:099][947]LogModuleManager: Shutting down and abandoning module MessageLog (177)
[2017.04.18-15.55.57:099][947]LogModuleManager: Shutting down and abandoning module WorkspaceMenuStructure (176)
[2017.04.18-15.55.57:099][947]LogModuleManager: Shutting down and abandoning module SlateReflector (170)
[2017.04.18-15.55.57:099][947]LogModuleManager: Shutting down and abandoning module Slate (168)
[2017.04.18-15.55.57:099][947]LogModuleManager: Shutting down and abandoning module EditorStyle (166)
[2017.04.18-15.55.57:101][947]LogModuleManager: Shutting down and abandoning module SourceCodeAccess (164)
[2017.04.18-15.55.57:131][947]LogModuleManager: Shutting down and abandoning module HeadMountedDisplay (162)
[2017.04.18-15.55.57:131][947]LogModuleManager: Shutting down and abandoning module XAudio2 (160)
[2017.04.18-15.55.57:131][947]LogModuleManager: Shutting down and abandoning module Networking (158)
[2017.04.18-15.55.57:131][947]LogModuleManager: Shutting down and abandoning module Core (154)
[2017.04.18-15.55.57:131][947]LogModuleManager: Shutting down and abandoning module AssetRegistry (152)
[2017.04.18-15.55.57:287][947]LogDirectoryWatcher: A directory notification for '../../../Engine/Content/' was aborted.
[2017.04.18-15.55.57:287][947]LogDirectoryWatcher: A directory notification for '../../../../../TFG/CreativeKeepers/Content/' was aborted.
[2017.04.18-15.55.57:287][947]LogDirectoryWatcher: A directory notification for '../../../Engine/Plugins/2D/Paper2D/Content/' was aborted.
[2017.04.18-15.55.57:287][947]LogModuleManager: Shutting down and abandoning module DirectoryWatcher (151)
[2017.04.18-15.55.57:289][947]LogModuleManager: Shutting down and abandoning module KismetCompiler (148)
[2017.04.18-15.55.57:289][947]LogModuleManager: Shutting down and abandoning module PhysXFormats (146)
[2017.04.18-15.55.57:289][947]LogModuleManager: Shutting down and abandoning module MeshUtilities (144)
[2017.04.18-15.55.57:289][947]LogModuleManager: Shutting down and abandoning module SimplygonSwarm (143)
[2017.04.18-15.55.57:289][947]LogModuleManager: Shutting down and abandoning module SimplygonMeshReduction (141)
[2017.04.18-15.55.57:289][947]LogModuleManager: Shutting down and abandoning module QuadricMeshReduction (139)
[2017.04.18-15.55.57:289][947]LogModuleManager: Shutting down and abandoning module PropertyEditor (137)
[2017.04.18-15.55.57:289][947]LogModuleManager: Shutting down and abandoning module DerivedDataCache (134)
[2017.04.18-15.55.57:303][947]LogDerivedDataCache: Shutdown
[2017.04.18-15.55.57:303][947]LogModuleManager: Shutting down and abandoning module TargetPlatform (132)
[2017.04.18-15.55.57:303][947]LogModuleManager: Shutting down and abandoning module VulkanShaderFormat (131)
[2017.04.18-15.55.57:329][947]LogModuleManager: Shutting down and abandoning module ShaderFormatOpenGL (129)
[2017.04.18-15.55.57:360][947]LogModuleManager: Shutting down and abandoning module ShaderFormatD3D (127)
[2017.04.18-15.55.57:412][947]LogModuleManager: Shutting down and abandoning module MetalShaderFormat (125)
[2017.04.18-15.55.57:512][947]LogModuleManager: Shutting down and abandoning module TextureFormatUncompressed (123)
[2017.04.18-15.55.57:512][947]LogModuleManager: Shutting down and abandoning module TextureFormatPVR (121)
[2017.04.18-15.55.57:512][947]LogModuleManager: Shutting down and abandoning module TextureFormatDXT (119)
[2017.04.18-15.55.57:545][947]LogModuleManager: Shutting down and abandoning module TextureFormatIntelISPCTexComp (117)
[2017.04.18-15.55.57:571][947]LogModuleManager: Shutting down and abandoning module TextureFormatASTC (115)
[2017.04.18-15.55.57:571][947]LogModuleManager: Shutting down and abandoning module ImageWrapper (114)
[2017.04.18-15.55.57:571][947]LogModuleManager: Shutting down and abandoning module TextureFormatAndroid (111)
[2017.04.18-15.55.57:571][947]LogModuleManager: Shutting down and abandoning module AudioFormatOpus (109)
[2017.04.18-15.55.57:604][947]LogModuleManager: Shutting down and abandoning module AudioFormatOgg (107)
[2017.04.18-15.55.57:604][947]LogModuleManager: Shutting down and abandoning module AudioFormatADPCM (105)
[2017.04.18-15.55.57:604][947]LogModuleManager: Shutting down and abandoning module LinuxTargetPlatform (103)
[2017.04.18-15.55.57:604][947]LogModuleManager: Shutting down and abandoning module LinuxServerTargetPlatform (101)
[2017.04.18-15.55.57:604][947]LogModuleManager: Shutting down and abandoning module LinuxNoEditorTargetPlatform (99)
[2017.04.18-15.55.57:604][947]LogModuleManager: Shutting down and abandoning module LinuxClientTargetPlatform (97)
[2017.04.18-15.55.57:604][947]LogModuleManager: Shutting down and abandoning module TVOSTargetPlatform (95)
[2017.04.18-15.55.57:604][947]LogModuleManager: Shutting down and abandoning module Messaging (93)
[2017.04.18-15.55.57:604][947]LogModuleManager: Shutting down and abandoning module IOSTargetPlatform (91)
[2017.04.18-15.55.57:604][947]LogModuleManager: Shutting down and abandoning module HTML5TargetPlatform (89)
[2017.04.18-15.55.57:604][947]LogModuleManager: Shutting down and abandoning module Android_PVRTCTargetPlatform (87)
[2017.04.18-15.55.57:604][947]LogModuleManager: Shutting down and abandoning module Android_MultiTargetPlatform (85)
[2017.04.18-15.55.57:604][947]LogModuleManager: Shutting down and abandoning module Android_ETC2TargetPlatform (83)
[2017.04.18-15.55.57:604][947]LogModuleManager: Shutting down and abandoning module Android_ETC1TargetPlatform (81)
[2017.04.18-15.55.57:604][947]LogModuleManager: Shutting down and abandoning module Android_DXTTargetPlatform (79)
[2017.04.18-15.55.57:604][947]LogModuleManager: Shutting down and abandoning module Android_ATCTargetPlatform (77)
[2017.04.18-15.55.57:604][947]LogModuleManager: Shutting down and abandoning module Android_ASTCTargetPlatform (75)
[2017.04.18-15.55.57:604][947]LogModuleManager: Shutting down and abandoning module AndroidTargetPlatform (73)
[2017.04.18-15.55.57:604][947]LogModuleManager: Shutting down and abandoning module WindowsTargetPlatform (71)
[2017.04.18-15.55.57:604][947]LogModuleManager: Shutting down and abandoning module WindowsServerTargetPlatform (69)
[2017.04.18-15.55.57:604][947]LogModuleManager: Shutting down and abandoning module WindowsNoEditorTargetPlatform (67)
[2017.04.18-15.55.57:604][947]LogModuleManager: Shutting down and abandoning module WindowsClientTargetPlatform (65)
[2017.04.18-15.55.57:604][947]LogModuleManager: Shutting down and abandoning module MacTargetPlatform (63)
[2017.04.18-15.55.57:604][947]LogModuleManager: Shutting down and abandoning module MacServerTargetPlatform (61)
[2017.04.18-15.55.57:604][947]LogModuleManager: Shutting down and abandoning module MacNoEditorTargetPlatform (59)
[2017.04.18-15.55.57:604][947]LogModuleManager: Shutting down and abandoning module MacClientTargetPlatform (57)
[2017.04.18-15.55.57:604][947]LogModuleManager: Shutting down and abandoning module AllDesktopTargetPlatform (55)
[2017.04.18-15.55.57:604][947]LogModuleManager: Shutting down and abandoning module InputCore (52)
[2017.04.18-15.55.57:604][947]LogModuleManager: Shutting down and abandoning module Settings (50)
[2017.04.18-15.55.57:604][947]LogModuleManager: Shutting down and abandoning module OculusRift (48)
[2017.04.18-15.55.57:650][947]LogModuleManager: Shutting down and abandoning module GearVR (46)
[2017.04.18-15.55.57:650][947]LogModuleManager: Shutting down and abandoning module ExampleDeviceProfileSelector (44)
[2017.04.18-15.55.57:650][947]LogModuleManager: Shutting down and abandoning module OnlineBlueprintSupport (42)
[2017.04.18-15.55.57:650][947]LogModuleManager: Shutting down and abandoning module OnlineSubsystem (38)
[2017.04.18-15.55.57:650][947]LogOnline:Display: Unloading online subsystem: NULL
[2017.04.18-15.55.57:677][947]LogModuleManager: Shutting down and abandoning module XMPP (37)
[2017.04.18-15.55.57:825][947]LogModuleManager: Shutting down and abandoning module HTTP (35)
[2017.04.18-15.55.57:880][947]LogHttp:Display: Http module shutting down, but needs to wait on 1 outstanding Http requests:
[2017.04.18-15.55.57:880][947]LogHttp:Display: 	verb=[POST] url=[https://datarouter.ol.epicgames.com/datarouter/api/v1/public/data?SessionID=%7B142216CD-4D66-1658-F5E7-F4A377ACCDC8%7D&AppID=UEEditor.Rocket.Release&AppVersion=4.15.1-3348071%2B%2B%2BUE4%2BRelease-4.15&UserID=32a836f54a69625fd74255b8f28df338%7C1968c17eba254ed9b4bf8b1be1637d8f%7C3fa134da-b9a2-4079-8632-9954fbbaa8c2&AppEnvironment=datacollector-binary&UploadType=eteventstream] status=Processing
[2017.04.18-15.55.57:883][947]LogModuleManager: Shutting down and abandoning module SSL (34)
[2017.04.18-15.55.57:905][947]LogModuleManager: Shutting down and abandoning module AudioEditor (30)
[2017.04.18-15.55.57:977][947]LogModuleManager: Shutting down and abandoning module TextureCompressor (28)
[2017.04.18-15.55.58:025][947]LogModuleManager: Shutting down and abandoning module ShaderCore (26)
[2017.04.18-15.55.58:025][947]LogModuleManager: Shutting down and abandoning module Landscape (24)
[2017.04.18-15.55.58:025][947]LogModuleManager: Shutting down and abandoning module SlateRHIRenderer (22)
[2017.04.18-15.55.58:047][947]LogModuleManager: Shutting down and abandoning module OpenGLDrv (20)
[2017.04.18-15.55.58:121][947]LogModuleManager: Shutting down and abandoning module D3D11RHI (18)
[2017.04.18-15.55.58:121][947]LogModuleManager: Shutting down and abandoning module AnimGraphRuntime (16)
[2017.04.18-15.55.58:202][947]LogModuleManager: Shutting down and abandoning module Renderer (14)
[2017.04.18-15.55.58:202][947]LogModuleManager: Shutting down and abandoning module Engine (12)
[2017.04.18-15.55.58:202][947]LogModuleManager: Shutting down and abandoning module CoreUObject (10)
[2017.04.18-15.55.58:202][947]LogModuleManager: Shutting down and abandoning module NetworkFile (8)
[2017.04.18-15.55.58:248][947]LogModuleManager: Shutting down and abandoning module StreamingFile (6)
[2017.04.18-15.55.58:269][947]LogModuleManager: Shutting down and abandoning module SandboxFile (4)
[2017.04.18-15.55.58:269][947]LogModuleManager: Shutting down and abandoning module PakFile (2)
[2017.04.18-15.55.58:305][947]LogExit: Exiting.
[2017.04.18-15.55.58:311][947]Log file closed, 04/18/17 17:55:58
