Log file open, 07/12/17 12:54:33
LogInit:Display: Running engine for game: CreativeKeepers
LogPlatformFile: Not using cached read wrapper
LogInit:Display: RandInit(1177524036) SRandInit(1177524036).
LogTaskGraph: Started task graph with 5 named threads and 6 total threads with 1 sets of task threads.
LogStats: Stats thread started at 1.840656
LogInit: Using libcurl 7.47.1
LogInit:  - built for x86_64-pc-win32
LogInit:  - supports SSL with OpenSSL/1.0.2g
LogInit:  - supports HTTP deflate (compression) using libz 1.2.8
LogInit:  - other features:
LogInit:      CURL_VERSION_SSL
LogInit:      CURL_VERSION_LIBZ
LogInit:      CURL_VERSION_IPV6
LogInit:      CURL_VERSION_ASYNCHDNS
LogInit:      CURL_VERSION_LARGEFILE
LogInit:      CURL_VERSION_IDN
LogInit:  CurlRequestOptions (configurable via config and command line):
LogInit:  - bVerifyPeer = false  - Libcurl will NOT verify peer certificate
LogInit:  - bUseHttpProxy = false  - Libcurl will NOT use HTTP proxy
LogInit:  - bDontReuseConnections = false  - Libcurl will reuse connections
LogInit:  - CertBundlePath = nullptr  - Libcurl will use whatever was configured at build time.
LogInit: Build: ++UE4+Release-4.15-CL-3348071
LogInit: Engine Version: 4.15.1-3348071+++UE4+Release-4.15
LogInit: Compatible Engine Version: 4.15.0-3299760+++UE4+Release-4.15
LogInit: Net CL: 3299760
LogDevObjectVersion: Number of dev versions registered: 14
LogDevObjectVersion:   Dev-Blueprints (B0D832E4-1F89-4F0D-ACCF-7EB736FD4AA2): 8
LogDevObjectVersion:   Dev-Build (E1C64328-A22C-4D53-A36C-8E866417BD8C): 0
LogDevObjectVersion:   Dev-Core (375EC13C-06E4-48FB-B500-84F0262A717E): 2
LogDevObjectVersion:   Dev-Editor (E4B068ED-F494-42E9-A231-DA0B2E46BB41): 14
LogDevObjectVersion:   Dev-Framework (CFFC743F-43B0-4480-9391-14DF171D2073): 22
LogDevObjectVersion:   Dev-Mobile (B02B49B5-BB20-44E9-A304-32B752E40360): 0
LogDevObjectVersion:   Dev-Networking (A4E4105C-59A1-49B5-A7C5-40C4547EDFEE): 0
LogDevObjectVersion:   Dev-Online (39C831C9-5AE6-47DC-9A44-9C173E1C8E7C): 0
LogDevObjectVersion:   Dev-Physics (78F01B33-EBEA-4F98-B9B4-84EACCB95AA2): 0
LogDevObjectVersion:   Dev-Platform (6631380F-2D4D-43E0-8009-CF276956A95A): 0
LogDevObjectVersion:   Dev-Rendering (12F88B9F-8875-4AFC-A67C-D90C383ABD29): 12
LogDevObjectVersion:   Dev-Sequencer (7B5AE74C-D270-4C10-A958-57980B212A5A): 3
LogDevObjectVersion:   Dev-VR (D7296918-1DD6-4BDD-9DE2-64A83CC13884): 0
LogDevObjectVersion:   Dev-LoadTimes (C2A15278-BFE7-4AFE-6C17-90FF531DF755): 1
LogInit: Compiled (64-bit): Mar 15 2017 16:52:47
LogInit: Compiled with Visual C++: 19.00.23026.00
LogInit: Build Configuration: Development
LogInit: Branch Name: ++UE4+Release-4.15
LogInit: Command line:  
LogInit: Base directory: D:/Programas/UE_4.15/Engine/Binaries/Win64/
LogInit: Installed Engine Build: 1
LogInit: Presizing for max 8388607 objects, including 0 objects not considered by GC, pre-allocating 0 bytes for permanent pool.
LogInit: Object subsystem initialized
[2017.07.12-10.54.34:705][  0]LogInit: Selected Device Profile: [Windows]
[2017.07.12-10.54.34:706][  0]LogInit: Applying CVar settings loaded from the selected device profile: [Windows]
[2017.07.12-10.54.34:778][  0]LogInit: Computer: DESKTOP-QMJBIV2
[2017.07.12-10.54.34:778][  0]LogInit: User: Grego
[2017.07.12-10.54.34:778][  0]LogInit: CPU Page size=65536, Cores=2
[2017.07.12-10.54.34:778][  0]LogInit: High frequency timer resolution =3.609367 MHz
[2017.07.12-10.54.34:778][  0]LogMemory: Memory total: Physical=8.0GB (8GB approx)
[2017.07.12-10.54.34:778][  0]LogMemory: Platform Memory Stats for Windows
[2017.07.12-10.54.34:778][  0]LogMemory: Process Physical Memory: 261.57 MB used, 261.57 MB peak
[2017.07.12-10.54.34:778][  0]LogMemory: Process Virtual Memory: 261.95 MB used, 261.95 MB peak
[2017.07.12-10.54.34:778][  0]LogMemory: Physical Memory: 5168.03 MB used,  2987.05 MB free, 8155.07 MB total
[2017.07.12-10.54.34:778][  0]LogMemory: Virtual Memory: 642.96 MB used,  2987.05 MB free, 134217728.00 MB total
[2017.07.12-10.54.35:349][  0]LogInit: Overriding culture en with editor configuration.
[2017.07.12-10.54.36:869][  0]LogD3D11RHI: D3D11 adapters:
[2017.07.12-10.54.37:397][  0]LogD3D11RHI:    0. 'NVIDIA GeForce GTX 1060 6GB' (Feature Level 11_0)
[2017.07.12-10.54.37:397][  0]LogD3D11RHI:       6084/0/4077 MB DedicatedVideo/DedicatedSystem/SharedSystem, Outputs:1, VendorId:0x10de
[2017.07.12-10.54.37:416][  0]LogD3D11RHI:    1. 'Microsoft Basic Render Driver' (Feature Level 11_0)
[2017.07.12-10.54.37:416][  0]LogD3D11RHI:       0/0/4077 MB DedicatedVideo/DedicatedSystem/SharedSystem, Outputs:0, VendorId:0x1414
[2017.07.12-10.54.37:416][  0]LogD3D11RHI: Chosen D3D11 Adapter: 0
[2017.07.12-10.54.37:461][  0]LogD3D11RHI: Creating new Direct3DDevice
[2017.07.12-10.54.37:461][  0]LogD3D11RHI:     GPU DeviceId: 0x1c03 (for the marketing name, search the web for "GPU Device Id")
[2017.07.12-10.54.37:461][  0]LogWindows: EnumDisplayDevices:
[2017.07.12-10.54.37:461][  0]LogWindows:    0. 'NVIDIA GeForce GTX 1060 6GB' (P:1 D:1)
[2017.07.12-10.54.37:461][  0]LogWindows:    1. 'NVIDIA GeForce GTX 1060 6GB' (P:0 D:0)
[2017.07.12-10.54.37:461][  0]LogWindows:    2. 'NVIDIA GeForce GTX 1060 6GB' (P:0 D:0)
[2017.07.12-10.54.37:462][  0]LogWindows:    3. 'NVIDIA GeForce GTX 1060 6GB' (P:0 D:0)
[2017.07.12-10.54.37:462][  0]LogWindows: DebugString: FoundDriverCount:4 
[2017.07.12-10.54.37:462][  0]LogD3D11RHI:     Adapter Name: NVIDIA GeForce GTX 1060 6GB
[2017.07.12-10.54.37:462][  0]LogD3D11RHI:   Driver Version: 382.53 (internal:22.21.13.8253, unified:382.53)
[2017.07.12-10.54.37:462][  0]LogD3D11RHI:      Driver Date: 6-7-2017
[2017.07.12-10.54.37:462][  0]LogRHI: Texture pool is 1361 MB (70% of 1945 MB)
[2017.07.12-10.54.37:956][  0]LogD3D11RHI: Async texture creation enabled
[2017.07.12-10.54.38:258][  0]LogD3D11RHI: GPU Timing Frequency: 1000.000000 (Debug: 2 1)
[2017.07.12-10.54.38:353][  0]LogShaderCompilers: Guid format shader working directory is 12 characters bigger than the processId version (../../../../../TFG/CreativeKeepers/Intermediate/Shaders/WorkingDirectory/5568/).
[2017.07.12-10.54.38:353][  0]LogShaderCompilers: Cleaned the shader compiler working directory 'C:/Users/Grego/AppData/Local/Temp/UnrealShaderWorkingDir/3F75C19C4E88B773D7CD48BAEFBBBE62/'.
[2017.07.12-10.54.38:360][  0]LogShaderCompilers:Display: Using Local Shader Compiler.
[2017.07.12-10.54.40:430][  0]LogTemp:Display: Loaded TP AllDesktopTargetPlatform
[2017.07.12-10.54.40:477][  0]LogTemp:Display: Loaded TP MacClientTargetPlatform
[2017.07.12-10.54.40:515][  0]LogTemp:Display: Loaded TP MacNoEditorTargetPlatform
[2017.07.12-10.54.40:553][  0]LogTemp:Display: Loaded TP MacServerTargetPlatform
[2017.07.12-10.54.40:632][  0]LogTemp:Display: Loaded TP MacTargetPlatform
[2017.07.12-10.54.40:672][  0]LogTemp:Display: Loaded TP WindowsClientTargetPlatform
[2017.07.12-10.54.40:712][  0]LogTemp:Display: Loaded TP WindowsNoEditorTargetPlatform
[2017.07.12-10.54.40:752][  0]LogTemp:Display: Loaded TP WindowsServerTargetPlatform
[2017.07.12-10.54.40:788][  0]LogTemp:Display: Loaded TP WindowsTargetPlatform
[2017.07.12-10.54.40:833][  0]LogTemp:Display: Loaded TP AndroidTargetPlatform
[2017.07.12-10.54.40:873][  0]LogTemp:Display: Loaded TP Android_ASTCTargetPlatform
[2017.07.12-10.54.40:912][  0]LogTemp:Display: Loaded TP Android_ATCTargetPlatform
[2017.07.12-10.54.40:951][  0]LogTemp:Display: Loaded TP Android_DXTTargetPlatform
[2017.07.12-10.54.40:989][  0]LogTemp:Display: Loaded TP Android_ETC1TargetPlatform
[2017.07.12-10.54.41:028][  0]LogTemp:Display: Loaded TP Android_ETC2TargetPlatform
[2017.07.12-10.54.41:109][  0]LogTemp:Display: Loaded TP Android_MultiTargetPlatform
[2017.07.12-10.54.41:109][  0]LogTemp:Display: Loaded TP Android_PVRTCTargetPlatform
[2017.07.12-10.54.41:134][  0]LogTemp:Display: Loaded TP HTML5TargetPlatform
[2017.07.12-10.54.41:305][  0]LogTemp:Display: Loaded TP IOSTargetPlatform
[2017.07.12-10.54.41:334][  0]LogTemp:Display: Loaded TP TVOSTargetPlatform
[2017.07.12-10.54.41:374][  0]LogTemp:Display: Loaded TP LinuxClientTargetPlatform
[2017.07.12-10.54.41:412][  0]LogTemp:Display: Loaded TP LinuxNoEditorTargetPlatform
[2017.07.12-10.54.41:451][  0]LogTemp:Display: Loaded TP LinuxServerTargetPlatform
[2017.07.12-10.54.41:490][  0]LogTemp:Display: Loaded TP LinuxTargetPlatform
[2017.07.12-10.54.41:490][  0]LogTargetPlatformManager:Display: Building Assets For Windows
[2017.07.12-10.54.42:306][  0]LogDerivedDataCache:Display: Max Cache Size: 512 MB
[2017.07.12-10.54.42:609][  0]LogDerivedDataCache: Loaded boot cache 0.30s 50MB C:/Users/Grego/AppData/Local/UnrealEngine/4.15/DerivedDataCache/Boot.ddc.
[2017.07.12-10.54.42:609][  0]LogDerivedDataCache:Display: Loaded Boot cache: C:/Users/Grego/AppData/Local/UnrealEngine/4.15/DerivedDataCache/Boot.ddc
[2017.07.12-10.54.42:609][  0]LogDerivedDataCache: FDerivedDataBackendGraph:  Pak pak cache file ../../../../../TFG/CreativeKeepers/DerivedDataCache/DDC.ddp not found, will not use a pak cache.
[2017.07.12-10.54.42:609][  0]LogDerivedDataCache: Unable to find inner node Pak for hierarchical cache Hierarchy.
[2017.07.12-10.54.42:609][  0]LogDerivedDataCache: FDerivedDataBackendGraph:  CompressedPak pak cache file ../../../../../TFG/CreativeKeepers/DerivedDataCache/Compressed.ddp not found, will not use a pak cache.
[2017.07.12-10.54.42:609][  0]LogDerivedDataCache: Unable to find inner node CompressedPak for hierarchical cache Hierarchy.
[2017.07.12-10.54.42:675][  0]LogDerivedDataCache:Display: Pak cache opened for reading ../../../Engine/DerivedDataCache/Compressed.ddp.
[2017.07.12-10.54.42:688][  0]LogDerivedDataCache: Using Local data cache path C:/Users/Grego/AppData/Local/UnrealEngine/Common/DerivedDataCache: Writable
[2017.07.12-10.54.43:015][  0]LogSlate: Using Freetype 2.6.0
[2017.07.12-10.54.43:177][  0]LogSlate: SlateFontCache - WITH_FREETYPE: 1, WITH_HARFBUZZ: 1
[2017.07.12-10.54.43:177][  0]LogSlate: SlateFontCache - WITH_FREETYPE: 1, WITH_HARFBUZZ: 1
[2017.07.12-10.54.49:676][  0]LogInit: Selected Device Profile: [Windows]
[2017.07.12-10.54.49:748][  0]LogContentStreaming: Texture pool size is 0.00 MB
[2017.07.12-10.54.50:480][  0]LogMeshUtilities: Using QuadricMeshReduction for automatic static mesh reduction
[2017.07.12-10.54.50:546][  0]LogSimplygon: Simplygon DLL not present - disabling.
[2017.07.12-10.54.50:579][  0]LogMeshUtilities: Using SimplygonSwarm for distributed automatic mesh merging
[2017.07.12-10.54.50:579][  0]LogMeshUtilities: No automatic skeletal mesh reduction module available
[2017.07.12-10.54.50:579][  0]LogMeshUtilities: No automatic mesh merging module available
[2017.07.12-10.54.55:111][  0]LogNetVersion: GetLocalNetworkVersion: CL: 3299760, ProjectName: creativekeepers, ProjectVersion: , EngineNetworkVersion: 2, GameNetworkVersion: 0, NetworkChecksum: 1593119604
[2017.07.12-10.54.55:278][  0]LogAssetRegistry: FAssetRegistry took 0.0221 seconds to start up
[2017.07.12-10.54.55:747][  0]LogPackageLocalizationCache: Processed 3 localized package path(s) for 1 prioritized culture(s) in 0.349274 seconds
[2017.07.12-10.54.55:817][  0]LogUObjectArray: 32493 objects as part of root set at end of initial load.
[2017.07.12-10.54.55:817][  0]LogUObjectAllocator: 7077032 out of 0 bytes used by permanent object pool.
[2017.07.12-10.54.55:817][  0]LogUObjectArray: CloseDisregardForGC: 0/0 objects in disregard for GC pool
[2017.07.12-10.54.55:954][  0]LogInit: WinSock: version 1.1 (2.2), MaxSocks=32767, MaxUdp=65467
[2017.07.12-10.55.07:217][  0]LogTcpMessaging: Initializing TcpMessaging bridge
[2017.07.12-10.55.07:257][  0]LogUdpMessaging: Initializing bridge on interface 0.0.0.0:0 to multicast group 230.0.0.1:6666.
[2017.07.12-10.55.08:627][  0]LogMaterial: Uniform references updated for custom material expression Custom.
[2017.07.12-10.55.09:212][  0]SourceControl: Info Source control is disabled
[2017.07.12-10.55.09:217][  0]SourceControl: Info Source control is disabled
[2017.07.12-10.55.09:338][  0]SourceControl: Info Source control is disabled
[2017.07.12-10.55.09:407][  0]SourceControl: Info Source control is disabled
[2017.07.12-10.55.11:344][  0]LogEngine: Initializing Engine...
[2017.07.12-10.55.11:362][  0]LogHMD: Failed to initialize OpenVR with code 110
[2017.07.12-10.55.12:690][  0]LogAIModule: Creating AISystem for world Untitled
[2017.07.12-10.55.12:871][  0]LogInit: XAudio2 using 'Altavoces (Realtek High Definition Audio)' : 2 channels at 48 kHz using 32 bits per sample (channel mask 0x3)
[2017.07.12-10.55.12:889][  0]LogInit: FAudioDevice initialized.
[2017.07.12-10.55.12:912][  0]LogDerivedDataCache: Saved boot cache 0.02s 50MB C:/Users/Grego/AppData/Local/UnrealEngine/4.15/DerivedDataCache/Boot.ddc.
[2017.07.12-10.55.12:920][  0]LogInit: Texture streaming: Enabled
[2017.07.12-10.55.13:065][  0]LogEngineSessionManager: EngineSessionManager initialized
[2017.07.12-10.55.13:630][  0]LogInit: Transaction tracking system initialized
[2017.07.12-10.55.14:342][  0]BlueprintLog: New page: Editor Load
[2017.07.12-10.55.17:071][  0]LocalizationService: Info Localization service is disabled
[2017.07.12-10.55.18:716][  0]LogConsoleResponse:Display: 
[2017.07.12-10.55.20:986][  0]LogFileCache: Scanning file cache for directory 'D:/TFG/CreativeKeepers/Content/' took 0.02s
[2017.07.12-10.55.20:986][  0]LogCook:Display: Max memory allowance for cook 16384mb min free memory 0mb
[2017.07.12-10.55.20:986][  0]LogCook:Display: Mobile HDR setting 1
[2017.07.12-10.55.24:632][  0]SourceControl: Info Source control is disabled
[2017.07.12-10.55.24:728][  0]Cmd: MAP LOAD FILE="../../../../../TFG/CreativeKeepers/Content/test.umap" TEMPLATE=0 SHOWPROGRESS=1 FEATURELEVEL=3
[2017.07.12-10.55.24:754][  0]LightingResults: New page: Lighting Build
[2017.07.12-10.55.25:206][  0]MapCheck: New page: Map Check
[2017.07.12-10.55.25:206][  0]LightingResults: New page: Lighting Build
[2017.07.12-10.55.28:636][  0]LogAIModule: Creating AISystem for world test
[2017.07.12-10.55.29:397][  0]LogEditorServer: Finished looking for orphan Actors (0.000 secs)
[2017.07.12-10.55.29:582][  0]Cmd: MAP CHECKDEP NOCLEARLOG
[2017.07.12-10.55.29:654][  0]MapCheck: Info Map check complete: 0 Error(s), 0 Warning(s), took 72.479ms to complete.
[2017.07.12-10.55.29:666][  0]LogFileHelpers: Loading map 'test' took 5.013
[2017.07.12-10.55.33:493][  0]LogCollectionManager: Loaded 0 collections in 0.000725 seconds
[2017.07.12-10.55.33:888][  0]LogFileCache: Scanning file cache for directory 'D:/TFG/CreativeKeepers/Saved/Collections/' took 0.01s
[2017.07.12-10.55.33:888][  0]LogFileCache: Scanning file cache for directory 'D:/TFG/CreativeKeepers/Content/Developers/Grego/Collections/' took 0.01s
[2017.07.12-10.55.33:888][  0]LogFileCache: Scanning file cache for directory 'D:/TFG/CreativeKeepers/Content/Collections/' took 0.01s
[2017.07.12-10.55.33:888][  0]LogCollectionManager: Rebuilt the GUID cache for 0 collections in 0.000001 seconds
[2017.07.12-10.55.33:916][  0]LogContentBrowser: Native class hierarchy populated in 0.0177 seconds. Added 2245 classes and 453 folders.
[2017.07.12-10.55.34:062][  0]LogStats: UGameplayTagsManager::ConstructGameplayTagTree: Construct from data asset -  0.003 s
[2017.07.12-10.55.34:062][  0]LogStats: UGameplayTagsManager::ConstructGameplayTagTree: GameplayTagTreeChangedEvent.Broadcast -  0.000 s
[2017.07.12-10.55.34:144][  0]LogContentBrowser: Native class hierarchy updated for 'WidgetCarousel' in 0.0004 seconds. Added 0 classes and 0 folders.
[2017.07.12-10.55.35:771][  0]LogContentBrowser: Native class hierarchy updated for 'AddContentDialog' in 0.0005 seconds. Added 0 classes and 0 folders.
[2017.07.12-10.55.35:941][  0]LogContentBrowser: Native class hierarchy updated for 'SceneOutliner' in 0.0004 seconds. Added 1 classes and 2 folders.
[2017.07.12-10.55.37:007][  0]LogCrashTracker: Crashtracker disabled due to settings.
[2017.07.12-10.55.37:189][  0]LogUObjectGlobals:Warning: Failed to find object 'Class None.'
[2017.07.12-10.55.37:332][  0]LogContentBrowser: Native class hierarchy updated for 'HierarchicalLODOutliner' in 0.0004 seconds. Added 1 classes and 2 folders.
[2017.07.12-10.55.37:333][  0]LogLoad: (Engine Initialization) Total time: 70.77 seconds
[2017.07.12-10.55.37:333][  0]LogLoad: (Engine Initialization) Total Blueprint compile time: 1.06 seconds
[2017.07.12-10.55.37:333][  0]LogExternalProfiler: No external profilers were discovered.  External profiling features will not be available.
[2017.07.12-10.55.37:427][  0]LogOcInput: OculusInput pre-init called
[2017.07.12-10.55.37:921][  0]LogContentStreaming: Texture pool size now 1000 MB
[2017.07.12-10.55.38:068][  0]LogSlate: Took 0.012421 seconds to synchronously load lazily loaded font '../../../Engine/Content/Slate/Fonts/Roboto-Regular.ttf' (155K)
[2017.07.12-10.55.38:088][  0]LogSlate: Took 0.002240 seconds to synchronously load lazily loaded font '../../../Engine/Content/Slate/Fonts/Roboto-Bold.ttf' (160K)
[2017.07.12-10.55.38:201][  0]LogSlate: Took 0.010336 seconds to synchronously load lazily loaded font '../../../Engine/Content/Editor/Slate/Fonts/FontAwesome.ttf' (139K)
[2017.07.12-10.55.39:414][  0]LogRenderer: Reallocating scene render targets to support 1208x576 NumSamples 1 (Frame:2).
[2017.07.12-10.55.39:414][  0]LogSlate: Took 0.027188 seconds to synchronously load lazily loaded font '../../../Engine/Content/Slate/Fonts/Roboto-Light.ttf' (159K)
[2017.07.12-10.55.40:357][  2]LogAssetRegistry: Asset discovery search completed in 45.1000 seconds
[2017.07.12-10.55.40:358][  2]LogCollectionManager: Rebuilt the object cache for 0 collections in 0.000610 seconds (found 0 objects)
[2017.07.12-10.55.40:358][  2]LogCollectionManager: Fixed up redirectors for 0 collections in 0.000891 seconds (updated 0 objects)
[2017.07.12-11.02.47:791][869]LogSlate: Took 0.005237 seconds to synchronously load lazily loaded font '../../../Engine/Content/Slate/Fonts/Roboto-Light.ttf' (159K)
[2017.07.12-11.02.47:838][869]LogFactory: FactoryCreateFile: Texture with ReimportTextureFactory (0 0 D:\DATOS\Mis Archivos\Facultad\Dropbox\Facultad\TFG\MATERIALES\dialogbox.png)
[2017.07.12-11.02.47:909][869]LogTexture:Display: Building textures: dialogbox (AutoDXT, 1000X324) - 77 MB total VRAM
[2017.07.12-11.04.05:771][350]LogSlate: Took 0.005428 seconds to synchronously load lazily loaded font '../../../Engine/Content/Slate/Fonts/Roboto-Regular.ttf' (155K)
[2017.07.12-11.04.06:017][350]LogContentBrowser: Native class hierarchy updated for 'BlueprintGraph' in 0.0007 seconds. Added 112 classes and 0 folders.
[2017.07.12-11.04.07:707][350]LogSlate: Took 0.000147 seconds to synchronously load lazily loaded font '../../../Engine/Content/Slate/Fonts/Roboto-Light.ttf' (159K)
[2017.07.12-11.04.07:733][350]LogSlate: Took 0.015613 seconds to synchronously load lazily loaded font '../../../Engine/Content/Editor/Slate/Fonts/Roboto-BoldCondensed.ttf' (158K)
[2017.07.12-11.16.26:962][877]LogFileHelpers: Editor autosave (incl. sublevels) for '/Game/test' took 0.252
[2017.07.12-11.16.27:036][877]OBJ SavePackage: Generating thumbnails for [1] asset(s) in package [/Game/Textures/dialogbox] ([1] browsable assets)...
[2017.07.12-11.16.27:043][877]OBJ SavePackage:     Rendered thumbnail for [Texture2D /Game/Textures/dialogbox.dialogbox]
[2017.07.12-11.16.27:043][877]OBJ SavePackage: Finished generating thumbnails for package [/Game/Textures/dialogbox]
[2017.07.12-11.16.27:043][877]Cmd: OBJ SAVEPACKAGE PACKAGE="/Game/Textures/dialogbox" FILE="../../../../../TFG/CreativeKeepers/Saved/Autosaves/Game/Textures/dialogbox_Auto1.uasset" SILENT=false AUTOSAVING=true
[2017.07.12-11.16.27:122][877]LogSavePackage: Save=61.30ms
[2017.07.12-11.16.27:122][877]LogSavePackage: Moving '../../../../../TFG/CreativeKeepers/Saved/dialogbox_Auto10973BED14D3F9AA5F89333A7A6E03BB2.tmp' to '../../../../../TFG/CreativeKeepers/Saved/Autosaves/Game/Textures/dialogbox_Auto1.uasset'
[2017.07.12-11.16.27:156][877]LogSavePackage:Display: Finished SavePackage ../../../../../TFG/CreativeKeepers/Saved/Autosaves/Game/Textures/dialogbox_Auto1.uasset
[2017.07.12-11.16.27:166][877]OBJ SavePackage: Generating thumbnails for [0] asset(s) in package [/Game/HUDs/hud-dialogos] ([1] browsable assets)...
[2017.07.12-11.16.27:167][877]OBJ SavePackage: Finished generating thumbnails for package [/Game/HUDs/hud-dialogos]
[2017.07.12-11.16.27:167][877]Cmd: OBJ SAVEPACKAGE PACKAGE="/Game/HUDs/hud-dialogos" FILE="../../../../../TFG/CreativeKeepers/Saved/Autosaves/Game/HUDs/hud-dialogos_Auto1.uasset" SILENT=false AUTOSAVING=true
[2017.07.12-11.16.27:186][877]LogSavePackage: Save=17.15ms
[2017.07.12-11.16.27:186][877]LogSavePackage: Moving '../../../../../TFG/CreativeKeepers/Saved/hud-dialogos_Auto1118E734D491FC1D24C35458759AC8EA0.tmp' to '../../../../../TFG/CreativeKeepers/Saved/Autosaves/Game/HUDs/hud-dialogos_Auto1.uasset'
[2017.07.12-11.16.27:187][877]LogSavePackage:Display: Finished SavePackage ../../../../../TFG/CreativeKeepers/Saved/Autosaves/Game/HUDs/hud-dialogos_Auto1.uasset
[2017.07.12-11.16.27:187][877]LogFileHelpers: Auto-saving content packages took 0.224
[2017.07.12-11.20.57:615][591]LogFactory: FactoryCreateFile: Texture with ReimportTextureFactory (0 0 D:\DATOS\Mis Archivos\Facultad\Dropbox\Facultad\TFG\MATERIALES\charname-box.png)
[2017.07.12-11.20.57:647][591]LogTexture:Display: Building textures: charname-box (AutoDXT, 200X44) - 77 MB total VRAM
[2017.07.12-11.26.34:255][856]LogFileHelpers: Editor autosave (incl. sublevels) for '/Game/test' took 0.025
[2017.07.12-11.26.34:256][856]OBJ SavePackage: Generating thumbnails for [0] asset(s) in package [/Game/HUDs/hud-dialogos] ([1] browsable assets)...
[2017.07.12-11.26.34:262][856]OBJ SavePackage: Finished generating thumbnails for package [/Game/HUDs/hud-dialogos]
[2017.07.12-11.26.34:262][856]Cmd: OBJ SAVEPACKAGE PACKAGE="/Game/HUDs/hud-dialogos" FILE="../../../../../TFG/CreativeKeepers/Saved/Autosaves/Game/HUDs/hud-dialogos_Auto2.uasset" SILENT=false AUTOSAVING=true
[2017.07.12-11.26.34:267][856]LogSavePackage: Save=4.02ms
[2017.07.12-11.26.34:268][856]LogSavePackage: Moving '../../../../../TFG/CreativeKeepers/Saved/hud-dialogos_Auto2804DDCA1402F12023B6E758BDBC5EEB3.tmp' to '../../../../../TFG/CreativeKeepers/Saved/Autosaves/Game/HUDs/hud-dialogos_Auto2.uasset'
[2017.07.12-11.26.34:269][856]LogSavePackage:Display: Finished SavePackage ../../../../../TFG/CreativeKeepers/Saved/Autosaves/Game/HUDs/hud-dialogos_Auto2.uasset
[2017.07.12-11.26.34:269][856]LogFileHelpers: Auto-saving content packages took 0.014
[2017.07.12-11.36.19:654][738]LogFactory: FactoryCreateFile: Texture with ReimportTextureFactory (0 0 D:\DATOS\Mis Archivos\Facultad\Dropbox\Facultad\TFG\MATERIALES\charname-box.png)
[2017.07.12-11.36.19:657][738]LogTexture:Display: Building textures: charname-box (BGRA8, 207X52) - 77 MB total VRAM
[2017.07.12-11.37.30:509][473]LogFileHelpers: Editor autosave (incl. sublevels) for '/Game/test' took 0.031
[2017.07.12-11.37.30:512][473]OBJ SavePackage: Generating thumbnails for [0] asset(s) in package [/Game/HUDs/hud-dialogos] ([1] browsable assets)...
[2017.07.12-11.37.30:512][473]OBJ SavePackage: Finished generating thumbnails for package [/Game/HUDs/hud-dialogos]
[2017.07.12-11.37.30:512][473]Cmd: OBJ SAVEPACKAGE PACKAGE="/Game/HUDs/hud-dialogos" FILE="../../../../../TFG/CreativeKeepers/Saved/Autosaves/Game/HUDs/hud-dialogos_Auto3.uasset" SILENT=false AUTOSAVING=true
[2017.07.12-11.37.30:520][473]LogSavePackage: Save=7.79ms
[2017.07.12-11.37.30:520][473]LogSavePackage: Moving '../../../../../TFG/CreativeKeepers/Saved/hud-dialogos_Auto30B5BE969471BB9CA676B968F957DF8A6.tmp' to '../../../../../TFG/CreativeKeepers/Saved/Autosaves/Game/HUDs/hud-dialogos_Auto3.uasset'
[2017.07.12-11.37.30:522][473]LogSavePackage:Display: Finished SavePackage ../../../../../TFG/CreativeKeepers/Saved/Autosaves/Game/HUDs/hud-dialogos_Auto3.uasset
[2017.07.12-11.37.30:522][473]OBJ SavePackage: Generating thumbnails for [1] asset(s) in package [/Game/Textures/charname-box] ([1] browsable assets)...
[2017.07.12-11.37.30:525][473]OBJ SavePackage:     Rendered thumbnail for [Texture2D /Game/Textures/charname-box.charname-box]
[2017.07.12-11.37.30:525][473]OBJ SavePackage: Finished generating thumbnails for package [/Game/Textures/charname-box]
[2017.07.12-11.37.30:525][473]Cmd: OBJ SAVEPACKAGE PACKAGE="/Game/Textures/charname-box" FILE="../../../../../TFG/CreativeKeepers/Saved/Autosaves/Game/Textures/charname-box_Auto3.uasset" SILENT=false AUTOSAVING=true
[2017.07.12-11.37.30:529][473]LogSavePackage: Save=2.11ms
[2017.07.12-11.37.30:529][473]LogSavePackage: Moving '../../../../../TFG/CreativeKeepers/Saved/charname-box_Auto3E2CEF1804DB6E9E4CCF667AB369C0FC6.tmp' to '../../../../../TFG/CreativeKeepers/Saved/Autosaves/Game/Textures/charname-box_Auto3.uasset'
[2017.07.12-11.37.30:530][473]LogSavePackage:Display: Finished SavePackage ../../../../../TFG/CreativeKeepers/Saved/Autosaves/Game/Textures/charname-box_Auto3.uasset
[2017.07.12-11.37.30:530][473]LogFileHelpers: Auto-saving content packages took 0.020
[2017.07.12-11.37.49:205][ 75]LogEditorFactories: Performing atomic reimport of [D:/DATOS/Mis Archivos/Facultad/Dropbox/Facultad/TFG/MATERIALES/charname-box.png]
[2017.07.12-11.37.49:205][ 75]LogFactory: FactoryCreateFile: Texture2D with ReimportTextureFactory (0 0 D:/DATOS/Mis Archivos/Facultad/Dropbox/Facultad/TFG/MATERIALES/charname-box.png)
[2017.07.12-11.37.49:207][ 75]LogTexture:Display: Building textures: charname-box (BGRA8, 201X46) - 77 MB total VRAM
[2017.07.12-11.37.49:209][ 75]LogEditorFactories: -- imported successfully
[2017.07.12-11.43.27:187][ 23]LogEditorTransaction: Undo Edit Text
[2017.07.12-11.48.20:695][160]LogFileHelpers: Editor autosave (incl. sublevels) for '/Game/test' took 0.028
[2017.07.12-11.48.20:696][160]OBJ SavePackage: Generating thumbnails for [0] asset(s) in package [/Game/HUDs/hud-dialogos] ([1] browsable assets)...
[2017.07.12-11.48.20:696][160]OBJ SavePackage: Finished generating thumbnails for package [/Game/HUDs/hud-dialogos]
[2017.07.12-11.48.20:696][160]Cmd: OBJ SAVEPACKAGE PACKAGE="/Game/HUDs/hud-dialogos" FILE="../../../../../TFG/CreativeKeepers/Saved/Autosaves/Game/HUDs/hud-dialogos_Auto4.uasset" SILENT=false AUTOSAVING=true
[2017.07.12-11.48.20:702][160]LogSavePackage: Save=5.08ms
[2017.07.12-11.48.20:702][160]LogSavePackage: Moving '../../../../../TFG/CreativeKeepers/Saved/hud-dialogos_Auto4264935104B6556957904ED8655F62F68.tmp' to '../../../../../TFG/CreativeKeepers/Saved/Autosaves/Game/HUDs/hud-dialogos_Auto4.uasset'
[2017.07.12-11.48.20:733][160]LogSavePackage:Display: Finished SavePackage ../../../../../TFG/CreativeKeepers/Saved/Autosaves/Game/HUDs/hud-dialogos_Auto4.uasset
[2017.07.12-11.48.20:734][160]OBJ SavePackage: Generating thumbnails for [1] asset(s) in package [/Game/Textures/charname-box] ([1] browsable assets)...
[2017.07.12-11.48.20:736][160]OBJ SavePackage:     Rendered thumbnail for [Texture2D /Game/Textures/charname-box.charname-box]
[2017.07.12-11.48.20:736][160]OBJ SavePackage: Finished generating thumbnails for package [/Game/Textures/charname-box]
[2017.07.12-11.48.20:736][160]Cmd: OBJ SAVEPACKAGE PACKAGE="/Game/Textures/charname-box" FILE="../../../../../TFG/CreativeKeepers/Saved/Autosaves/Game/Textures/charname-box_Auto4.uasset" SILENT=false AUTOSAVING=true
[2017.07.12-11.48.20:739][160]LogSavePackage: Save=1.49ms
[2017.07.12-11.48.20:739][160]LogSavePackage: Moving '../../../../../TFG/CreativeKeepers/Saved/charname-box_Auto4D8C91FFC4D9561499F446B958AB46C32.tmp' to '../../../../../TFG/CreativeKeepers/Saved/Autosaves/Game/Textures/charname-box_Auto4.uasset'
[2017.07.12-11.48.20:740][160]LogSavePackage:Display: Finished SavePackage ../../../../../TFG/CreativeKeepers/Saved/Autosaves/Game/Textures/charname-box_Auto4.uasset
[2017.07.12-11.48.20:740][160]LogFileHelpers: Auto-saving content packages took 0.045
[2017.07.12-11.52.07:628][284]LogUObjectHash:Warning: Ambiguous search, could be CanvasPanel /Game/HUDs/hud-mouseCursor.hud-mouseCursor:WidgetTree.CanvasPanel_0 or CanvasPanel /Game/HUDs/hud-dialogos.hud-dialogos:WidgetTree.CanvasPanel_0
[2017.07.12-11.52.07:628][284]LogUObjectHash:Warning: Ambiguous search, could be CanvasPanel /Game/HUDs/hud-mouseCursor.hud-mouseCursor:WidgetTree.CanvasPanel_0 or CanvasPanel /Game/HUDs/hud-mouseCursor.hud-mouseCursor_C:WidgetTree.CanvasPanel_0
[2017.07.12-11.52.07:628][284]LogUObjectHash:Warning: Ambiguous search, could be CanvasPanel /Game/HUDs/hud-mouseCursor.hud-mouseCursor:WidgetTree.CanvasPanel_0 or CanvasPanel /Engine/Transient.World_1:hud-dialogos_C_43.WidgetTree.CanvasPanel_0
[2017.07.12-11.52.07:628][284]LogUObjectHash:Warning: Ambiguous search, could be CanvasPanel /Game/HUDs/hud-mouseCursor.hud-mouseCursor:WidgetTree.CanvasPanel_0 or CanvasPanel /Engine/Transient.World_1:hud-dialogos_C_52.WidgetTree.CanvasPanel_0
[2017.07.12-11.52.07:628][284]LogUObjectHash:Warning: Ambiguous search, could be CanvasPanel /Game/HUDs/hud-mouseCursor.hud-mouseCursor:WidgetTree.CanvasPanel_0 or CanvasPanel /Engine/Transient.World_1:hud-dialogos_C_51.WidgetTree.CanvasPanel_0
[2017.07.12-11.52.07:628][284]LogUObjectHash:Warning: Ambiguous search, could be CanvasPanel /Game/HUDs/hud-mouseCursor.hud-mouseCursor:WidgetTree.CanvasPanel_0 or CanvasPanel /Engine/Transient.World_1:hud-dialogos_C_46.WidgetTree.CanvasPanel_0
[2017.07.12-11.52.07:628][284]LogUObjectHash:Warning: Ambiguous search, could be CanvasPanel /Game/HUDs/hud-mouseCursor.hud-mouseCursor:WidgetTree.CanvasPanel_0 or CanvasPanel /Engine/Transient.World_1:hud-dialogos_C_49.WidgetTree.CanvasPanel_0
[2017.07.12-11.52.07:628][284]LogUObjectHash:Warning: Ambiguous search, could be CanvasPanel /Game/HUDs/hud-mouseCursor.hud-mouseCursor:WidgetTree.CanvasPanel_0 or CanvasPanel /Engine/Transient.World_1:hud-dialogos_C_48.WidgetTree.CanvasPanel_0
[2017.07.12-11.52.07:628][284]LogUObjectHash:Warning: Ambiguous search, could be CanvasPanel /Game/HUDs/hud-mouseCursor.hud-mouseCursor:WidgetTree.CanvasPanel_0 or CanvasPanel /Engine/Transient.World_1:hud-dialogos_C_47.WidgetTree.CanvasPanel_0
[2017.07.12-11.52.07:628][284]LogUObjectHash:Warning: Ambiguous search, could be CanvasPanel /Game/HUDs/hud-mouseCursor.hud-mouseCursor:WidgetTree.CanvasPanel_0 or CanvasPanel /Engine/Transient.World_1:hud-dialogos_C_50.WidgetTree.CanvasPanel_0
[2017.07.12-11.52.07:628][284]LogUObjectHash:Warning: Ambiguous search, could be CanvasPanel /Game/HUDs/hud-mouseCursor.hud-mouseCursor:WidgetTree.CanvasPanel_0 or CanvasPanel /Engine/Transient.World_1:hud-dialogos_C_44.WidgetTree.CanvasPanel_0
[2017.07.12-11.52.07:628][284]LogUObjectHash:Warning: Ambiguous search, could be CanvasPanelSlot /Engine/Transient.World_1:hud-dialogos_C_52.WidgetTree.CanvasPanel_0.CanvasPanelSlot_12 or CanvasPanelSlot /Engine/Transient.World_1:hud-dialogos_C_51.WidgetTree.CanvasPanel_0.CanvasPanelSlot_12
[2017.07.12-11.52.07:628][284]LogUObjectHash:Warning: Ambiguous search, could be CanvasPanelSlot /Engine/Transient.World_1:hud-dialogos_C_52.WidgetTree.CanvasPanel_0.CanvasPanelSlot_12 or CanvasPanelSlot /Engine/Transient.World_1:hud-dialogos_C_50.WidgetTree.CanvasPanel_0.CanvasPanelSlot_12
[2017.07.12-11.52.07:628][284]LogUObjectHash:Warning: Ambiguous search, could be CanvasPanelSlot /Engine/Transient.World_1:hud-dialogos_C_52.WidgetTree.CanvasPanel_0.CanvasPanelSlot_12 or CanvasPanelSlot /Game/HUDs/hud-dialogos.hud-dialogos:WidgetTree.CanvasPanel_0.CanvasPanelSlot_12
[2017.07.12-11.52.07:628][284]LogProperty:Warning: Illegal TEXT reference to a private object in external package (CanvasPanelSlot /Engine/Transient.World_1:hud-dialogos_C_52.WidgetTree.CanvasPanel_0.CanvasPanelSlot_12) from referencer (Image /Engine/UMG/Editor/Transient.img_elfen).  Import failed...
[2017.07.12-11.52.07:628][284]LogProperty:Warning: ObjectProperty /Script/UMG.Widget:Slot: unresolved reference to 'CanvasPanelSlot'CanvasPanel_0.CanvasPanelSlot_12''
[2017.07.12-11.52.47:600][ 12]LogUObjectHash:Warning: Ambiguous search, could be CanvasPanel /Game/HUDs/hud-mouseCursor.hud-mouseCursor:WidgetTree.CanvasPanel_0 or CanvasPanel /Game/HUDs/hud-dialogos.hud-dialogos:WidgetTree.CanvasPanel_0
[2017.07.12-11.52.47:600][ 12]LogUObjectHash:Warning: Ambiguous search, could be CanvasPanel /Game/HUDs/hud-mouseCursor.hud-mouseCursor:WidgetTree.CanvasPanel_0 or CanvasPanel /Game/HUDs/hud-mouseCursor.hud-mouseCursor_C:WidgetTree.CanvasPanel_0
[2017.07.12-11.52.47:600][ 12]LogUObjectHash:Warning: Ambiguous search, could be CanvasPanel /Game/HUDs/hud-mouseCursor.hud-mouseCursor:WidgetTree.CanvasPanel_0 or CanvasPanel /Engine/Transient.World_1:hud-dialogos_C_54.WidgetTree.CanvasPanel_0
[2017.07.12-11.52.47:600][ 12]LogUObjectHash:Warning: Ambiguous search, could be CanvasPanel /Game/HUDs/hud-mouseCursor.hud-mouseCursor:WidgetTree.CanvasPanel_0 or CanvasPanel /Engine/Transient.World_1:hud-dialogos_C_53.WidgetTree.CanvasPanel_0
[2017.07.12-11.52.47:600][ 12]LogUObjectHash:Warning: Ambiguous search, could be CanvasPanel /Game/HUDs/hud-mouseCursor.hud-mouseCursor:WidgetTree.CanvasPanel_0 or CanvasPanel /Engine/Transient.World_1:hud-dialogos_C_43.WidgetTree.CanvasPanel_0
[2017.07.12-11.52.47:600][ 12]LogUObjectHash:Warning: Ambiguous search, could be CanvasPanel /Game/HUDs/hud-mouseCursor.hud-mouseCursor:WidgetTree.CanvasPanel_0 or CanvasPanel /Engine/Transient.World_1:hud-dialogos_C_52.WidgetTree.CanvasPanel_0
[2017.07.12-11.52.47:600][ 12]LogUObjectHash:Warning: Ambiguous search, could be CanvasPanel /Game/HUDs/hud-mouseCursor.hud-mouseCursor:WidgetTree.CanvasPanel_0 or CanvasPanel /Engine/Transient.World_1:hud-dialogos_C_51.WidgetTree.CanvasPanel_0
[2017.07.12-11.52.47:600][ 12]LogUObjectHash:Warning: Ambiguous search, could be CanvasPanel /Game/HUDs/hud-mouseCursor.hud-mouseCursor:WidgetTree.CanvasPanel_0 or CanvasPanel /Engine/Transient.World_1:hud-dialogos_C_46.WidgetTree.CanvasPanel_0
[2017.07.12-11.52.47:600][ 12]LogUObjectHash:Warning: Ambiguous search, could be CanvasPanel /Game/HUDs/hud-mouseCursor.hud-mouseCursor:WidgetTree.CanvasPanel_0 or CanvasPanel /Engine/Transient.World_1:hud-dialogos_C_49.WidgetTree.CanvasPanel_0
[2017.07.12-11.52.47:600][ 12]LogUObjectHash:Warning: Ambiguous search, could be CanvasPanel /Game/HUDs/hud-mouseCursor.hud-mouseCursor:WidgetTree.CanvasPanel_0 or CanvasPanel /Engine/Transient.World_1:hud-dialogos_C_48.WidgetTree.CanvasPanel_0
[2017.07.12-11.52.47:600][ 12]LogUObjectHash:Warning: Ambiguous search, could be CanvasPanel /Game/HUDs/hud-mouseCursor.hud-mouseCursor:WidgetTree.CanvasPanel_0 or CanvasPanel /Engine/Transient.World_1:hud-dialogos_C_47.WidgetTree.CanvasPanel_0
[2017.07.12-11.52.47:600][ 12]LogUObjectHash:Warning: Ambiguous search, could be CanvasPanel /Game/HUDs/hud-mouseCursor.hud-mouseCursor:WidgetTree.CanvasPanel_0 or CanvasPanel /Engine/Transient.World_1:hud-dialogos_C_50.WidgetTree.CanvasPanel_0
[2017.07.12-11.52.47:600][ 12]LogUObjectHash:Warning: Ambiguous search, could be CanvasPanel /Game/HUDs/hud-mouseCursor.hud-mouseCursor:WidgetTree.CanvasPanel_0 or CanvasPanel /Engine/Transient.World_1:hud-dialogos_C_44.WidgetTree.CanvasPanel_0
[2017.07.12-11.52.47:600][ 12]LogUObjectHash:Warning: Ambiguous search, could be CanvasPanelSlot /Engine/Transient.World_1:hud-dialogos_C_54.WidgetTree.CanvasPanel_0.CanvasPanelSlot_13 or CanvasPanelSlot /Engine/Transient.World_1:hud-dialogos_C_53.WidgetTree.CanvasPanel_0.CanvasPanelSlot_13
[2017.07.12-11.52.47:600][ 12]LogUObjectHash:Warning: Ambiguous search, could be CanvasPanelSlot /Engine/Transient.World_1:hud-dialogos_C_54.WidgetTree.CanvasPanel_0.CanvasPanelSlot_13 or CanvasPanelSlot /Game/HUDs/hud-dialogos.hud-dialogos:WidgetTree.CanvasPanel_0.CanvasPanelSlot_13
[2017.07.12-11.52.47:600][ 12]LogProperty:Warning: Illegal TEXT reference to a private object in external package (CanvasPanelSlot /Engine/Transient.World_1:hud-dialogos_C_54.WidgetTree.CanvasPanel_0.CanvasPanelSlot_13) from referencer (Image /Engine/UMG/Editor/Transient.img_clara).  Import failed...
[2017.07.12-11.52.47:600][ 12]LogProperty:Warning: ObjectProperty /Script/UMG.Widget:Slot: unresolved reference to 'CanvasPanelSlot'CanvasPanel_0.CanvasPanelSlot_13''
[2017.07.12-11.53.27:356][755]LogUObjectHash:Warning: Ambiguous search, could be CanvasPanel /Game/HUDs/hud-mouseCursor.hud-mouseCursor:WidgetTree.CanvasPanel_0 or CanvasPanel /Game/HUDs/hud-dialogos.hud-dialogos:WidgetTree.CanvasPanel_0
[2017.07.12-11.53.27:356][755]LogUObjectHash:Warning: Ambiguous search, could be CanvasPanel /Game/HUDs/hud-mouseCursor.hud-mouseCursor:WidgetTree.CanvasPanel_0 or CanvasPanel /Game/HUDs/hud-mouseCursor.hud-mouseCursor_C:WidgetTree.CanvasPanel_0
[2017.07.12-11.53.27:356][755]LogUObjectHash:Warning: Ambiguous search, could be CanvasPanel /Game/HUDs/hud-mouseCursor.hud-mouseCursor:WidgetTree.CanvasPanel_0 or CanvasPanel /Engine/Transient.World_1:hud-dialogos_C_56.WidgetTree.CanvasPanel_0
[2017.07.12-11.53.27:356][755]LogUObjectHash:Warning: Ambiguous search, could be CanvasPanel /Game/HUDs/hud-mouseCursor.hud-mouseCursor:WidgetTree.CanvasPanel_0 or CanvasPanel /Engine/Transient.World_1:hud-dialogos_C_55.WidgetTree.CanvasPanel_0
[2017.07.12-11.53.27:356][755]LogUObjectHash:Warning: Ambiguous search, could be CanvasPanel /Game/HUDs/hud-mouseCursor.hud-mouseCursor:WidgetTree.CanvasPanel_0 or CanvasPanel /Engine/Transient.World_1:hud-dialogos_C_54.WidgetTree.CanvasPanel_0
[2017.07.12-11.53.27:356][755]LogUObjectHash:Warning: Ambiguous search, could be CanvasPanel /Game/HUDs/hud-mouseCursor.hud-mouseCursor:WidgetTree.CanvasPanel_0 or CanvasPanel /Engine/Transient.World_1:hud-dialogos_C_53.WidgetTree.CanvasPanel_0
[2017.07.12-11.53.27:356][755]LogUObjectHash:Warning: Ambiguous search, could be CanvasPanel /Game/HUDs/hud-mouseCursor.hud-mouseCursor:WidgetTree.CanvasPanel_0 or CanvasPanel /Engine/Transient.World_1:hud-dialogos_C_43.WidgetTree.CanvasPanel_0
[2017.07.12-11.53.27:356][755]LogUObjectHash:Warning: Ambiguous search, could be CanvasPanel /Game/HUDs/hud-mouseCursor.hud-mouseCursor:WidgetTree.CanvasPanel_0 or CanvasPanel /Engine/Transient.World_1:hud-dialogos_C_52.WidgetTree.CanvasPanel_0
[2017.07.12-11.53.27:356][755]LogUObjectHash:Warning: Ambiguous search, could be CanvasPanel /Game/HUDs/hud-mouseCursor.hud-mouseCursor:WidgetTree.CanvasPanel_0 or CanvasPanel /Engine/Transient.World_1:hud-dialogos_C_51.WidgetTree.CanvasPanel_0
[2017.07.12-11.53.27:356][755]LogUObjectHash:Warning: Ambiguous search, could be CanvasPanel /Game/HUDs/hud-mouseCursor.hud-mouseCursor:WidgetTree.CanvasPanel_0 or CanvasPanel /Engine/Transient.World_1:hud-dialogos_C_46.WidgetTree.CanvasPanel_0
[2017.07.12-11.53.27:356][755]LogUObjectHash:Warning: Ambiguous search, could be CanvasPanel /Game/HUDs/hud-mouseCursor.hud-mouseCursor:WidgetTree.CanvasPanel_0 or CanvasPanel /Engine/Transient.World_1:hud-dialogos_C_49.WidgetTree.CanvasPanel_0
[2017.07.12-11.53.27:356][755]LogUObjectHash:Warning: Ambiguous search, could be CanvasPanel /Game/HUDs/hud-mouseCursor.hud-mouseCursor:WidgetTree.CanvasPanel_0 or CanvasPanel /Engine/Transient.World_1:hud-dialogos_C_48.WidgetTree.CanvasPanel_0
[2017.07.12-11.53.27:356][755]LogUObjectHash:Warning: Ambiguous search, could be CanvasPanel /Game/HUDs/hud-mouseCursor.hud-mouseCursor:WidgetTree.CanvasPanel_0 or CanvasPanel /Engine/Transient.World_1:hud-dialogos_C_47.WidgetTree.CanvasPanel_0
[2017.07.12-11.53.27:356][755]LogUObjectHash:Warning: Ambiguous search, could be CanvasPanel /Game/HUDs/hud-mouseCursor.hud-mouseCursor:WidgetTree.CanvasPanel_0 or CanvasPanel /Engine/Transient.World_1:hud-dialogos_C_50.WidgetTree.CanvasPanel_0
[2017.07.12-11.53.27:356][755]LogUObjectHash:Warning: Ambiguous search, could be CanvasPanel /Game/HUDs/hud-mouseCursor.hud-mouseCursor:WidgetTree.CanvasPanel_0 or CanvasPanel /Engine/Transient.World_1:hud-dialogos_C_44.WidgetTree.CanvasPanel_0
[2017.07.12-11.53.27:356][755]LogUObjectHash:Warning: Ambiguous search, could be CanvasPanelSlot /Engine/Transient.World_1:hud-dialogos_C_56.WidgetTree.CanvasPanel_0.CanvasPanelSlot_13 or CanvasPanelSlot /Engine/Transient.World_1:hud-dialogos_C_55.WidgetTree.CanvasPanel_0.CanvasPanelSlot_13
[2017.07.12-11.53.27:356][755]LogUObjectHash:Warning: Ambiguous search, could be CanvasPanelSlot /Engine/Transient.World_1:hud-dialogos_C_56.WidgetTree.CanvasPanel_0.CanvasPanelSlot_13 or CanvasPanelSlot /Engine/Transient.World_1:hud-dialogos_C_54.WidgetTree.CanvasPanel_0.CanvasPanelSlot_13
[2017.07.12-11.53.27:356][755]LogUObjectHash:Warning: Ambiguous search, could be CanvasPanelSlot /Engine/Transient.World_1:hud-dialogos_C_56.WidgetTree.CanvasPanel_0.CanvasPanelSlot_13 or CanvasPanelSlot /Engine/Transient.World_1:hud-dialogos_C_53.WidgetTree.CanvasPanel_0.CanvasPanelSlot_13
[2017.07.12-11.53.27:356][755]LogUObjectHash:Warning: Ambiguous search, could be CanvasPanelSlot /Engine/Transient.World_1:hud-dialogos_C_56.WidgetTree.CanvasPanel_0.CanvasPanelSlot_13 or CanvasPanelSlot /Game/HUDs/hud-dialogos.hud-dialogos:WidgetTree.CanvasPanel_0.CanvasPanelSlot_13
[2017.07.12-11.53.27:356][755]LogProperty:Warning: Illegal TEXT reference to a private object in external package (CanvasPanelSlot /Engine/Transient.World_1:hud-dialogos_C_56.WidgetTree.CanvasPanel_0.CanvasPanelSlot_13) from referencer (Image /Engine/UMG/Editor/Transient.img_clara).  Import failed...
[2017.07.12-11.53.27:356][755]LogProperty:Warning: ObjectProperty /Script/UMG.Widget:Slot: unresolved reference to 'CanvasPanelSlot'CanvasPanel_0.CanvasPanelSlot_13''
[2017.07.12-11.57.12:441][223]Cmd: OBJ SAVEPACKAGE PACKAGE="/Game/HUDs/hud-dialogos" FILE="../../../../../TFG/CreativeKeepers/Content/HUDs/hud-dialogos.uasset" SILENT=true
[2017.07.12-11.57.12:478][223]LogSavePackage: Save=36.05ms
[2017.07.12-11.57.12:478][223]LogSavePackage: Moving '../../../../../TFG/CreativeKeepers/Saved/hud-dialogos14D5198F4FEAA59F3FEE9BBD3DF9CF12.tmp' to '../../../../../TFG/CreativeKeepers/Content/HUDs/hud-dialogos.uasset'
[2017.07.12-11.57.12:480][223]LogSavePackage:Display: Finished SavePackage ../../../../../TFG/CreativeKeepers/Content/HUDs/hud-dialogos.uasset
[2017.07.12-11.57.13:148][301]BlueprintLog: New page: Compile hud-dialogos
[2017.07.12-12.01.24:709][309]LogFileHelpers: Editor autosave (incl. sublevels) for '/Game/test' took 0.027
[2017.07.12-12.01.24:711][309]OBJ SavePackage: Generating thumbnails for [0] asset(s) in package [/Game/HUDs/hud-dialogos] ([1] browsable assets)...
[2017.07.12-12.01.24:711][309]OBJ SavePackage: Finished generating thumbnails for package [/Game/HUDs/hud-dialogos]
[2017.07.12-12.01.24:711][309]Cmd: OBJ SAVEPACKAGE PACKAGE="/Game/HUDs/hud-dialogos" FILE="../../../../../TFG/CreativeKeepers/Saved/Autosaves/Game/HUDs/hud-dialogos_Auto5.uasset" SILENT=false AUTOSAVING=true
[2017.07.12-12.01.24:818][309]LogSavePackage: Save=7.86ms
[2017.07.12-12.01.24:818][309]LogSavePackage: Moving '../../../../../TFG/CreativeKeepers/Saved/hud-dialogos_Auto5C36F8DD24A4538105C6D1E8394F746FA.tmp' to '../../../../../TFG/CreativeKeepers/Saved/Autosaves/Game/HUDs/hud-dialogos_Auto5.uasset'
[2017.07.12-12.01.24:820][309]LogSavePackage:Display: Finished SavePackage ../../../../../TFG/CreativeKeepers/Saved/Autosaves/Game/HUDs/hud-dialogos_Auto5.uasset
[2017.07.12-12.01.24:820][309]LogFileHelpers: Auto-saving content packages took 0.110
[2017.07.12-12.02.32:968][410]LogSlate: Took 0.009132 seconds to synchronously load lazily loaded font '../../../Engine/Content/Editor/Slate/Fonts/Roboto-BoldCondensedItalic.ttf' (160K)
[2017.07.12-12.04.29:171][263]LogSlate: Took 0.014214 seconds to synchronously load lazily loaded font '../../../Engine/Content/Editor/Slate/Fonts/Roboto-Italic.ttf' (157K)
[2017.07.12-12.05.26:544][ 85]BlueprintLog: New page: Compile hud-dialogos
[2017.07.12-12.05.27:059][133]Cmd: OBJ SAVEPACKAGE PACKAGE="/Game/HUDs/hud-dialogos" FILE="../../../../../TFG/CreativeKeepers/Content/HUDs/hud-dialogos.uasset" SILENT=true
[2017.07.12-12.05.27:095][133]LogSavePackage: Save=26.02ms
[2017.07.12-12.05.27:095][133]LogSavePackage: Moving '../../../../../TFG/CreativeKeepers/Saved/hud-dialogos96CBDC024F309EF92AE3369B23CB0372.tmp' to '../../../../../TFG/CreativeKeepers/Content/HUDs/hud-dialogos.uasset'
[2017.07.12-12.05.27:098][133]LogSavePackage:Display: Finished SavePackage ../../../../../TFG/CreativeKeepers/Content/HUDs/hud-dialogos.uasset
[2017.07.12-12.07.18:091][328]BlueprintLog: New page: Compile hud-dialogos
[2017.07.12-12.07.18:479][361]Cmd: OBJ SAVEPACKAGE PACKAGE="/Game/HUDs/hud-dialogos" FILE="../../../../../TFG/CreativeKeepers/Content/HUDs/hud-dialogos.uasset" SILENT=true
[2017.07.12-12.07.18:533][361]LogSavePackage: Save=44.47ms
[2017.07.12-12.07.18:533][361]LogSavePackage: Moving '../../../../../TFG/CreativeKeepers/Saved/hud-dialogosF5881E754CD270991F123DAE9D691FAD.tmp' to '../../../../../TFG/CreativeKeepers/Content/HUDs/hud-dialogos.uasset'
[2017.07.12-12.07.18:537][361]LogSavePackage:Display: Finished SavePackage ../../../../../TFG/CreativeKeepers/Content/HUDs/hud-dialogos.uasset
[2017.07.12-12.08.16:319][279]BlueprintLog: New page: Compile hud-dialogos
[2017.07.12-12.08.20:316][734]BlueprintLog: New page: Compile hud-dialogos
[2017.07.12-12.08.22:770][ 11]Cmd: OBJ SAVEPACKAGE PACKAGE="/Game/HUDs/hud-dialogos" FILE="../../../../../TFG/CreativeKeepers/Content/HUDs/hud-dialogos.uasset" SILENT=true
[2017.07.12-12.08.22:790][ 11]LogSavePackage: Save=10.86ms
[2017.07.12-12.08.22:790][ 11]LogSavePackage: Moving '../../../../../TFG/CreativeKeepers/Saved/hud-dialogosE75603EB42FAF994956C9A864BD2DAD7.tmp' to '../../../../../TFG/CreativeKeepers/Content/HUDs/hud-dialogos.uasset'
[2017.07.12-12.08.22:792][ 11]LogSavePackage:Display: Finished SavePackage ../../../../../TFG/CreativeKeepers/Content/HUDs/hud-dialogos.uasset
[2017.07.12-12.11.25:619][281]LogFileHelpers: Editor autosave (incl. sublevels) for '/Game/test' took 0.038
[2017.07.12-12.11.25:622][281]OBJ SavePackage: Generating thumbnails for [0] asset(s) in package [/Game/HUDs/hud-dialogos] ([1] browsable assets)...
[2017.07.12-12.11.25:622][281]OBJ SavePackage: Finished generating thumbnails for package [/Game/HUDs/hud-dialogos]
[2017.07.12-12.11.25:622][281]Cmd: OBJ SAVEPACKAGE PACKAGE="/Game/HUDs/hud-dialogos" FILE="../../../../../TFG/CreativeKeepers/Saved/Autosaves/Game/HUDs/hud-dialogos_Auto6.uasset" SILENT=false AUTOSAVING=true
[2017.07.12-12.11.25:653][281]LogSavePackage: Save=20.03ms
[2017.07.12-12.11.25:654][281]LogSavePackage: Moving '../../../../../TFG/CreativeKeepers/Saved/hud-dialogos_Auto68AF444484B2B76D0331374B08D4DF477.tmp' to '../../../../../TFG/CreativeKeepers/Saved/Autosaves/Game/HUDs/hud-dialogos_Auto6.uasset'
[2017.07.12-12.11.25:656][281]LogSavePackage:Display: Finished SavePackage ../../../../../TFG/CreativeKeepers/Saved/Autosaves/Game/HUDs/hud-dialogos_Auto6.uasset
[2017.07.12-12.11.25:656][281]LogFileHelpers: Auto-saving content packages took 0.036
[2017.07.12-12.21.25:639][646]LogFileHelpers: Editor autosave (incl. sublevels) for '/Game/test' took 0.028
[2017.07.12-12.21.25:640][646]OBJ SavePackage: Generating thumbnails for [0] asset(s) in package [/Game/HUDs/hud-dialogos] ([1] browsable assets)...
[2017.07.12-12.21.25:640][646]OBJ SavePackage: Finished generating thumbnails for package [/Game/HUDs/hud-dialogos]
[2017.07.12-12.21.25:640][646]Cmd: OBJ SAVEPACKAGE PACKAGE="/Game/HUDs/hud-dialogos" FILE="../../../../../TFG/CreativeKeepers/Saved/Autosaves/Game/HUDs/hud-dialogos_Auto7.uasset" SILENT=false AUTOSAVING=true
[2017.07.12-12.21.25:701][646]LogSavePackage: Save=11.80ms
[2017.07.12-12.21.25:701][646]LogSavePackage: Moving '../../../../../TFG/CreativeKeepers/Saved/hud-dialogos_Auto72E77860243BB289B41E6FDB7CE42570B.tmp' to '../../../../../TFG/CreativeKeepers/Saved/Autosaves/Game/HUDs/hud-dialogos_Auto7.uasset'
[2017.07.12-12.21.25:702][646]LogSavePackage:Display: Finished SavePackage ../../../../../TFG/CreativeKeepers/Saved/Autosaves/Game/HUDs/hud-dialogos_Auto7.uasset
[2017.07.12-12.21.25:702][646]LogFileHelpers: Auto-saving content packages took 0.063
[2017.07.12-12.24.01:979][272]LogEnum:Warning: In asset 'None', there is an enum property of type 'personajes' with an invalid value of 'personajes::NewEnumerator0'
[2017.07.12-12.24.07:132][887]LogEnum:Warning: In asset 'None', there is an enum property of type 'personajes' with an invalid value of 'personajes::NewEnumerator1'
[2017.07.12-12.24.10:736][319]LogEnum:Warning: In asset 'None', there is an enum property of type 'personajes' with an invalid value of 'personajes::NewEnumerator2'
[2017.07.12-12.24.10:889][337]LogEnum:Warning: In asset 'None', there is an enum property of type 'personajes' with an invalid value of 'personajes::NewEnumerator3'
[2017.07.12-12.24.32:276][899]Cmd: OBJ SAVEPACKAGE PACKAGE="/Game/HUDs/personajes" FILE="../../../../../TFG/CreativeKeepers/Content/HUDs/personajes.uasset" SILENT=true
[2017.07.12-12.24.32:278][899]LogSavePackage: Save=0.87ms
[2017.07.12-12.24.32:278][899]LogSavePackage: Moving '../../../../../TFG/CreativeKeepers/Saved/personajes04DBC77846EB768DCC9C1383C5C3032B.tmp' to '../../../../../TFG/CreativeKeepers/Content/HUDs/personajes.uasset'
[2017.07.12-12.24.32:281][899]LogSavePackage:Display: Finished SavePackage ../../../../../TFG/CreativeKeepers/Content/HUDs/personajes.uasset
[2017.07.12-12.37.53:137][935]LogFileHelpers: Editor autosave (incl. sublevels) for '/Game/test' took 0.030
[2017.07.12-12.37.53:139][935]OBJ SavePackage: Generating thumbnails for [0] asset(s) in package [/Game/HUDs/hud-dialogos] ([1] browsable assets)...
[2017.07.12-12.37.53:139][935]OBJ SavePackage: Finished generating thumbnails for package [/Game/HUDs/hud-dialogos]
[2017.07.12-12.37.53:139][935]Cmd: OBJ SAVEPACKAGE PACKAGE="/Game/HUDs/hud-dialogos" FILE="../../../../../TFG/CreativeKeepers/Saved/Autosaves/Game/HUDs/hud-dialogos_Auto8.uasset" SILENT=false AUTOSAVING=true
[2017.07.12-12.37.53:209][935]LogSavePackage: Save=21.44ms
[2017.07.12-12.37.53:209][935]LogSavePackage: Moving '../../../../../TFG/CreativeKeepers/Saved/hud-dialogos_Auto82A2B666F490F2CB100CB5C91A1C2A489.tmp' to '../../../../../TFG/CreativeKeepers/Saved/Autosaves/Game/HUDs/hud-dialogos_Auto8.uasset'
[2017.07.12-12.37.53:210][935]LogSavePackage:Display: Finished SavePackage ../../../../../TFG/CreativeKeepers/Saved/Autosaves/Game/HUDs/hud-dialogos_Auto8.uasset
[2017.07.12-12.37.53:210][935]LogFileHelpers: Auto-saving content packages took 0.073
[2017.07.12-12.39.30:151][523]LogEditorTransaction: Undo Move Nodes
[2017.07.12-12.45.34:584][416]BlueprintLog: New page: Compile hud-dialogos
[2017.07.12-12.45.35:368][493]Cmd: OBJ SAVEPACKAGE PACKAGE="/Game/HUDs/hud-dialogos" FILE="../../../../../TFG/CreativeKeepers/Content/HUDs/hud-dialogos.uasset" SILENT=true
[2017.07.12-12.45.35:402][493]LogSavePackage: Save=24.26ms
[2017.07.12-12.45.35:402][493]LogSavePackage: Moving '../../../../../TFG/CreativeKeepers/Saved/hud-dialogos0D29640C4C3D5A19306167BA50F34F02.tmp' to '../../../../../TFG/CreativeKeepers/Content/HUDs/hud-dialogos.uasset'
[2017.07.12-12.45.35:405][493]LogSavePackage:Display: Finished SavePackage ../../../../../TFG/CreativeKeepers/Content/HUDs/hud-dialogos.uasset
[2017.07.12-12.47.16:552][637]BlueprintLog: New page: Compile hud-dialogos
[2017.07.12-12.47.17:023][677]Cmd: OBJ SAVEPACKAGE PACKAGE="/Game/HUDs/hud-dialogos" FILE="../../../../../TFG/CreativeKeepers/Content/HUDs/hud-dialogos.uasset" SILENT=true
[2017.07.12-12.47.17:055][677]LogSavePackage: Save=24.00ms
[2017.07.12-12.47.17:055][677]LogSavePackage: Moving '../../../../../TFG/CreativeKeepers/Saved/hud-dialogos3DDEE3EF415460908AACB889306473EA.tmp' to '../../../../../TFG/CreativeKeepers/Content/HUDs/hud-dialogos.uasset'
[2017.07.12-12.47.17:057][677]LogSavePackage:Display: Finished SavePackage ../../../../../TFG/CreativeKeepers/Content/HUDs/hud-dialogos.uasset
[2017.07.12-12.51.24:497][189]BlueprintLog: New page: Compile hud-dialogos
[2017.07.12-12.51.24:990][227]Cmd: OBJ SAVEPACKAGE PACKAGE="/Game/HUDs/hud-dialogos" FILE="../../../../../TFG/CreativeKeepers/Content/HUDs/hud-dialogos.uasset" SILENT=true
[2017.07.12-12.51.25:033][227]LogSavePackage: Save=27.04ms
[2017.07.12-12.51.25:033][227]LogSavePackage: Moving '../../../../../TFG/CreativeKeepers/Saved/hud-dialogos9D72A24240BAD810B8FC6F8C6DEE9DE2.tmp' to '../../../../../TFG/CreativeKeepers/Content/HUDs/hud-dialogos.uasset'
[2017.07.12-12.51.25:036][227]LogSavePackage:Display: Finished SavePackage ../../../../../TFG/CreativeKeepers/Content/HUDs/hud-dialogos.uasset
[2017.07.12-12.51.31:239][648]Cmd: OBJ SAVEPACKAGE PACKAGE="/Game/Textures/charname-box" FILE="../../../../../TFG/CreativeKeepers/Content/Textures/charname-box.uasset" SILENT=true
[2017.07.12-12.51.31:242][648]LogSavePackage: Save=2.64ms
[2017.07.12-12.51.31:242][648]LogSavePackage: Moving '../../../../../TFG/CreativeKeepers/Saved/charname-box638E1E58461B568E50B07093964FF253.tmp' to '../../../../../TFG/CreativeKeepers/Content/Textures/charname-box.uasset'
[2017.07.12-12.51.31:245][648]LogSavePackage:Display: Finished SavePackage ../../../../../TFG/CreativeKeepers/Content/Textures/charname-box.uasset
[2017.07.12-12.51.31:250][648]Cmd: OBJ SAVEPACKAGE PACKAGE="/Game/Textures/dialogbox" FILE="../../../../../TFG/CreativeKeepers/Content/Textures/dialogbox.uasset" SILENT=true
[2017.07.12-12.51.31:264][648]LogSavePackage: Save=12.93ms
[2017.07.12-12.51.31:264][648]LogSavePackage: Moving '../../../../../TFG/CreativeKeepers/Saved/dialogboxD30497434E9BB38A15913EB810C5BC00.tmp' to '../../../../../TFG/CreativeKeepers/Content/Textures/dialogbox.uasset'
[2017.07.12-12.51.31:267][648]LogSavePackage:Display: Finished SavePackage ../../../../../TFG/CreativeKeepers/Content/Textures/dialogbox.uasset
[2017.07.12-12.51.31:872][649]Cmd: QUIT_EDITOR
[2017.07.12-12.51.32:079][649]LogWindowsTextInputMethodSystem:Display: IME system now deactivated.
[2017.07.12-12.51.32:122][649]LogExit: Preparing to exit.
[2017.07.12-12.51.32:865][649]LogDirectoryWatcher: A directory notification for 'D:/TFG/CreativeKeepers/Content/' was aborted.
[2017.07.12-12.51.33:129][649]LogExit: Editor shut down
[2017.07.12-12.51.33:130][649]LogExit: Transaction tracking system shut down
[2017.07.12-12.51.34:105][649]LogObj: Freed 0b from 0 cluster array pools.
[2017.07.12-12.51.34:105][649]LogExit: Object subsystem successfully closed.
[2017.07.12-12.51.34:242][649]LogD3D11RHI: Shutdown
[2017.07.12-12.51.34:242][649]LogD3D11RHI: CleanupD3DDevice
[2017.07.12-12.51.34:315][649]LogD3D11RHI: ~FD3D11DynamicRHI
[2017.07.12-12.51.34:984][649]LogModuleManager: Shutting down and abandoning module SequencerWidgets (504)
[2017.07.12-12.51.34:984][649]LogModuleManager: Shutting down and abandoning module BlueprintGraph (502)
[2017.07.12-12.51.34:984][649]LogModuleManager: Shutting down and abandoning module BlueprintProfiler (500)
[2017.07.12-12.51.34:990][649]LogModuleManager: Shutting down and abandoning module HierarchicalLODOutliner (498)
[2017.07.12-12.51.35:000][649]LogModuleManager: Shutting down and abandoning module CrashTracker (496)
[2017.07.12-12.51.35:000][649]LogModuleManager: Shutting down and abandoning module SceneOutliner (494)
[2017.07.12-12.51.35:000][649]LogModuleManager: Shutting down and abandoning module AddContentDialog (492)
[2017.07.12-12.51.35:009][649]LogDirectoryWatcher: A directory notification for 'D:/Programas/UE_4.15/FeaturePacks/' was aborted.
[2017.07.12-12.51.35:013][649]LogModuleManager: Shutting down and abandoning module WidgetCarousel (491)
[2017.07.12-12.51.35:013][649]LogModuleManager: Shutting down and abandoning module EditorWidgets (488)
[2017.07.12-12.51.35:013][649]LogModuleManager: Shutting down and abandoning module CollectionManager (486)
[2017.07.12-12.51.35:021][649]LogDirectoryWatcher: A directory notification for 'D:/TFG/CreativeKeepers/Content/Collections/' was aborted.
[2017.07.12-12.51.35:021][649]LogDirectoryWatcher: A directory notification for 'D:/TFG/CreativeKeepers/Content/Developers/Grego/Collections/' was aborted.
[2017.07.12-12.51.35:021][649]LogDirectoryWatcher: A directory notification for 'D:/TFG/CreativeKeepers/Saved/Collections/' was aborted.
[2017.07.12-12.51.35:021][649]LogModuleManager: Shutting down and abandoning module StatsViewer (484)
[2017.07.12-12.51.35:029][649]LogModuleManager: Shutting down and abandoning module FoliageEdit (482)
[2017.07.12-12.51.35:029][649]LogModuleManager: Shutting down and abandoning module LandscapeEditor (480)
[2017.07.12-12.51.35:035][649]LogModuleManager: Shutting down and abandoning module SceneDepthPickerMode (478)
[2017.07.12-12.51.35:035][649]LogModuleManager: Shutting down and abandoning module ActorPickerMode (476)
[2017.07.12-12.51.35:035][649]LogModuleManager: Shutting down and abandoning module GeometryMode (474)
[2017.07.12-12.51.35:035][649]LogModuleManager: Shutting down and abandoning module TextureAlignMode (472)
[2017.07.12-12.51.35:035][649]LogModuleManager: Shutting down and abandoning module BspMode (470)
[2017.07.12-12.51.35:045][649]LogModuleManager: Shutting down and abandoning module HardwareSurvey (468)
[2017.07.12-12.51.35:052][649]LogModuleManager: Shutting down and abandoning module SequenceRecorderSections (466)
[2017.07.12-12.51.35:057][649]LogModuleManager: Shutting down and abandoning module AutomationWorker (464)
[2017.07.12-12.51.35:062][649]LogModuleManager: Shutting down and abandoning module MatineeToLevelSequence (462)
[2017.07.12-12.51.35:071][649]LogModuleManager: Shutting down and abandoning module LevelSequenceEditor (460)
[2017.07.12-12.51.35:107][649]LogModuleManager: Shutting down and abandoning module PlacementMode (459)
[2017.07.12-12.51.35:107][649]LogModuleManager: Shutting down and abandoning module WmfMediaFactory (456)
[2017.07.12-12.51.35:107][649]LogModuleManager: Shutting down and abandoning module WmfMediaEditor (454)
[2017.07.12-12.51.35:107][649]LogModuleManager: Shutting down and abandoning module MfMediaFactory (452)
[2017.07.12-12.51.35:107][649]LogModuleManager: Shutting down and abandoning module MfMediaEditor (450)
[2017.07.12-12.51.35:107][649]LogModuleManager: Shutting down and abandoning module AvfMediaFactory (448)
[2017.07.12-12.51.35:107][649]LogModuleManager: Shutting down and abandoning module AvfMediaEditor (446)
[2017.07.12-12.51.35:107][649]LogModuleManager: Shutting down and abandoning module AndroidMediaFactory (444)
[2017.07.12-12.51.35:107][649]LogModuleManager: Shutting down and abandoning module Media (443)
[2017.07.12-12.51.35:107][649]LogModuleManager: Shutting down and abandoning module AndroidMediaEditor (440)
[2017.07.12-12.51.35:107][649]LogModuleManager: Shutting down and abandoning module CharacterAI (438)
[2017.07.12-12.51.35:107][649]LogModuleManager: Shutting down and abandoning module AudioCapture (436)
[2017.07.12-12.51.35:117][649]LogModuleManager: Shutting down and abandoning module SequenceRecorder (435)
[2017.07.12-12.51.35:134][649]LogModuleManager: Shutting down and abandoning module SmartSnapping (432)
[2017.07.12-12.51.35:134][649]LogModuleManager: Shutting down and abandoning module SessionServices (430)
[2017.07.12-12.51.35:134][649]LogModuleManager: Shutting down and abandoning module ViewportSnapping (428)
[2017.07.12-12.51.35:134][649]LogModuleManager: Shutting down and abandoning module ViewportInteraction (426)
[2017.07.12-12.51.35:134][649]LogModuleManager: Shutting down and abandoning module LogVisualizer (424)
[2017.07.12-12.51.35:141][649]LogModuleManager: Shutting down and abandoning module IntroTutorials (422)
[2017.07.12-12.51.35:150][649]LogModuleManager: Shutting down and abandoning module GameProjectGeneration (421)
[2017.07.12-12.51.35:155][649]LogModuleManager: Shutting down and abandoning module EditorLiveStreaming (418)
[2017.07.12-12.51.35:155][649]LogModuleManager: Shutting down and abandoning module IOSPlatformEditor (416)
[2017.07.12-12.51.35:155][649]LogModuleManager: Shutting down and abandoning module HTML5PlatformEditor (414)
[2017.07.12-12.51.35:155][649]LogModuleManager: Shutting down and abandoning module AndroidPlatformEditor (412)
[2017.07.12-12.51.35:162][649]LogModuleManager: Shutting down and abandoning module AndroidDeviceDetection (411)
[2017.07.12-12.51.35:246][649]LogModuleManager: Shutting down and abandoning module IOSRuntimeSettings (408)
[2017.07.12-12.51.35:246][649]LogModuleManager: Shutting down and abandoning module AndroidRuntimeSettings (406)
[2017.07.12-12.51.35:246][649]LogModuleManager: Shutting down and abandoning module InputBindingEditor (404)
[2017.07.12-12.51.35:252][649]LogModuleManager: Shutting down and abandoning module NiagaraEditor (402)
[2017.07.12-12.51.35:270][649]LogModuleManager: Shutting down and abandoning module MergeActors (400)
[2017.07.12-12.51.35:279][649]LogModuleManager: Shutting down and abandoning module SizeMap (398)
[2017.07.12-12.51.35:284][649]LogModuleManager: Shutting down and abandoning module TreeMap (396)
[2017.07.12-12.51.35:290][649]LogModuleManager: Shutting down and abandoning module ReferenceViewer (394)
[2017.07.12-12.51.35:290][649]LogModuleManager: Shutting down and abandoning module LocalizationDashboard (392)
[2017.07.12-12.51.35:302][649]LogModuleManager: Shutting down and abandoning module LocalizationService (391)
[2017.07.12-12.51.35:310][649]LogModuleManager: Shutting down and abandoning module HardwareTargeting (388)
[2017.07.12-12.51.35:313][649]LogModuleManager: Shutting down and abandoning module DeviceProfileEditor (386)
[2017.07.12-12.51.35:317][649]LogModuleManager: Shutting down and abandoning module UndoHistory (384)
[2017.07.12-12.51.35:322][649]LogModuleManager: Shutting down and abandoning module UserFeedback (382)
[2017.07.12-12.51.35:322][649]LogModuleManager: Shutting down and abandoning module XmlParser (380)
[2017.07.12-12.51.35:332][649]LogModuleManager: Shutting down and abandoning module Blutility (378)
[2017.07.12-12.51.35:343][649]LogModuleManager: Shutting down and abandoning module ProjectSettingsViewer (376)
[2017.07.12-12.51.35:343][649]LogModuleManager: Shutting down and abandoning module ProjectTargetPlatformEditor (375)
[2017.07.12-12.51.35:343][649]LogModuleManager: Shutting down and abandoning module EditorSettingsViewer (372)
[2017.07.12-12.51.35:343][649]LogModuleManager: Shutting down and abandoning module SettingsEditor (370)
[2017.07.12-12.51.35:350][649]LogModuleManager: Shutting down and abandoning module ProjectLauncher (368)
[2017.07.12-12.51.35:357][649]LogModuleManager: Shutting down and abandoning module SessionFrontend (366)
[2017.07.12-12.51.35:364][649]LogModuleManager: Shutting down and abandoning module ProfilerClient (364)
[2017.07.12-12.51.35:382][649]LogModuleManager: Shutting down and abandoning module DeviceManager (362)
[2017.07.12-12.51.35:392][649]LogModuleManager: Shutting down and abandoning module TargetDeviceServices (361)
[2017.07.12-12.51.35:435][649]LogModuleManager: Shutting down and abandoning module AutomationController (358)
[2017.07.12-12.51.35:441][649]LogModuleManager: Shutting down and abandoning module AutomationWindow (356)
[2017.07.12-12.51.35:455][649]LogModuleManager: Shutting down and abandoning module Layers (354)
[2017.07.12-12.51.35:473][649]LogModuleManager: Shutting down and abandoning module ComponentVisualizers (352)
[2017.07.12-12.51.35:473][649]LogModuleManager: Shutting down and abandoning module DetailCustomizations (350)
[2017.07.12-12.51.35:476][649]LogModuleManager: Shutting down and abandoning module PackagesDialog (348)
[2017.07.12-12.51.35:476][649]LogModuleManager: Shutting down and abandoning module Persona (346)
[2017.07.12-12.51.35:494][649]LogModuleManager: Shutting down and abandoning module AnimGraph (345)
[2017.07.12-12.51.35:494][649]LogModuleManager: Shutting down and abandoning module Kismet (342)
[2017.07.12-12.51.35:500][649]LogModuleManager: Shutting down and abandoning module GraphEditor (340)
[2017.07.12-12.51.35:500][649]LogModuleManager: Shutting down and abandoning module ClassViewer (338)
[2017.07.12-12.51.35:507][649]LogModuleManager: Shutting down and abandoning module Toolbox (336)
[2017.07.12-12.51.35:517][649]LogModuleManager: Shutting down and abandoning module ModuleUI (334)
[2017.07.12-12.51.35:528][649]LogModuleManager: Shutting down and abandoning module MovieSceneTools (332)
[2017.07.12-12.51.35:535][649]LogModuleManager: Shutting down and abandoning module OutputLog (330)
[2017.07.12-12.51.35:539][649]LogModuleManager: Shutting down and abandoning module GammaUI (328)
[2017.07.12-12.51.35:546][649]LogModuleManager: Shutting down and abandoning module Documentation (326)
[2017.07.12-12.51.35:546][649]LogModuleManager: Shutting down and abandoning module Niagara (324)
[2017.07.12-12.51.35:546][649]LogModuleManager: Shutting down and abandoning module StreamingPauseRendering (322)
[2017.07.12-12.51.35:546][649]LogModuleManager: Shutting down and abandoning module AnalyticsET (320)
[2017.07.12-12.51.35:546][649]LogModuleManager: Shutting down and abandoning module PortalServices (318)
[2017.07.12-12.51.35:546][649]LogModuleManager: Shutting down and abandoning module PortalRpc (316)
[2017.07.12-12.51.35:546][649]LogModuleManager: Shutting down and abandoning module MessagingRpc (314)
[2017.07.12-12.51.35:546][649]LogModuleManager: Shutting down and abandoning module AIModule (312)
[2017.07.12-12.51.35:546][649]LogModuleManager: Shutting down and abandoning module GameplayDebugger (311)
[2017.07.12-12.51.35:548][649]LogModuleManager: Shutting down and abandoning module AITestSuite (309)
[2017.07.12-12.51.35:548][649]LogModuleManager: Shutting down and abandoning module ProfilerService (306)
[2017.07.12-12.51.35:652][649]LogModuleManager: Shutting down and abandoning module TaskGraph (304)
[2017.07.12-12.51.35:672][649]LogModuleManager: Shutting down and abandoning module SteamVRController (302)
[2017.07.12-12.51.35:672][649]LogModuleManager: Shutting down and abandoning module SteamVR (300)
[2017.07.12-12.51.35:672][649]LogModuleManager: Shutting down and abandoning module ProceduralMeshComponentEditor (298)
[2017.07.12-12.51.35:672][649]LogModuleManager: Shutting down and abandoning module ProceduralMeshComponent (296)
[2017.07.12-12.51.35:679][649]LogModuleManager: Shutting down and abandoning module OculusLibrary (294)
[2017.07.12-12.51.35:679][649]LogModuleManager: Shutting down and abandoning module OculusInput (292)
[2017.07.12-12.51.35:679][649]LogModuleManager: Shutting down and abandoning module MobilePatchingUtils (290)
[2017.07.12-12.51.35:679][649]LogModuleManager: Shutting down and abandoning module CustomMeshComponent (288)
[2017.07.12-12.51.35:679][649]LogModuleManager: Shutting down and abandoning module CableComponent (286)
[2017.07.12-12.51.35:690][649]LogModuleManager: Shutting down and abandoning module ArchVisCharacter (284)
[2017.07.12-12.51.35:690][649]LogModuleManager: Shutting down and abandoning module MediaPlayerEditor (280)
[2017.07.12-12.51.35:706][649]LogModuleManager: Shutting down and abandoning module HTML5Networking (278)
[2017.07.12-12.51.35:706][649]LogModuleManager: Shutting down and abandoning module AlembicImporter (276)
[2017.07.12-12.51.35:716][649]LogModuleManager: Shutting down and abandoning module AlembicLibrary (275)
[2017.07.12-12.51.35:716][649]LogModuleManager: Shutting down and abandoning module GeometryCache (274)
[2017.07.12-12.51.35:716][649]LogModuleManager: Shutting down and abandoning module GeometryCacheEd (273)
[2017.07.12-12.51.35:716][649]LogModuleManager: Shutting down and abandoning module SuperSearchEditor (268)
[2017.07.12-12.51.35:716][649]LogModuleManager: Shutting down and abandoning module SuperSearch (267)
[2017.07.12-12.51.35:716][649]LogModuleManager: Shutting down and abandoning module SpeedTreeImporter (264)
[2017.07.12-12.51.35:716][649]LogModuleManager: Shutting down and abandoning module PluginBrowser (262)
[2017.07.12-12.51.35:730][649]LogModuleManager: Shutting down and abandoning module MobileLauncherProfileWizard (260)
[2017.07.12-12.51.35:740][649]LogModuleManager: Shutting down and abandoning module EpicSurvey (258)
[2017.07.12-12.51.35:740][649]LogModuleManager: Shutting down and abandoning module VisualStudioSourceCodeAccess (256)
[2017.07.12-12.51.35:745][649]LogModuleManager: Shutting down and abandoning module DesktopPlatform (255)
[2017.07.12-12.51.35:745][649]LogModuleManager: Shutting down and abandoning module UObjectPlugin (252)
[2017.07.12-12.51.35:745][649]LogModuleManager: Shutting down and abandoning module SubversionSourceControl (250)
[2017.07.12-12.51.35:750][649]LogModuleManager: Shutting down and abandoning module PerforceSourceControl (248)
[2017.07.12-12.51.35:754][649]LogModuleManager: Shutting down and abandoning module GitSourceControl (246)
[2017.07.12-12.51.35:763][649]LogModuleManager: Shutting down and abandoning module SourceControl (245)
[2017.07.12-12.51.35:774][649]LogModuleManager: Shutting down and abandoning module LightPropagationVolumeEditor (242)
[2017.07.12-12.51.35:774][649]LogModuleManager: Shutting down and abandoning module PaperTiledImporter (240)
[2017.07.12-12.51.35:774][649]LogModuleManager: Shutting down and abandoning module PaperSpriteSheetImporter (238)
[2017.07.12-12.51.35:774][649]LogModuleManager: Shutting down and abandoning module Paper2DEditor (236)
[2017.07.12-12.51.35:790][649]LogModuleManager: Shutting down and abandoning module MeshPaint (235)
[2017.07.12-12.51.35:797][649]LogModuleManager: Shutting down and abandoning module LevelEditor (233)
[2017.07.12-12.51.35:803][649]LogModuleManager: Shutting down and abandoning module PixelInspectorModule (232)
[2017.07.12-12.51.35:816][649]LogModuleManager: Shutting down and abandoning module MainFrame (230)
[2017.07.12-12.51.35:816][649]LogModuleManager: Shutting down and abandoning module HotReload (229)
[2017.07.12-12.51.35:842][649]LogModuleManager: Shutting down and abandoning module ContentBrowser (225)
[2017.07.12-12.51.35:843][649]LogModuleManager: Shutting down and abandoning module PhysXVehiclesEditor (222)
[2017.07.12-12.51.35:861][649]LogModuleManager: Shutting down and abandoning module PhysXVehicles (220)
[2017.07.12-12.51.35:861][649]LogModuleManager: Shutting down and abandoning module LocationServicesBPLibrary (218)
[2017.07.12-12.51.35:861][649]LogModuleManager: Shutting down and abandoning module UdpMessaging (216)
[2017.07.12-12.51.35:961][649]LogModuleManager: Shutting down and abandoning module TcpMessaging (214)
[2017.07.12-12.51.36:064][649]LogModuleManager: Shutting down and abandoning module GameplayTagsEditor (212)
[2017.07.12-12.51.36:080][649]LogModuleManager: Shutting down and abandoning module FacialAnimationEditor (210)
[2017.07.12-12.51.36:090][649]LogModuleManager: Shutting down and abandoning module FacialAnimation (208)
[2017.07.12-12.51.36:090][649]LogModuleManager: Shutting down and abandoning module LightPropagationVolumeRuntime (206)
[2017.07.12-12.51.36:090][649]LogModuleManager: Shutting down and abandoning module Paper2D (204)
[2017.07.12-12.51.36:097][649]LogModuleManager: Shutting down and abandoning module WindowsMoviePlayer (202)
[2017.07.12-12.51.36:104][649]LogModuleManager: Shutting down and abandoning module WmfMedia (200)
[2017.07.12-12.51.36:110][649]LogModuleManager: Shutting down and abandoning module MfMedia (198)
[2017.07.12-12.51.36:110][649]LogModuleManager: Shutting down and abandoning module MediaAssets (196)
[2017.07.12-12.51.36:110][649]LogModuleManager: Shutting down and abandoning module GameLiveStreaming (194)
[2017.07.12-12.51.36:119][649]LogModuleManager: Shutting down and abandoning module VREditor (192)
[2017.07.12-12.51.36:119][649]LogModuleManager: Shutting down and abandoning module GameplayTasksEditor (190)
[2017.07.12-12.51.36:119][649]LogModuleManager: Shutting down and abandoning module BehaviorTreeEditor (188)
[2017.07.12-12.51.36:132][649]LogModuleManager: Shutting down and abandoning module FunctionalTesting (186)
[2017.07.12-12.51.36:132][649]LogModuleManager: Shutting down and abandoning module CollisionAnalyzer (184)
[2017.07.12-12.51.36:140][649]LogModuleManager: Shutting down and abandoning module UMG (182)
[2017.07.12-12.51.36:152][649]LogModuleManager: Shutting down and abandoning module UMGEditor (181)
[2017.07.12-12.51.36:152][649]LogModuleManager: Shutting down and abandoning module Sequencer (180)
[2017.07.12-12.51.36:152][649]LogModuleManager: Shutting down and abandoning module AssetTools (178)
[2017.07.12-12.51.36:168][649]LogModuleManager: Shutting down and abandoning module MessageLog (177)
[2017.07.12-12.51.36:168][649]LogModuleManager: Shutting down and abandoning module WorkspaceMenuStructure (176)
[2017.07.12-12.51.36:168][649]LogModuleManager: Shutting down and abandoning module SlateReflector (170)
[2017.07.12-12.51.36:192][649]LogModuleManager: Shutting down and abandoning module Slate (168)
[2017.07.12-12.51.36:192][649]LogModuleManager: Shutting down and abandoning module EditorStyle (166)
[2017.07.12-12.51.36:210][649]LogModuleManager: Shutting down and abandoning module SourceCodeAccess (164)
[2017.07.12-12.51.36:233][649]LogModuleManager: Shutting down and abandoning module HeadMountedDisplay (162)
[2017.07.12-12.51.36:233][649]LogModuleManager: Shutting down and abandoning module XAudio2 (160)
[2017.07.12-12.51.36:233][649]LogModuleManager: Shutting down and abandoning module Networking (158)
[2017.07.12-12.51.36:233][649]LogModuleManager: Shutting down and abandoning module Core (154)
[2017.07.12-12.51.36:233][649]LogModuleManager: Shutting down and abandoning module AssetRegistry (152)
[2017.07.12-12.51.36:470][649]LogDirectoryWatcher: A directory notification for '../../../Engine/Content/' was aborted.
[2017.07.12-12.51.36:470][649]LogDirectoryWatcher: A directory notification for '../../../../../TFG/CreativeKeepers/Content/' was aborted.
[2017.07.12-12.51.36:470][649]LogDirectoryWatcher: A directory notification for '../../../Engine/Plugins/2D/Paper2D/Content/' was aborted.
[2017.07.12-12.51.36:488][649]LogModuleManager: Shutting down and abandoning module DirectoryWatcher (151)
[2017.07.12-12.51.36:491][649]LogModuleManager: Shutting down and abandoning module KismetCompiler (148)
[2017.07.12-12.51.36:491][649]LogModuleManager: Shutting down and abandoning module PhysXFormats (146)
[2017.07.12-12.51.36:491][649]LogModuleManager: Shutting down and abandoning module MeshUtilities (144)
[2017.07.12-12.51.36:502][649]LogModuleManager: Shutting down and abandoning module SimplygonSwarm (143)
[2017.07.12-12.51.36:512][649]LogModuleManager: Shutting down and abandoning module SimplygonMeshReduction (141)
[2017.07.12-12.51.36:512][649]LogModuleManager: Shutting down and abandoning module QuadricMeshReduction (139)
[2017.07.12-12.51.36:521][649]LogModuleManager: Shutting down and abandoning module PropertyEditor (137)
[2017.07.12-12.51.36:528][649]LogModuleManager: Shutting down and abandoning module DerivedDataCache (134)
[2017.07.12-12.51.36:613][649]LogDerivedDataCache: Shutdown
[2017.07.12-12.51.36:613][649]LogModuleManager: Shutting down and abandoning module TargetPlatform (132)
[2017.07.12-12.51.36:613][649]LogModuleManager: Shutting down and abandoning module VulkanShaderFormat (131)
[2017.07.12-12.51.36:620][649]LogModuleManager: Shutting down and abandoning module ShaderFormatOpenGL (129)
[2017.07.12-12.51.36:626][649]LogModuleManager: Shutting down and abandoning module ShaderFormatD3D (127)
[2017.07.12-12.51.36:633][649]LogModuleManager: Shutting down and abandoning module MetalShaderFormat (125)
[2017.07.12-12.51.36:638][649]LogModuleManager: Shutting down and abandoning module TextureFormatUncompressed (123)
[2017.07.12-12.51.36:638][649]LogModuleManager: Shutting down and abandoning module TextureFormatPVR (121)
[2017.07.12-12.51.36:638][649]LogModuleManager: Shutting down and abandoning module TextureFormatDXT (119)
[2017.07.12-12.51.36:638][649]LogModuleManager: Shutting down and abandoning module TextureFormatIntelISPCTexComp (117)
[2017.07.12-12.51.36:649][649]LogModuleManager: Shutting down and abandoning module TextureFormatASTC (115)
[2017.07.12-12.51.36:649][649]LogModuleManager: Shutting down and abandoning module ImageWrapper (114)
[2017.07.12-12.51.36:649][649]LogModuleManager: Shutting down and abandoning module TextureFormatAndroid (111)
[2017.07.12-12.51.36:649][649]LogModuleManager: Shutting down and abandoning module AudioFormatOpus (109)
[2017.07.12-12.51.36:660][649]LogModuleManager: Shutting down and abandoning module AudioFormatOgg (107)
[2017.07.12-12.51.36:660][649]LogModuleManager: Shutting down and abandoning module AudioFormatADPCM (105)
[2017.07.12-12.51.36:660][649]LogModuleManager: Shutting down and abandoning module LinuxTargetPlatform (103)
[2017.07.12-12.51.36:660][649]LogModuleManager: Shutting down and abandoning module LinuxServerTargetPlatform (101)
[2017.07.12-12.51.36:660][649]LogModuleManager: Shutting down and abandoning module LinuxNoEditorTargetPlatform (99)
[2017.07.12-12.51.36:660][649]LogModuleManager: Shutting down and abandoning module LinuxClientTargetPlatform (97)
[2017.07.12-12.51.36:660][649]LogModuleManager: Shutting down and abandoning module TVOSTargetPlatform (95)
[2017.07.12-12.51.36:660][649]LogModuleManager: Shutting down and abandoning module Messaging (93)
[2017.07.12-12.51.36:660][649]LogModuleManager: Shutting down and abandoning module IOSTargetPlatform (91)
[2017.07.12-12.51.36:660][649]LogModuleManager: Shutting down and abandoning module HTML5TargetPlatform (89)
[2017.07.12-12.51.36:660][649]LogModuleManager: Shutting down and abandoning module Android_PVRTCTargetPlatform (87)
[2017.07.12-12.51.36:660][649]LogModuleManager: Shutting down and abandoning module Android_MultiTargetPlatform (85)
[2017.07.12-12.51.36:660][649]LogModuleManager: Shutting down and abandoning module Android_ETC2TargetPlatform (83)
[2017.07.12-12.51.36:660][649]LogModuleManager: Shutting down and abandoning module Android_ETC1TargetPlatform (81)
[2017.07.12-12.51.36:660][649]LogModuleManager: Shutting down and abandoning module Android_DXTTargetPlatform (79)
[2017.07.12-12.51.36:660][649]LogModuleManager: Shutting down and abandoning module Android_ATCTargetPlatform (77)
[2017.07.12-12.51.36:660][649]LogModuleManager: Shutting down and abandoning module Android_ASTCTargetPlatform (75)
[2017.07.12-12.51.36:660][649]LogModuleManager: Shutting down and abandoning module AndroidTargetPlatform (73)
[2017.07.12-12.51.36:660][649]LogModuleManager: Shutting down and abandoning module WindowsTargetPlatform (71)
[2017.07.12-12.51.36:661][649]LogModuleManager: Shutting down and abandoning module WindowsServerTargetPlatform (69)
[2017.07.12-12.51.36:661][649]LogModuleManager: Shutting down and abandoning module WindowsNoEditorTargetPlatform (67)
[2017.07.12-12.51.36:661][649]LogModuleManager: Shutting down and abandoning module WindowsClientTargetPlatform (65)
[2017.07.12-12.51.36:661][649]LogModuleManager: Shutting down and abandoning module MacTargetPlatform (63)
[2017.07.12-12.51.36:661][649]LogModuleManager: Shutting down and abandoning module MacServerTargetPlatform (61)
[2017.07.12-12.51.36:661][649]LogModuleManager: Shutting down and abandoning module MacNoEditorTargetPlatform (59)
[2017.07.12-12.51.36:661][649]LogModuleManager: Shutting down and abandoning module MacClientTargetPlatform (57)
[2017.07.12-12.51.36:661][649]LogModuleManager: Shutting down and abandoning module AllDesktopTargetPlatform (55)
[2017.07.12-12.51.36:661][649]LogModuleManager: Shutting down and abandoning module InputCore (52)
[2017.07.12-12.51.36:661][649]LogModuleManager: Shutting down and abandoning module Settings (50)
[2017.07.12-12.51.36:661][649]LogModuleManager: Shutting down and abandoning module OculusRift (48)
[2017.07.12-12.51.36:668][649]LogModuleManager: Shutting down and abandoning module GearVR (46)
[2017.07.12-12.51.36:668][649]LogModuleManager: Shutting down and abandoning module ExampleDeviceProfileSelector (44)
[2017.07.12-12.51.36:668][649]LogModuleManager: Shutting down and abandoning module OnlineBlueprintSupport (42)
[2017.07.12-12.51.36:668][649]LogModuleManager: Shutting down and abandoning module OnlineSubsystem (38)
[2017.07.12-12.51.36:668][649]LogOnline:Display: Unloading online subsystem: NULL
[2017.07.12-12.51.36:678][649]LogModuleManager: Shutting down and abandoning module XMPP (37)
[2017.07.12-12.51.36:687][649]LogModuleManager: Shutting down and abandoning module HTTP (35)
[2017.07.12-12.51.36:692][649]LogHttp:Display: Http module shutting down, but needs to wait on 2 outstanding Http requests:
[2017.07.12-12.51.36:692][649]LogHttp:Display: 	verb=[POST] url=[https://datarouter.ol.epicgames.com/datarouter/api/v1/public/data?SessionID=%7BA6A55A33-4A1F-6102-69F8-70888026FF56%7D&AppID=UEEditor.Rocket.Release&AppVersion=4.15.1-3348071%2B%2B%2BUE4%2BRelease-4.15&UserID=32a836f54a69625fd74255b8f28df338%7C1968c17eba254ed9b4bf8b1be1637d8f%7C3fa134da-b9a2-4079-8632-9954fbbaa8c2&AppEnvironment=datacollector-binary&UploadType=eteventstream] status=Processing
[2017.07.12-12.51.36:692][649]LogHttp:Display: 	verb=[POST] url=[https://datarouter.ol.epicgames.com/datarouter/api/v1/public/data?SessionID=%7BA6A55A33-4A1F-6102-69F8-70888026FF56%7D&AppID=UEEditor.Rocket.Release&AppVersion=4.15.1-3348071%2B%2B%2BUE4%2BRelease-4.15&UserID=32a836f54a69625fd74255b8f28df338%7C1968c17eba254ed9b4bf8b1be1637d8f%7C3fa134da-b9a2-4079-8632-9954fbbaa8c2&AppEnvironment=datacollector-binary&UploadType=eteventstream] status=Processing
[2017.07.12-12.51.36:703][649]LogModuleManager: Shutting down and abandoning module SSL (34)
[2017.07.12-12.51.36:710][649]LogModuleManager: Shutting down and abandoning module AudioEditor (30)
[2017.07.12-12.51.36:726][649]LogModuleManager: Shutting down and abandoning module TextureCompressor (28)
[2017.07.12-12.51.36:726][649]LogModuleManager: Shutting down and abandoning module ShaderCore (26)
[2017.07.12-12.51.36:726][649]LogModuleManager: Shutting down and abandoning module Landscape (24)
[2017.07.12-12.51.36:726][649]LogModuleManager: Shutting down and abandoning module SlateRHIRenderer (22)
[2017.07.12-12.51.36:751][649]LogModuleManager: Shutting down and abandoning module OpenGLDrv (20)
[2017.07.12-12.51.36:761][649]LogModuleManager: Shutting down and abandoning module D3D11RHI (18)
[2017.07.12-12.51.36:761][649]LogModuleManager: Shutting down and abandoning module AnimGraphRuntime (16)
[2017.07.12-12.51.36:767][649]LogModuleManager: Shutting down and abandoning module Renderer (14)
[2017.07.12-12.51.36:767][649]LogModuleManager: Shutting down and abandoning module Engine (12)
[2017.07.12-12.51.36:767][649]LogModuleManager: Shutting down and abandoning module CoreUObject (10)
[2017.07.12-12.51.36:767][649]LogModuleManager: Shutting down and abandoning module NetworkFile (8)
[2017.07.12-12.51.36:774][649]LogModuleManager: Shutting down and abandoning module StreamingFile (6)
[2017.07.12-12.51.36:784][649]LogModuleManager: Shutting down and abandoning module SandboxFile (4)
[2017.07.12-12.51.36:784][649]LogModuleManager: Shutting down and abandoning module PakFile (2)
[2017.07.12-12.51.36:796][649]LogExit: Exiting.
[2017.07.12-12.51.36:800][649]Log file closed, 07/12/17 14:51:36
