Log file open, 05/10/17 10:46:11
LogInit:Display: Running engine for game: CreativeKeepers
LogPlatformFile: Not using cached read wrapper
LogInit:Display: RandInit(1577949105) SRandInit(1577949105).
LogTaskGraph: Started task graph with 5 named threads and 6 total threads with 1 sets of task threads.
LogStats: Stats thread started at 6.560067
LogInit: Using libcurl 7.47.1
LogInit:  - built for x86_64-pc-win32
LogInit:  - supports SSL with OpenSSL/1.0.2g
LogInit:  - supports HTTP deflate (compression) using libz 1.2.8
LogInit:  - other features:
LogInit:      CURL_VERSION_SSL
LogInit:      CURL_VERSION_LIBZ
LogInit:      CURL_VERSION_IPV6
LogInit:      CURL_VERSION_ASYNCHDNS
LogInit:      CURL_VERSION_LARGEFILE
LogInit:      CURL_VERSION_IDN
LogInit:  CurlRequestOptions (configurable via config and command line):
LogInit:  - bVerifyPeer = false  - Libcurl will NOT verify peer certificate
LogInit:  - bUseHttpProxy = false  - Libcurl will NOT use HTTP proxy
LogInit:  - bDontReuseConnections = false  - Libcurl will reuse connections
LogInit:  - CertBundlePath = nullptr  - Libcurl will use whatever was configured at build time.
LogInit: Build: ++UE4+Release-4.15-CL-3348071
LogInit: Engine Version: 4.15.1-3348071+++UE4+Release-4.15
LogInit: Compatible Engine Version: 4.15.0-3299760+++UE4+Release-4.15
LogInit: Net CL: 3299760
LogDevObjectVersion: Number of dev versions registered: 14
LogDevObjectVersion:   Dev-Blueprints (B0D832E4-1F89-4F0D-ACCF-7EB736FD4AA2): 8
LogDevObjectVersion:   Dev-Build (E1C64328-A22C-4D53-A36C-8E866417BD8C): 0
LogDevObjectVersion:   Dev-Core (375EC13C-06E4-48FB-B500-84F0262A717E): 2
LogDevObjectVersion:   Dev-Editor (E4B068ED-F494-42E9-A231-DA0B2E46BB41): 14
LogDevObjectVersion:   Dev-Framework (CFFC743F-43B0-4480-9391-14DF171D2073): 22
LogDevObjectVersion:   Dev-Mobile (B02B49B5-BB20-44E9-A304-32B752E40360): 0
LogDevObjectVersion:   Dev-Networking (A4E4105C-59A1-49B5-A7C5-40C4547EDFEE): 0
LogDevObjectVersion:   Dev-Online (39C831C9-5AE6-47DC-9A44-9C173E1C8E7C): 0
LogDevObjectVersion:   Dev-Physics (78F01B33-EBEA-4F98-B9B4-84EACCB95AA2): 0
LogDevObjectVersion:   Dev-Platform (6631380F-2D4D-43E0-8009-CF276956A95A): 0
LogDevObjectVersion:   Dev-Rendering (12F88B9F-8875-4AFC-A67C-D90C383ABD29): 12
LogDevObjectVersion:   Dev-Sequencer (7B5AE74C-D270-4C10-A958-57980B212A5A): 3
LogDevObjectVersion:   Dev-VR (D7296918-1DD6-4BDD-9DE2-64A83CC13884): 0
LogDevObjectVersion:   Dev-LoadTimes (C2A15278-BFE7-4AFE-6C17-90FF531DF755): 1
LogInit: Compiled (64-bit): Mar 15 2017 16:52:47
LogInit: Compiled with Visual C++: 19.00.23026.00
LogInit: Build Configuration: Development
LogInit: Branch Name: ++UE4+Release-4.15
LogInit: Command line:  
LogInit: Base directory: D:/Programas/UE_4.15/Engine/Binaries/Win64/
LogInit: Installed Engine Build: 1
LogInit: Presizing for max 8388607 objects, including 0 objects not considered by GC, pre-allocating 0 bytes for permanent pool.
LogInit: Object subsystem initialized
[2017.05.10-08.46.13:109][  0]LogInit: Selected Device Profile: [Windows]
[2017.05.10-08.46.13:109][  0]LogInit: Applying CVar settings loaded from the selected device profile: [Windows]
[2017.05.10-08.46.13:216][  0]LogInit: Computer: DESKTOP-QMJBIV2
[2017.05.10-08.46.13:216][  0]LogInit: User: Grego
[2017.05.10-08.46.13:216][  0]LogInit: CPU Page size=65536, Cores=2
[2017.05.10-08.46.13:216][  0]LogInit: High frequency timer resolution =3.609378 MHz
[2017.05.10-08.46.13:216][  0]LogMemory: Memory total: Physical=8.0GB (8GB approx)
[2017.05.10-08.46.13:216][  0]LogMemory: Platform Memory Stats for Windows
[2017.05.10-08.46.13:216][  0]LogMemory: Process Physical Memory: 262.48 MB used, 262.48 MB peak
[2017.05.10-08.46.13:216][  0]LogMemory: Process Virtual Memory: 262.17 MB used, 262.17 MB peak
[2017.05.10-08.46.13:216][  0]LogMemory: Physical Memory: 4226.57 MB used,  3928.50 MB free, 8155.07 MB total
[2017.05.10-08.46.13:216][  0]LogMemory: Virtual Memory: 643.10 MB used,  3928.50 MB free, 134217728.00 MB total
[2017.05.10-08.46.14:310][  0]LogInit: Overriding culture en with editor configuration.
[2017.05.10-08.46.16:768][  0]LogD3D11RHI: D3D11 adapters:
[2017.05.10-08.46.17:397][  0]LogD3D11RHI:    0. 'NVIDIA GeForce GTX 1060 6GB' (Feature Level 11_0)
[2017.05.10-08.46.17:397][  0]LogD3D11RHI:       6084/0/4077 MB DedicatedVideo/DedicatedSystem/SharedSystem, Outputs:1, VendorId:0x10de
[2017.05.10-08.46.17:399][  0]LogD3D11RHI:    1. 'Microsoft Basic Render Driver' (Feature Level 11_0)
[2017.05.10-08.46.17:399][  0]LogD3D11RHI:       0/0/4077 MB DedicatedVideo/DedicatedSystem/SharedSystem, Outputs:0, VendorId:0x1414
[2017.05.10-08.46.17:399][  0]LogD3D11RHI: Chosen D3D11 Adapter: 0
[2017.05.10-08.46.17:404][  0]LogD3D11RHI: Creating new Direct3DDevice
[2017.05.10-08.46.17:404][  0]LogD3D11RHI:     GPU DeviceId: 0x1c03 (for the marketing name, search the web for "GPU Device Id")
[2017.05.10-08.46.17:404][  0]LogWindows: EnumDisplayDevices:
[2017.05.10-08.46.17:404][  0]LogWindows:    0. 'NVIDIA GeForce GTX 1060 6GB' (P:1 D:1)
[2017.05.10-08.46.17:405][  0]LogWindows:    1. 'NVIDIA GeForce GTX 1060 6GB' (P:0 D:0)
[2017.05.10-08.46.17:405][  0]LogWindows:    2. 'NVIDIA GeForce GTX 1060 6GB' (P:0 D:0)
[2017.05.10-08.46.17:405][  0]LogWindows:    3. 'NVIDIA GeForce GTX 1060 6GB' (P:0 D:0)
[2017.05.10-08.46.17:405][  0]LogWindows: DebugString: FoundDriverCount:4 
[2017.05.10-08.46.17:405][  0]LogD3D11RHI:     Adapter Name: NVIDIA GeForce GTX 1060 6GB
[2017.05.10-08.46.17:406][  0]LogD3D11RHI:   Driver Version: 382.05 (internal:22.21.13.8205, unified:382.05)
[2017.05.10-08.46.17:406][  0]LogD3D11RHI:      Driver Date: 5-1-2017
[2017.05.10-08.46.17:406][  0]LogRHI: Texture pool is 1361 MB (70% of 1945 MB)
[2017.05.10-08.46.17:996][  0]LogD3D11RHI: Async texture creation enabled
[2017.05.10-08.46.18:414][  0]LogD3D11RHI: GPU Timing Frequency: 1000.000000 (Debug: 2 1)
[2017.05.10-08.46.18:559][  0]LogShaderCompilers: Guid format shader working directory is 12 characters bigger than the processId version (../../../../../TFG/CreativeKeepers/Intermediate/Shaders/WorkingDirectory/2116/).
[2017.05.10-08.46.18:559][  0]LogShaderCompilers: Cleaned the shader compiler working directory 'C:/Users/Grego/AppData/Local/Temp/UnrealShaderWorkingDir/21420CA54007319D35C16C85286944B2/'.
[2017.05.10-08.46.18:560][  0]LogShaderCompilers:Display: Using Local Shader Compiler.
[2017.05.10-08.46.23:084][  0]LogTemp:Display: Loaded TP AllDesktopTargetPlatform
[2017.05.10-08.46.23:124][  0]LogTemp:Display: Loaded TP MacClientTargetPlatform
[2017.05.10-08.46.23:164][  0]LogTemp:Display: Loaded TP MacNoEditorTargetPlatform
[2017.05.10-08.46.23:204][  0]LogTemp:Display: Loaded TP MacServerTargetPlatform
[2017.05.10-08.46.23:260][  0]LogTemp:Display: Loaded TP MacTargetPlatform
[2017.05.10-08.46.23:299][  0]LogTemp:Display: Loaded TP WindowsClientTargetPlatform
[2017.05.10-08.46.23:340][  0]LogTemp:Display: Loaded TP WindowsNoEditorTargetPlatform
[2017.05.10-08.46.23:380][  0]LogTemp:Display: Loaded TP WindowsServerTargetPlatform
[2017.05.10-08.46.23:412][  0]LogTemp:Display: Loaded TP WindowsTargetPlatform
[2017.05.10-08.46.23:452][  0]LogTemp:Display: Loaded TP AndroidTargetPlatform
[2017.05.10-08.46.23:505][  0]LogTemp:Display: Loaded TP Android_ASTCTargetPlatform
[2017.05.10-08.46.23:544][  0]LogTemp:Display: Loaded TP Android_ATCTargetPlatform
[2017.05.10-08.46.23:582][  0]LogTemp:Display: Loaded TP Android_DXTTargetPlatform
[2017.05.10-08.46.23:621][  0]LogTemp:Display: Loaded TP Android_ETC1TargetPlatform
[2017.05.10-08.46.23:660][  0]LogTemp:Display: Loaded TP Android_ETC2TargetPlatform
[2017.05.10-08.46.23:758][  0]LogTemp:Display: Loaded TP Android_MultiTargetPlatform
[2017.05.10-08.46.23:758][  0]LogTemp:Display: Loaded TP Android_PVRTCTargetPlatform
[2017.05.10-08.46.23:790][  0]LogTemp:Display: Loaded TP HTML5TargetPlatform
[2017.05.10-08.46.24:042][  0]LogTemp:Display: Loaded TP IOSTargetPlatform
[2017.05.10-08.46.24:074][  0]LogTemp:Display: Loaded TP TVOSTargetPlatform
[2017.05.10-08.46.24:119][  0]LogTemp:Display: Loaded TP LinuxClientTargetPlatform
[2017.05.10-08.46.24:163][  0]LogTemp:Display: Loaded TP LinuxNoEditorTargetPlatform
[2017.05.10-08.46.24:209][  0]LogTemp:Display: Loaded TP LinuxServerTargetPlatform
[2017.05.10-08.46.24:261][  0]LogTemp:Display: Loaded TP LinuxTargetPlatform
[2017.05.10-08.46.24:261][  0]LogTargetPlatformManager:Display: Building Assets For Windows
[2017.05.10-08.46.25:785][  0]LogDerivedDataCache:Display: Max Cache Size: 512 MB
[2017.05.10-08.46.26:088][  0]LogDerivedDataCache: Loaded boot cache 0.30s 50MB C:/Users/Grego/AppData/Local/UnrealEngine/4.15/DerivedDataCache/Boot.ddc.
[2017.05.10-08.46.26:088][  0]LogDerivedDataCache:Display: Loaded Boot cache: C:/Users/Grego/AppData/Local/UnrealEngine/4.15/DerivedDataCache/Boot.ddc
[2017.05.10-08.46.26:089][  0]LogDerivedDataCache: FDerivedDataBackendGraph:  Pak pak cache file ../../../../../TFG/CreativeKeepers/DerivedDataCache/DDC.ddp not found, will not use a pak cache.
[2017.05.10-08.46.26:089][  0]LogDerivedDataCache: Unable to find inner node Pak for hierarchical cache Hierarchy.
[2017.05.10-08.46.26:089][  0]LogDerivedDataCache: FDerivedDataBackendGraph:  CompressedPak pak cache file ../../../../../TFG/CreativeKeepers/DerivedDataCache/Compressed.ddp not found, will not use a pak cache.
[2017.05.10-08.46.26:089][  0]LogDerivedDataCache: Unable to find inner node CompressedPak for hierarchical cache Hierarchy.
[2017.05.10-08.46.26:190][  0]LogDerivedDataCache:Display: Pak cache opened for reading ../../../Engine/DerivedDataCache/Compressed.ddp.
[2017.05.10-08.46.26:202][  0]LogDerivedDataCache: Using Local data cache path C:/Users/Grego/AppData/Local/UnrealEngine/Common/DerivedDataCache: Writable
[2017.05.10-08.46.26:869][  0]LogSlate: Using Freetype 2.6.0
[2017.05.10-08.46.27:614][  0]LogSlate: SlateFontCache - WITH_FREETYPE: 1, WITH_HARFBUZZ: 1
[2017.05.10-08.46.27:614][  0]LogSlate: SlateFontCache - WITH_FREETYPE: 1, WITH_HARFBUZZ: 1
[2017.05.10-08.46.45:978][  0]LogInit: Selected Device Profile: [Windows]
[2017.05.10-08.46.46:038][  0]LogContentStreaming: Texture pool size is 0.00 MB
[2017.05.10-08.46.47:021][  0]LogMeshUtilities: Using QuadricMeshReduction for automatic static mesh reduction
[2017.05.10-08.46.47:055][  0]LogSimplygon: Simplygon DLL not present - disabling.
[2017.05.10-08.46.47:102][  0]LogMeshUtilities: Using SimplygonSwarm for distributed automatic mesh merging
[2017.05.10-08.46.47:102][  0]LogMeshUtilities: No automatic skeletal mesh reduction module available
[2017.05.10-08.46.47:102][  0]LogMeshUtilities: No automatic mesh merging module available
[2017.05.10-08.46.54:244][  0]LogNetVersion: GetLocalNetworkVersion: CL: 3299760, ProjectName: creativekeepers, ProjectVersion: , EngineNetworkVersion: 2, GameNetworkVersion: 0, NetworkChecksum: 1593119604
[2017.05.10-08.46.54:457][  0]LogAssetRegistry: FAssetRegistry took 0.0319 seconds to start up
[2017.05.10-08.46.54:642][  0]LogPackageLocalizationCache: Processed 3 localized package path(s) for 1 prioritized culture(s) in 0.151594 seconds
[2017.05.10-08.46.54:678][  0]LogUObjectArray: 32493 objects as part of root set at end of initial load.
[2017.05.10-08.46.54:678][  0]LogUObjectAllocator: 7077024 out of 0 bytes used by permanent object pool.
[2017.05.10-08.46.54:678][  0]LogUObjectArray: CloseDisregardForGC: 0/0 objects in disregard for GC pool
[2017.05.10-08.46.54:715][  0]LogInit: WinSock: version 1.1 (2.2), MaxSocks=32767, MaxUdp=65467
[2017.05.10-08.47.19:079][  0]LogTcpMessaging: Initializing TcpMessaging bridge
[2017.05.10-08.47.19:120][  0]LogUdpMessaging: Initializing bridge on interface 0.0.0.0:0 to multicast group 230.0.0.1:6666.
[2017.05.10-08.47.20:624][  0]LogMaterial: Uniform references updated for custom material expression Custom.
[2017.05.10-08.47.21:337][  0]SourceControl: Info Source control is disabled
[2017.05.10-08.47.21:362][  0]SourceControl: Info Source control is disabled
[2017.05.10-08.47.21:505][  0]SourceControl: Info Source control is disabled
[2017.05.10-08.47.21:569][  0]SourceControl: Info Source control is disabled
[2017.05.10-08.47.24:033][  0]LogEngine: Initializing Engine...
[2017.05.10-08.47.24:034][  0]LogHMD: Failed to initialize OpenVR with code 110
[2017.05.10-08.47.25:893][  0]LogAIModule: Creating AISystem for world Untitled
[2017.05.10-08.47.26:034][  0]LogInit: XAudio2 using 'Altavoces (Realtek High Definition Audio)' : 2 channels at 48 kHz using 32 bits per sample (channel mask 0x3)
[2017.05.10-08.47.26:046][  0]LogInit: FAudioDevice initialized.
[2017.05.10-08.47.26:065][  0]LogDerivedDataCache: Saved boot cache 0.02s 50MB C:/Users/Grego/AppData/Local/UnrealEngine/4.15/DerivedDataCache/Boot.ddc.
[2017.05.10-08.47.26:067][  0]LogInit: Texture streaming: Enabled
[2017.05.10-08.47.26:169][  0]LogEngineSessionManager: EngineSessionManager initialized
[2017.05.10-08.47.26:474][  0]LogInit: Transaction tracking system initialized
[2017.05.10-08.47.27:138][  0]BlueprintLog: New page: Editor Load
[2017.05.10-08.47.28:907][  0]LocalizationService: Info Localization service is disabled
[2017.05.10-08.47.29:993][  0]LogConsoleResponse:Display: 
[2017.05.10-08.47.34:776][  0]LogFileCache: Scanning file cache for directory 'D:/TFG/CreativeKeepers/Content/' took 0.01s
[2017.05.10-08.47.34:776][  0]LogCook:Display: Max memory allowance for cook 16384mb min free memory 0mb
[2017.05.10-08.47.34:776][  0]LogCook:Display: Mobile HDR setting 1
[2017.05.10-08.47.37:446][  0]SourceControl: Info Source control is disabled
[2017.05.10-08.47.37:532][  0]Cmd: MAP LOAD FILE="../../../../../TFG/CreativeKeepers/Content/test.umap" TEMPLATE=0 SHOWPROGRESS=1 FEATURELEVEL=3
[2017.05.10-08.47.37:587][  0]LightingResults: New page: Lighting Build
[2017.05.10-08.47.37:857][  0]MapCheck: New page: Map Check
[2017.05.10-08.47.37:857][  0]LightingResults: New page: Lighting Build
[2017.05.10-08.47.38:858][  0]LogBlueprint:Error: [Compiler pawn-enemy] Error The current value of the ' T ' pin is invalid: 'T' must have an input wired into it ("by ref" params expect a valid input to operate on).
[2017.05.10-08.47.38:862][  0]LogBlueprint:Warning: [Compiler pawn-enemy] Warning [0110.90] Compile of pawn-enemy failed. 1 Fatal Issue(s) 0 Warning(s) [in 8 ms] (/Game/Enemies/pawn-enemy.pawn-enemy)
[2017.05.10-08.47.38:862][  0]LogBlueprint:Warning: [Compiler pawn-enemy] Warning [0110.90] Compile of pawn-enemy failed. 1 Fatal Issue(s) 1 Warning(s) [in 0 ms] (/Game/Enemies/pawn-enemy.pawn-enemy)
[2017.05.10-08.47.38:862][  0]LogBlueprint:Warning: [Compiler pawn-enemy] Warning [0110.90] Compile of pawn-enemy failed. 1 Fatal Issue(s) 2 Warning(s) [in 0 ms] (/Game/Enemies/pawn-enemy.pawn-enemy)
[2017.05.10-08.47.38:948][  0]LogBlueprint:Error: [Compiler pawn-enemy] Error The current value of the ' T ' pin is invalid: 'T' must have an input wired into it ("by ref" params expect a valid input to operate on).
[2017.05.10-08.47.38:953][  0]LogBlueprint:Warning: [Compiler pawn-enemy] Warning [0110.99] Compile of pawn-enemy failed. 1 Fatal Issue(s) 0 Warning(s) [in 9 ms] (/Game/Enemies/pawn-enemy.pawn-enemy)
[2017.05.10-08.47.38:953][  0]LogBlueprint:Warning: [Compiler pawn-enemy] Warning [0110.99] Compile of pawn-enemy failed. 1 Fatal Issue(s) 1 Warning(s) [in 0 ms] (/Game/Enemies/pawn-enemy.pawn-enemy)
[2017.05.10-08.47.38:954][  0]LogBlueprint:Warning: [Compiler pawn-enemy] Warning [0110.99] Compile of pawn-enemy failed. 1 Fatal Issue(s) 2 Warning(s) [in 0 ms] (/Game/Enemies/pawn-enemy.pawn-enemy)
[2017.05.10-08.47.39:349][  0]LogAIModule: Creating AISystem for world test
[2017.05.10-08.47.39:633][  0]LogEditorServer: Finished looking for orphan Actors (0.000 secs)
[2017.05.10-08.47.39:701][  0]Cmd: MAP CHECKDEP NOCLEARLOG
[2017.05.10-08.47.39:739][  0]MapCheck: Info Map check complete: 0 Error(s), 0 Warning(s), took 38.006ms to complete.
[2017.05.10-08.47.39:739][  0]LogFileHelpers: Loading map 'test' took 2.228
[2017.05.10-08.47.41:935][  0]LogCollectionManager: Loaded 0 collections in 0.000758 seconds
[2017.05.10-08.47.42:163][  0]LogFileCache: Scanning file cache for directory 'D:/TFG/CreativeKeepers/Saved/Collections/' took 0.01s
[2017.05.10-08.47.42:163][  0]LogFileCache: Scanning file cache for directory 'D:/TFG/CreativeKeepers/Content/Developers/Grego/Collections/' took 0.01s
[2017.05.10-08.47.42:163][  0]LogFileCache: Scanning file cache for directory 'D:/TFG/CreativeKeepers/Content/Collections/' took 0.01s
[2017.05.10-08.47.42:163][  0]LogCollectionManager: Rebuilt the GUID cache for 0 collections in 0.000002 seconds
[2017.05.10-08.47.42:212][  0]LogContentBrowser: Native class hierarchy populated in 0.0083 seconds. Added 2245 classes and 453 folders.
[2017.05.10-08.47.42:272][  0]LogStats: UGameplayTagsManager::ConstructGameplayTagTree: Construct from data asset -  0.000 s
[2017.05.10-08.47.42:288][  0]LogStats: UGameplayTagsManager::ConstructGameplayTagTree: GameplayTagTreeChangedEvent.Broadcast -  0.000 s
[2017.05.10-08.47.42:337][  0]LogContentBrowser: Native class hierarchy updated for 'WidgetCarousel' in 0.0004 seconds. Added 0 classes and 0 folders.
[2017.05.10-08.47.43:878][  0]LogContentBrowser: Native class hierarchy updated for 'AddContentDialog' in 0.0004 seconds. Added 0 classes and 0 folders.
[2017.05.10-08.47.43:995][  0]LogContentBrowser: Native class hierarchy updated for 'SceneOutliner' in 0.0004 seconds. Added 1 classes and 2 folders.
[2017.05.10-08.47.45:426][  0]LogCrashTracker: Crashtracker disabled due to settings.
[2017.05.10-08.47.45:636][  0]LogUObjectGlobals:Warning: Failed to find object 'Class None.'
[2017.05.10-08.47.45:864][  0]LogContentBrowser: Native class hierarchy updated for 'HierarchicalLODOutliner' in 0.0004 seconds. Added 1 classes and 2 folders.
[2017.05.10-08.47.45:864][  0]LogLoad: (Engine Initialization) Total time: 117.90 seconds
[2017.05.10-08.47.45:864][  0]LogLoad: (Engine Initialization) Total Blueprint compile time: 1.18 seconds
[2017.05.10-08.47.45:864][  0]LogExternalProfiler: No external profilers were discovered.  External profiling features will not be available.
[2017.05.10-08.47.46:239][  0]LogOcInput: OculusInput pre-init called
[2017.05.10-08.47.46:570][  0]LogContentStreaming: Texture pool size now 1000 MB
[2017.05.10-08.47.46:722][  0]LogSlate: Took 0.015229 seconds to synchronously load lazily loaded font '../../../Engine/Content/Slate/Fonts/Roboto-Regular.ttf' (155K)
[2017.05.10-08.47.46:745][  0]LogSlate: Took 0.019342 seconds to synchronously load lazily loaded font '../../../Engine/Content/Slate/Fonts/Roboto-Bold.ttf' (160K)
[2017.05.10-08.47.46:785][  0]LogSlate: Took 0.024214 seconds to synchronously load lazily loaded font '../../../Engine/Content/Editor/Slate/Fonts/FontAwesome.ttf' (139K)
[2017.05.10-08.47.47:211][  0]LogSlate: Took 0.005002 seconds to synchronously load lazily loaded font '../../../Engine/Content/Slate/Fonts/Roboto-Light.ttf' (159K)
[2017.05.10-08.47.47:723][  0]LogRenderer: Reallocating scene render targets to support 1208x576 NumSamples 1 (Frame:2).
[2017.05.10-08.47.48:303][  2]LogAssetRegistry: Asset discovery search completed in 53.8685 seconds
[2017.05.10-08.47.48:324][  2]LogCollectionManager: Rebuilt the object cache for 0 collections in 0.019385 seconds (found 0 objects)
[2017.05.10-08.47.48:324][  2]LogCollectionManager: Fixed up redirectors for 0 collections in 0.020772 seconds (updated 0 objects)
[2017.05.10-08.47.52:788][509]LogTemp: Repeting last play command: Selected Viewport
[2017.05.10-08.47.52:813][509]LogBlueprintUserMessages: Early PlayInEditor Detection: Level '/Game/test.test:PersistentLevel' has LevelScriptBlueprint '/Game/test.test:PersistentLevel.test' with GeneratedClass '/Game/test.test_C' with ClassGeneratedBy '/Game/test.test:PersistentLevel.test'
[2017.05.10-08.47.52:813][509]LogPlayLevel: PlayLevel: No blueprints needed recompiling
[2017.05.10-08.48.00:879][733]LogSlate: Took 0.012765 seconds to synchronously load lazily loaded font '../../../Engine/Content/Slate/Fonts/Roboto-Light.ttf' (159K)
[2017.05.10-08.48.01:507][733]LogSlate: Took 0.001512 seconds to synchronously load lazily loaded font '../../../Engine/Content/Slate/Fonts/Roboto-Regular.ttf' (155K)
[2017.05.10-08.48.01:993][733]LogContentBrowser: Native class hierarchy updated for 'BlueprintGraph' in 0.0007 seconds. Added 112 classes and 0 folders.
[2017.05.10-08.48.03:762][733]LogSlate: Took 0.018753 seconds to synchronously load lazily loaded font '../../../Engine/Content/Editor/Slate/Fonts/Roboto-BoldCondensed.ttf' (158K)
[2017.05.10-08.48.04:232][734]LogSlate: Took 0.024989 seconds to synchronously load lazily loaded font '../../../Engine/Content/Editor/Slate/Fonts/Roboto-Italic.ttf' (157K)
[2017.05.10-08.49.46:375][727]BlueprintLog: New page: Compile pawn-enemy
[2017.05.10-08.49.47:127][728]Cmd: OBJ SAVEPACKAGE PACKAGE="/Game/Enemies/pawn-enemy" FILE="../../../../../TFG/CreativeKeepers/Content/Enemies/pawn-enemy.uasset" SILENT=true
[2017.05.10-08.49.47:438][728]LogSavePackage: Save=145.75ms
[2017.05.10-08.49.47:438][728]LogSavePackage: Moving '../../../../../TFG/CreativeKeepers/Saved/pawn-enemy0C1F19E0451EB1367243BABFAE56E078.tmp' to '../../../../../TFG/CreativeKeepers/Content/Enemies/pawn-enemy.uasset'
[2017.05.10-08.49.47:477][728]LogSavePackage:Display: Finished SavePackage ../../../../../TFG/CreativeKeepers/Content/Enemies/pawn-enemy.uasset
[2017.05.10-08.49.51:231][172]LogTemp: Repeting last play command: Selected Viewport
[2017.05.10-08.49.51:242][172]LogBlueprintUserMessages: Early PlayInEditor Detection: Level '/Game/test.test:PersistentLevel' has LevelScriptBlueprint '/Game/test.test:PersistentLevel.test' with GeneratedClass '/Game/test.test_C' with ClassGeneratedBy '/Game/test.test:PersistentLevel.test'
[2017.05.10-08.49.51:242][172]LogPlayLevel: PlayLevel: No blueprints needed recompiling
[2017.05.10-08.49.51:298][172]PIE: New page: PIE session: test (May 10, 2017, 12:49:51 PM)
[2017.05.10-08.49.51:298][172]LogLinker:Warning: Can't find file '/Game/misc-gameInstance'
[2017.05.10-08.49.51:298][172]LogLinker:Warning: Can't find file '/Game/misc-gameInstance'
[2017.05.10-08.49.51:298][172]LogUObjectGlobals:Warning: Failed to find object 'Class /Game/misc-gameInstance.misc-gameInstance_C'
[2017.05.10-08.49.51:311][172]LogPlayLevel: Creating play world package: /Game/UEDPIE_0_test
[2017.05.10-08.49.51:355][172]LogPlayLevel: PIE: StaticDuplicateObject took: (0.044121s)
[2017.05.10-08.49.51:355][172]LogAIModule: Creating AISystem for world test
[2017.05.10-08.49.51:355][172]LogPlayLevel: PIE: World Init took: (0.000501s)
[2017.05.10-08.49.51:355][172]LogPlayLevel: PIE: Created PIE world by copying editor world from /Game/test.test to /Game/UEDPIE_0_test.test (0.056980s)
[2017.05.10-08.49.51:395][172]LogInit: XAudio2 using 'Altavoces (Realtek High Definition Audio)' : 2 channels at 48 kHz using 32 bits per sample (channel mask 0x3)
[2017.05.10-08.49.51:403][172]LogInit: FAudioDevice initialized.
[2017.05.10-08.49.51:559][172]LogLoad: Game class is 'misc-gameMode_C'
[2017.05.10-08.49.51:681][172]LogWorld: Bringing World /Game/UEDPIE_0_test.test up for play (max tick rate 0) at 2017.05.10-10.49.51
[2017.05.10-08.49.51:761][172]LogWorld: Bringing up level for play took: 0.080980
[2017.05.10-08.49.51:901][172]LogContentBrowser: Native class hierarchy updated for 'MovieSceneCapture' in 0.0004 seconds. Added 11 classes and 0 folders.
[2017.05.10-08.49.51:986][172]LogBlueprintUserMessages:Warning: SetTimer passed a bad function (CloserangeATK) or object (pawn-enemy1_318)
[2017.05.10-08.49.52:005][172]PIE: Info Play in editor start time for /Game/UEDPIE_0_test 0.845
[2017.05.10-08.49.52:015][172]LogBlueprintUserMessages: Late PlayInEditor Detection: Level '/Game/test.test:PersistentLevel' has LevelScriptBlueprint '/Game/test.test:PersistentLevel.test' with GeneratedClass '/Game/test.test_C' with ClassGeneratedBy '/Game/test.test:PersistentLevel.test'
[2017.05.10-08.49.52:029][172]LogRenderer: Reallocating scene render targets to support 1292x756 NumSamples 1 (Frame:721).
[2017.05.10-08.50.12:623][602]LogBlueprintUserMessages: Early EndPlayMap Detection: Level '/Game/test.test:PersistentLevel' has LevelScriptBlueprint '/Game/test.test:PersistentLevel.test' with GeneratedClass '/Game/test.test_C' with ClassGeneratedBy '/Game/test.test:PersistentLevel.test'
[2017.05.10-08.50.12:753][602]LogBlueprintUserMessages: Late EndPlayMap Detection: Level '/Game/test.test:PersistentLevel' has LevelScriptBlueprint '/Game/test.test:PersistentLevel.test' with GeneratedClass '/Game/test.test_C' with ClassGeneratedBy '/Game/test.test:PersistentLevel.test'
[2017.05.10-08.51.32:200][301]LogEditorViewport: Clicking Background
[2017.05.10-08.51.34:256][546]LogTemp: Repeting last play command: Selected Viewport
[2017.05.10-08.51.34:266][546]LogBlueprintUserMessages: Early PlayInEditor Detection: Level '/Game/test.test:PersistentLevel' has LevelScriptBlueprint '/Game/test.test:PersistentLevel.test' with GeneratedClass '/Game/test.test_C' with ClassGeneratedBy '/Game/test.test:PersistentLevel.test'
[2017.05.10-08.51.34:266][546]LogPlayLevel: PlayLevel: No blueprints needed recompiling
[2017.05.10-08.51.34:266][546]PIE: New page: PIE session: test (May 10, 2017, 12:51:34 PM)
[2017.05.10-08.51.34:267][546]LogPlayLevel: Creating play world package: /Game/UEDPIE_0_test
[2017.05.10-08.51.34:268][546]LogPlayLevel: PIE: StaticDuplicateObject took: (0.000953s)
[2017.05.10-08.51.34:268][546]LogAIModule: Creating AISystem for world test
[2017.05.10-08.51.34:269][546]LogPlayLevel: PIE: World Init took: (0.000499s)
[2017.05.10-08.51.34:269][546]LogPlayLevel: PIE: Created PIE world by copying editor world from /Game/test.test to /Game/UEDPIE_0_test.test (0.001614s)
[2017.05.10-08.51.34:369][546]LogInit: XAudio2 using 'Altavoces (Realtek High Definition Audio)' : 2 channels at 48 kHz using 32 bits per sample (channel mask 0x3)
[2017.05.10-08.51.34:377][546]LogInit: FAudioDevice initialized.
[2017.05.10-08.51.34:626][546]LogLoad: Game class is 'misc-gameMode_C'
[2017.05.10-08.51.34:627][546]LogWorld: Bringing World /Game/UEDPIE_0_test.test up for play (max tick rate 0) at 2017.05.10-10.51.34
[2017.05.10-08.51.34:627][546]LogWorld: Bringing up level for play took: 0.000847
[2017.05.10-08.51.34:728][546]LogBlueprintUserMessages:Warning: SetTimer passed a bad function (CloserangeATK) or object (pawn-enemy1_318)
[2017.05.10-08.51.34:728][546]PIE: Info Play in editor start time for /Game/UEDPIE_0_test -0.432
[2017.05.10-08.51.34:729][546]LogBlueprintUserMessages: Late PlayInEditor Detection: Level '/Game/test.test:PersistentLevel' has LevelScriptBlueprint '/Game/test.test:PersistentLevel.test' with GeneratedClass '/Game/test.test_C' with ClassGeneratedBy '/Game/test.test:PersistentLevel.test'
[2017.05.10-08.52.21:474][125]LogBlueprintUserMessages: Early EndPlayMap Detection: Level '/Game/test.test:PersistentLevel' has LevelScriptBlueprint '/Game/test.test:PersistentLevel.test' with GeneratedClass '/Game/test.test_C' with ClassGeneratedBy '/Game/test.test:PersistentLevel.test'
[2017.05.10-08.52.21:628][125]LogBlueprintUserMessages: Late EndPlayMap Detection: Level '/Game/test.test:PersistentLevel' has LevelScriptBlueprint '/Game/test.test:PersistentLevel.test' with GeneratedClass '/Game/test.test_C' with ClassGeneratedBy '/Game/test.test:PersistentLevel.test'
[2017.05.10-08.52.35:409][750]LogTemp: Repeting last play command: Selected Viewport
[2017.05.10-08.52.35:418][750]LogBlueprintUserMessages: Early PlayInEditor Detection: Level '/Game/test.test:PersistentLevel' has LevelScriptBlueprint '/Game/test.test:PersistentLevel.test' with GeneratedClass '/Game/test.test_C' with ClassGeneratedBy '/Game/test.test:PersistentLevel.test'
[2017.05.10-08.52.35:418][750]BlueprintLog: New page: Pre-Play auto-recompile
[2017.05.10-08.52.35:418][750]LogPlayLevel: [PlayLevel] Compiling pawn-enemy1 before play...
[2017.05.10-08.52.35:508][750]LogPlayLevel: PlayLevel: Blueprint regeneration took 89 ms (1 blueprints)
[2017.05.10-08.52.35:508][750]PIE: New page: PIE session: test (May 10, 2017, 12:52:35 PM)
[2017.05.10-08.52.35:509][750]LogPlayLevel: Creating play world package: /Game/UEDPIE_0_test
[2017.05.10-08.52.35:510][750]LogPlayLevel: PIE: StaticDuplicateObject took: (0.000911s)
[2017.05.10-08.52.35:510][750]LogAIModule: Creating AISystem for world test
[2017.05.10-08.52.35:510][750]LogPlayLevel: PIE: World Init took: (0.000484s)
[2017.05.10-08.52.35:510][750]LogPlayLevel: PIE: Created PIE world by copying editor world from /Game/test.test to /Game/UEDPIE_0_test.test (0.001553s)
[2017.05.10-08.52.35:538][750]LogInit: XAudio2 using 'Altavoces (Realtek High Definition Audio)' : 2 channels at 48 kHz using 32 bits per sample (channel mask 0x3)
[2017.05.10-08.52.35:545][750]LogInit: FAudioDevice initialized.
[2017.05.10-08.52.35:588][750]LogLoad: Game class is 'misc-gameMode_C'
[2017.05.10-08.52.35:589][750]LogWorld: Bringing World /Game/UEDPIE_0_test.test up for play (max tick rate 0) at 2017.05.10-10.52.35
[2017.05.10-08.52.35:589][750]LogWorld: Bringing up level for play took: 0.000987
[2017.05.10-08.52.35:591][750]LogBlueprintUserMessages:Warning: SetTimer passed a bad function (CloserangeATK) or object (pawn-enemy1_318)
[2017.05.10-08.52.35:593][750]PIE: Info Play in editor start time for /Game/UEDPIE_0_test 0.433
[2017.05.10-08.52.35:593][750]LogBlueprintUserMessages: Late PlayInEditor Detection: Level '/Game/test.test:PersistentLevel' has LevelScriptBlueprint '/Game/test.test:PersistentLevel.test' with GeneratedClass '/Game/test.test_C' with ClassGeneratedBy '/Game/test.test:PersistentLevel.test'
[2017.05.10-08.53.07:683][577]LogBlueprintUserMessages: Early EndPlayMap Detection: Level '/Game/test.test:PersistentLevel' has LevelScriptBlueprint '/Game/test.test:PersistentLevel.test' with GeneratedClass '/Game/test.test_C' with ClassGeneratedBy '/Game/test.test:PersistentLevel.test'
[2017.05.10-08.53.07:731][577]LogBlueprintUserMessages: Late EndPlayMap Detection: Level '/Game/test.test:PersistentLevel' has LevelScriptBlueprint '/Game/test.test:PersistentLevel.test' with GeneratedClass '/Game/test.test_C' with ClassGeneratedBy '/Game/test.test:PersistentLevel.test'
[2017.05.10-08.53.11:723][  8]Cmd: OBJ SAVEPACKAGE PACKAGE="/Game/Enemies/pawn-enemy1" FILE="../../../../../TFG/CreativeKeepers/Content/Enemies/pawn-enemy1.uasset" SILENT=true
[2017.05.10-08.53.11:742][  8]LogSavePackage: Save=13.76ms
[2017.05.10-08.53.11:742][  8]LogSavePackage: Moving '../../../../../TFG/CreativeKeepers/Saved/pawn-enemy1194C668444233A5DB50851B4D2A835F0.tmp' to '../../../../../TFG/CreativeKeepers/Content/Enemies/pawn-enemy1.uasset'
[2017.05.10-08.53.11:745][  8]LogSavePackage:Display: Finished SavePackage ../../../../../TFG/CreativeKeepers/Content/Enemies/pawn-enemy1.uasset
[2017.05.10-08.53.18:871][828]LogSlate: Took 0.000116 seconds to synchronously load lazily loaded font '../../../Engine/Content/Slate/Fonts/Roboto-Light.ttf' (159K)
[2017.05.10-08.59.41:337][437]Cmd: OBJ SAVEPACKAGE PACKAGE="/Game/test" FILE="../../../../../TFG/CreativeKeepers/Saved/Autosaves/Game/test_Auto1.umap" SILENT=true AUTOSAVING=true KEEPDIRTY=false
[2017.05.10-08.59.41:560][437]LogSavePackage: Save=209.48ms
[2017.05.10-08.59.41:560][437]LogSavePackage: Moving '../../../../../TFG/CreativeKeepers/Saved/test_Auto128332DF742B5E7639D8092850EAA8BF1.tmp' to '../../../../../TFG/CreativeKeepers/Saved/Autosaves/Game/test_Auto1.umap'
[2017.05.10-08.59.41:583][437]LogSavePackage:Display: Finished SavePackage ../../../../../TFG/CreativeKeepers/Saved/Autosaves/Game/test_Auto1.umap
[2017.05.10-08.59.41:614][437]LogFileHelpers: Editor autosave (incl. sublevels) for '/Game/test' took 0.317
[2017.05.10-08.59.41:614][437]LogFileHelpers: Editor autosave (incl. sublevels) for all levels took 0.317
[2017.05.10-09.10.11:460][763]Cmd: OBJ SAVEPACKAGE PACKAGE="/Game/Enemies/AI/BTT-Closerange" FILE="../../../../../TFG/CreativeKeepers/Content/Enemies/AI/BTT-Closerange.uasset" SILENT=true
[2017.05.10-09.10.11:472][763]LogSavePackage: Save=7.95ms
[2017.05.10-09.10.11:472][763]LogSavePackage: Moving '../../../../../TFG/CreativeKeepers/Saved/BTT-Closerange5A7680284E77E75A08D4F782BA00B95A.tmp' to '../../../../../TFG/CreativeKeepers/Content/Enemies/AI/BTT-Closerange.uasset'
[2017.05.10-09.10.11:474][763]LogSavePackage:Display: Finished SavePackage ../../../../../TFG/CreativeKeepers/Content/Enemies/AI/BTT-Closerange.uasset
[2017.05.10-09.20.55:352][715]BlueprintLog: New page: Compile BTT-Attack
[2017.05.10-09.20.55:870][764]Cmd: OBJ SAVEPACKAGE PACKAGE="/Game/Enemies/AI/BTT-Attack" FILE="../../../../../TFG/CreativeKeepers/Content/Enemies/AI/BTT-Attack.uasset" SILENT=true
[2017.05.10-09.20.55:885][764]LogSavePackage: Save=10.90ms
[2017.05.10-09.20.55:885][764]LogSavePackage: Moving '../../../../../TFG/CreativeKeepers/Saved/BTT-Attack029348504DF427890935A190F7B72896.tmp' to '../../../../../TFG/CreativeKeepers/Content/Enemies/AI/BTT-Attack.uasset'
[2017.05.10-09.20.55:887][764]LogSavePackage:Display: Finished SavePackage ../../../../../TFG/CreativeKeepers/Content/Enemies/AI/BTT-Attack.uasset
[2017.05.10-09.22.17:728][504]Cmd: TRANSACTION UNDO
[2017.05.10-09.22.17:728][504]LogEditorTransaction: Undo Change Number Pin Value
[2017.05.10-09.22.20:203][783]LogEditorTransaction: Undo Change Number Pin Value
[2017.05.10-09.23.28:530][929]BlueprintLog: New page: Compile pawn-enemy
[2017.05.10-09.23.29:283][985]Cmd: OBJ SAVEPACKAGE PACKAGE="/Game/Enemies/pawn-enemy" FILE="../../../../../TFG/CreativeKeepers/Content/Enemies/pawn-enemy.uasset" SILENT=true
[2017.05.10-09.23.29:312][985]LogSavePackage: Save=23.70ms
[2017.05.10-09.23.29:312][985]LogSavePackage: Moving '../../../../../TFG/CreativeKeepers/Saved/pawn-enemy3F09DC5749F00F56E1C4BAB69FD3B761.tmp' to '../../../../../TFG/CreativeKeepers/Content/Enemies/pawn-enemy.uasset'
[2017.05.10-09.23.29:315][985]LogSavePackage:Display: Finished SavePackage ../../../../../TFG/CreativeKeepers/Content/Enemies/pawn-enemy.uasset
[2017.05.10-09.23.31:626][258]LogTemp: Repeting last play command: Selected Viewport
[2017.05.10-09.23.31:638][258]LogBlueprintUserMessages: Early PlayInEditor Detection: Level '/Game/test.test:PersistentLevel' has LevelScriptBlueprint '/Game/test.test:PersistentLevel.test' with GeneratedClass '/Game/test.test_C' with ClassGeneratedBy '/Game/test.test:PersistentLevel.test'
[2017.05.10-09.23.31:681][258]BlueprintLog: New page: Pre-Play auto-recompile
[2017.05.10-09.23.31:681][258]LogPlayLevel: [PlayLevel] Compiling BTT-Attack before play...
[2017.05.10-09.23.31:775][258]LogPlayLevel: PlayLevel: Blueprint regeneration took 93 ms (1 blueprints)
[2017.05.10-09.23.31:775][258]PIE: New page: PIE session: test (May 10, 2017, 1:23:31 PM)
[2017.05.10-09.23.31:775][258]LogPlayLevel: Creating play world package: /Game/UEDPIE_0_test
[2017.05.10-09.23.31:776][258]LogPlayLevel: PIE: StaticDuplicateObject took: (0.000905s)
[2017.05.10-09.23.31:777][258]LogAIModule: Creating AISystem for world test
[2017.05.10-09.23.31:777][258]LogPlayLevel: PIE: World Init took: (0.000488s)
[2017.05.10-09.23.31:777][258]LogPlayLevel: PIE: Created PIE world by copying editor world from /Game/test.test to /Game/UEDPIE_0_test.test (0.001535s)
[2017.05.10-09.23.31:806][258]LogInit: XAudio2 using 'Altavoces (Realtek High Definition Audio)' : 2 channels at 48 kHz using 32 bits per sample (channel mask 0x3)
[2017.05.10-09.23.31:814][258]LogInit: FAudioDevice initialized.
[2017.05.10-09.23.31:851][258]LogLoad: Game class is 'misc-gameMode_C'
[2017.05.10-09.23.31:852][258]LogWorld: Bringing World /Game/UEDPIE_0_test.test up for play (max tick rate 0) at 2017.05.10-11.23.31
[2017.05.10-09.23.31:853][258]LogWorld: Bringing up level for play took: 0.000991
[2017.05.10-09.23.31:855][258]LogBlueprintUserMessages:Warning: SetTimer passed a bad function (CloserangeATK) or object (pawn-enemy1_318)
[2017.05.10-09.23.31:857][258]PIE: Info Play in editor start time for /Game/UEDPIE_0_test 0.697
[2017.05.10-09.23.31:858][258]LogBlueprintUserMessages: Late PlayInEditor Detection: Level '/Game/test.test:PersistentLevel' has LevelScriptBlueprint '/Game/test.test:PersistentLevel.test' with GeneratedClass '/Game/test.test_C' with ClassGeneratedBy '/Game/test.test:PersistentLevel.test'
[2017.05.10-09.23.37:651][928]LogBlueprintUserMessages: Early EndPlayMap Detection: Level '/Game/test.test:PersistentLevel' has LevelScriptBlueprint '/Game/test.test:PersistentLevel.test' with GeneratedClass '/Game/test.test_C' with ClassGeneratedBy '/Game/test.test:PersistentLevel.test'
[2017.05.10-09.23.37:706][928]LogBlueprintUserMessages: Late EndPlayMap Detection: Level '/Game/test.test:PersistentLevel' has LevelScriptBlueprint '/Game/test.test:PersistentLevel.test' with GeneratedClass '/Game/test.test_C' with ClassGeneratedBy '/Game/test.test:PersistentLevel.test'
[2017.05.10-09.23.47:559][  8]Cmd: OBJ SAVEPACKAGE PACKAGE="/Game/Enemies/pawn-enemy1" FILE="../../../../../TFG/CreativeKeepers/Content/Enemies/pawn-enemy1.uasset" SILENT=true
[2017.05.10-09.23.47:577][  8]LogSavePackage: Save=13.53ms
[2017.05.10-09.23.47:577][  8]LogSavePackage: Moving '../../../../../TFG/CreativeKeepers/Saved/pawn-enemy132B0E4F34BF1F06E117614AE844ADD7B.tmp' to '../../../../../TFG/CreativeKeepers/Content/Enemies/pawn-enemy1.uasset'
[2017.05.10-09.23.47:580][  8]LogSavePackage:Display: Finished SavePackage ../../../../../TFG/CreativeKeepers/Content/Enemies/pawn-enemy1.uasset
[2017.05.10-09.23.48:418][107]Cmd: OBJ SAVEPACKAGE PACKAGE="/Game/Enemies/pawn-enemy1" FILE="../../../../../TFG/CreativeKeepers/Content/Enemies/pawn-enemy1.uasset" SILENT=true
[2017.05.10-09.23.48:435][107]LogSavePackage: Save=13.69ms
[2017.05.10-09.23.48:435][107]LogSavePackage: Moving '../../../../../TFG/CreativeKeepers/Saved/pawn-enemy11FDC41224F938FD001E92F8A56F791FD.tmp' to '../../../../../TFG/CreativeKeepers/Content/Enemies/pawn-enemy1.uasset'
[2017.05.10-09.23.48:437][107]LogSavePackage:Display: Finished SavePackage ../../../../../TFG/CreativeKeepers/Content/Enemies/pawn-enemy1.uasset
[2017.05.10-09.23.48:724][140]BlueprintLog: New page: Compile pawn-enemy1
[2017.05.10-09.23.51:844][498]LogTemp: Repeting last play command: Selected Viewport
[2017.05.10-09.23.51:856][498]LogBlueprintUserMessages: Early PlayInEditor Detection: Level '/Game/test.test:PersistentLevel' has LevelScriptBlueprint '/Game/test.test:PersistentLevel.test' with GeneratedClass '/Game/test.test_C' with ClassGeneratedBy '/Game/test.test:PersistentLevel.test'
[2017.05.10-09.23.51:862][498]LogPlayLevel: PlayLevel: No blueprints needed recompiling
[2017.05.10-09.23.51:862][498]PIE: New page: PIE session: test (May 10, 2017, 1:23:51 PM)
[2017.05.10-09.23.51:863][498]LogPlayLevel: Creating play world package: /Game/UEDPIE_0_test
[2017.05.10-09.23.51:864][498]LogPlayLevel: PIE: StaticDuplicateObject took: (0.000925s)
[2017.05.10-09.23.51:864][498]LogAIModule: Creating AISystem for world test
[2017.05.10-09.23.51:864][498]LogPlayLevel: PIE: World Init took: (0.000468s)
[2017.05.10-09.23.51:864][498]LogPlayLevel: PIE: Created PIE world by copying editor world from /Game/test.test to /Game/UEDPIE_0_test.test (0.001540s)
[2017.05.10-09.23.51:894][498]LogInit: XAudio2 using 'Altavoces (Realtek High Definition Audio)' : 2 channels at 48 kHz using 32 bits per sample (channel mask 0x3)
[2017.05.10-09.23.51:901][498]LogInit: FAudioDevice initialized.
[2017.05.10-09.23.51:942][498]LogLoad: Game class is 'misc-gameMode_C'
[2017.05.10-09.23.51:943][498]LogWorld: Bringing World /Game/UEDPIE_0_test.test up for play (max tick rate 0) at 2017.05.10-11.23.51
[2017.05.10-09.23.51:943][498]LogWorld: Bringing up level for play took: 0.001067
[2017.05.10-09.23.51:945][498]LogBlueprintUserMessages:Warning: SetTimer passed a bad function (CloserangeATK) or object (pawn-enemy1_318)
[2017.05.10-09.23.51:947][498]PIE: Info Play in editor start time for /Game/UEDPIE_0_test 0.787
[2017.05.10-09.23.51:948][498]LogBlueprintUserMessages: Late PlayInEditor Detection: Level '/Game/test.test:PersistentLevel' has LevelScriptBlueprint '/Game/test.test:PersistentLevel.test' with GeneratedClass '/Game/test.test_C' with ClassGeneratedBy '/Game/test.test:PersistentLevel.test'
[2017.05.10-09.24.02:206][721]LogBlueprintUserMessages: Early EndPlayMap Detection: Level '/Game/test.test:PersistentLevel' has LevelScriptBlueprint '/Game/test.test:PersistentLevel.test' with GeneratedClass '/Game/test.test_C' with ClassGeneratedBy '/Game/test.test:PersistentLevel.test'
[2017.05.10-09.24.02:261][721]LogBlueprintUserMessages: Late EndPlayMap Detection: Level '/Game/test.test:PersistentLevel' has LevelScriptBlueprint '/Game/test.test:PersistentLevel.test' with GeneratedClass '/Game/test.test_C' with ClassGeneratedBy '/Game/test.test:PersistentLevel.test'
[2017.05.10-09.24.07:753][359]Cmd: OBJ SAVEPACKAGE PACKAGE="/Game/Enemies/AI/BTT-Attack" FILE="../../../../../TFG/CreativeKeepers/Content/Enemies/AI/BTT-Attack.uasset" SILENT=true
[2017.05.10-09.24.07:767][359]LogSavePackage: Save=10.82ms
[2017.05.10-09.24.07:767][359]LogSavePackage: Moving '../../../../../TFG/CreativeKeepers/Saved/BTT-AttackDEB01CDA4F854C0ACE21D6A275F7DF91.tmp' to '../../../../../TFG/CreativeKeepers/Content/Enemies/AI/BTT-Attack.uasset'
[2017.05.10-09.24.07:769][359]LogSavePackage:Display: Finished SavePackage ../../../../../TFG/CreativeKeepers/Content/Enemies/AI/BTT-Attack.uasset
[2017.05.10-09.25.16:398][ 48]Cmd: OBJ SAVEPACKAGE PACKAGE="/Game/test" FILE="../../../../../TFG/CreativeKeepers/Saved/Autosaves/Game/test_Auto2.umap" SILENT=true AUTOSAVING=true KEEPDIRTY=false
[2017.05.10-09.25.16:535][ 48]LogSavePackage: Save=131.37ms
[2017.05.10-09.25.16:535][ 48]LogSavePackage: Moving '../../../../../TFG/CreativeKeepers/Saved/test_Auto274D3C10141404B336AEFF5A23797E16F.tmp' to '../../../../../TFG/CreativeKeepers/Saved/Autosaves/Game/test_Auto2.umap'
[2017.05.10-09.25.16:550][ 48]LogSavePackage:Display: Finished SavePackage ../../../../../TFG/CreativeKeepers/Saved/Autosaves/Game/test_Auto2.umap
[2017.05.10-09.25.16:551][ 48]LogFileHelpers: Editor autosave (incl. sublevels) for '/Game/test' took 0.180
[2017.05.10-09.25.16:551][ 48]LogFileHelpers: Editor autosave (incl. sublevels) for all levels took 0.180
[2017.05.10-09.41.22:246][139]Cmd: OBJ SAVEPACKAGE PACKAGE="/Game/test" FILE="../../../../../TFG/CreativeKeepers/Content/test.umap" SILENT=true AUTOSAVING=false KEEPDIRTY=false
[2017.05.10-09.41.22:366][139]LogSavePackage: Save=85.39ms
[2017.05.10-09.41.22:366][139]LogSavePackage: Moving '../../../../../TFG/CreativeKeepers/Saved/test129E3A52441E42C70BC6909F7AA42A30.tmp' to '../../../../../TFG/CreativeKeepers/Content/test.umap'
[2017.05.10-09.41.22:368][139]LogSavePackage:Display: Finished SavePackage ../../../../../TFG/CreativeKeepers/Content/test.umap
[2017.05.10-09.41.22:417][139]LogFileHelpers: Saving map 'test' took 0.198
[2017.05.10-09.41.22:618][139]LogActorComponent: UnregisterComponent: (/Engine/Transient.EditorFloorComp) Not registered. Aborting.
[2017.05.10-09.41.22:668][139]LogActorComponent: UnregisterComponent: (/Engine/Transient.EditorFloorComp) Not registered. Aborting.
[2017.05.10-09.41.23:272][140]Cmd: QUIT_EDITOR
[2017.05.10-09.41.24:819][140]LogWindowsTextInputMethodSystem:Display: IME system now deactivated.
[2017.05.10-09.41.24:876][140]LogExit: Preparing to exit.
[2017.05.10-09.41.25:432][140]LogDirectoryWatcher: A directory notification for 'D:/TFG/CreativeKeepers/Content/' was aborted.
[2017.05.10-09.41.25:594][140]LogExit: Editor shut down
[2017.05.10-09.41.25:594][140]LogExit: Transaction tracking system shut down
[2017.05.10-09.41.27:496][140]LogObj: Freed 0b from 0 cluster array pools.
[2017.05.10-09.41.27:496][140]LogExit: Object subsystem successfully closed.
[2017.05.10-09.41.27:778][140]LogD3D11RHI: Shutdown
[2017.05.10-09.41.27:778][140]LogD3D11RHI: CleanupD3DDevice
[2017.05.10-09.41.28:055][140]LogD3D11RHI: ~FD3D11DynamicRHI
[2017.05.10-09.41.29:254][140]LogModuleManager: Shutting down and abandoning module MovieSceneCapture (504)
[2017.05.10-09.41.29:254][140]LogModuleManager: Shutting down and abandoning module BlueprintGraph (502)
[2017.05.10-09.41.29:254][140]LogModuleManager: Shutting down and abandoning module BlueprintProfiler (500)
[2017.05.10-09.41.29:336][140]LogModuleManager: Shutting down and abandoning module HierarchicalLODOutliner (498)
[2017.05.10-09.41.29:347][140]LogModuleManager: Shutting down and abandoning module CrashTracker (496)
[2017.05.10-09.41.29:347][140]LogModuleManager: Shutting down and abandoning module SceneOutliner (494)
[2017.05.10-09.41.29:347][140]LogModuleManager: Shutting down and abandoning module AddContentDialog (492)
[2017.05.10-09.41.29:358][140]LogDirectoryWatcher: A directory notification for 'D:/Programas/UE_4.15/FeaturePacks/' was aborted.
[2017.05.10-09.41.29:369][140]LogModuleManager: Shutting down and abandoning module WidgetCarousel (491)
[2017.05.10-09.41.29:369][140]LogModuleManager: Shutting down and abandoning module EditorWidgets (488)
[2017.05.10-09.41.29:369][140]LogModuleManager: Shutting down and abandoning module CollectionManager (486)
[2017.05.10-09.41.29:385][140]LogDirectoryWatcher: A directory notification for 'D:/TFG/CreativeKeepers/Content/Collections/' was aborted.
[2017.05.10-09.41.29:385][140]LogDirectoryWatcher: A directory notification for 'D:/TFG/CreativeKeepers/Content/Developers/Grego/Collections/' was aborted.
[2017.05.10-09.41.29:385][140]LogDirectoryWatcher: A directory notification for 'D:/TFG/CreativeKeepers/Saved/Collections/' was aborted.
[2017.05.10-09.41.29:385][140]LogModuleManager: Shutting down and abandoning module StatsViewer (484)
[2017.05.10-09.41.29:418][140]LogModuleManager: Shutting down and abandoning module FoliageEdit (482)
[2017.05.10-09.41.29:418][140]LogModuleManager: Shutting down and abandoning module LandscapeEditor (480)
[2017.05.10-09.41.29:438][140]LogModuleManager: Shutting down and abandoning module SceneDepthPickerMode (478)
[2017.05.10-09.41.29:438][140]LogModuleManager: Shutting down and abandoning module ActorPickerMode (476)
[2017.05.10-09.41.29:438][140]LogModuleManager: Shutting down and abandoning module GeometryMode (474)
[2017.05.10-09.41.29:438][140]LogModuleManager: Shutting down and abandoning module TextureAlignMode (472)
[2017.05.10-09.41.29:438][140]LogModuleManager: Shutting down and abandoning module BspMode (470)
[2017.05.10-09.41.29:457][140]LogModuleManager: Shutting down and abandoning module HardwareSurvey (468)
[2017.05.10-09.41.29:457][140]LogModuleManager: Shutting down and abandoning module SequenceRecorderSections (466)
[2017.05.10-09.41.29:457][140]LogModuleManager: Shutting down and abandoning module AutomationWorker (464)
[2017.05.10-09.41.29:467][140]LogModuleManager: Shutting down and abandoning module MatineeToLevelSequence (462)
[2017.05.10-09.41.29:467][140]LogModuleManager: Shutting down and abandoning module LevelSequenceEditor (460)
[2017.05.10-09.41.29:545][140]LogModuleManager: Shutting down and abandoning module PlacementMode (459)
[2017.05.10-09.41.29:545][140]LogModuleManager: Shutting down and abandoning module WmfMediaFactory (456)
[2017.05.10-09.41.29:545][140]LogModuleManager: Shutting down and abandoning module WmfMediaEditor (454)
[2017.05.10-09.41.29:545][140]LogModuleManager: Shutting down and abandoning module MfMediaFactory (452)
[2017.05.10-09.41.29:545][140]LogModuleManager: Shutting down and abandoning module MfMediaEditor (450)
[2017.05.10-09.41.29:545][140]LogModuleManager: Shutting down and abandoning module AvfMediaFactory (448)
[2017.05.10-09.41.29:545][140]LogModuleManager: Shutting down and abandoning module AvfMediaEditor (446)
[2017.05.10-09.41.29:545][140]LogModuleManager: Shutting down and abandoning module AndroidMediaFactory (444)
[2017.05.10-09.41.29:545][140]LogModuleManager: Shutting down and abandoning module Media (443)
[2017.05.10-09.41.29:545][140]LogModuleManager: Shutting down and abandoning module AndroidMediaEditor (440)
[2017.05.10-09.41.29:545][140]LogModuleManager: Shutting down and abandoning module CharacterAI (438)
[2017.05.10-09.41.29:545][140]LogModuleManager: Shutting down and abandoning module AudioCapture (436)
[2017.05.10-09.41.29:545][140]LogModuleManager: Shutting down and abandoning module SequenceRecorder (435)
[2017.05.10-09.41.29:595][140]LogModuleManager: Shutting down and abandoning module SmartSnapping (432)
[2017.05.10-09.41.29:595][140]LogModuleManager: Shutting down and abandoning module SessionServices (430)
[2017.05.10-09.41.29:595][140]LogModuleManager: Shutting down and abandoning module ViewportSnapping (428)
[2017.05.10-09.41.29:595][140]LogModuleManager: Shutting down and abandoning module ViewportInteraction (426)
[2017.05.10-09.41.29:595][140]LogModuleManager: Shutting down and abandoning module LogVisualizer (424)
[2017.05.10-09.41.29:631][140]LogModuleManager: Shutting down and abandoning module IntroTutorials (422)
[2017.05.10-09.41.29:645][140]LogModuleManager: Shutting down and abandoning module GameProjectGeneration (421)
[2017.05.10-09.41.29:672][140]LogModuleManager: Shutting down and abandoning module EditorLiveStreaming (418)
[2017.05.10-09.41.29:672][140]LogModuleManager: Shutting down and abandoning module IOSPlatformEditor (416)
[2017.05.10-09.41.29:672][140]LogModuleManager: Shutting down and abandoning module HTML5PlatformEditor (414)
[2017.05.10-09.41.29:672][140]LogModuleManager: Shutting down and abandoning module AndroidPlatformEditor (412)
[2017.05.10-09.41.29:685][140]LogModuleManager: Shutting down and abandoning module AndroidDeviceDetection (411)
[2017.05.10-09.41.30:390][140]LogModuleManager: Shutting down and abandoning module IOSRuntimeSettings (408)
[2017.05.10-09.41.30:390][140]LogModuleManager: Shutting down and abandoning module AndroidRuntimeSettings (406)
[2017.05.10-09.41.30:390][140]LogModuleManager: Shutting down and abandoning module InputBindingEditor (404)
[2017.05.10-09.41.30:417][140]LogModuleManager: Shutting down and abandoning module NiagaraEditor (402)
[2017.05.10-09.41.30:458][140]LogModuleManager: Shutting down and abandoning module MergeActors (400)
[2017.05.10-09.41.30:473][140]LogModuleManager: Shutting down and abandoning module SizeMap (398)
[2017.05.10-09.41.30:473][140]LogModuleManager: Shutting down and abandoning module TreeMap (396)
[2017.05.10-09.41.30:512][140]LogModuleManager: Shutting down and abandoning module ReferenceViewer (394)
[2017.05.10-09.41.30:512][140]LogModuleManager: Shutting down and abandoning module LocalizationDashboard (392)
[2017.05.10-09.41.30:525][140]LogModuleManager: Shutting down and abandoning module LocalizationService (391)
[2017.05.10-09.41.30:565][140]LogModuleManager: Shutting down and abandoning module HardwareTargeting (388)
[2017.05.10-09.41.30:578][140]LogModuleManager: Shutting down and abandoning module DeviceProfileEditor (386)
[2017.05.10-09.41.30:590][140]LogModuleManager: Shutting down and abandoning module UndoHistory (384)
[2017.05.10-09.41.30:601][140]LogModuleManager: Shutting down and abandoning module UserFeedback (382)
[2017.05.10-09.41.30:601][140]LogModuleManager: Shutting down and abandoning module XmlParser (380)
[2017.05.10-09.41.30:601][140]LogModuleManager: Shutting down and abandoning module Blutility (378)
[2017.05.10-09.41.30:630][140]LogModuleManager: Shutting down and abandoning module ProjectSettingsViewer (376)
[2017.05.10-09.41.30:630][140]LogModuleManager: Shutting down and abandoning module ProjectTargetPlatformEditor (375)
[2017.05.10-09.41.30:630][140]LogModuleManager: Shutting down and abandoning module EditorSettingsViewer (372)
[2017.05.10-09.41.30:630][140]LogModuleManager: Shutting down and abandoning module SettingsEditor (370)
[2017.05.10-09.41.30:651][140]LogModuleManager: Shutting down and abandoning module ProjectLauncher (368)
[2017.05.10-09.41.30:690][140]LogModuleManager: Shutting down and abandoning module SessionFrontend (366)
[2017.05.10-09.41.30:721][140]LogModuleManager: Shutting down and abandoning module ProfilerClient (364)
[2017.05.10-09.41.30:760][140]LogModuleManager: Shutting down and abandoning module DeviceManager (362)
[2017.05.10-09.41.30:778][140]LogModuleManager: Shutting down and abandoning module TargetDeviceServices (361)
[2017.05.10-09.41.30:809][140]LogModuleManager: Shutting down and abandoning module AutomationController (358)
[2017.05.10-09.41.30:856][140]LogModuleManager: Shutting down and abandoning module AutomationWindow (356)
[2017.05.10-09.41.30:881][140]LogModuleManager: Shutting down and abandoning module Layers (354)
[2017.05.10-09.41.30:924][140]LogModuleManager: Shutting down and abandoning module ComponentVisualizers (352)
[2017.05.10-09.41.30:924][140]LogModuleManager: Shutting down and abandoning module DetailCustomizations (350)
[2017.05.10-09.41.30:942][140]LogModuleManager: Shutting down and abandoning module PackagesDialog (348)
[2017.05.10-09.41.30:942][140]LogModuleManager: Shutting down and abandoning module Persona (346)
[2017.05.10-09.41.30:979][140]LogModuleManager: Shutting down and abandoning module AnimGraph (345)
[2017.05.10-09.41.30:979][140]LogModuleManager: Shutting down and abandoning module Kismet (342)
[2017.05.10-09.41.31:009][140]LogModuleManager: Shutting down and abandoning module GraphEditor (340)
[2017.05.10-09.41.31:009][140]LogModuleManager: Shutting down and abandoning module ClassViewer (338)
[2017.05.10-09.41.31:025][140]LogModuleManager: Shutting down and abandoning module Toolbox (336)
[2017.05.10-09.41.31:025][140]LogModuleManager: Shutting down and abandoning module ModuleUI (334)
[2017.05.10-09.41.31:053][140]LogModuleManager: Shutting down and abandoning module MovieSceneTools (332)
[2017.05.10-09.41.31:073][140]LogModuleManager: Shutting down and abandoning module OutputLog (330)
[2017.05.10-09.41.31:087][140]LogModuleManager: Shutting down and abandoning module GammaUI (328)
[2017.05.10-09.41.31:104][140]LogModuleManager: Shutting down and abandoning module Documentation (326)
[2017.05.10-09.41.31:104][140]LogModuleManager: Shutting down and abandoning module Niagara (324)
[2017.05.10-09.41.31:104][140]LogModuleManager: Shutting down and abandoning module StreamingPauseRendering (322)
[2017.05.10-09.41.31:104][140]LogModuleManager: Shutting down and abandoning module AnalyticsET (320)
[2017.05.10-09.41.31:104][140]LogModuleManager: Shutting down and abandoning module PortalServices (318)
[2017.05.10-09.41.31:104][140]LogModuleManager: Shutting down and abandoning module PortalRpc (316)
[2017.05.10-09.41.31:104][140]LogModuleManager: Shutting down and abandoning module MessagingRpc (314)
[2017.05.10-09.41.31:104][140]LogModuleManager: Shutting down and abandoning module AIModule (312)
[2017.05.10-09.41.31:104][140]LogModuleManager: Shutting down and abandoning module GameplayDebugger (311)
[2017.05.10-09.41.31:119][140]LogModuleManager: Shutting down and abandoning module AITestSuite (309)
[2017.05.10-09.41.31:119][140]LogModuleManager: Shutting down and abandoning module ProfilerService (306)
[2017.05.10-09.41.31:222][140]LogModuleManager: Shutting down and abandoning module TaskGraph (304)
[2017.05.10-09.41.31:285][140]LogModuleManager: Shutting down and abandoning module SteamVRController (302)
[2017.05.10-09.41.31:285][140]LogModuleManager: Shutting down and abandoning module SteamVR (300)
[2017.05.10-09.41.31:285][140]LogModuleManager: Shutting down and abandoning module ProceduralMeshComponentEditor (298)
[2017.05.10-09.41.31:285][140]LogModuleManager: Shutting down and abandoning module ProceduralMeshComponent (296)
[2017.05.10-09.41.31:304][140]LogModuleManager: Shutting down and abandoning module OculusLibrary (294)
[2017.05.10-09.41.31:304][140]LogModuleManager: Shutting down and abandoning module OculusInput (292)
[2017.05.10-09.41.31:304][140]LogModuleManager: Shutting down and abandoning module MobilePatchingUtils (290)
[2017.05.10-09.41.31:304][140]LogModuleManager: Shutting down and abandoning module CustomMeshComponent (288)
[2017.05.10-09.41.31:304][140]LogModuleManager: Shutting down and abandoning module CableComponent (286)
[2017.05.10-09.41.31:304][140]LogModuleManager: Shutting down and abandoning module ArchVisCharacter (284)
[2017.05.10-09.41.31:304][140]LogModuleManager: Shutting down and abandoning module MediaPlayerEditor (280)
[2017.05.10-09.41.31:364][140]LogModuleManager: Shutting down and abandoning module HTML5Networking (278)
[2017.05.10-09.41.31:364][140]LogModuleManager: Shutting down and abandoning module AlembicImporter (276)
[2017.05.10-09.41.31:374][140]LogModuleManager: Shutting down and abandoning module AlembicLibrary (275)
[2017.05.10-09.41.31:374][140]LogModuleManager: Shutting down and abandoning module GeometryCache (274)
[2017.05.10-09.41.31:374][140]LogModuleManager: Shutting down and abandoning module GeometryCacheEd (273)
[2017.05.10-09.41.31:374][140]LogModuleManager: Shutting down and abandoning module SuperSearchEditor (268)
[2017.05.10-09.41.31:374][140]LogModuleManager: Shutting down and abandoning module SuperSearch (267)
[2017.05.10-09.41.31:374][140]LogModuleManager: Shutting down and abandoning module SpeedTreeImporter (264)
[2017.05.10-09.41.31:374][140]LogModuleManager: Shutting down and abandoning module PluginBrowser (262)
[2017.05.10-09.41.31:413][140]LogModuleManager: Shutting down and abandoning module MobileLauncherProfileWizard (260)
[2017.05.10-09.41.31:440][140]LogModuleManager: Shutting down and abandoning module EpicSurvey (258)
[2017.05.10-09.41.31:440][140]LogModuleManager: Shutting down and abandoning module VisualStudioSourceCodeAccess (256)
[2017.05.10-09.41.31:440][140]LogModuleManager: Shutting down and abandoning module DesktopPlatform (255)
[2017.05.10-09.41.31:440][140]LogModuleManager: Shutting down and abandoning module UObjectPlugin (252)
[2017.05.10-09.41.31:440][140]LogModuleManager: Shutting down and abandoning module SubversionSourceControl (250)
[2017.05.10-09.41.31:462][140]LogModuleManager: Shutting down and abandoning module PerforceSourceControl (248)
[2017.05.10-09.41.31:489][140]LogModuleManager: Shutting down and abandoning module GitSourceControl (246)
[2017.05.10-09.41.31:502][140]LogModuleManager: Shutting down and abandoning module SourceControl (245)
[2017.05.10-09.41.31:517][140]LogModuleManager: Shutting down and abandoning module LightPropagationVolumeEditor (242)
[2017.05.10-09.41.31:517][140]LogModuleManager: Shutting down and abandoning module PaperTiledImporter (240)
[2017.05.10-09.41.31:517][140]LogModuleManager: Shutting down and abandoning module PaperSpriteSheetImporter (238)
[2017.05.10-09.41.31:517][140]LogModuleManager: Shutting down and abandoning module Paper2DEditor (236)
[2017.05.10-09.41.31:571][140]LogModuleManager: Shutting down and abandoning module MeshPaint (235)
[2017.05.10-09.41.31:585][140]LogModuleManager: Shutting down and abandoning module LevelEditor (233)
[2017.05.10-09.41.31:610][140]LogModuleManager: Shutting down and abandoning module PixelInspectorModule (232)
[2017.05.10-09.41.31:632][140]LogModuleManager: Shutting down and abandoning module MainFrame (230)
[2017.05.10-09.41.31:632][140]LogModuleManager: Shutting down and abandoning module HotReload (229)
[2017.05.10-09.41.31:642][140]LogModuleManager: Shutting down and abandoning module ContentBrowser (225)
[2017.05.10-09.41.31:643][140]LogModuleManager: Shutting down and abandoning module PhysXVehiclesEditor (222)
[2017.05.10-09.41.31:659][140]LogModuleManager: Shutting down and abandoning module PhysXVehicles (220)
[2017.05.10-09.41.31:659][140]LogModuleManager: Shutting down and abandoning module LocationServicesBPLibrary (218)
[2017.05.10-09.41.31:659][140]LogModuleManager: Shutting down and abandoning module UdpMessaging (216)
[2017.05.10-09.41.31:759][140]LogModuleManager: Shutting down and abandoning module TcpMessaging (214)
[2017.05.10-09.41.31:878][140]LogModuleManager: Shutting down and abandoning module GameplayTagsEditor (212)
[2017.05.10-09.41.31:896][140]LogModuleManager: Shutting down and abandoning module FacialAnimationEditor (210)
[2017.05.10-09.41.31:914][140]LogModuleManager: Shutting down and abandoning module FacialAnimation (208)
[2017.05.10-09.41.31:914][140]LogModuleManager: Shutting down and abandoning module LightPropagationVolumeRuntime (206)
[2017.05.10-09.41.31:914][140]LogModuleManager: Shutting down and abandoning module Paper2D (204)
[2017.05.10-09.41.31:935][140]LogModuleManager: Shutting down and abandoning module WindowsMoviePlayer (202)
[2017.05.10-09.41.31:935][140]LogModuleManager: Shutting down and abandoning module WmfMedia (200)
[2017.05.10-09.41.31:935][140]LogModuleManager: Shutting down and abandoning module MfMedia (198)
[2017.05.10-09.41.31:935][140]LogModuleManager: Shutting down and abandoning module MediaAssets (196)
[2017.05.10-09.41.31:935][140]LogModuleManager: Shutting down and abandoning module GameLiveStreaming (194)
[2017.05.10-09.41.31:942][140]LogModuleManager: Shutting down and abandoning module VREditor (192)
[2017.05.10-09.41.31:942][140]LogModuleManager: Shutting down and abandoning module GameplayTasksEditor (190)
[2017.05.10-09.41.31:942][140]LogModuleManager: Shutting down and abandoning module BehaviorTreeEditor (188)
[2017.05.10-09.41.31:942][140]LogModuleManager: Shutting down and abandoning module FunctionalTesting (186)
[2017.05.10-09.41.31:942][140]LogModuleManager: Shutting down and abandoning module CollisionAnalyzer (184)
[2017.05.10-09.41.31:963][140]LogModuleManager: Shutting down and abandoning module UMG (182)
[2017.05.10-09.41.31:982][140]LogModuleManager: Shutting down and abandoning module UMGEditor (181)
[2017.05.10-09.41.32:038][140]LogModuleManager: Shutting down and abandoning module Sequencer (180)
[2017.05.10-09.41.32:077][140]LogModuleManager: Shutting down and abandoning module AssetTools (178)
[2017.05.10-09.41.32:134][140]LogModuleManager: Shutting down and abandoning module MessageLog (177)
[2017.05.10-09.41.32:134][140]LogModuleManager: Shutting down and abandoning module WorkspaceMenuStructure (176)
[2017.05.10-09.41.32:134][140]LogModuleManager: Shutting down and abandoning module SlateReflector (170)
[2017.05.10-09.41.32:195][140]LogModuleManager: Shutting down and abandoning module Slate (168)
[2017.05.10-09.41.32:195][140]LogModuleManager: Shutting down and abandoning module EditorStyle (166)
[2017.05.10-09.41.32:196][140]LogModuleManager: Shutting down and abandoning module SourceCodeAccess (164)
[2017.05.10-09.41.32:208][140]LogModuleManager: Shutting down and abandoning module HeadMountedDisplay (162)
[2017.05.10-09.41.32:208][140]LogModuleManager: Shutting down and abandoning module XAudio2 (160)
[2017.05.10-09.41.32:208][140]LogModuleManager: Shutting down and abandoning module Networking (158)
[2017.05.10-09.41.32:208][140]LogModuleManager: Shutting down and abandoning module Core (154)
[2017.05.10-09.41.32:208][140]LogModuleManager: Shutting down and abandoning module AssetRegistry (152)
[2017.05.10-09.41.32:354][140]LogDirectoryWatcher: A directory notification for '../../../Engine/Content/' was aborted.
[2017.05.10-09.41.32:354][140]LogDirectoryWatcher: A directory notification for '../../../../../TFG/CreativeKeepers/Content/' was aborted.
[2017.05.10-09.41.32:354][140]LogDirectoryWatcher: A directory notification for '../../../Engine/Plugins/2D/Paper2D/Content/' was aborted.
[2017.05.10-09.41.32:378][140]LogModuleManager: Shutting down and abandoning module DirectoryWatcher (151)
[2017.05.10-09.41.32:378][140]LogModuleManager: Shutting down and abandoning module KismetCompiler (148)
[2017.05.10-09.41.32:378][140]LogModuleManager: Shutting down and abandoning module PhysXFormats (146)
[2017.05.10-09.41.32:378][140]LogModuleManager: Shutting down and abandoning module MeshUtilities (144)
[2017.05.10-09.41.32:429][140]LogModuleManager: Shutting down and abandoning module SimplygonSwarm (143)
[2017.05.10-09.41.32:439][140]LogModuleManager: Shutting down and abandoning module SimplygonMeshReduction (141)
[2017.05.10-09.41.32:439][140]LogModuleManager: Shutting down and abandoning module QuadricMeshReduction (139)
[2017.05.10-09.41.32:439][140]LogModuleManager: Shutting down and abandoning module PropertyEditor (137)
[2017.05.10-09.41.32:439][140]LogModuleManager: Shutting down and abandoning module DerivedDataCache (134)
[2017.05.10-09.41.32:478][140]LogDerivedDataCache: Shutdown
[2017.05.10-09.41.32:478][140]LogModuleManager: Shutting down and abandoning module TargetPlatform (132)
[2017.05.10-09.41.32:478][140]LogModuleManager: Shutting down and abandoning module VulkanShaderFormat (131)
[2017.05.10-09.41.32:494][140]LogModuleManager: Shutting down and abandoning module ShaderFormatOpenGL (129)
[2017.05.10-09.41.32:527][140]LogModuleManager: Shutting down and abandoning module ShaderFormatD3D (127)
[2017.05.10-09.41.32:527][140]LogModuleManager: Shutting down and abandoning module MetalShaderFormat (125)
[2017.05.10-09.41.32:566][140]LogModuleManager: Shutting down and abandoning module TextureFormatUncompressed (123)
[2017.05.10-09.41.32:566][140]LogModuleManager: Shutting down and abandoning module TextureFormatPVR (121)
[2017.05.10-09.41.32:566][140]LogModuleManager: Shutting down and abandoning module TextureFormatDXT (119)
[2017.05.10-09.41.32:566][140]LogModuleManager: Shutting down and abandoning module TextureFormatIntelISPCTexComp (117)
[2017.05.10-09.41.32:566][140]LogModuleManager: Shutting down and abandoning module TextureFormatASTC (115)
[2017.05.10-09.41.32:566][140]LogModuleManager: Shutting down and abandoning module ImageWrapper (114)
[2017.05.10-09.41.32:566][140]LogModuleManager: Shutting down and abandoning module TextureFormatAndroid (111)
[2017.05.10-09.41.32:566][140]LogModuleManager: Shutting down and abandoning module AudioFormatOpus (109)
[2017.05.10-09.41.32:587][140]LogModuleManager: Shutting down and abandoning module AudioFormatOgg (107)
[2017.05.10-09.41.32:587][140]LogModuleManager: Shutting down and abandoning module AudioFormatADPCM (105)
[2017.05.10-09.41.32:587][140]LogModuleManager: Shutting down and abandoning module LinuxTargetPlatform (103)
[2017.05.10-09.41.32:587][140]LogModuleManager: Shutting down and abandoning module LinuxServerTargetPlatform (101)
[2017.05.10-09.41.32:587][140]LogModuleManager: Shutting down and abandoning module LinuxNoEditorTargetPlatform (99)
[2017.05.10-09.41.32:587][140]LogModuleManager: Shutting down and abandoning module LinuxClientTargetPlatform (97)
[2017.05.10-09.41.32:587][140]LogModuleManager: Shutting down and abandoning module TVOSTargetPlatform (95)
[2017.05.10-09.41.32:587][140]LogModuleManager: Shutting down and abandoning module Messaging (93)
[2017.05.10-09.41.32:587][140]LogModuleManager: Shutting down and abandoning module IOSTargetPlatform (91)
[2017.05.10-09.41.32:587][140]LogModuleManager: Shutting down and abandoning module HTML5TargetPlatform (89)
[2017.05.10-09.41.32:587][140]LogModuleManager: Shutting down and abandoning module Android_PVRTCTargetPlatform (87)
[2017.05.10-09.41.32:587][140]LogModuleManager: Shutting down and abandoning module Android_MultiTargetPlatform (85)
[2017.05.10-09.41.32:587][140]LogModuleManager: Shutting down and abandoning module Android_ETC2TargetPlatform (83)
[2017.05.10-09.41.32:587][140]LogModuleManager: Shutting down and abandoning module Android_ETC1TargetPlatform (81)
[2017.05.10-09.41.32:587][140]LogModuleManager: Shutting down and abandoning module Android_DXTTargetPlatform (79)
[2017.05.10-09.41.32:587][140]LogModuleManager: Shutting down and abandoning module Android_ATCTargetPlatform (77)
[2017.05.10-09.41.32:587][140]LogModuleManager: Shutting down and abandoning module Android_ASTCTargetPlatform (75)
[2017.05.10-09.41.32:587][140]LogModuleManager: Shutting down and abandoning module AndroidTargetPlatform (73)
[2017.05.10-09.41.32:587][140]LogModuleManager: Shutting down and abandoning module WindowsTargetPlatform (71)
[2017.05.10-09.41.32:587][140]LogModuleManager: Shutting down and abandoning module WindowsServerTargetPlatform (69)
[2017.05.10-09.41.32:587][140]LogModuleManager: Shutting down and abandoning module WindowsNoEditorTargetPlatform (67)
[2017.05.10-09.41.32:587][140]LogModuleManager: Shutting down and abandoning module WindowsClientTargetPlatform (65)
[2017.05.10-09.41.32:587][140]LogModuleManager: Shutting down and abandoning module MacTargetPlatform (63)
[2017.05.10-09.41.32:587][140]LogModuleManager: Shutting down and abandoning module MacServerTargetPlatform (61)
[2017.05.10-09.41.32:587][140]LogModuleManager: Shutting down and abandoning module MacNoEditorTargetPlatform (59)
[2017.05.10-09.41.32:587][140]LogModuleManager: Shutting down and abandoning module MacClientTargetPlatform (57)
[2017.05.10-09.41.32:587][140]LogModuleManager: Shutting down and abandoning module AllDesktopTargetPlatform (55)
[2017.05.10-09.41.32:587][140]LogModuleManager: Shutting down and abandoning module InputCore (52)
[2017.05.10-09.41.32:587][140]LogModuleManager: Shutting down and abandoning module Settings (50)
[2017.05.10-09.41.32:587][140]LogModuleManager: Shutting down and abandoning module OculusRift (48)
[2017.05.10-09.41.32:600][140]LogModuleManager: Shutting down and abandoning module GearVR (46)
[2017.05.10-09.41.32:600][140]LogModuleManager: Shutting down and abandoning module ExampleDeviceProfileSelector (44)
[2017.05.10-09.41.32:600][140]LogModuleManager: Shutting down and abandoning module OnlineBlueprintSupport (42)
[2017.05.10-09.41.32:600][140]LogModuleManager: Shutting down and abandoning module OnlineSubsystem (38)
[2017.05.10-09.41.32:600][140]LogOnline:Display: Unloading online subsystem: NULL
[2017.05.10-09.41.32:661][140]LogModuleManager: Shutting down and abandoning module XMPP (37)
[2017.05.10-09.41.32:686][140]LogModuleManager: Shutting down and abandoning module HTTP (35)
[2017.05.10-09.41.32:700][140]LogHttp:Display: Http module shutting down, but needs to wait on 1 outstanding Http requests:
[2017.05.10-09.41.32:700][140]LogHttp:Display: 	verb=[POST] url=[https://datarouter.ol.epicgames.com/datarouter/api/v1/public/data?SessionID=%7B15580F65-419F-ABA6-0E30-829B7DCFA61B%7D&AppID=UEEditor.Rocket.Release&AppVersion=4.15.1-3348071%2B%2B%2BUE4%2BRelease-4.15&UserID=32a836f54a69625fd74255b8f28df338%7C1968c17eba254ed9b4bf8b1be1637d8f%7C3fa134da-b9a2-4079-8632-9954fbbaa8c2&AppEnvironment=datacollector-binary&UploadType=eteventstream] status=Processing
[2017.05.10-09.41.32:722][140]LogModuleManager: Shutting down and abandoning module SSL (34)
[2017.05.10-09.41.32:740][140]LogModuleManager: Shutting down and abandoning module AudioEditor (30)
[2017.05.10-09.41.32:753][140]LogModuleManager: Shutting down and abandoning module TextureCompressor (28)
[2017.05.10-09.41.32:753][140]LogModuleManager: Shutting down and abandoning module ShaderCore (26)
[2017.05.10-09.41.32:753][140]LogModuleManager: Shutting down and abandoning module Landscape (24)
[2017.05.10-09.41.32:753][140]LogModuleManager: Shutting down and abandoning module SlateRHIRenderer (22)
[2017.05.10-09.41.32:776][140]LogModuleManager: Shutting down and abandoning module OpenGLDrv (20)
[2017.05.10-09.41.32:784][140]LogModuleManager: Shutting down and abandoning module D3D11RHI (18)
[2017.05.10-09.41.32:784][140]LogModuleManager: Shutting down and abandoning module AnimGraphRuntime (16)
[2017.05.10-09.41.32:823][140]LogModuleManager: Shutting down and abandoning module Renderer (14)
[2017.05.10-09.41.32:823][140]LogModuleManager: Shutting down and abandoning module Engine (12)
[2017.05.10-09.41.32:823][140]LogModuleManager: Shutting down and abandoning module CoreUObject (10)
[2017.05.10-09.41.32:823][140]LogModuleManager: Shutting down and abandoning module NetworkFile (8)
[2017.05.10-09.41.32:823][140]LogModuleManager: Shutting down and abandoning module StreamingFile (6)
[2017.05.10-09.41.32:823][140]LogModuleManager: Shutting down and abandoning module SandboxFile (4)
[2017.05.10-09.41.32:823][140]LogModuleManager: Shutting down and abandoning module PakFile (2)
[2017.05.10-09.41.32:848][140]LogExit: Exiting.
[2017.05.10-09.41.32:849][140]Log file closed, 05/10/17 11:41:32
