Log file open, 07/10/17 11:50:53
LogInit:Display: Running engine for game: CreativeKeepers
LogPlatformFile: Not using cached read wrapper
LogInit:Display: RandInit(590620125) SRandInit(590620125).
LogTaskGraph: Started task graph with 5 named threads and 6 total threads with 1 sets of task threads.
LogStats: Stats thread started at 1.882474
LogInit: Using libcurl 7.47.1
LogInit:  - built for x86_64-pc-win32
LogInit:  - supports SSL with OpenSSL/1.0.2g
LogInit:  - supports HTTP deflate (compression) using libz 1.2.8
LogInit:  - other features:
LogInit:      CURL_VERSION_SSL
LogInit:      CURL_VERSION_LIBZ
LogInit:      CURL_VERSION_IPV6
LogInit:      CURL_VERSION_ASYNCHDNS
LogInit:      CURL_VERSION_LARGEFILE
LogInit:      CURL_VERSION_IDN
LogInit:  CurlRequestOptions (configurable via config and command line):
LogInit:  - bVerifyPeer = false  - Libcurl will NOT verify peer certificate
LogInit:  - bUseHttpProxy = false  - Libcurl will NOT use HTTP proxy
LogInit:  - bDontReuseConnections = false  - Libcurl will reuse connections
LogInit:  - CertBundlePath = nullptr  - Libcurl will use whatever was configured at build time.
LogInit: Build: ++UE4+Release-4.15-CL-3348071
LogInit: Engine Version: 4.15.1-3348071+++UE4+Release-4.15
LogInit: Compatible Engine Version: 4.15.0-3299760+++UE4+Release-4.15
LogInit: Net CL: 3299760
LogDevObjectVersion: Number of dev versions registered: 14
LogDevObjectVersion:   Dev-Blueprints (B0D832E4-1F89-4F0D-ACCF-7EB736FD4AA2): 8
LogDevObjectVersion:   Dev-Build (E1C64328-A22C-4D53-A36C-8E866417BD8C): 0
LogDevObjectVersion:   Dev-Core (375EC13C-06E4-48FB-B500-84F0262A717E): 2
LogDevObjectVersion:   Dev-Editor (E4B068ED-F494-42E9-A231-DA0B2E46BB41): 14
LogDevObjectVersion:   Dev-Framework (CFFC743F-43B0-4480-9391-14DF171D2073): 22
LogDevObjectVersion:   Dev-Mobile (B02B49B5-BB20-44E9-A304-32B752E40360): 0
LogDevObjectVersion:   Dev-Networking (A4E4105C-59A1-49B5-A7C5-40C4547EDFEE): 0
LogDevObjectVersion:   Dev-Online (39C831C9-5AE6-47DC-9A44-9C173E1C8E7C): 0
LogDevObjectVersion:   Dev-Physics (78F01B33-EBEA-4F98-B9B4-84EACCB95AA2): 0
LogDevObjectVersion:   Dev-Platform (6631380F-2D4D-43E0-8009-CF276956A95A): 0
LogDevObjectVersion:   Dev-Rendering (12F88B9F-8875-4AFC-A67C-D90C383ABD29): 12
LogDevObjectVersion:   Dev-Sequencer (7B5AE74C-D270-4C10-A958-57980B212A5A): 3
LogDevObjectVersion:   Dev-VR (D7296918-1DD6-4BDD-9DE2-64A83CC13884): 0
LogDevObjectVersion:   Dev-LoadTimes (C2A15278-BFE7-4AFE-6C17-90FF531DF755): 1
LogInit: Compiled (64-bit): Mar 15 2017 16:52:47
LogInit: Compiled with Visual C++: 19.00.23026.00
LogInit: Build Configuration: Development
LogInit: Branch Name: ++UE4+Release-4.15
LogInit: Command line:  
LogInit: Base directory: D:/Programas/UE_4.15/Engine/Binaries/Win64/
LogInit: Installed Engine Build: 1
LogInit: Presizing for max 8388607 objects, including 0 objects not considered by GC, pre-allocating 0 bytes for permanent pool.
LogInit: Object subsystem initialized
[2017.07.10-09.50.54:733][  0]LogInit: Selected Device Profile: [Windows]
[2017.07.10-09.50.54:733][  0]LogInit: Applying CVar settings loaded from the selected device profile: [Windows]
[2017.07.10-09.50.54:789][  0]LogInit: Computer: DESKTOP-QMJBIV2
[2017.07.10-09.50.54:789][  0]LogInit: User: Grego
[2017.07.10-09.50.54:789][  0]LogInit: CPU Page size=65536, Cores=2
[2017.07.10-09.50.54:789][  0]LogInit: High frequency timer resolution =3.609374 MHz
[2017.07.10-09.50.54:789][  0]LogMemory: Memory total: Physical=8.0GB (8GB approx)
[2017.07.10-09.50.54:789][  0]LogMemory: Platform Memory Stats for Windows
[2017.07.10-09.50.54:789][  0]LogMemory: Process Physical Memory: 261.56 MB used, 261.56 MB peak
[2017.07.10-09.50.54:789][  0]LogMemory: Process Virtual Memory: 262.01 MB used, 262.01 MB peak
[2017.07.10-09.50.54:789][  0]LogMemory: Physical Memory: 3505.70 MB used,  4649.38 MB free, 8155.07 MB total
[2017.07.10-09.50.54:789][  0]LogMemory: Virtual Memory: 642.96 MB used,  4649.38 MB free, 134217728.00 MB total
[2017.07.10-09.50.55:300][  0]LogInit: Overriding culture en with editor configuration.
[2017.07.10-09.50.56:280][  0]LogD3D11RHI: D3D11 adapters:
[2017.07.10-09.50.56:760][  0]LogD3D11RHI:    0. 'NVIDIA GeForce GTX 1060 6GB' (Feature Level 11_0)
[2017.07.10-09.50.56:760][  0]LogD3D11RHI:       6084/0/4077 MB DedicatedVideo/DedicatedSystem/SharedSystem, Outputs:1, VendorId:0x10de
[2017.07.10-09.50.56:761][  0]LogD3D11RHI:    1. 'Microsoft Basic Render Driver' (Feature Level 11_0)
[2017.07.10-09.50.56:761][  0]LogD3D11RHI:       0/0/4077 MB DedicatedVideo/DedicatedSystem/SharedSystem, Outputs:0, VendorId:0x1414
[2017.07.10-09.50.56:761][  0]LogD3D11RHI: Chosen D3D11 Adapter: 0
[2017.07.10-09.50.56:782][  0]LogD3D11RHI: Creating new Direct3DDevice
[2017.07.10-09.50.56:782][  0]LogD3D11RHI:     GPU DeviceId: 0x1c03 (for the marketing name, search the web for "GPU Device Id")
[2017.07.10-09.50.56:782][  0]LogWindows: EnumDisplayDevices:
[2017.07.10-09.50.56:782][  0]LogWindows:    0. 'NVIDIA GeForce GTX 1060 6GB' (P:1 D:1)
[2017.07.10-09.50.56:782][  0]LogWindows:    1. 'NVIDIA GeForce GTX 1060 6GB' (P:0 D:0)
[2017.07.10-09.50.56:782][  0]LogWindows:    2. 'NVIDIA GeForce GTX 1060 6GB' (P:0 D:0)
[2017.07.10-09.50.56:782][  0]LogWindows:    3. 'NVIDIA GeForce GTX 1060 6GB' (P:0 D:0)
[2017.07.10-09.50.56:783][  0]LogWindows: DebugString: FoundDriverCount:4 
[2017.07.10-09.50.56:783][  0]LogD3D11RHI:     Adapter Name: NVIDIA GeForce GTX 1060 6GB
[2017.07.10-09.50.56:783][  0]LogD3D11RHI:   Driver Version: 382.53 (internal:22.21.13.8253, unified:382.53)
[2017.07.10-09.50.56:783][  0]LogD3D11RHI:      Driver Date: 6-7-2017
[2017.07.10-09.50.56:783][  0]LogRHI: Texture pool is 1361 MB (70% of 1945 MB)
[2017.07.10-09.50.57:240][  0]LogD3D11RHI: Async texture creation enabled
[2017.07.10-09.50.57:464][  0]LogD3D11RHI: GPU Timing Frequency: 1000.000000 (Debug: 2 1)
[2017.07.10-09.50.57:572][  0]LogShaderCompilers: Guid format shader working directory is 11 characters bigger than the processId version (../../../../../TFG/CreativeKeepers/Intermediate/Shaders/WorkingDirectory/10988/).
[2017.07.10-09.50.57:572][  0]LogShaderCompilers: Cleaned the shader compiler working directory 'C:/Users/Grego/AppData/Local/Temp/UnrealShaderWorkingDir/3B1994824D7EA322DD14A0A22480B1BF/'.
[2017.07.10-09.50.57:579][  0]LogShaderCompilers:Display: Using Local Shader Compiler.
[2017.07.10-09.50.59:307][  0]LogTemp:Display: Loaded TP AllDesktopTargetPlatform
[2017.07.10-09.50.59:344][  0]LogTemp:Display: Loaded TP MacClientTargetPlatform
[2017.07.10-09.50.59:381][  0]LogTemp:Display: Loaded TP MacNoEditorTargetPlatform
[2017.07.10-09.50.59:418][  0]LogTemp:Display: Loaded TP MacServerTargetPlatform
[2017.07.10-09.50.59:475][  0]LogTemp:Display: Loaded TP MacTargetPlatform
[2017.07.10-09.50.59:513][  0]LogTemp:Display: Loaded TP WindowsClientTargetPlatform
[2017.07.10-09.50.59:550][  0]LogTemp:Display: Loaded TP WindowsNoEditorTargetPlatform
[2017.07.10-09.50.59:587][  0]LogTemp:Display: Loaded TP WindowsServerTargetPlatform
[2017.07.10-09.50.59:616][  0]LogTemp:Display: Loaded TP WindowsTargetPlatform
[2017.07.10-09.50.59:653][  0]LogTemp:Display: Loaded TP AndroidTargetPlatform
[2017.07.10-09.50.59:691][  0]LogTemp:Display: Loaded TP Android_ASTCTargetPlatform
[2017.07.10-09.50.59:727][  0]LogTemp:Display: Loaded TP Android_ATCTargetPlatform
[2017.07.10-09.50.59:764][  0]LogTemp:Display: Loaded TP Android_DXTTargetPlatform
[2017.07.10-09.50.59:801][  0]LogTemp:Display: Loaded TP Android_ETC1TargetPlatform
[2017.07.10-09.50.59:837][  0]LogTemp:Display: Loaded TP Android_ETC2TargetPlatform
[2017.07.10-09.50.59:910][  0]LogTemp:Display: Loaded TP Android_MultiTargetPlatform
[2017.07.10-09.50.59:910][  0]LogTemp:Display: Loaded TP Android_PVRTCTargetPlatform
[2017.07.10-09.50.59:934][  0]LogTemp:Display: Loaded TP HTML5TargetPlatform
[2017.07.10-09.51.00:048][  0]LogTemp:Display: Loaded TP IOSTargetPlatform
[2017.07.10-09.51.00:083][  0]LogTemp:Display: Loaded TP TVOSTargetPlatform
[2017.07.10-09.51.00:125][  0]LogTemp:Display: Loaded TP LinuxClientTargetPlatform
[2017.07.10-09.51.00:171][  0]LogTemp:Display: Loaded TP LinuxNoEditorTargetPlatform
[2017.07.10-09.51.00:207][  0]LogTemp:Display: Loaded TP LinuxServerTargetPlatform
[2017.07.10-09.51.00:245][  0]LogTemp:Display: Loaded TP LinuxTargetPlatform
[2017.07.10-09.51.00:245][  0]LogTargetPlatformManager:Display: Building Assets For Windows
[2017.07.10-09.51.00:978][  0]LogDerivedDataCache:Display: Max Cache Size: 512 MB
[2017.07.10-09.51.01:297][  0]LogDerivedDataCache: Loaded boot cache 0.32s 50MB C:/Users/Grego/AppData/Local/UnrealEngine/4.15/DerivedDataCache/Boot.ddc.
[2017.07.10-09.51.01:297][  0]LogDerivedDataCache:Display: Loaded Boot cache: C:/Users/Grego/AppData/Local/UnrealEngine/4.15/DerivedDataCache/Boot.ddc
[2017.07.10-09.51.01:297][  0]LogDerivedDataCache: FDerivedDataBackendGraph:  Pak pak cache file ../../../../../TFG/CreativeKeepers/DerivedDataCache/DDC.ddp not found, will not use a pak cache.
[2017.07.10-09.51.01:297][  0]LogDerivedDataCache: Unable to find inner node Pak for hierarchical cache Hierarchy.
[2017.07.10-09.51.01:297][  0]LogDerivedDataCache: FDerivedDataBackendGraph:  CompressedPak pak cache file ../../../../../TFG/CreativeKeepers/DerivedDataCache/Compressed.ddp not found, will not use a pak cache.
[2017.07.10-09.51.01:297][  0]LogDerivedDataCache: Unable to find inner node CompressedPak for hierarchical cache Hierarchy.
[2017.07.10-09.51.01:343][  0]LogDerivedDataCache:Display: Pak cache opened for reading ../../../Engine/DerivedDataCache/Compressed.ddp.
[2017.07.10-09.51.01:356][  0]LogDerivedDataCache: Using Local data cache path C:/Users/Grego/AppData/Local/UnrealEngine/Common/DerivedDataCache: Writable
[2017.07.10-09.51.01:550][  0]LogSlate: Using Freetype 2.6.0
[2017.07.10-09.51.01:670][  0]LogSlate: SlateFontCache - WITH_FREETYPE: 1, WITH_HARFBUZZ: 1
[2017.07.10-09.51.01:670][  0]LogSlate: SlateFontCache - WITH_FREETYPE: 1, WITH_HARFBUZZ: 1
[2017.07.10-09.51.06:492][  0]LogInit: Selected Device Profile: [Windows]
[2017.07.10-09.51.06:565][  0]LogContentStreaming: Texture pool size is 0.00 MB
[2017.07.10-09.51.06:959][  0]LogMeshUtilities: Using QuadricMeshReduction for automatic static mesh reduction
[2017.07.10-09.51.06:991][  0]LogSimplygon: Simplygon DLL not present - disabling.
[2017.07.10-09.51.07:027][  0]LogMeshUtilities: Using SimplygonSwarm for distributed automatic mesh merging
[2017.07.10-09.51.07:027][  0]LogMeshUtilities: No automatic skeletal mesh reduction module available
[2017.07.10-09.51.07:027][  0]LogMeshUtilities: No automatic mesh merging module available
[2017.07.10-09.51.09:645][  0]LogNetVersion: GetLocalNetworkVersion: CL: 3299760, ProjectName: creativekeepers, ProjectVersion: , EngineNetworkVersion: 2, GameNetworkVersion: 0, NetworkChecksum: 1593119604
[2017.07.10-09.51.09:732][  0]LogAssetRegistry: FAssetRegistry took 0.0224 seconds to start up
[2017.07.10-09.51.09:855][  0]LogPackageLocalizationCache: Processed 3 localized package path(s) for 1 prioritized culture(s) in 0.104844 seconds
[2017.07.10-09.51.09:875][  0]LogUObjectArray: 32493 objects as part of root set at end of initial load.
[2017.07.10-09.51.09:875][  0]LogUObjectAllocator: 7077032 out of 0 bytes used by permanent object pool.
[2017.07.10-09.51.09:875][  0]LogUObjectArray: CloseDisregardForGC: 0/0 objects in disregard for GC pool
[2017.07.10-09.51.09:913][  0]LogInit: WinSock: version 1.1 (2.2), MaxSocks=32767, MaxUdp=65467
[2017.07.10-09.51.16:773][  0]LogTcpMessaging: Initializing TcpMessaging bridge
[2017.07.10-09.51.16:812][  0]LogUdpMessaging: Initializing bridge on interface 0.0.0.0:0 to multicast group 230.0.0.1:6666.
[2017.07.10-09.51.17:554][  0]LogMaterial: Uniform references updated for custom material expression Custom.
[2017.07.10-09.51.17:964][  0]SourceControl: Info Source control is disabled
[2017.07.10-09.51.17:965][  0]SourceControl: Info Source control is disabled
[2017.07.10-09.51.18:025][  0]SourceControl: Info Source control is disabled
[2017.07.10-09.51.18:058][  0]SourceControl: Info Source control is disabled
[2017.07.10-09.51.19:330][  0]LogEngine: Initializing Engine...
[2017.07.10-09.51.19:331][  0]LogHMD: Failed to initialize OpenVR with code 110
[2017.07.10-09.51.20:003][  0]LogAIModule: Creating AISystem for world Untitled
[2017.07.10-09.51.20:072][  0]LogInit: XAudio2 using 'Altavoces (Realtek High Definition Audio)' : 2 channels at 48 kHz using 32 bits per sample (channel mask 0x3)
[2017.07.10-09.51.20:086][  0]LogInit: FAudioDevice initialized.
[2017.07.10-09.51.20:107][  0]LogDerivedDataCache: Saved boot cache 0.02s 50MB C:/Users/Grego/AppData/Local/UnrealEngine/4.15/DerivedDataCache/Boot.ddc.
[2017.07.10-09.51.20:109][  0]LogInit: Texture streaming: Enabled
[2017.07.10-09.51.20:193][  0]LogEngineSessionManager: EngineSessionManager initialized
[2017.07.10-09.51.20:849][  0]LogInit: Transaction tracking system initialized
[2017.07.10-09.51.22:119][  0]BlueprintLog: New page: Editor Load
[2017.07.10-09.51.23:580][  0]LocalizationService: Info Localization service is disabled
[2017.07.10-09.51.24:406][  0]LogConsoleResponse:Display: 
[2017.07.10-09.51.25:742][  0]LogFileCache: Scanning file cache for directory 'D:/TFG/CreativeKeepers/Content/' took 0.02s
[2017.07.10-09.51.25:742][  0]LogCook:Display: Max memory allowance for cook 16384mb min free memory 0mb
[2017.07.10-09.51.25:742][  0]LogCook:Display: Mobile HDR setting 1
[2017.07.10-09.51.27:435][  0]SourceControl: Info Source control is disabled
[2017.07.10-09.51.27:491][  0]Cmd: MAP LOAD FILE="../../../../../TFG/CreativeKeepers/Content/test.umap" TEMPLATE=0 SHOWPROGRESS=1 FEATURELEVEL=3
[2017.07.10-09.51.27:500][  0]LightingResults: New page: Lighting Build
[2017.07.10-09.51.27:780][  0]MapCheck: New page: Map Check
[2017.07.10-09.51.27:780][  0]LightingResults: New page: Lighting Build
[2017.07.10-09.51.30:031][  0]LogAIModule: Creating AISystem for world test
[2017.07.10-09.51.30:242][  0]LogEditorServer: Finished looking for orphan Actors (0.000 secs)
[2017.07.10-09.51.30:311][  0]Cmd: MAP CHECKDEP NOCLEARLOG
[2017.07.10-09.51.30:346][  0]MapCheck: Info Map check complete: 0 Error(s), 0 Warning(s), took 35.992ms to complete.
[2017.07.10-09.51.30:346][  0]LogFileHelpers: Loading map 'test' took 2.865
[2017.07.10-09.51.32:560][  0]LogCollectionManager: Loaded 0 collections in 0.000691 seconds
[2017.07.10-09.51.32:812][  0]LogFileCache: Scanning file cache for directory 'D:/TFG/CreativeKeepers/Saved/Collections/' took 0.01s
[2017.07.10-09.51.32:812][  0]LogFileCache: Scanning file cache for directory 'D:/TFG/CreativeKeepers/Content/Developers/Grego/Collections/' took 0.01s
[2017.07.10-09.51.32:812][  0]LogFileCache: Scanning file cache for directory 'D:/TFG/CreativeKeepers/Content/Collections/' took 0.01s
[2017.07.10-09.51.32:812][  0]LogCollectionManager: Rebuilt the GUID cache for 0 collections in 0.000002 seconds
[2017.07.10-09.51.32:849][  0]LogContentBrowser: Native class hierarchy populated in 0.0203 seconds. Added 2245 classes and 453 folders.
[2017.07.10-09.51.32:963][  0]LogStats: UGameplayTagsManager::ConstructGameplayTagTree: Construct from data asset -  0.000 s
[2017.07.10-09.51.32:964][  0]LogStats: UGameplayTagsManager::ConstructGameplayTagTree: GameplayTagTreeChangedEvent.Broadcast -  0.000 s
[2017.07.10-09.51.33:049][  0]LogContentBrowser: Native class hierarchy updated for 'WidgetCarousel' in 0.0004 seconds. Added 0 classes and 0 folders.
[2017.07.10-09.51.34:255][  0]LogContentBrowser: Native class hierarchy updated for 'AddContentDialog' in 0.0004 seconds. Added 0 classes and 0 folders.
[2017.07.10-09.51.34:327][  0]LogContentBrowser: Native class hierarchy updated for 'SceneOutliner' in 0.0004 seconds. Added 1 classes and 2 folders.
[2017.07.10-09.51.34:952][  0]LogCrashTracker: Crashtracker disabled due to settings.
[2017.07.10-09.51.35:068][  0]LogUObjectGlobals:Warning: Failed to find object 'Class None.'
[2017.07.10-09.51.35:260][  0]LogContentBrowser: Native class hierarchy updated for 'HierarchicalLODOutliner' in 0.0004 seconds. Added 1 classes and 2 folders.
[2017.07.10-09.51.35:260][  0]LogLoad: (Engine Initialization) Total time: 46.99 seconds
[2017.07.10-09.51.35:260][  0]LogLoad: (Engine Initialization) Total Blueprint compile time: 0.67 seconds
[2017.07.10-09.51.35:260][  0]LogExternalProfiler: No external profilers were discovered.  External profiling features will not be available.
[2017.07.10-09.51.35:628][  0]LogOcInput: OculusInput pre-init called
[2017.07.10-09.51.35:792][  0]LogContentStreaming: Texture pool size now 1000 MB
[2017.07.10-09.51.35:854][  0]LogSlate: Took 0.021248 seconds to synchronously load lazily loaded font '../../../Engine/Content/Slate/Fonts/Roboto-Regular.ttf' (155K)
[2017.07.10-09.51.35:860][  0]LogSlate: Took 0.002230 seconds to synchronously load lazily loaded font '../../../Engine/Content/Slate/Fonts/Roboto-Bold.ttf' (160K)
[2017.07.10-09.51.35:880][  0]LogSlate: Took 0.005332 seconds to synchronously load lazily loaded font '../../../Engine/Content/Editor/Slate/Fonts/FontAwesome.ttf' (139K)
[2017.07.10-09.51.36:093][  0]LogSlate: Took 0.009268 seconds to synchronously load lazily loaded font '../../../Engine/Content/Slate/Fonts/Roboto-Light.ttf' (159K)
[2017.07.10-09.51.36:161][  0]LogRenderer: Reallocating scene render targets to support 1208x576 NumSamples 1 (Frame:2).
[2017.07.10-09.51.36:476][  1]LogAssetRegistry: Asset discovery search completed in 26.7660 seconds
[2017.07.10-09.51.36:505][  1]LogCollectionManager: Rebuilt the object cache for 0 collections in 0.021964 seconds (found 0 objects)
[2017.07.10-09.51.36:505][  1]LogCollectionManager: Fixed up redirectors for 0 collections in 0.028109 seconds (updated 0 objects)
[2017.07.10-10.14.20:332][764]LogSlate: Took 0.005080 seconds to synchronously load lazily loaded font '../../../Engine/Content/Slate/Fonts/Roboto-Light.ttf' (159K)
[2017.07.10-10.14.20:882][764]LogSlate: Took 0.011172 seconds to synchronously load lazily loaded font '../../../Engine/Content/Slate/Fonts/Roboto-Regular.ttf' (155K)
[2017.07.10-10.14.21:103][764]LogContentBrowser: Native class hierarchy updated for 'BlueprintGraph' in 0.0007 seconds. Added 112 classes and 0 folders.
[2017.07.10-10.14.22:361][764]LogSlate: Took 0.010841 seconds to synchronously load lazily loaded font '../../../Engine/Content/Editor/Slate/Fonts/Roboto-BoldCondensed.ttf' (158K)
[2017.07.10-10.19.00:679][416]LogSlate: Took 0.005996 seconds to synchronously load lazily loaded font '../../../Engine/Content/Editor/Slate/Fonts/Roboto-Italic.ttf' (157K)
[2017.07.10-10.21.50:025][464]LogActorComponent: UnregisterComponent: (/Engine/Transient.EditorFloorComp) Not registered. Aborting.
[2017.07.10-10.22.11:763][976]BlueprintLog: New page: Compile obj-bulletElfen
[2017.07.10-10.22.12:289][976]Cmd: OBJ SAVEPACKAGE PACKAGE="/Game/Elfen/obj-bulletElfen" FILE="../../../../../TFG/CreativeKeepers/Content/Elfen/obj-bulletElfen.uasset" SILENT=true
[2017.07.10-10.22.12:387][976]LogSavePackage: Save=67.85ms
[2017.07.10-10.22.12:387][976]LogSavePackage: Moving '../../../../../TFG/CreativeKeepers/Saved/obj-bulletElfenBD24EB384527CEB5510921B42A63B98C.tmp' to '../../../../../TFG/CreativeKeepers/Content/Elfen/obj-bulletElfen.uasset'
[2017.07.10-10.22.12:396][976]LogSavePackage:Display: Finished SavePackage ../../../../../TFG/CreativeKeepers/Content/Elfen/obj-bulletElfen.uasset
[2017.07.10-10.28.29:775][227]LogActorComponent: UnregisterComponent: (/Engine/Transient.EditorFloorComp) Not registered. Aborting.
[2017.07.10-10.42.57:164][958]LogSlate: Took 0.000149 seconds to synchronously load lazily loaded font '../../../Engine/Content/Slate/Fonts/Roboto-Light.ttf' (159K)
[2017.07.10-10.43.06:024][ 43]LogFileHelpers: Editor autosave (incl. sublevels) for '/Game/test' took 0.028
[2017.07.10-10.43.06:045][ 43]OBJ SavePackage: Generating thumbnails for [0] asset(s) in package [/Game/Enemies/obj-bulletEnemy] ([1] browsable assets)...
[2017.07.10-10.43.06:045][ 43]OBJ SavePackage: Finished generating thumbnails for package [/Game/Enemies/obj-bulletEnemy]
[2017.07.10-10.43.06:045][ 43]Cmd: OBJ SAVEPACKAGE PACKAGE="/Game/Enemies/obj-bulletEnemy" FILE="../../../../../TFG/CreativeKeepers/Saved/Autosaves/Game/Enemies/obj-bulletEnemy_Auto1.uasset" SILENT=false AUTOSAVING=true
[2017.07.10-10.43.06:073][ 43]LogSavePackage: Save=18.08ms
[2017.07.10-10.43.06:073][ 43]LogSavePackage: Moving '../../../../../TFG/CreativeKeepers/Saved/obj-bulletEnemy_Auto1B7C2FE1E4707007F1B1B8EBF47A4660A.tmp' to '../../../../../TFG/CreativeKeepers/Saved/Autosaves/Game/Enemies/obj-bulletEnemy_Auto1.uasset'
[2017.07.10-10.43.06:083][ 43]LogSavePackage:Display: Finished SavePackage ../../../../../TFG/CreativeKeepers/Saved/Autosaves/Game/Enemies/obj-bulletEnemy_Auto1.uasset
[2017.07.10-10.43.06:083][ 43]LogFileHelpers: Auto-saving content packages took 0.058
[2017.07.10-10.44.55:280][577]BlueprintLog: New page: Compile obj-bulletEnemy
[2017.07.10-10.44.55:804][607]Cmd: OBJ SAVEPACKAGE PACKAGE="/Game/Enemies/obj-bulletEnemy" FILE="../../../../../TFG/CreativeKeepers/Content/Enemies/obj-bulletEnemy.uasset" SILENT=true
[2017.07.10-10.44.55:827][607]LogSavePackage: Save=14.50ms
[2017.07.10-10.44.55:827][607]LogSavePackage: Moving '../../../../../TFG/CreativeKeepers/Saved/obj-bulletEnemy8E7AD0984E96507F74161784384E3EB3.tmp' to '../../../../../TFG/CreativeKeepers/Content/Enemies/obj-bulletEnemy.uasset'
[2017.07.10-10.44.55:830][607]LogSavePackage:Display: Finished SavePackage ../../../../../TFG/CreativeKeepers/Content/Enemies/obj-bulletEnemy.uasset
[2017.07.10-10.45.27:579][356]LogRenderer: Reallocating scene render targets to support 1208x900 NumSamples 1 (Frame:49533).
[2017.07.10-11.08.57:430][368]LogObjectTools:Warning: ForceReplaceReferences replaced references for a transient object 'UserConstructionScript' or package '/Engine/Transient'.
[2017.07.10-11.08.57:430][368]LogObjectTools:Warning: ForceReplaceReferences replaced references for a transient object 'DefaultSceneRoot' or package '/Engine/Transient'.
[2017.07.10-11.08.57:430][368]LogObjectTools:Warning: ForceReplaceReferences replaced references for a transient object 'DEADCLASS_objeto_C_1' or package '/Engine/Transient'.
[2017.07.10-11.08.57:445][368]LogObjectTools:Warning: ForceReplaceReferences replaced references for a transient object 'DefaultSceneRoot_GEN_VARIABLE' or package '/Engine/Transient'.
[2017.07.10-11.08.57:445][368]LogObjectTools:Warning: ForceReplaceReferences replaced references for a transient object 'SimpleConstructionScript_0' or package '/Engine/Transient'.
[2017.07.10-11.08.57:445][368]LogObjectTools:Warning: ForceReplaceReferences replaced references for a transient object 'DEADCLASS_objeto_C_0' or package '/Engine/Transient'.
[2017.07.10-11.08.57:445][368]LogObjectTools:Warning: ForceReplaceReferences replaced references for a transient object 'REINST_SKEL_objeto_C_145' or package '/Engine/Transient'.
[2017.07.10-11.08.57:445][368]LogObjectTools:Warning: ForceReplaceReferences replaced references for a transient object 'REINST_objeto_C_144' or package '/Engine/Transient'.
[2017.07.10-11.09.43:650][823]LogFileHelpers: Editor autosave (incl. sublevels) for '/Game/test' took 0.023
[2017.07.10-11.09.43:651][823]OBJ SavePackage: Generating thumbnails for [0] asset(s) in package [/Game/Objects/objeto] ([1] browsable assets)...
[2017.07.10-11.09.43:651][823]OBJ SavePackage: Finished generating thumbnails for package [/Game/Objects/objeto]
[2017.07.10-11.09.43:651][823]Cmd: OBJ SAVEPACKAGE PACKAGE="/Game/Objects/objeto" FILE="../../../../../TFG/CreativeKeepers/Saved/Autosaves/Game/Objects/objeto_Auto2.uasset" SILENT=false AUTOSAVING=true
[2017.07.10-11.09.43:663][823]LogSavePackage: Save=11.07ms
[2017.07.10-11.09.43:663][823]LogSavePackage: Moving '../../../../../TFG/CreativeKeepers/Saved/objeto_Auto2B7BBA1534A1E789738FB0F8DF00377FF.tmp' to '../../../../../TFG/CreativeKeepers/Saved/Autosaves/Game/Objects/objeto_Auto2.uasset'
[2017.07.10-11.09.43:689][823]LogSavePackage:Display: Finished SavePackage ../../../../../TFG/CreativeKeepers/Saved/Autosaves/Game/Objects/objeto_Auto2.uasset
[2017.07.10-11.09.43:689][823]LogFileHelpers: Auto-saving content packages took 0.038
[2017.07.10-11.10.46:745][359]LogSlate: Took 0.005597 seconds to synchronously load lazily loaded font '../../../Engine/Content/Editor/Slate/Fonts/Roboto-BoldCondensedItalic.ttf' (160K)
[2017.07.10-11.12.16:503][ 35]BlueprintLog: New page: Compile objeto
[2017.07.10-11.12.16:547][ 35]LogBlueprint:Error: [Compiler objeto] Error Could not find a pin for the parameter GameInstance of conseguirObjeto on  Conseguir Objeto
[2017.07.10-11.12.16:547][ 35]LogBlueprint:Error: [Compiler objeto] Error Pin  New Param  named NewParam doesn't match any parameters of function conseguirObjeto
[2017.07.10-11.12.16:699][ 35]BlueprintEditorCompileResults:Error: Error Could not find a pin for the parameter GameInstance of conseguirObjeto on  Conseguir Objeto
[2017.07.10-11.12.16:699][ 35]BlueprintEditorCompileResults:Error: Error Pin  New Param  named NewParam doesn't match any parameters of function conseguirObjeto
[2017.07.10-11.12.16:709][ 35]LogBlueprint:Warning: [Compiler objeto] Warning [4888.44] Compile of objeto failed. 2 Fatal Issue(s) 0 Warning(s) [in 205 ms] (/Game/Objects/objeto.objeto)
[2017.07.10-11.12.23:815][884]BlueprintLog: New page: Compile objeto
[2017.07.10-11.12.33:288][981]BlueprintLog: New page: Compile objeto
[2017.07.10-11.12.33:809][ 30]Cmd: OBJ SAVEPACKAGE PACKAGE="/Game/Objects/objeto" FILE="../../../../../TFG/CreativeKeepers/Content/Objects/objeto.uasset" SILENT=true
[2017.07.10-11.12.33:822][ 30]LogSavePackage: Save=11.48ms
[2017.07.10-11.12.33:822][ 30]LogSavePackage: Moving '../../../../../TFG/CreativeKeepers/Saved/objeto7AB85F1740BE7DE056B852B3FB6CE254.tmp' to '../../../../../TFG/CreativeKeepers/Content/Objects/objeto.uasset'
[2017.07.10-11.12.33:825][ 30]LogSavePackage:Display: Finished SavePackage ../../../../../TFG/CreativeKeepers/Content/Objects/objeto.uasset
[2017.07.10-11.12.47:071][605]BlueprintLog: New page: Compile objeto
[2017.07.10-11.12.48:175][718]Cmd: OBJ SAVEPACKAGE PACKAGE="/Game/Objects/objeto" FILE="../../../../../TFG/CreativeKeepers/Content/Objects/objeto.uasset" SILENT=true
[2017.07.10-11.12.48:196][718]LogSavePackage: Save=10.95ms
[2017.07.10-11.12.48:196][718]LogSavePackage: Moving '../../../../../TFG/CreativeKeepers/Saved/objetoADBA655749964DEE96AB52959010AE28.tmp' to '../../../../../TFG/CreativeKeepers/Content/Objects/objeto.uasset'
[2017.07.10-11.12.48:199][718]LogSavePackage:Display: Finished SavePackage ../../../../../TFG/CreativeKeepers/Content/Objects/objeto.uasset
[2017.07.10-11.13.35:676][330]BlueprintLog: New page: Compile objeto
[2017.07.10-11.13.36:219][376]Cmd: OBJ SAVEPACKAGE PACKAGE="/Game/Objects/objeto" FILE="../../../../../TFG/CreativeKeepers/Content/Objects/objeto.uasset" SILENT=true
[2017.07.10-11.13.36:237][376]LogSavePackage: Save=9.72ms
[2017.07.10-11.13.36:237][376]LogSavePackage: Moving '../../../../../TFG/CreativeKeepers/Saved/objeto8230E3DB47A705895EBBCDB42EA2016C.tmp' to '../../../../../TFG/CreativeKeepers/Content/Objects/objeto.uasset'
[2017.07.10-11.13.36:239][376]LogSavePackage:Display: Finished SavePackage ../../../../../TFG/CreativeKeepers/Content/Objects/objeto.uasset
[2017.07.10-11.15.24:074][167]LogSlate:Warning: Prevented a slow task dialog from being summoned while a context menu was open
[2017.07.10-11.15.29:936][862]LogBlueprint:Warning: Reparenting blueprint Blueprint /Game/Objects/obj-botiquin.obj-botiquin from Actor to objeto_C...
[2017.07.10-11.15.29:966][862]BlueprintLog: New page: Compile obj-botiquin
[2017.07.10-11.16.58:242][796]BlueprintLog: New page: Compile obj-botiquin
[2017.07.10-11.16.59:704][932]Cmd: OBJ SAVEPACKAGE PACKAGE="/Game/Objects/obj-botiquin" FILE="../../../../../TFG/CreativeKeepers/Content/Objects/obj-botiquin.uasset" SILENT=true
[2017.07.10-11.16.59:722][932]LogSavePackage: Save=8.20ms
[2017.07.10-11.16.59:722][932]LogSavePackage: Moving '../../../../../TFG/CreativeKeepers/Saved/obj-botiquinF005FE224980A1E67062CCB760C5DF52.tmp' to '../../../../../TFG/CreativeKeepers/Content/Objects/obj-botiquin.uasset'
[2017.07.10-11.16.59:724][932]LogSavePackage:Display: Finished SavePackage ../../../../../TFG/CreativeKeepers/Content/Objects/obj-botiquin.uasset
[2017.07.10-11.17.03:105][329]Cmd: OBJ SAVEPACKAGE PACKAGE="/Game/test" FILE="../../../../../TFG/CreativeKeepers/Content/test.umap" SILENT=true AUTOSAVING=false KEEPDIRTY=false
[2017.07.10-11.17.03:281][329]LogSavePackage: Save=133.33ms
[2017.07.10-11.17.03:281][329]LogSavePackage: Moving '../../../../../TFG/CreativeKeepers/Saved/test270F833E4190782A1191C6A136A3852E.tmp' to '../../../../../TFG/CreativeKeepers/Content/test.umap'
[2017.07.10-11.17.03:284][329]LogSavePackage:Display: Finished SavePackage ../../../../../TFG/CreativeKeepers/Content/test.umap
[2017.07.10-11.17.05:511][593]LogTemp: Repeting last play command: Selected Viewport
[2017.07.10-11.17.05:553][593]LogBlueprintUserMessages: Early PlayInEditor Detection: Level '/Game/test.test:PersistentLevel' has LevelScriptBlueprint '/Game/test.test:PersistentLevel.test' with GeneratedClass '/Game/test.test_C' with ClassGeneratedBy '/Game/test.test:PersistentLevel.test'
[2017.07.10-11.17.05:561][593]LogPlayLevel: PlayLevel: No blueprints needed recompiling
[2017.07.10-11.17.05:623][593]PIE: New page: PIE session: test (Jul 10, 2017, 3:17:05 PM)
[2017.07.10-11.17.05:642][593]LogPlayLevel: Creating play world package: /Game/UEDPIE_0_test
[2017.07.10-11.17.05:673][593]LogPlayLevel: PIE: StaticDuplicateObject took: (0.030240s)
[2017.07.10-11.17.05:673][593]LogAIModule: Creating AISystem for world test
[2017.07.10-11.17.05:673][593]LogPlayLevel: PIE: World Init took: (0.000620s)
[2017.07.10-11.17.05:681][593]LogPlayLevel: PIE: Created PIE world by copying editor world from /Game/test.test to /Game/UEDPIE_0_test.test (0.042621s)
[2017.07.10-11.17.05:733][593]LogInit: XAudio2 using 'Altavoces (Realtek High Definition Audio)' : 2 channels at 48 kHz using 32 bits per sample (channel mask 0x3)
[2017.07.10-11.17.05:743][593]LogInit: FAudioDevice initialized.
[2017.07.10-11.17.05:920][593]LogLoad: Game class is 'misc-gameMode_C'
[2017.07.10-11.17.06:007][593]LogWorld: Bringing World /Game/UEDPIE_0_test.test up for play (max tick rate 0) at 2017.07.10-13.17.06
[2017.07.10-11.17.06:056][593]LogWorld: Bringing up level for play took: 0.049830
[2017.07.10-11.17.06:271][593]LogContentBrowser: Native class hierarchy updated for 'MovieSceneCapture' in 0.0007 seconds. Added 11 classes and 0 folders.
[2017.07.10-11.17.06:352][593]PIE: Info Play in editor start time for /Game/UEDPIE_0_test 1.576
[2017.07.10-11.17.06:352][593]LogBlueprintUserMessages: Late PlayInEditor Detection: Level '/Game/test.test:PersistentLevel' has LevelScriptBlueprint '/Game/test.test:PersistentLevel.test' with GeneratedClass '/Game/test.test_C' with ClassGeneratedBy '/Game/test.test:PersistentLevel.test'
[2017.07.10-11.17.12:411][268]LogBlueprintUserMessages: Early EndPlayMap Detection: Level '/Game/test.test:PersistentLevel' has LevelScriptBlueprint '/Game/test.test:PersistentLevel.test' with GeneratedClass '/Game/test.test_C' with ClassGeneratedBy '/Game/test.test:PersistentLevel.test'
[2017.07.10-11.17.12:501][268]LogBlueprintUserMessages: Late EndPlayMap Detection: Level '/Game/test.test:PersistentLevel' has LevelScriptBlueprint '/Game/test.test:PersistentLevel.test' with GeneratedClass '/Game/test.test_C' with ClassGeneratedBy '/Game/test.test:PersistentLevel.test'
[2017.07.10-11.17.23:831][613]Cmd: OBJ SAVEPACKAGE PACKAGE="/Game/Objects/obj-botiquin" FILE="../../../../../TFG/CreativeKeepers/Content/Objects/obj-botiquin.uasset" SILENT=true
[2017.07.10-11.17.23:846][613]LogSavePackage: Save=7.02ms
[2017.07.10-11.17.23:846][613]LogSavePackage: Moving '../../../../../TFG/CreativeKeepers/Saved/obj-botiquin6D3E9E3D4F0D46739E3F059288CE82BA.tmp' to '../../../../../TFG/CreativeKeepers/Content/Objects/obj-botiquin.uasset'
[2017.07.10-11.17.23:849][613]LogSavePackage:Display: Finished SavePackage ../../../../../TFG/CreativeKeepers/Content/Objects/obj-botiquin.uasset
[2017.07.10-11.17.27:514][ 40]LogActorComponent: UnregisterComponent: (/Engine/Transient.EditorFloorComp) Not registered. Aborting.
[2017.07.10-11.17.35:589][966]LogSlate:Warning: Prevented a slow task dialog from being summoned while a context menu was open
[2017.07.10-11.17.39:587][437]LogBlueprint:Warning: Reparenting blueprint Blueprint /Game/Objects/obj-chip.obj-chip from Actor to objeto_C...
[2017.07.10-11.17.39:595][437]BlueprintLog: New page: Compile obj-chip
[2017.07.10-11.18.22:458][480]BlueprintLog: New page: Compile obj-chip
[2017.07.10-11.18.23:159][519]Cmd: OBJ SAVEPACKAGE PACKAGE="/Game/Objects/obj-chip" FILE="../../../../../TFG/CreativeKeepers/Content/Objects/obj-chip.uasset" SILENT=true
[2017.07.10-11.18.23:176][519]LogSavePackage: Save=7.78ms
[2017.07.10-11.18.23:176][519]LogSavePackage: Moving '../../../../../TFG/CreativeKeepers/Saved/obj-chipC6B9A53C422CFD21294ACBBC7A0A1C27.tmp' to '../../../../../TFG/CreativeKeepers/Content/Objects/obj-chip.uasset'
[2017.07.10-11.18.23:179][519]LogSavePackage:Display: Finished SavePackage ../../../../../TFG/CreativeKeepers/Content/Objects/obj-chip.uasset
[2017.07.10-11.18.29:266][201]LogSlate:Warning: Prevented a slow task dialog from being summoned while a context menu was open
[2017.07.10-11.18.34:899][864]LogBlueprint:Warning: Reparenting blueprint Blueprint /Game/Objects/obj-orbe.obj-orbe from Actor to objeto_C...
[2017.07.10-11.18.34:907][864]BlueprintLog: New page: Compile obj-orbe
[2017.07.10-11.19.08:578][793]BlueprintLog: New page: Compile obj-orbe
[2017.07.10-11.19.09:843][895]Cmd: OBJ SAVEPACKAGE PACKAGE="/Game/Objects/obj-orbe" FILE="../../../../../TFG/CreativeKeepers/Content/Objects/obj-orbe.uasset" SILENT=true
[2017.07.10-11.19.09:859][895]LogSavePackage: Save=7.46ms
[2017.07.10-11.19.09:859][895]LogSavePackage: Moving '../../../../../TFG/CreativeKeepers/Saved/obj-orbe7226B47942EA1A7B90670DB871889453.tmp' to '../../../../../TFG/CreativeKeepers/Content/Objects/obj-orbe.uasset'
[2017.07.10-11.19.09:862][895]LogSavePackage:Display: Finished SavePackage ../../../../../TFG/CreativeKeepers/Content/Objects/obj-orbe.uasset
[2017.07.10-11.19.56:399][418]LogSlate:Warning: Prevented a slow task dialog from being summoned while a context menu was open
[2017.07.10-11.20.01:291][999]LogBlueprint:Warning: Reparenting blueprint Blueprint /Game/Objects/obj-torzoObra.obj-torzoObra from Actor to objeto_C...
[2017.07.10-11.20.01:298][999]BlueprintLog: New page: Compile obj-torzoObra
[2017.07.10-11.20.59:991][641]BlueprintLog: New page: Compile obj-torzoObra
[2017.07.10-11.21.00:658][676]Cmd: OBJ SAVEPACKAGE PACKAGE="/Game/Objects/obj-torzoObra" FILE="../../../../../TFG/CreativeKeepers/Content/Objects/obj-torzoObra.uasset" SILENT=true
[2017.07.10-11.21.00:675][676]LogSavePackage: Save=8.03ms
[2017.07.10-11.21.00:675][676]LogSavePackage: Moving '../../../../../TFG/CreativeKeepers/Saved/obj-torzoObra1CECEFF146E4E6F852A72CAAE01C8C13.tmp' to '../../../../../TFG/CreativeKeepers/Content/Objects/obj-torzoObra.uasset'
[2017.07.10-11.21.00:677][676]LogSavePackage:Display: Finished SavePackage ../../../../../TFG/CreativeKeepers/Content/Objects/obj-torzoObra.uasset
[2017.07.10-11.21.06:697][396]Cmd: OBJ SAVEPACKAGE PACKAGE="/Game/test" FILE="../../../../../TFG/CreativeKeepers/Content/test.umap" SILENT=true AUTOSAVING=false KEEPDIRTY=false
[2017.07.10-11.21.06:822][396]LogSavePackage: Save=93.31ms
[2017.07.10-11.21.06:822][396]LogSavePackage: Moving '../../../../../TFG/CreativeKeepers/Saved/testCF07EFE741DCBAD33E643EAE9320BBC5.tmp' to '../../../../../TFG/CreativeKeepers/Content/test.umap'
[2017.07.10-11.21.06:824][396]LogSavePackage:Display: Finished SavePackage ../../../../../TFG/CreativeKeepers/Content/test.umap
[2017.07.10-11.21.09:744][744]LogTemp: Repeting last play command: Selected Viewport
[2017.07.10-11.21.09:755][744]LogBlueprintUserMessages: Early PlayInEditor Detection: Level '/Game/test.test:PersistentLevel' has LevelScriptBlueprint '/Game/test.test:PersistentLevel.test' with GeneratedClass '/Game/test.test_C' with ClassGeneratedBy '/Game/test.test:PersistentLevel.test'
[2017.07.10-11.21.09:755][744]LogPlayLevel: PlayLevel: No blueprints needed recompiling
[2017.07.10-11.21.09:755][744]PIE: New page: PIE session: test (Jul 10, 2017, 3:21:09 PM)
[2017.07.10-11.21.09:756][744]LogPlayLevel: Creating play world package: /Game/UEDPIE_0_test
[2017.07.10-11.21.09:759][744]LogPlayLevel: PIE: StaticDuplicateObject took: (0.003407s)
[2017.07.10-11.21.09:760][744]LogAIModule: Creating AISystem for world test
[2017.07.10-11.21.09:760][744]LogPlayLevel: PIE: World Init took: (0.000549s)
[2017.07.10-11.21.09:760][744]LogPlayLevel: PIE: Created PIE world by copying editor world from /Game/test.test to /Game/UEDPIE_0_test.test (0.004158s)
[2017.07.10-11.21.09:788][744]LogInit: XAudio2 using 'Altavoces (Realtek High Definition Audio)' : 2 channels at 48 kHz using 32 bits per sample (channel mask 0x3)
[2017.07.10-11.21.09:797][744]LogInit: FAudioDevice initialized.
[2017.07.10-11.21.09:847][744]LogLoad: Game class is 'misc-gameMode_C'
[2017.07.10-11.21.09:849][744]LogWorld: Bringing World /Game/UEDPIE_0_test.test up for play (max tick rate 0) at 2017.07.10-13.21.09
[2017.07.10-11.21.09:849][744]LogWorld: Bringing up level for play took: 0.001242
[2017.07.10-11.21.09:852][744]PIE: Info Play in editor start time for /Game/UEDPIE_0_test 1.076
[2017.07.10-11.21.09:852][744]LogBlueprintUserMessages: Late PlayInEditor Detection: Level '/Game/test.test:PersistentLevel' has LevelScriptBlueprint '/Game/test.test:PersistentLevel.test' with GeneratedClass '/Game/test.test_C' with ClassGeneratedBy '/Game/test.test:PersistentLevel.test'
[2017.07.10-11.21.23:050][325]LogBlueprintUserMessages: [misc-gameInstance_C_1] IMPLEMENTAR INVENCIBILIDAD
[2017.07.10-11.21.26:872][784]LogBlueprintUserMessages: [misc-gameInstance_C_1] IMPLEMENTAR INVENCIBILIDAD
[2017.07.10-11.21.40:107][372]LogBlueprintUserMessages: Early EndPlayMap Detection: Level '/Game/test.test:PersistentLevel' has LevelScriptBlueprint '/Game/test.test:PersistentLevel.test' with GeneratedClass '/Game/test.test_C' with ClassGeneratedBy '/Game/test.test:PersistentLevel.test'
[2017.07.10-11.21.40:137][372]LogBlueprintUserMessages: Late EndPlayMap Detection: Level '/Game/test.test:PersistentLevel' has LevelScriptBlueprint '/Game/test.test:PersistentLevel.test' with GeneratedClass '/Game/test.test_C' with ClassGeneratedBy '/Game/test.test:PersistentLevel.test'
[2017.07.10-11.21.44:226][858]LogTemp: Repeting last play command: Selected Viewport
[2017.07.10-11.21.44:239][858]LogBlueprintUserMessages: Early PlayInEditor Detection: Level '/Game/test.test:PersistentLevel' has LevelScriptBlueprint '/Game/test.test:PersistentLevel.test' with GeneratedClass '/Game/test.test_C' with ClassGeneratedBy '/Game/test.test:PersistentLevel.test'
[2017.07.10-11.21.44:239][858]LogPlayLevel: PlayLevel: No blueprints needed recompiling
[2017.07.10-11.21.44:239][858]PIE: New page: PIE session: test (Jul 10, 2017, 3:21:44 PM)
[2017.07.10-11.21.44:239][858]LogPlayLevel: Creating play world package: /Game/UEDPIE_0_test
[2017.07.10-11.21.44:243][858]LogPlayLevel: PIE: StaticDuplicateObject took: (0.003455s)
[2017.07.10-11.21.44:243][858]LogAIModule: Creating AISystem for world test
[2017.07.10-11.21.44:243][858]LogPlayLevel: PIE: World Init took: (0.000510s)
[2017.07.10-11.21.44:243][858]LogPlayLevel: PIE: Created PIE world by copying editor world from /Game/test.test to /Game/UEDPIE_0_test.test (0.004125s)
[2017.07.10-11.21.44:268][858]LogInit: XAudio2 using 'Altavoces (Realtek High Definition Audio)' : 2 channels at 48 kHz using 32 bits per sample (channel mask 0x3)
[2017.07.10-11.21.44:277][858]LogInit: FAudioDevice initialized.
[2017.07.10-11.21.44:305][858]LogLoad: Game class is 'misc-gameMode_C'
[2017.07.10-11.21.44:307][858]LogWorld: Bringing World /Game/UEDPIE_0_test.test up for play (max tick rate 0) at 2017.07.10-13.21.44
[2017.07.10-11.21.44:307][858]LogWorld: Bringing up level for play took: 0.001214
[2017.07.10-11.21.44:315][858]PIE: Info Play in editor start time for /Game/UEDPIE_0_test -0.461
[2017.07.10-11.21.44:315][858]LogBlueprintUserMessages: Late PlayInEditor Detection: Level '/Game/test.test:PersistentLevel' has LevelScriptBlueprint '/Game/test.test:PersistentLevel.test' with GeneratedClass '/Game/test.test_C' with ClassGeneratedBy '/Game/test.test:PersistentLevel.test'
[2017.07.10-11.21.49:660][496]LogBlueprintUserMessages: Early EndPlayMap Detection: Level '/Game/test.test:PersistentLevel' has LevelScriptBlueprint '/Game/test.test:PersistentLevel.test' with GeneratedClass '/Game/test.test_C' with ClassGeneratedBy '/Game/test.test:PersistentLevel.test'
[2017.07.10-11.21.49:691][496]LogBlueprintUserMessages: Late EndPlayMap Detection: Level '/Game/test.test:PersistentLevel' has LevelScriptBlueprint '/Game/test.test:PersistentLevel.test' with GeneratedClass '/Game/test.test_C' with ClassGeneratedBy '/Game/test.test:PersistentLevel.test'
[2017.07.10-11.21.50:797][623]LogEditorViewport: Clicking Background
[2017.07.10-11.38.05:116][580]LogEditorViewport: Clicking Background
[2017.07.10-12.06.03:501][924]LogEditorViewport: Clicking on Actor (LMB): obj-torzoObra_C (obj-torzoObra3)
[2017.07.10-12.06.06:803][306]LogEditorViewport: Clicking on Actor (LMB): obj-torzoObra_C (obj-torzoObra3)
[2017.07.10-12.06.08:009][450]LogEditorViewport: Clicking on Actor (LMB): PaperSpriteActor (sky_Sprite)
[2017.07.10-12.06.12:338][961]LogEditorViewport: Clicking on Actor (LMB): obj-torzoObra_C (obj-torzoObra3)
[2017.07.10-12.06.24:218][375]Cmd: TRANSACTION UNDO
[2017.07.10-12.06.24:218][375]LogEditorTransaction: Undo Scale Actors
[2017.07.10-12.06.39:180][161]LogEditorViewport: Clicking on Actor (LMB): obj-torzoObra_C (obj-torzoObra2)
[2017.07.10-12.06.48:120][230]LogEditorViewport: Clicking on Actor (LMB): obj-torzoObra_C (obj-torzoObra)
[2017.07.10-12.07.03:217][ 34]Cmd: OBJ SAVEPACKAGE PACKAGE="/Game/test" FILE="../../../../../TFG/CreativeKeepers/Content/test.umap" SILENT=true AUTOSAVING=false KEEPDIRTY=false
[2017.07.10-12.07.03:347][ 34]LogSavePackage: Save=94.01ms
[2017.07.10-12.07.03:347][ 34]LogSavePackage: Moving '../../../../../TFG/CreativeKeepers/Saved/test58BFDFD04C61268C23B6E2847907FC1E.tmp' to '../../../../../TFG/CreativeKeepers/Content/test.umap'
[2017.07.10-12.07.03:349][ 34]LogSavePackage:Display: Finished SavePackage ../../../../../TFG/CreativeKeepers/Content/test.umap
[2017.07.10-12.07.10:209][805]Cmd: QUIT_EDITOR
[2017.07.10-12.07.11:361][805]LogWindowsTextInputMethodSystem:Display: IME system now deactivated.
[2017.07.10-12.07.11:394][805]LogExit: Preparing to exit.
[2017.07.10-12.07.12:087][805]LogDirectoryWatcher: A directory notification for 'D:/TFG/CreativeKeepers/Content/' was aborted.
[2017.07.10-12.07.12:199][805]LogExit: Editor shut down
[2017.07.10-12.07.12:200][805]LogExit: Transaction tracking system shut down
[2017.07.10-12.07.12:941][805]LogObj: Freed 0b from 0 cluster array pools.
[2017.07.10-12.07.12:942][805]LogExit: Object subsystem successfully closed.
[2017.07.10-12.07.13:058][805]LogD3D11RHI: Shutdown
[2017.07.10-12.07.13:058][805]LogD3D11RHI: CleanupD3DDevice
[2017.07.10-12.07.13:151][805]LogD3D11RHI: ~FD3D11DynamicRHI
[2017.07.10-12.07.13:697][805]LogModuleManager: Shutting down and abandoning module MovieSceneCapture (504)
[2017.07.10-12.07.13:697][805]LogModuleManager: Shutting down and abandoning module BlueprintGraph (502)
[2017.07.10-12.07.13:697][805]LogModuleManager: Shutting down and abandoning module BlueprintProfiler (500)
[2017.07.10-12.07.13:706][805]LogModuleManager: Shutting down and abandoning module HierarchicalLODOutliner (498)
[2017.07.10-12.07.13:715][805]LogModuleManager: Shutting down and abandoning module CrashTracker (496)
[2017.07.10-12.07.13:715][805]LogModuleManager: Shutting down and abandoning module SceneOutliner (494)
[2017.07.10-12.07.13:715][805]LogModuleManager: Shutting down and abandoning module AddContentDialog (492)
[2017.07.10-12.07.13:724][805]LogDirectoryWatcher: A directory notification for 'D:/Programas/UE_4.15/FeaturePacks/' was aborted.
[2017.07.10-12.07.13:728][805]LogModuleManager: Shutting down and abandoning module WidgetCarousel (491)
[2017.07.10-12.07.13:728][805]LogModuleManager: Shutting down and abandoning module EditorWidgets (488)
[2017.07.10-12.07.13:728][805]LogModuleManager: Shutting down and abandoning module CollectionManager (486)
[2017.07.10-12.07.13:737][805]LogDirectoryWatcher: A directory notification for 'D:/TFG/CreativeKeepers/Content/Collections/' was aborted.
[2017.07.10-12.07.13:737][805]LogDirectoryWatcher: A directory notification for 'D:/TFG/CreativeKeepers/Content/Developers/Grego/Collections/' was aborted.
[2017.07.10-12.07.13:737][805]LogDirectoryWatcher: A directory notification for 'D:/TFG/CreativeKeepers/Saved/Collections/' was aborted.
[2017.07.10-12.07.13:737][805]LogModuleManager: Shutting down and abandoning module StatsViewer (484)
[2017.07.10-12.07.13:744][805]LogModuleManager: Shutting down and abandoning module FoliageEdit (482)
[2017.07.10-12.07.13:744][805]LogModuleManager: Shutting down and abandoning module LandscapeEditor (480)
[2017.07.10-12.07.13:750][805]LogModuleManager: Shutting down and abandoning module SceneDepthPickerMode (478)
[2017.07.10-12.07.13:750][805]LogModuleManager: Shutting down and abandoning module ActorPickerMode (476)
[2017.07.10-12.07.13:750][805]LogModuleManager: Shutting down and abandoning module GeometryMode (474)
[2017.07.10-12.07.13:750][805]LogModuleManager: Shutting down and abandoning module TextureAlignMode (472)
[2017.07.10-12.07.13:750][805]LogModuleManager: Shutting down and abandoning module BspMode (470)
[2017.07.10-12.07.13:761][805]LogModuleManager: Shutting down and abandoning module HardwareSurvey (468)
[2017.07.10-12.07.13:761][805]LogModuleManager: Shutting down and abandoning module SequenceRecorderSections (466)
[2017.07.10-12.07.13:761][805]LogModuleManager: Shutting down and abandoning module AutomationWorker (464)
[2017.07.10-12.07.13:768][805]LogModuleManager: Shutting down and abandoning module MatineeToLevelSequence (462)
[2017.07.10-12.07.13:768][805]LogModuleManager: Shutting down and abandoning module LevelSequenceEditor (460)
[2017.07.10-12.07.13:797][805]LogModuleManager: Shutting down and abandoning module PlacementMode (459)
[2017.07.10-12.07.13:797][805]LogModuleManager: Shutting down and abandoning module WmfMediaFactory (456)
[2017.07.10-12.07.13:797][805]LogModuleManager: Shutting down and abandoning module WmfMediaEditor (454)
[2017.07.10-12.07.13:797][805]LogModuleManager: Shutting down and abandoning module MfMediaFactory (452)
[2017.07.10-12.07.13:797][805]LogModuleManager: Shutting down and abandoning module MfMediaEditor (450)
[2017.07.10-12.07.13:797][805]LogModuleManager: Shutting down and abandoning module AvfMediaFactory (448)
[2017.07.10-12.07.13:797][805]LogModuleManager: Shutting down and abandoning module AvfMediaEditor (446)
[2017.07.10-12.07.13:797][805]LogModuleManager: Shutting down and abandoning module AndroidMediaFactory (444)
[2017.07.10-12.07.13:797][805]LogModuleManager: Shutting down and abandoning module Media (443)
[2017.07.10-12.07.13:797][805]LogModuleManager: Shutting down and abandoning module AndroidMediaEditor (440)
[2017.07.10-12.07.13:797][805]LogModuleManager: Shutting down and abandoning module CharacterAI (438)
[2017.07.10-12.07.13:797][805]LogModuleManager: Shutting down and abandoning module AudioCapture (436)
[2017.07.10-12.07.13:797][805]LogModuleManager: Shutting down and abandoning module SequenceRecorder (435)
[2017.07.10-12.07.13:808][805]LogModuleManager: Shutting down and abandoning module SmartSnapping (432)
[2017.07.10-12.07.13:808][805]LogModuleManager: Shutting down and abandoning module SessionServices (430)
[2017.07.10-12.07.13:808][805]LogModuleManager: Shutting down and abandoning module ViewportSnapping (428)
[2017.07.10-12.07.13:808][805]LogModuleManager: Shutting down and abandoning module ViewportInteraction (426)
[2017.07.10-12.07.13:808][805]LogModuleManager: Shutting down and abandoning module LogVisualizer (424)
[2017.07.10-12.07.13:814][805]LogModuleManager: Shutting down and abandoning module IntroTutorials (422)
[2017.07.10-12.07.13:823][805]LogModuleManager: Shutting down and abandoning module GameProjectGeneration (421)
[2017.07.10-12.07.13:829][805]LogModuleManager: Shutting down and abandoning module EditorLiveStreaming (418)
[2017.07.10-12.07.13:829][805]LogModuleManager: Shutting down and abandoning module IOSPlatformEditor (416)
[2017.07.10-12.07.13:829][805]LogModuleManager: Shutting down and abandoning module HTML5PlatformEditor (414)
[2017.07.10-12.07.13:829][805]LogModuleManager: Shutting down and abandoning module AndroidPlatformEditor (412)
[2017.07.10-12.07.13:835][805]LogModuleManager: Shutting down and abandoning module AndroidDeviceDetection (411)
[2017.07.10-12.07.14:206][805]LogModuleManager: Shutting down and abandoning module IOSRuntimeSettings (408)
[2017.07.10-12.07.14:206][805]LogModuleManager: Shutting down and abandoning module AndroidRuntimeSettings (406)
[2017.07.10-12.07.14:206][805]LogModuleManager: Shutting down and abandoning module InputBindingEditor (404)
[2017.07.10-12.07.14:209][805]LogModuleManager: Shutting down and abandoning module NiagaraEditor (402)
[2017.07.10-12.07.14:227][805]LogModuleManager: Shutting down and abandoning module MergeActors (400)
[2017.07.10-12.07.14:237][805]LogModuleManager: Shutting down and abandoning module SizeMap (398)
[2017.07.10-12.07.14:237][805]LogModuleManager: Shutting down and abandoning module TreeMap (396)
[2017.07.10-12.07.14:247][805]LogModuleManager: Shutting down and abandoning module ReferenceViewer (394)
[2017.07.10-12.07.14:247][805]LogModuleManager: Shutting down and abandoning module LocalizationDashboard (392)
[2017.07.10-12.07.14:259][805]LogModuleManager: Shutting down and abandoning module LocalizationService (391)
[2017.07.10-12.07.14:267][805]LogModuleManager: Shutting down and abandoning module HardwareTargeting (388)
[2017.07.10-12.07.14:270][805]LogModuleManager: Shutting down and abandoning module DeviceProfileEditor (386)
[2017.07.10-12.07.14:274][805]LogModuleManager: Shutting down and abandoning module UndoHistory (384)
[2017.07.10-12.07.14:280][805]LogModuleManager: Shutting down and abandoning module UserFeedback (382)
[2017.07.10-12.07.14:280][805]LogModuleManager: Shutting down and abandoning module XmlParser (380)
[2017.07.10-12.07.14:280][805]LogModuleManager: Shutting down and abandoning module Blutility (378)
[2017.07.10-12.07.14:292][805]LogModuleManager: Shutting down and abandoning module ProjectSettingsViewer (376)
[2017.07.10-12.07.14:292][805]LogModuleManager: Shutting down and abandoning module ProjectTargetPlatformEditor (375)
[2017.07.10-12.07.14:292][805]LogModuleManager: Shutting down and abandoning module EditorSettingsViewer (372)
[2017.07.10-12.07.14:292][805]LogModuleManager: Shutting down and abandoning module SettingsEditor (370)
[2017.07.10-12.07.14:303][805]LogModuleManager: Shutting down and abandoning module ProjectLauncher (368)
[2017.07.10-12.07.14:314][805]LogModuleManager: Shutting down and abandoning module SessionFrontend (366)
[2017.07.10-12.07.14:321][805]LogModuleManager: Shutting down and abandoning module ProfilerClient (364)
[2017.07.10-12.07.14:339][805]LogModuleManager: Shutting down and abandoning module DeviceManager (362)
[2017.07.10-12.07.14:349][805]LogModuleManager: Shutting down and abandoning module TargetDeviceServices (361)
[2017.07.10-12.07.14:387][805]LogModuleManager: Shutting down and abandoning module AutomationController (358)
[2017.07.10-12.07.14:398][805]LogModuleManager: Shutting down and abandoning module AutomationWindow (356)
[2017.07.10-12.07.14:413][805]LogModuleManager: Shutting down and abandoning module Layers (354)
[2017.07.10-12.07.14:430][805]LogModuleManager: Shutting down and abandoning module ComponentVisualizers (352)
[2017.07.10-12.07.14:430][805]LogModuleManager: Shutting down and abandoning module DetailCustomizations (350)
[2017.07.10-12.07.14:442][805]LogModuleManager: Shutting down and abandoning module PackagesDialog (348)
[2017.07.10-12.07.14:443][805]LogModuleManager: Shutting down and abandoning module Persona (346)
[2017.07.10-12.07.14:459][805]LogModuleManager: Shutting down and abandoning module AnimGraph (345)
[2017.07.10-12.07.14:459][805]LogModuleManager: Shutting down and abandoning module Kismet (342)
[2017.07.10-12.07.14:464][805]LogModuleManager: Shutting down and abandoning module GraphEditor (340)
[2017.07.10-12.07.14:464][805]LogModuleManager: Shutting down and abandoning module ClassViewer (338)
[2017.07.10-12.07.14:465][805]LogModuleManager: Shutting down and abandoning module Toolbox (336)
[2017.07.10-12.07.14:465][805]LogModuleManager: Shutting down and abandoning module ModuleUI (334)
[2017.07.10-12.07.14:469][805]LogModuleManager: Shutting down and abandoning module MovieSceneTools (332)
[2017.07.10-12.07.14:476][805]LogModuleManager: Shutting down and abandoning module OutputLog (330)
[2017.07.10-12.07.14:480][805]LogModuleManager: Shutting down and abandoning module GammaUI (328)
[2017.07.10-12.07.14:487][805]LogModuleManager: Shutting down and abandoning module Documentation (326)
[2017.07.10-12.07.14:487][805]LogModuleManager: Shutting down and abandoning module Niagara (324)
[2017.07.10-12.07.14:487][805]LogModuleManager: Shutting down and abandoning module StreamingPauseRendering (322)
[2017.07.10-12.07.14:487][805]LogModuleManager: Shutting down and abandoning module AnalyticsET (320)
[2017.07.10-12.07.14:487][805]LogModuleManager: Shutting down and abandoning module PortalServices (318)
[2017.07.10-12.07.14:487][805]LogModuleManager: Shutting down and abandoning module PortalRpc (316)
[2017.07.10-12.07.14:487][805]LogModuleManager: Shutting down and abandoning module MessagingRpc (314)
[2017.07.10-12.07.14:487][805]LogModuleManager: Shutting down and abandoning module AIModule (312)
[2017.07.10-12.07.14:487][805]LogModuleManager: Shutting down and abandoning module GameplayDebugger (311)
[2017.07.10-12.07.14:489][805]LogModuleManager: Shutting down and abandoning module AITestSuite (309)
[2017.07.10-12.07.14:489][805]LogModuleManager: Shutting down and abandoning module ProfilerService (306)
[2017.07.10-12.07.14:684][805]LogModuleManager: Shutting down and abandoning module TaskGraph (304)
[2017.07.10-12.07.14:696][805]LogModuleManager: Shutting down and abandoning module SteamVRController (302)
[2017.07.10-12.07.14:696][805]LogModuleManager: Shutting down and abandoning module SteamVR (300)
[2017.07.10-12.07.14:696][805]LogModuleManager: Shutting down and abandoning module ProceduralMeshComponentEditor (298)
[2017.07.10-12.07.14:696][805]LogModuleManager: Shutting down and abandoning module ProceduralMeshComponent (296)
[2017.07.10-12.07.14:703][805]LogModuleManager: Shutting down and abandoning module OculusLibrary (294)
[2017.07.10-12.07.14:703][805]LogModuleManager: Shutting down and abandoning module OculusInput (292)
[2017.07.10-12.07.14:703][805]LogModuleManager: Shutting down and abandoning module MobilePatchingUtils (290)
[2017.07.10-12.07.14:703][805]LogModuleManager: Shutting down and abandoning module CustomMeshComponent (288)
[2017.07.10-12.07.14:703][805]LogModuleManager: Shutting down and abandoning module CableComponent (286)
[2017.07.10-12.07.14:703][805]LogModuleManager: Shutting down and abandoning module ArchVisCharacter (284)
[2017.07.10-12.07.14:703][805]LogModuleManager: Shutting down and abandoning module MediaPlayerEditor (280)
[2017.07.10-12.07.14:718][805]LogModuleManager: Shutting down and abandoning module HTML5Networking (278)
[2017.07.10-12.07.14:718][805]LogModuleManager: Shutting down and abandoning module AlembicImporter (276)
[2017.07.10-12.07.14:723][805]LogModuleManager: Shutting down and abandoning module AlembicLibrary (275)
[2017.07.10-12.07.14:723][805]LogModuleManager: Shutting down and abandoning module GeometryCache (274)
[2017.07.10-12.07.14:723][805]LogModuleManager: Shutting down and abandoning module GeometryCacheEd (273)
[2017.07.10-12.07.14:723][805]LogModuleManager: Shutting down and abandoning module SuperSearchEditor (268)
[2017.07.10-12.07.14:723][805]LogModuleManager: Shutting down and abandoning module SuperSearch (267)
[2017.07.10-12.07.14:723][805]LogModuleManager: Shutting down and abandoning module SpeedTreeImporter (264)
[2017.07.10-12.07.14:723][805]LogModuleManager: Shutting down and abandoning module PluginBrowser (262)
[2017.07.10-12.07.14:738][805]LogModuleManager: Shutting down and abandoning module MobileLauncherProfileWizard (260)
[2017.07.10-12.07.14:746][805]LogModuleManager: Shutting down and abandoning module EpicSurvey (258)
[2017.07.10-12.07.14:746][805]LogModuleManager: Shutting down and abandoning module VisualStudioSourceCodeAccess (256)
[2017.07.10-12.07.14:746][805]LogModuleManager: Shutting down and abandoning module DesktopPlatform (255)
[2017.07.10-12.07.14:746][805]LogModuleManager: Shutting down and abandoning module UObjectPlugin (252)
[2017.07.10-12.07.14:746][805]LogModuleManager: Shutting down and abandoning module SubversionSourceControl (250)
[2017.07.10-12.07.14:756][805]LogModuleManager: Shutting down and abandoning module PerforceSourceControl (248)
[2017.07.10-12.07.14:761][805]LogModuleManager: Shutting down and abandoning module GitSourceControl (246)
[2017.07.10-12.07.14:771][805]LogModuleManager: Shutting down and abandoning module SourceControl (245)
[2017.07.10-12.07.14:781][805]LogModuleManager: Shutting down and abandoning module LightPropagationVolumeEditor (242)
[2017.07.10-12.07.14:781][805]LogModuleManager: Shutting down and abandoning module PaperTiledImporter (240)
[2017.07.10-12.07.14:781][805]LogModuleManager: Shutting down and abandoning module PaperSpriteSheetImporter (238)
[2017.07.10-12.07.14:781][805]LogModuleManager: Shutting down and abandoning module Paper2DEditor (236)
[2017.07.10-12.07.14:797][805]LogModuleManager: Shutting down and abandoning module MeshPaint (235)
[2017.07.10-12.07.14:804][805]LogModuleManager: Shutting down and abandoning module LevelEditor (233)
[2017.07.10-12.07.14:809][805]LogModuleManager: Shutting down and abandoning module PixelInspectorModule (232)
[2017.07.10-12.07.14:823][805]LogModuleManager: Shutting down and abandoning module MainFrame (230)
[2017.07.10-12.07.14:823][805]LogModuleManager: Shutting down and abandoning module HotReload (229)
[2017.07.10-12.07.14:830][805]LogModuleManager: Shutting down and abandoning module ContentBrowser (225)
[2017.07.10-12.07.14:831][805]LogModuleManager: Shutting down and abandoning module PhysXVehiclesEditor (222)
[2017.07.10-12.07.14:843][805]LogModuleManager: Shutting down and abandoning module PhysXVehicles (220)
[2017.07.10-12.07.14:843][805]LogModuleManager: Shutting down and abandoning module LocationServicesBPLibrary (218)
[2017.07.10-12.07.14:843][805]LogModuleManager: Shutting down and abandoning module UdpMessaging (216)
[2017.07.10-12.07.14:943][805]LogModuleManager: Shutting down and abandoning module TcpMessaging (214)
[2017.07.10-12.07.15:047][805]LogModuleManager: Shutting down and abandoning module GameplayTagsEditor (212)
[2017.07.10-12.07.15:087][805]LogModuleManager: Shutting down and abandoning module FacialAnimationEditor (210)
[2017.07.10-12.07.15:089][805]LogModuleManager: Shutting down and abandoning module FacialAnimation (208)
[2017.07.10-12.07.15:089][805]LogModuleManager: Shutting down and abandoning module LightPropagationVolumeRuntime (206)
[2017.07.10-12.07.15:089][805]LogModuleManager: Shutting down and abandoning module Paper2D (204)
[2017.07.10-12.07.15:096][805]LogModuleManager: Shutting down and abandoning module WindowsMoviePlayer (202)
[2017.07.10-12.07.15:096][805]LogModuleManager: Shutting down and abandoning module WmfMedia (200)
[2017.07.10-12.07.15:096][805]LogModuleManager: Shutting down and abandoning module MfMedia (198)
[2017.07.10-12.07.15:096][805]LogModuleManager: Shutting down and abandoning module MediaAssets (196)
[2017.07.10-12.07.15:096][805]LogModuleManager: Shutting down and abandoning module GameLiveStreaming (194)
[2017.07.10-12.07.15:109][805]LogModuleManager: Shutting down and abandoning module VREditor (192)
[2017.07.10-12.07.15:109][805]LogModuleManager: Shutting down and abandoning module GameplayTasksEditor (190)
[2017.07.10-12.07.15:109][805]LogModuleManager: Shutting down and abandoning module BehaviorTreeEditor (188)
[2017.07.10-12.07.15:127][805]LogModuleManager: Shutting down and abandoning module FunctionalTesting (186)
[2017.07.10-12.07.15:127][805]LogModuleManager: Shutting down and abandoning module CollisionAnalyzer (184)
[2017.07.10-12.07.15:131][805]LogModuleManager: Shutting down and abandoning module UMG (182)
[2017.07.10-12.07.15:140][805]LogModuleManager: Shutting down and abandoning module UMGEditor (181)
[2017.07.10-12.07.15:164][805]LogModuleManager: Shutting down and abandoning module Sequencer (180)
[2017.07.10-12.07.15:183][805]LogModuleManager: Shutting down and abandoning module AssetTools (178)
[2017.07.10-12.07.15:201][805]LogModuleManager: Shutting down and abandoning module MessageLog (177)
[2017.07.10-12.07.15:201][805]LogModuleManager: Shutting down and abandoning module WorkspaceMenuStructure (176)
[2017.07.10-12.07.15:201][805]LogModuleManager: Shutting down and abandoning module SlateReflector (170)
[2017.07.10-12.07.15:224][805]LogModuleManager: Shutting down and abandoning module Slate (168)
[2017.07.10-12.07.15:224][805]LogModuleManager: Shutting down and abandoning module EditorStyle (166)
[2017.07.10-12.07.15:226][805]LogModuleManager: Shutting down and abandoning module SourceCodeAccess (164)
[2017.07.10-12.07.15:232][805]LogModuleManager: Shutting down and abandoning module HeadMountedDisplay (162)
[2017.07.10-12.07.15:232][805]LogModuleManager: Shutting down and abandoning module XAudio2 (160)
[2017.07.10-12.07.15:232][805]LogModuleManager: Shutting down and abandoning module Networking (158)
[2017.07.10-12.07.15:232][805]LogModuleManager: Shutting down and abandoning module Core (154)
[2017.07.10-12.07.15:232][805]LogModuleManager: Shutting down and abandoning module AssetRegistry (152)
[2017.07.10-12.07.15:352][805]LogDirectoryWatcher: A directory notification for '../../../Engine/Content/' was aborted.
[2017.07.10-12.07.15:352][805]LogDirectoryWatcher: A directory notification for '../../../../../TFG/CreativeKeepers/Content/' was aborted.
[2017.07.10-12.07.15:352][805]LogDirectoryWatcher: A directory notification for '../../../Engine/Plugins/2D/Paper2D/Content/' was aborted.
[2017.07.10-12.07.15:370][805]LogModuleManager: Shutting down and abandoning module DirectoryWatcher (151)
[2017.07.10-12.07.15:373][805]LogModuleManager: Shutting down and abandoning module KismetCompiler (148)
[2017.07.10-12.07.15:373][805]LogModuleManager: Shutting down and abandoning module PhysXFormats (146)
[2017.07.10-12.07.15:373][805]LogModuleManager: Shutting down and abandoning module MeshUtilities (144)
[2017.07.10-12.07.15:393][805]LogModuleManager: Shutting down and abandoning module SimplygonSwarm (143)
[2017.07.10-12.07.15:412][805]LogModuleManager: Shutting down and abandoning module SimplygonMeshReduction (141)
[2017.07.10-12.07.15:412][805]LogModuleManager: Shutting down and abandoning module QuadricMeshReduction (139)
[2017.07.10-12.07.15:412][805]LogModuleManager: Shutting down and abandoning module PropertyEditor (137)
[2017.07.10-12.07.15:412][805]LogModuleManager: Shutting down and abandoning module DerivedDataCache (134)
[2017.07.10-12.07.15:425][805]LogDerivedDataCache: Shutdown
[2017.07.10-12.07.15:425][805]LogModuleManager: Shutting down and abandoning module TargetPlatform (132)
[2017.07.10-12.07.15:425][805]LogModuleManager: Shutting down and abandoning module VulkanShaderFormat (131)
[2017.07.10-12.07.15:435][805]LogModuleManager: Shutting down and abandoning module ShaderFormatOpenGL (129)
[2017.07.10-12.07.15:464][805]LogModuleManager: Shutting down and abandoning module ShaderFormatD3D (127)
[2017.07.10-12.07.15:464][805]LogModuleManager: Shutting down and abandoning module MetalShaderFormat (125)
[2017.07.10-12.07.15:478][805]LogModuleManager: Shutting down and abandoning module TextureFormatUncompressed (123)
[2017.07.10-12.07.15:478][805]LogModuleManager: Shutting down and abandoning module TextureFormatPVR (121)
[2017.07.10-12.07.15:478][805]LogModuleManager: Shutting down and abandoning module TextureFormatDXT (119)
[2017.07.10-12.07.15:478][805]LogModuleManager: Shutting down and abandoning module TextureFormatIntelISPCTexComp (117)
[2017.07.10-12.07.15:479][805]LogModuleManager: Shutting down and abandoning module TextureFormatASTC (115)
[2017.07.10-12.07.15:479][805]LogModuleManager: Shutting down and abandoning module ImageWrapper (114)
[2017.07.10-12.07.15:479][805]LogModuleManager: Shutting down and abandoning module TextureFormatAndroid (111)
[2017.07.10-12.07.15:479][805]LogModuleManager: Shutting down and abandoning module AudioFormatOpus (109)
[2017.07.10-12.07.15:484][805]LogModuleManager: Shutting down and abandoning module AudioFormatOgg (107)
[2017.07.10-12.07.15:484][805]LogModuleManager: Shutting down and abandoning module AudioFormatADPCM (105)
[2017.07.10-12.07.15:484][805]LogModuleManager: Shutting down and abandoning module LinuxTargetPlatform (103)
[2017.07.10-12.07.15:484][805]LogModuleManager: Shutting down and abandoning module LinuxServerTargetPlatform (101)
[2017.07.10-12.07.15:484][805]LogModuleManager: Shutting down and abandoning module LinuxNoEditorTargetPlatform (99)
[2017.07.10-12.07.15:484][805]LogModuleManager: Shutting down and abandoning module LinuxClientTargetPlatform (97)
[2017.07.10-12.07.15:484][805]LogModuleManager: Shutting down and abandoning module TVOSTargetPlatform (95)
[2017.07.10-12.07.15:484][805]LogModuleManager: Shutting down and abandoning module Messaging (93)
[2017.07.10-12.07.15:484][805]LogModuleManager: Shutting down and abandoning module IOSTargetPlatform (91)
[2017.07.10-12.07.15:484][805]LogModuleManager: Shutting down and abandoning module HTML5TargetPlatform (89)
[2017.07.10-12.07.15:484][805]LogModuleManager: Shutting down and abandoning module Android_PVRTCTargetPlatform (87)
[2017.07.10-12.07.15:484][805]LogModuleManager: Shutting down and abandoning module Android_MultiTargetPlatform (85)
[2017.07.10-12.07.15:484][805]LogModuleManager: Shutting down and abandoning module Android_ETC2TargetPlatform (83)
[2017.07.10-12.07.15:484][805]LogModuleManager: Shutting down and abandoning module Android_ETC1TargetPlatform (81)
[2017.07.10-12.07.15:484][805]LogModuleManager: Shutting down and abandoning module Android_DXTTargetPlatform (79)
[2017.07.10-12.07.15:484][805]LogModuleManager: Shutting down and abandoning module Android_ATCTargetPlatform (77)
[2017.07.10-12.07.15:484][805]LogModuleManager: Shutting down and abandoning module Android_ASTCTargetPlatform (75)
[2017.07.10-12.07.15:484][805]LogModuleManager: Shutting down and abandoning module AndroidTargetPlatform (73)
[2017.07.10-12.07.15:484][805]LogModuleManager: Shutting down and abandoning module WindowsTargetPlatform (71)
[2017.07.10-12.07.15:484][805]LogModuleManager: Shutting down and abandoning module WindowsServerTargetPlatform (69)
[2017.07.10-12.07.15:484][805]LogModuleManager: Shutting down and abandoning module WindowsNoEditorTargetPlatform (67)
[2017.07.10-12.07.15:484][805]LogModuleManager: Shutting down and abandoning module WindowsClientTargetPlatform (65)
[2017.07.10-12.07.15:484][805]LogModuleManager: Shutting down and abandoning module MacTargetPlatform (63)
[2017.07.10-12.07.15:484][805]LogModuleManager: Shutting down and abandoning module MacServerTargetPlatform (61)
[2017.07.10-12.07.15:484][805]LogModuleManager: Shutting down and abandoning module MacNoEditorTargetPlatform (59)
[2017.07.10-12.07.15:484][805]LogModuleManager: Shutting down and abandoning module MacClientTargetPlatform (57)
[2017.07.10-12.07.15:484][805]LogModuleManager: Shutting down and abandoning module AllDesktopTargetPlatform (55)
[2017.07.10-12.07.15:484][805]LogModuleManager: Shutting down and abandoning module InputCore (52)
[2017.07.10-12.07.15:484][805]LogModuleManager: Shutting down and abandoning module Settings (50)
[2017.07.10-12.07.15:484][805]LogModuleManager: Shutting down and abandoning module OculusRift (48)
[2017.07.10-12.07.15:492][805]LogModuleManager: Shutting down and abandoning module GearVR (46)
[2017.07.10-12.07.15:492][805]LogModuleManager: Shutting down and abandoning module ExampleDeviceProfileSelector (44)
[2017.07.10-12.07.15:492][805]LogModuleManager: Shutting down and abandoning module OnlineBlueprintSupport (42)
[2017.07.10-12.07.15:492][805]LogModuleManager: Shutting down and abandoning module OnlineSubsystem (38)
[2017.07.10-12.07.15:492][805]LogOnline:Display: Unloading online subsystem: NULL
[2017.07.10-12.07.15:519][805]LogModuleManager: Shutting down and abandoning module XMPP (37)
[2017.07.10-12.07.15:560][805]LogModuleManager: Shutting down and abandoning module HTTP (35)
[2017.07.10-12.07.15:565][805]LogHttp:Display: Http module shutting down, but needs to wait on 1 outstanding Http requests:
[2017.07.10-12.07.15:565][805]LogHttp:Display: 	verb=[POST] url=[https://datarouter.ol.epicgames.com/datarouter/api/v1/public/data?SessionID=%7BDB291745-4A93-8921-004E-27A50323BC14%7D&AppID=UEEditor.Rocket.Release&AppVersion=4.15.1-3348071%2B%2B%2BUE4%2BRelease-4.15&UserID=32a836f54a69625fd74255b8f28df338%7C1968c17eba254ed9b4bf8b1be1637d8f%7C3fa134da-b9a2-4079-8632-9954fbbaa8c2&AppEnvironment=datacollector-binary&UploadType=eteventstream] status=Processing
[2017.07.10-12.07.15:585][805]LogModuleManager: Shutting down and abandoning module SSL (34)
[2017.07.10-12.07.15:593][805]LogModuleManager: Shutting down and abandoning module AudioEditor (30)
[2017.07.10-12.07.15:608][805]LogModuleManager: Shutting down and abandoning module TextureCompressor (28)
[2017.07.10-12.07.15:609][805]LogModuleManager: Shutting down and abandoning module ShaderCore (26)
[2017.07.10-12.07.15:609][805]LogModuleManager: Shutting down and abandoning module Landscape (24)
[2017.07.10-12.07.15:609][805]LogModuleManager: Shutting down and abandoning module SlateRHIRenderer (22)
[2017.07.10-12.07.15:630][805]LogModuleManager: Shutting down and abandoning module OpenGLDrv (20)
[2017.07.10-12.07.15:634][805]LogModuleManager: Shutting down and abandoning module D3D11RHI (18)
[2017.07.10-12.07.15:634][805]LogModuleManager: Shutting down and abandoning module AnimGraphRuntime (16)
[2017.07.10-12.07.15:641][805]LogModuleManager: Shutting down and abandoning module Renderer (14)
[2017.07.10-12.07.15:641][805]LogModuleManager: Shutting down and abandoning module Engine (12)
[2017.07.10-12.07.15:641][805]LogModuleManager: Shutting down and abandoning module CoreUObject (10)
[2017.07.10-12.07.15:641][805]LogModuleManager: Shutting down and abandoning module NetworkFile (8)
[2017.07.10-12.07.15:641][805]LogModuleManager: Shutting down and abandoning module StreamingFile (6)
[2017.07.10-12.07.15:641][805]LogModuleManager: Shutting down and abandoning module SandboxFile (4)
[2017.07.10-12.07.15:641][805]LogModuleManager: Shutting down and abandoning module PakFile (2)
[2017.07.10-12.07.15:652][805]LogExit: Exiting.
[2017.07.10-12.07.15:656][805]Log file closed, 07/10/17 14:07:15
