Log file open, 07/14/17 16:53:15
LogInit:Display: Running engine for game: CreativeKeepers
LogPlatformFile: Not using cached read wrapper
LogInit:Display: RandInit(362676720) SRandInit(362676720).
LogTaskGraph: Started task graph with 5 named threads and 6 total threads with 1 sets of task threads.
LogStats: Stats thread started at 1.952504
LogInit: Using libcurl 7.47.1
LogInit:  - built for x86_64-pc-win32
LogInit:  - supports SSL with OpenSSL/1.0.2g
LogInit:  - supports HTTP deflate (compression) using libz 1.2.8
LogInit:  - other features:
LogInit:      CURL_VERSION_SSL
LogInit:      CURL_VERSION_LIBZ
LogInit:      CURL_VERSION_IPV6
LogInit:      CURL_VERSION_ASYNCHDNS
LogInit:      CURL_VERSION_LARGEFILE
LogInit:      CURL_VERSION_IDN
LogInit:  CurlRequestOptions (configurable via config and command line):
LogInit:  - bVerifyPeer = false  - Libcurl will NOT verify peer certificate
LogInit:  - bUseHttpProxy = false  - Libcurl will NOT use HTTP proxy
LogInit:  - bDontReuseConnections = false  - Libcurl will reuse connections
LogInit:  - CertBundlePath = nullptr  - Libcurl will use whatever was configured at build time.
LogInit: Build: ++UE4+Release-4.15-CL-3348071
LogInit: Engine Version: 4.15.1-3348071+++UE4+Release-4.15
LogInit: Compatible Engine Version: 4.15.0-3299760+++UE4+Release-4.15
LogInit: Net CL: 3299760
LogDevObjectVersion: Number of dev versions registered: 14
LogDevObjectVersion:   Dev-Blueprints (B0D832E4-1F89-4F0D-ACCF-7EB736FD4AA2): 8
LogDevObjectVersion:   Dev-Build (E1C64328-A22C-4D53-A36C-8E866417BD8C): 0
LogDevObjectVersion:   Dev-Core (375EC13C-06E4-48FB-B500-84F0262A717E): 2
LogDevObjectVersion:   Dev-Editor (E4B068ED-F494-42E9-A231-DA0B2E46BB41): 14
LogDevObjectVersion:   Dev-Framework (CFFC743F-43B0-4480-9391-14DF171D2073): 22
LogDevObjectVersion:   Dev-Mobile (B02B49B5-BB20-44E9-A304-32B752E40360): 0
LogDevObjectVersion:   Dev-Networking (A4E4105C-59A1-49B5-A7C5-40C4547EDFEE): 0
LogDevObjectVersion:   Dev-Online (39C831C9-5AE6-47DC-9A44-9C173E1C8E7C): 0
LogDevObjectVersion:   Dev-Physics (78F01B33-EBEA-4F98-B9B4-84EACCB95AA2): 0
LogDevObjectVersion:   Dev-Platform (6631380F-2D4D-43E0-8009-CF276956A95A): 0
LogDevObjectVersion:   Dev-Rendering (12F88B9F-8875-4AFC-A67C-D90C383ABD29): 12
LogDevObjectVersion:   Dev-Sequencer (7B5AE74C-D270-4C10-A958-57980B212A5A): 3
LogDevObjectVersion:   Dev-VR (D7296918-1DD6-4BDD-9DE2-64A83CC13884): 0
LogDevObjectVersion:   Dev-LoadTimes (C2A15278-BFE7-4AFE-6C17-90FF531DF755): 1
LogInit: Compiled (64-bit): Mar 15 2017 16:52:47
LogInit: Compiled with Visual C++: 19.00.23026.00
LogInit: Build Configuration: Development
LogInit: Branch Name: ++UE4+Release-4.15
LogInit: Command line:  
LogInit: Base directory: D:/Programas/UE_4.15/Engine/Binaries/Win64/
LogInit: Installed Engine Build: 1
LogInit: Presizing for max 8388607 objects, including 0 objects not considered by GC, pre-allocating 0 bytes for permanent pool.
LogInit: Object subsystem initialized
[2017.07.14-14.53.16:522][  0]LogInit: Selected Device Profile: [Windows]
[2017.07.14-14.53.16:522][  0]LogInit: Applying CVar settings loaded from the selected device profile: [Windows]
[2017.07.14-14.53.16:561][  0]LogInit: Computer: DESKTOP-QMJBIV2
[2017.07.14-14.53.16:561][  0]LogInit: User: Grego
[2017.07.14-14.53.16:561][  0]LogInit: CPU Page size=65536, Cores=2
[2017.07.14-14.53.16:561][  0]LogInit: High frequency timer resolution =3.609379 MHz
[2017.07.14-14.53.16:561][  0]LogMemory: Memory total: Physical=8.0GB (8GB approx)
[2017.07.14-14.53.16:561][  0]LogMemory: Platform Memory Stats for Windows
[2017.07.14-14.53.16:561][  0]LogMemory: Process Physical Memory: 261.39 MB used, 261.39 MB peak
[2017.07.14-14.53.16:561][  0]LogMemory: Process Virtual Memory: 261.88 MB used, 261.88 MB peak
[2017.07.14-14.53.16:561][  0]LogMemory: Physical Memory: 3343.25 MB used,  4811.82 MB free, 8155.07 MB total
[2017.07.14-14.53.16:561][  0]LogMemory: Virtual Memory: 642.96 MB used,  4811.82 MB free, 134217728.00 MB total
[2017.07.14-14.53.17:109][  0]LogInit: Overriding culture en with editor configuration.
[2017.07.14-14.53.18:537][  0]LogD3D11RHI: D3D11 adapters:
[2017.07.14-14.53.19:016][  0]LogD3D11RHI:    0. 'NVIDIA GeForce GTX 1060 6GB' (Feature Level 11_0)
[2017.07.14-14.53.19:016][  0]LogD3D11RHI:       6084/0/4077 MB DedicatedVideo/DedicatedSystem/SharedSystem, Outputs:1, VendorId:0x10de
[2017.07.14-14.53.19:017][  0]LogD3D11RHI:    1. 'Microsoft Basic Render Driver' (Feature Level 11_0)
[2017.07.14-14.53.19:017][  0]LogD3D11RHI:       0/0/4077 MB DedicatedVideo/DedicatedSystem/SharedSystem, Outputs:0, VendorId:0x1414
[2017.07.14-14.53.19:017][  0]LogD3D11RHI: Chosen D3D11 Adapter: 0
[2017.07.14-14.53.19:038][  0]LogD3D11RHI: Creating new Direct3DDevice
[2017.07.14-14.53.19:038][  0]LogD3D11RHI:     GPU DeviceId: 0x1c03 (for the marketing name, search the web for "GPU Device Id")
[2017.07.14-14.53.19:038][  0]LogWindows: EnumDisplayDevices:
[2017.07.14-14.53.19:038][  0]LogWindows:    0. 'NVIDIA GeForce GTX 1060 6GB' (P:1 D:1)
[2017.07.14-14.53.19:038][  0]LogWindows:    1. 'NVIDIA GeForce GTX 1060 6GB' (P:0 D:0)
[2017.07.14-14.53.19:038][  0]LogWindows:    2. 'NVIDIA GeForce GTX 1060 6GB' (P:0 D:0)
[2017.07.14-14.53.19:039][  0]LogWindows:    3. 'NVIDIA GeForce GTX 1060 6GB' (P:0 D:0)
[2017.07.14-14.53.19:039][  0]LogWindows: DebugString: FoundDriverCount:4 
[2017.07.14-14.53.19:039][  0]LogD3D11RHI:     Adapter Name: NVIDIA GeForce GTX 1060 6GB
[2017.07.14-14.53.19:039][  0]LogD3D11RHI:   Driver Version: 382.53 (internal:22.21.13.8253, unified:382.53)
[2017.07.14-14.53.19:039][  0]LogD3D11RHI:      Driver Date: 6-7-2017
[2017.07.14-14.53.19:039][  0]LogRHI: Texture pool is 1361 MB (70% of 1945 MB)
[2017.07.14-14.53.19:489][  0]LogD3D11RHI: Async texture creation enabled
[2017.07.14-14.53.19:729][  0]LogD3D11RHI: GPU Timing Frequency: 1000.000000 (Debug: 2 1)
[2017.07.14-14.53.19:811][  0]LogShaderCompilers: Guid format shader working directory is 12 characters bigger than the processId version (../../../../../TFG/CreativeKeepers/Intermediate/Shaders/WorkingDirectory/6024/).
[2017.07.14-14.53.19:811][  0]LogShaderCompilers: Cleaned the shader compiler working directory 'C:/Users/Grego/AppData/Local/Temp/UnrealShaderWorkingDir/091BAD7C4BDB9D01113FC986DE6913D5/'.
[2017.07.14-14.53.19:818][  0]LogShaderCompilers:Display: Using Local Shader Compiler.
[2017.07.14-14.53.21:822][  0]LogTemp:Display: Loaded TP AllDesktopTargetPlatform
[2017.07.14-14.53.21:859][  0]LogTemp:Display: Loaded TP MacClientTargetPlatform
[2017.07.14-14.53.21:896][  0]LogTemp:Display: Loaded TP MacNoEditorTargetPlatform
[2017.07.14-14.53.21:933][  0]LogTemp:Display: Loaded TP MacServerTargetPlatform
[2017.07.14-14.53.22:006][  0]LogTemp:Display: Loaded TP MacTargetPlatform
[2017.07.14-14.53.22:043][  0]LogTemp:Display: Loaded TP WindowsClientTargetPlatform
[2017.07.14-14.53.22:081][  0]LogTemp:Display: Loaded TP WindowsNoEditorTargetPlatform
[2017.07.14-14.53.22:118][  0]LogTemp:Display: Loaded TP WindowsServerTargetPlatform
[2017.07.14-14.53.22:146][  0]LogTemp:Display: Loaded TP WindowsTargetPlatform
[2017.07.14-14.53.22:184][  0]LogTemp:Display: Loaded TP AndroidTargetPlatform
[2017.07.14-14.53.22:221][  0]LogTemp:Display: Loaded TP Android_ASTCTargetPlatform
[2017.07.14-14.53.22:257][  0]LogTemp:Display: Loaded TP Android_ATCTargetPlatform
[2017.07.14-14.53.22:294][  0]LogTemp:Display: Loaded TP Android_DXTTargetPlatform
[2017.07.14-14.53.22:331][  0]LogTemp:Display: Loaded TP Android_ETC1TargetPlatform
[2017.07.14-14.53.22:368][  0]LogTemp:Display: Loaded TP Android_ETC2TargetPlatform
[2017.07.14-14.53.22:441][  0]LogTemp:Display: Loaded TP Android_MultiTargetPlatform
[2017.07.14-14.53.22:441][  0]LogTemp:Display: Loaded TP Android_PVRTCTargetPlatform
[2017.07.14-14.53.22:464][  0]LogTemp:Display: Loaded TP HTML5TargetPlatform
[2017.07.14-14.53.22:596][  0]LogTemp:Display: Loaded TP IOSTargetPlatform
[2017.07.14-14.53.22:623][  0]LogTemp:Display: Loaded TP TVOSTargetPlatform
[2017.07.14-14.53.22:659][  0]LogTemp:Display: Loaded TP LinuxClientTargetPlatform
[2017.07.14-14.53.22:697][  0]LogTemp:Display: Loaded TP LinuxNoEditorTargetPlatform
[2017.07.14-14.53.22:734][  0]LogTemp:Display: Loaded TP LinuxServerTargetPlatform
[2017.07.14-14.53.22:771][  0]LogTemp:Display: Loaded TP LinuxTargetPlatform
[2017.07.14-14.53.22:771][  0]LogTargetPlatformManager:Display: Building Assets For Windows
[2017.07.14-14.53.23:546][  0]LogDerivedDataCache:Display: Max Cache Size: 512 MB
[2017.07.14-14.53.23:849][  0]LogDerivedDataCache: Loaded boot cache 0.30s 50MB C:/Users/Grego/AppData/Local/UnrealEngine/4.15/DerivedDataCache/Boot.ddc.
[2017.07.14-14.53.23:849][  0]LogDerivedDataCache:Display: Loaded Boot cache: C:/Users/Grego/AppData/Local/UnrealEngine/4.15/DerivedDataCache/Boot.ddc
[2017.07.14-14.53.23:849][  0]LogDerivedDataCache: FDerivedDataBackendGraph:  Pak pak cache file ../../../../../TFG/CreativeKeepers/DerivedDataCache/DDC.ddp not found, will not use a pak cache.
[2017.07.14-14.53.23:849][  0]LogDerivedDataCache: Unable to find inner node Pak for hierarchical cache Hierarchy.
[2017.07.14-14.53.23:849][  0]LogDerivedDataCache: FDerivedDataBackendGraph:  CompressedPak pak cache file ../../../../../TFG/CreativeKeepers/DerivedDataCache/Compressed.ddp not found, will not use a pak cache.
[2017.07.14-14.53.23:849][  0]LogDerivedDataCache: Unable to find inner node CompressedPak for hierarchical cache Hierarchy.
[2017.07.14-14.53.23:916][  0]LogDerivedDataCache:Display: Pak cache opened for reading ../../../Engine/DerivedDataCache/Compressed.ddp.
[2017.07.14-14.53.23:929][  0]LogDerivedDataCache: Using Local data cache path C:/Users/Grego/AppData/Local/UnrealEngine/Common/DerivedDataCache: Writable
[2017.07.14-14.53.24:062][  0]LogSlate: Using Freetype 2.6.0
[2017.07.14-14.53.24:163][  0]LogSlate: SlateFontCache - WITH_FREETYPE: 1, WITH_HARFBUZZ: 1
[2017.07.14-14.53.24:163][  0]LogSlate: SlateFontCache - WITH_FREETYPE: 1, WITH_HARFBUZZ: 1
[2017.07.14-14.53.29:624][  0]LogInit: Selected Device Profile: [Windows]
[2017.07.14-14.53.29:686][  0]LogContentStreaming: Texture pool size is 0.00 MB
[2017.07.14-14.53.30:182][  0]LogMeshUtilities: Using QuadricMeshReduction for automatic static mesh reduction
[2017.07.14-14.53.30:214][  0]LogSimplygon: Simplygon DLL not present - disabling.
[2017.07.14-14.53.30:250][  0]LogMeshUtilities: Using SimplygonSwarm for distributed automatic mesh merging
[2017.07.14-14.53.30:250][  0]LogMeshUtilities: No automatic skeletal mesh reduction module available
[2017.07.14-14.53.30:250][  0]LogMeshUtilities: No automatic mesh merging module available
[2017.07.14-14.53.33:490][  0]LogNetVersion: GetLocalNetworkVersion: CL: 3299760, ProjectName: creativekeepers, ProjectVersion: , EngineNetworkVersion: 2, GameNetworkVersion: 0, NetworkChecksum: 1593119604
[2017.07.14-14.53.33:594][  0]LogAssetRegistry: FAssetRegistry took 0.0290 seconds to start up
[2017.07.14-14.53.33:927][  0]LogPackageLocalizationCache: Processed 3 localized package path(s) for 1 prioritized culture(s) in 0.221404 seconds
[2017.07.14-14.53.33:956][  0]LogUObjectArray: 32493 objects as part of root set at end of initial load.
[2017.07.14-14.53.33:956][  0]LogUObjectAllocator: 7077032 out of 0 bytes used by permanent object pool.
[2017.07.14-14.53.33:956][  0]LogUObjectArray: CloseDisregardForGC: 0/0 objects in disregard for GC pool
[2017.07.14-14.53.33:994][  0]LogInit: WinSock: version 1.1 (2.2), MaxSocks=32767, MaxUdp=65467
[2017.07.14-14.53.44:087][  0]LogTcpMessaging: Initializing TcpMessaging bridge
[2017.07.14-14.53.44:126][  0]LogUdpMessaging: Initializing bridge on interface 0.0.0.0:0 to multicast group 230.0.0.1:6666.
[2017.07.14-14.53.45:019][  0]LogMaterial: Uniform references updated for custom material expression Custom.
[2017.07.14-14.53.45:461][  0]SourceControl: Info Source control is disabled
[2017.07.14-14.53.45:462][  0]SourceControl: Info Source control is disabled
[2017.07.14-14.53.45:520][  0]SourceControl: Info Source control is disabled
[2017.07.14-14.53.45:558][  0]SourceControl: Info Source control is disabled
[2017.07.14-14.53.47:086][  0]LogEngine: Initializing Engine...
[2017.07.14-14.53.47:086][  0]LogHMD: Failed to initialize OpenVR with code 110
[2017.07.14-14.53.47:834][  0]LogAIModule: Creating AISystem for world Untitled
[2017.07.14-14.53.47:911][  0]LogInit: XAudio2 using 'Altavoces (Realtek High Definition Audio)' : 2 channels at 48 kHz using 32 bits per sample (channel mask 0x3)
[2017.07.14-14.53.47:926][  0]LogInit: FAudioDevice initialized.
[2017.07.14-14.53.47:946][  0]LogDerivedDataCache: Saved boot cache 0.02s 50MB C:/Users/Grego/AppData/Local/UnrealEngine/4.15/DerivedDataCache/Boot.ddc.
[2017.07.14-14.53.47:949][  0]LogInit: Texture streaming: Enabled
[2017.07.14-14.53.48:048][  0]LogEngineSessionManager: EngineSessionManager initialized
[2017.07.14-14.53.48:538][  0]LogInit: Transaction tracking system initialized
[2017.07.14-14.53.50:258][  0]BlueprintLog: New page: Editor Load
[2017.07.14-14.53.51:493][  0]LocalizationService: Info Localization service is disabled
[2017.07.14-14.53.52:219][  0]LogConsoleResponse:Display: 
[2017.07.14-14.53.53:973][  0]LogFileCache: Scanning file cache for directory 'D:/TFG/CreativeKeepers/Content/' took 0.01s
[2017.07.14-14.53.53:973][  0]LogCook:Display: Max memory allowance for cook 16384mb min free memory 0mb
[2017.07.14-14.53.53:973][  0]LogCook:Display: Mobile HDR setting 1
[2017.07.14-14.53.56:332][  0]SourceControl: Info Source control is disabled
[2017.07.14-14.53.56:380][  0]Cmd: MAP LOAD FILE="../../../../../TFG/CreativeKeepers/Content/test.umap" TEMPLATE=0 SHOWPROGRESS=1 FEATURELEVEL=3
[2017.07.14-14.53.56:526][  0]LightingResults: New page: Lighting Build
[2017.07.14-14.53.56:876][  0]MapCheck: New page: Map Check
[2017.07.14-14.53.56:876][  0]LightingResults: New page: Lighting Build
[2017.07.14-14.54.00:365][  0]LogAIModule: Creating AISystem for world test
[2017.07.14-14.54.00:689][  0]LogEditorServer: Finished looking for orphan Actors (0.000 secs)
[2017.07.14-14.54.00:724][  0]Cmd: MAP CHECKDEP NOCLEARLOG
[2017.07.14-14.54.00:770][  0]MapCheck: Info Map check complete: 0 Error(s), 0 Warning(s), took 45.999ms to complete.
[2017.07.14-14.54.00:770][  0]LogFileHelpers: Loading map 'test' took 4.409
[2017.07.14-14.54.02:849][  0]LogCollectionManager: Loaded 0 collections in 0.000693 seconds
[2017.07.14-14.54.03:030][  0]LogFileCache: Scanning file cache for directory 'D:/TFG/CreativeKeepers/Saved/Collections/' took 0.01s
[2017.07.14-14.54.03:030][  0]LogFileCache: Scanning file cache for directory 'D:/TFG/CreativeKeepers/Content/Developers/Grego/Collections/' took 0.01s
[2017.07.14-14.54.03:030][  0]LogFileCache: Scanning file cache for directory 'D:/TFG/CreativeKeepers/Content/Collections/' took 0.01s
[2017.07.14-14.54.03:030][  0]LogCollectionManager: Rebuilt the GUID cache for 0 collections in 0.000001 seconds
[2017.07.14-14.54.03:078][  0]LogContentBrowser: Native class hierarchy populated in 0.0077 seconds. Added 2245 classes and 453 folders.
[2017.07.14-14.54.03:098][  0]LogStats: UGameplayTagsManager::ConstructGameplayTagTree: Construct from data asset -  0.000 s
[2017.07.14-14.54.03:119][  0]LogStats: UGameplayTagsManager::ConstructGameplayTagTree: GameplayTagTreeChangedEvent.Broadcast -  0.000 s
[2017.07.14-14.54.03:165][  0]LogContentBrowser: Native class hierarchy updated for 'WidgetCarousel' in 0.0006 seconds. Added 0 classes and 0 folders.
[2017.07.14-14.54.04:858][  0]LogContentBrowser: Native class hierarchy updated for 'AddContentDialog' in 0.0004 seconds. Added 0 classes and 0 folders.
[2017.07.14-14.54.04:945][  0]LogContentBrowser: Native class hierarchy updated for 'SceneOutliner' in 0.0004 seconds. Added 1 classes and 2 folders.
[2017.07.14-14.54.06:245][  0]LogCrashTracker: Crashtracker disabled due to settings.
[2017.07.14-14.54.06:347][  0]LogUObjectGlobals:Warning: Failed to find object 'Class None.'
[2017.07.14-14.54.06:494][  0]LogContentBrowser: Native class hierarchy updated for 'HierarchicalLODOutliner' in 0.0005 seconds. Added 1 classes and 2 folders.
[2017.07.14-14.54.06:495][  0]LogLoad: (Engine Initialization) Total time: 57.87 seconds
[2017.07.14-14.54.06:495][  0]LogLoad: (Engine Initialization) Total Blueprint compile time: 0.85 seconds
[2017.07.14-14.54.06:495][  0]LogExternalProfiler: No external profilers were discovered.  External profiling features will not be available.
[2017.07.14-14.54.06:514][  0]LogOcInput: OculusInput pre-init called
[2017.07.14-14.54.06:700][  0]LogContentStreaming: Texture pool size now 1000 MB
[2017.07.14-14.54.06:760][  0]LogSlate: Took 0.006220 seconds to synchronously load lazily loaded font '../../../Engine/Content/Slate/Fonts/Roboto-Regular.ttf' (155K)
[2017.07.14-14.54.06:798][  0]LogSlate: Took 0.035009 seconds to synchronously load lazily loaded font '../../../Engine/Content/Slate/Fonts/Roboto-Bold.ttf' (160K)
[2017.07.14-14.54.06:843][  0]LogSlate: Took 0.013521 seconds to synchronously load lazily loaded font '../../../Engine/Content/Editor/Slate/Fonts/FontAwesome.ttf' (139K)
[2017.07.14-14.54.07:272][  0]LogRenderer: Reallocating scene render targets to support 1208x576 NumSamples 1 (Frame:2).
[2017.07.14-14.54.07:272][  0]LogSlate: Took 0.031787 seconds to synchronously load lazily loaded font '../../../Engine/Content/Slate/Fonts/Roboto-Light.ttf' (159K)
[2017.07.14-14.54.07:807][  2]LogAssetRegistry: Asset discovery search completed in 34.2343 seconds
[2017.07.14-14.54.07:807][  2]LogCollectionManager: Rebuilt the object cache for 0 collections in 0.000018 seconds (found 0 objects)
[2017.07.14-14.54.07:807][  2]LogCollectionManager: Fixed up redirectors for 0 collections in 0.000038 seconds (updated 0 objects)
[2017.07.14-14.55.14:236][326]LogTemp:Display: Executing iPhonePackager certificates Engine -bundlename com.YourCompany.CreativeKeepers

[2017.07.14-14.55.14:236][326]LogTemp:Display: CWD: D:\Programas\UE_4.15\Engine\Binaries\DotNET\IOS

[2017.07.14-14.55.14:236][326]LogTemp:Display: Initial Dir: D:\Programas\UE_4.15

[2017.07.14-14.55.14:236][326]LogTemp:Display: Env CWD: D:\Programas\UE_4.15\Engine\Binaries\DotNET\IOS

[2017.07.14-14.55.14:236][326]LogSlate: Only BGRA pngs, bmps or icos are supported in by External Image Picker
[2017.07.14-14.55.14:287][327]LogTemp:Display: BranchPath = DESKTOP-QMJBIV2/D/Programas/UE_4.15/Engine/Binaries --- GameBranchPath = DESKTOP-QMJBIV2/D/Programas/UE_4.15/Engine/Binaries

[2017.07.14-14.55.14:287][327]LogTemp:Display: IPP ERROR: Application exception: System.IO.DirectoryNotFoundException: No se puede encontrar una parte de la ruta de acceso 'C:\Users\Grego\AppData\Local\Apple Computer\MobileDevice\Provisioning Profiles'.

[2017.07.14-14.55.14:287][327]LogTemp:Display:    en System.IO.__Error.WinIOError(Int32 errorCode, String maybeFullPath)

[2017.07.14-14.55.14:287][327]LogTemp:Display:    en System.IO.FileSystemEnumerableIterator`1.CommonInit()

[2017.07.14-14.55.14:287][327]LogTemp:Display:    en System.IO.Directory.EnumerateFiles(String path, String searchPattern)

[2017.07.14-14.55.14:287][327]LogTemp:Display:    en iPhonePackager.CodeSignatureBuilder.FindProvisions(String CFBundleIdentifier)

[2017.07.14-14.55.14:287][327]LogTemp:Display:    en iPhonePackager.Program.Main(String[] args)

[2017.07.14-14.55.46:485][131]LogSlate: Took 0.000104 seconds to synchronously load lazily loaded font '../../../Engine/Content/Slate/Fonts/Roboto-Light.ttf' (159K)
[2017.07.14-14.56.09:201][737]LogSlate: Took 0.000147 seconds to synchronously load lazily loaded font '../../../Engine/Content/Slate/Fonts/Roboto-Light.ttf' (159K)
[2017.07.14-15.07.28:914][588]LogContentBrowser: Native class hierarchy updated for 'TranslationEditor' in 0.0004 seconds. Added 3 classes and 0 folders.
[2017.07.14-15.07.28:928][588]TranslationEditor:Error: Error Most current translation manifest (../../../../../TFG/CreativeKeepers/Content/Localization/Game/Game.manifest) has 0 entries.
[2017.07.14-15.17.35:993][477]LogContentBrowser: Native class hierarchy updated for 'BlueprintGraph' in 0.0007 seconds. Added 112 classes and 0 folders.
[2017.07.14-15.17.36:700][477]LogSlate: Took 0.009307 seconds to synchronously load lazily loaded font '../../../Engine/Content/Slate/Fonts/Roboto-Regular.ttf' (155K)
[2017.07.14-15.17.36:995][477]LogSlate: Took 0.008427 seconds to synchronously load lazily loaded font '../../../Engine/Content/Editor/Slate/Fonts/Roboto-BoldCondensed.ttf' (158K)
[2017.07.14-15.17.49:743][971]LogSlate: Took 0.024797 seconds to synchronously load lazily loaded font '../../../Engine/Content/Editor/Slate/Fonts/Roboto-Italic.ttf' (157K)
[2017.07.14-15.18.08:483][159]LogSlate: Took 0.011659 seconds to synchronously load lazily loaded font '../../../Engine/Content/Editor/Slate/Fonts/Roboto-BoldCondensedItalic.ttf' (160K)
[2017.07.14-15.18.29:900][967]LogFileHelpers: Editor autosave (incl. sublevels) for '/Game/test' took 0.031
[2017.07.14-15.18.29:946][967]OBJ SavePackage: Generating thumbnails for [0] asset(s) in package [/Game/Dialogos/diag_tutorial1] ([1] browsable assets)...
[2017.07.14-15.18.29:946][967]OBJ SavePackage: Finished generating thumbnails for package [/Game/Dialogos/diag_tutorial1]
[2017.07.14-15.18.29:946][967]Cmd: OBJ SAVEPACKAGE PACKAGE="/Game/Dialogos/diag_tutorial1" FILE="../../../../../TFG/CreativeKeepers/Saved/Autosaves/Game/Dialogos/diag_tutorial1_Auto1.uasset" SILENT=false AUTOSAVING=true
[2017.07.14-15.18.30:103][967]LogSavePackage: Save=25.88ms
[2017.07.14-15.18.30:103][967]LogSavePackage: Moving '../../../../../TFG/CreativeKeepers/Saved/diag_tutorial1_Auto1CFE307264966DEFC0A9D599FCCBA1C75.tmp' to '../../../../../TFG/CreativeKeepers/Saved/Autosaves/Game/Dialogos/diag_tutorial1_Auto1.uasset'
[2017.07.14-15.18.30:105][967]LogSavePackage:Display: Finished SavePackage ../../../../../TFG/CreativeKeepers/Saved/Autosaves/Game/Dialogos/diag_tutorial1_Auto1.uasset
[2017.07.14-15.18.30:106][967]OBJ SavePackage: Generating thumbnails for [0] asset(s) in package [/Game/Miscelaneous/misc_dialogos] ([1] browsable assets)...
[2017.07.14-15.18.30:106][967]OBJ SavePackage: Finished generating thumbnails for package [/Game/Miscelaneous/misc_dialogos]
[2017.07.14-15.18.30:106][967]Cmd: OBJ SAVEPACKAGE PACKAGE="/Game/Miscelaneous/misc_dialogos" FILE="../../../../../TFG/CreativeKeepers/Saved/Autosaves/Game/Miscelaneous/misc_dialogos_Auto1.uasset" SILENT=false AUTOSAVING=true
[2017.07.14-15.18.30:139][967]LogSavePackage: Save=23.18ms
[2017.07.14-15.18.30:139][967]LogSavePackage: Moving '../../../../../TFG/CreativeKeepers/Saved/misc_dialogos_Auto1FACFA6394660BCF7074693AB65CD2081.tmp' to '../../../../../TFG/CreativeKeepers/Saved/Autosaves/Game/Miscelaneous/misc_dialogos_Auto1.uasset'
[2017.07.14-15.18.30:140][967]LogSavePackage:Display: Finished SavePackage ../../../../../TFG/CreativeKeepers/Saved/Autosaves/Game/Miscelaneous/misc_dialogos_Auto1.uasset
[2017.07.14-15.18.30:140][967]LogFileHelpers: Auto-saving content packages took 0.240
[2017.07.14-15.20.06:342][450]BlueprintLog: New page: Compile misc_dialogos
[2017.07.14-15.20.06:361][450]LogBlueprint:Error: [Compiler diag_tutorial1] Error The current value of the ' Target Array ' pin is invalid: Array inputs (like 'Target Array') must have an input wired into them (try connecting a MakeArray node).
[2017.07.14-15.20.06:361][450]LogBlueprint:Error: [Compiler diag_tutorial1] Error The current value of the ' Target Array ' pin is invalid: Array inputs (like 'Target Array') must have an input wired into them (try connecting a MakeArray node).
[2017.07.14-15.20.06:361][450]LogBlueprint:Error: [Compiler diag_tutorial1] Error The current value of the ' Target Array ' pin is invalid: Array inputs (like 'Target Array') must have an input wired into them (try connecting a MakeArray node).
[2017.07.14-15.20.06:392][450]LogBlueprint:Error: [Compiler diag_tutorial1] Error The current value of the ' Target Array ' pin is invalid: Array inputs (like 'Target Array') must have an input wired into them (try connecting a MakeArray node).
[2017.07.14-15.20.06:392][450]LogBlueprint:Error: [Compiler diag_tutorial1] Error The current value of the ' Target Array ' pin is invalid: Array inputs (like 'Target Array') must have an input wired into them (try connecting a MakeArray node).
[2017.07.14-15.20.06:392][450]LogBlueprint:Error: [Compiler diag_tutorial1] Error The current value of the ' Target Array ' pin is invalid: Array inputs (like 'Target Array') must have an input wired into them (try connecting a MakeArray node).
[2017.07.14-15.20.07:509][542]Cmd: OBJ SAVEPACKAGE PACKAGE="/Game/Miscelaneous/misc_dialogos" FILE="../../../../../TFG/CreativeKeepers/Content/Miscelaneous/misc_dialogos.uasset" SILENT=true
[2017.07.14-15.20.07:540][542]LogSavePackage: Save=18.87ms
[2017.07.14-15.20.07:540][542]LogSavePackage: Moving '../../../../../TFG/CreativeKeepers/Saved/misc_dialogos06648BD249A697161B4AF79D40888B48.tmp' to '../../../../../TFG/CreativeKeepers/Content/Miscelaneous/misc_dialogos.uasset'
[2017.07.14-15.20.07:545][542]LogSavePackage:Display: Finished SavePackage ../../../../../TFG/CreativeKeepers/Content/Miscelaneous/misc_dialogos.uasset
[2017.07.14-15.20.23:429][439]LogEditorTransaction: Undo Create Pin Link
[2017.07.14-15.20.23:988][502]LogEditorTransaction: Undo Move Node
[2017.07.14-15.20.24:450][555]LogEditorTransaction: Undo Move Node
[2017.07.14-15.20.24:715][585]LogEditorTransaction: Undo Move Node
[2017.07.14-15.20.24:889][604]LogEditorTransaction: Undo Move Node
[2017.07.14-15.20.25:071][624]LogEditorTransaction: Undo Move Node
[2017.07.14-15.20.25:244][643]LogEditorTransaction: Undo Move Node
[2017.07.14-15.20.25:434][664]LogEditorTransaction: Undo Move Node
[2017.07.14-15.22.19:598][289]BlueprintLog: New page: Compile diag_tutorial1
[2017.07.14-15.22.20:021][326]Cmd: OBJ SAVEPACKAGE PACKAGE="/Game/Dialogos/diag_tutorial1" FILE="../../../../../TFG/CreativeKeepers/Content/Dialogos/diag_tutorial1.uasset" SILENT=true
[2017.07.14-15.22.20:041][326]LogSavePackage: Save=10.29ms
[2017.07.14-15.22.20:041][326]LogSavePackage: Moving '../../../../../TFG/CreativeKeepers/Saved/diag_tutorial1C93A09C7493AFFBF9B0E919BA87750DB.tmp' to '../../../../../TFG/CreativeKeepers/Content/Dialogos/diag_tutorial1.uasset'
[2017.07.14-15.22.20:044][326]LogSavePackage:Display: Finished SavePackage ../../../../../TFG/CreativeKeepers/Content/Dialogos/diag_tutorial1.uasset
[2017.07.14-15.22.21:255][470]LogTemp: Repeting last play command: Selected Viewport
[2017.07.14-15.22.21:268][470]LogBlueprintUserMessages: Early PlayInEditor Detection: Level '/Game/test.test:PersistentLevel' has LevelScriptBlueprint '/Game/test.test:PersistentLevel.test' with GeneratedClass '/Game/test.test_C' with ClassGeneratedBy '/Game/test.test:PersistentLevel.test'
[2017.07.14-15.22.21:268][470]BlueprintLog: New page: Pre-Play auto-recompile
[2017.07.14-15.22.21:268][470]LogPlayLevel: [PlayLevel] Compiling misc_dialogos before play...
[2017.07.14-15.22.21:287][470]LogPlayLevel: [PlayLevel]   Compiling diag_tutorial1 as a dependent...
[2017.07.14-15.22.21:459][470]LogPlayLevel: PlayLevel: Blueprint regeneration took 191 ms (2 blueprints)
[2017.07.14-15.22.21:500][470]PIE: New page: PIE session: test (Jul 14, 2017, 7:22:21 PM)
[2017.07.14-15.22.21:512][470]LogPlayLevel: Creating play world package: /Game/UEDPIE_0_test
[2017.07.14-15.22.21:520][470]LogPlayLevel: PIE: StaticDuplicateObject took: (0.008144s)
[2017.07.14-15.22.21:520][470]LogAIModule: Creating AISystem for world test
[2017.07.14-15.22.21:520][470]LogPlayLevel: PIE: World Init took: (0.000715s)
[2017.07.14-15.22.21:521][470]LogPlayLevel: PIE: Created PIE world by copying editor world from /Game/test.test to /Game/UEDPIE_0_test.test (0.019805s)
[2017.07.14-15.22.21:554][470]LogInit: XAudio2 using 'Altavoces (Realtek High Definition Audio)' : 2 channels at 48 kHz using 32 bits per sample (channel mask 0x3)
[2017.07.14-15.22.21:563][470]LogInit: FAudioDevice initialized.
[2017.07.14-15.22.21:645][470]LogLoad: Game class is 'misc-gameMode_C'
[2017.07.14-15.22.21:681][470]LogWorld: Bringing World /Game/UEDPIE_0_test.test up for play (max tick rate 0) at 2017.07.14-17.22.21
[2017.07.14-15.22.21:707][470]LogWorld: Bringing up level for play took: 0.026449
[2017.07.14-15.22.21:764][470]LogContentBrowser: Native class hierarchy updated for 'MovieSceneCapture' in 0.0005 seconds. Added 11 classes and 0 folders.
[2017.07.14-15.22.21:786][470]PIE: Info Play in editor start time for /Game/UEDPIE_0_test -0.406
[2017.07.14-15.22.21:789][470]LogBlueprintUserMessages: Late PlayInEditor Detection: Level '/Game/test.test:PersistentLevel' has LevelScriptBlueprint '/Game/test.test:PersistentLevel.test' with GeneratedClass '/Game/test.test_C' with ClassGeneratedBy '/Game/test.test:PersistentLevel.test'
[2017.07.14-15.22.21:843][470]LogRenderer: Reallocating scene render targets to support 1292x756 NumSamples 1 (Frame:38348).
[2017.07.14-15.22.23:903][707]LogBlueprintUserMessages: Early EndPlayMap Detection: Level '/Game/test.test:PersistentLevel' has LevelScriptBlueprint '/Game/test.test:PersistentLevel.test' with GeneratedClass '/Game/test.test_C' with ClassGeneratedBy '/Game/test.test:PersistentLevel.test'
[2017.07.14-15.22.23:961][707]LogBlueprintUserMessages: Late EndPlayMap Detection: Level '/Game/test.test:PersistentLevel' has LevelScriptBlueprint '/Game/test.test:PersistentLevel.test' with GeneratedClass '/Game/test.test_C' with ClassGeneratedBy '/Game/test.test:PersistentLevel.test'
[2017.07.14-15.22.36:130][157]LogAIModule: Creating AISystem for world tutorial
[2017.07.14-15.22.37:221][157]Cmd: OBJ SAVEPACKAGE PACKAGE="/Game/Miscelaneous/misc_dialogos" FILE="../../../../../TFG/CreativeKeepers/Content/Miscelaneous/misc_dialogos.uasset" SILENT=true
[2017.07.14-15.22.37:249][157]LogSavePackage: Save=19.35ms
[2017.07.14-15.22.37:249][157]LogSavePackage: Moving '../../../../../TFG/CreativeKeepers/Saved/misc_dialogos35807260449A3F9270A959BCBBC53850.tmp' to '../../../../../TFG/CreativeKeepers/Content/Miscelaneous/misc_dialogos.uasset'
[2017.07.14-15.22.37:252][157]LogSavePackage:Display: Finished SavePackage ../../../../../TFG/CreativeKeepers/Content/Miscelaneous/misc_dialogos.uasset
[2017.07.14-15.22.37:253][157]Cmd: MAP LOAD FILE="../../../../../TFG/CreativeKeepers/Content/Levels/tutorial.umap" TEMPLATE=0 SHOWPROGRESS=1 FEATURELEVEL=3
[2017.07.14-15.22.37:253][157]LightingResults: New page: Lighting Build
[2017.07.14-15.22.37:255][157]LoadErrors: New page: Loading map: tutorial.umap
[2017.07.14-15.22.37:255][157]MapCheck: New page: Map Check
[2017.07.14-15.22.37:255][157]LightingResults: New page: Lighting Build
[2017.07.14-15.22.37:346][157]LogEditorServer: Finished looking for orphan Actors (0.000 secs)
[2017.07.14-15.22.37:365][157]Cmd: MAP CHECKDEP NOCLEARLOG
[2017.07.14-15.22.37:390][157]MapCheck: Info Map check complete: 0 Error(s), 0 Warning(s), took 25.433ms to complete.
[2017.07.14-15.22.37:391][157]LogFileHelpers: Loading map 'tutorial' took 0.138
[2017.07.14-15.22.39:327][387]LogTemp: Repeting last play command: Selected Viewport
[2017.07.14-15.22.39:344][387]LogBlueprintUserMessages: Early PlayInEditor Detection: Level '/Game/Levels/tutorial.tutorial:PersistentLevel' has LevelScriptBlueprint '/Game/Levels/tutorial.tutorial:PersistentLevel.tutorial' with GeneratedClass '/Game/Levels/tutorial.tutorial_C' with ClassGeneratedBy '/Game/Levels/tutorial.tutorial:PersistentLevel.tutorial'
[2017.07.14-15.22.39:344][387]LogPlayLevel: PlayLevel: No blueprints needed recompiling
[2017.07.14-15.22.39:344][387]PIE: New page: PIE session: tutorial (Jul 14, 2017, 7:22:39 PM)
[2017.07.14-15.22.39:344][387]LogPlayLevel: Creating play world package: /Game/Levels/UEDPIE_0_tutorial
[2017.07.14-15.22.39:345][387]LogPlayLevel: PIE: StaticDuplicateObject took: (0.000874s)
[2017.07.14-15.22.39:346][387]LogAIModule: Creating AISystem for world tutorial
[2017.07.14-15.22.39:346][387]LogPlayLevel: PIE: World Init took: (0.000483s)
[2017.07.14-15.22.39:346][387]LogPlayLevel: PIE: Created PIE world by copying editor world from /Game/Levels/tutorial.tutorial to /Game/Levels/UEDPIE_0_tutorial.tutorial (0.001506s)
[2017.07.14-15.22.39:373][387]LogInit: XAudio2 using 'Altavoces (Realtek High Definition Audio)' : 2 channels at 48 kHz using 32 bits per sample (channel mask 0x3)
[2017.07.14-15.22.39:382][387]LogInit: FAudioDevice initialized.
[2017.07.14-15.22.39:502][387]LogLoad: Game class is 'misc-gameMode_C'
[2017.07.14-15.22.39:503][387]LogWorld: Bringing World /Game/Levels/UEDPIE_0_tutorial.tutorial up for play (max tick rate 0) at 2017.07.14-17.22.39
[2017.07.14-15.22.39:503][387]LogWorld: Bringing up level for play took: 0.000638
[2017.07.14-15.22.39:529][387]PIE: Info Play in editor start time for /Game/Levels/UEDPIE_0_tutorial -0.663
[2017.07.14-15.22.39:529][387]LogBlueprintUserMessages: Late PlayInEditor Detection: Level '/Game/Levels/tutorial.tutorial:PersistentLevel' has LevelScriptBlueprint '/Game/Levels/tutorial.tutorial:PersistentLevel.tutorial' with GeneratedClass '/Game/Levels/tutorial.tutorial_C' with ClassGeneratedBy '/Game/Levels/tutorial.tutorial:PersistentLevel.tutorial'
[2017.07.14-15.22.50:268][640]LogBlueprintUserMessages: Early EndPlayMap Detection: Level '/Game/Levels/tutorial.tutorial:PersistentLevel' has LevelScriptBlueprint '/Game/Levels/tutorial.tutorial:PersistentLevel.tutorial' with GeneratedClass '/Game/Levels/tutorial.tutorial_C' with ClassGeneratedBy '/Game/Levels/tutorial.tutorial:PersistentLevel.tutorial'
[2017.07.14-15.22.50:353][640]LogBlueprintUserMessages: Late EndPlayMap Detection: Level '/Game/Levels/tutorial.tutorial:PersistentLevel' has LevelScriptBlueprint '/Game/Levels/tutorial.tutorial:PersistentLevel.tutorial' with GeneratedClass '/Game/Levels/tutorial.tutorial_C' with ClassGeneratedBy '/Game/Levels/tutorial.tutorial:PersistentLevel.tutorial'
[2017.07.14-15.23.00:922][870]LogStats:Warning: MetaData mismatch. Did you assign a stat to two groups? New //STATGROUP_Threads//Localization Commandlet Log Pump Thread///Thread_327c_0///####STATCAT_Advanced#### old //STATGROUP_Threads//Localization Commandlet Log Pump Thread///Thread_2880_0///####STATCAT_Advanced####
[2017.07.14-15.24.02:261][782]LogStats:Warning: MetaData mismatch. Did you assign a stat to two groups? New //STATGROUP_Threads//Localization Commandlet Log Pump Thread///Thread_5cc_0///####STATCAT_Advanced#### old //STATGROUP_Threads//Localization Commandlet Log Pump Thread///Thread_2880_0///####STATCAT_Advanced####
[2017.07.14-15.24.23:157][647]LogEditorViewport: Clicking Background
[2017.07.14-15.27.08:779][902]LogDesktopPlatform:Warning: Error reading results of folder dialog.
[2017.07.14-15.27.51:726][140]LogStats:Warning: MetaData mismatch. Did you assign a stat to two groups? New //STATGROUP_Threads//Localization Commandlet Log Pump Thread///Thread_191c_0///####STATCAT_Advanced#### old //STATGROUP_Threads//Localization Commandlet Log Pump Thread///Thread_2880_0///####STATCAT_Advanced####
[2017.07.14-15.42.39:360][862]LogClass:Warning: Type mismatch in local_cadenas of SKEL_diag_tutorial1_C - Previous (StructProperty) Current(TextProperty) for package:  FObjectReader
[2017.07.14-15.43.17:380][418]BlueprintLog: New page: Compile diag_tutorial1
[2017.07.14-15.43.29:939][892]BlueprintLog: New page: Compile diag_tutorial1
[2017.07.14-15.44.42:409][486]BlueprintLog: New page: Compile diag_tutorial1
[2017.07.14-15.45.16:624][513]BlueprintLog: New page: Compile diag_tutorial1
[2017.07.14-15.45.17:797][641]Cmd: OBJ SAVEPACKAGE PACKAGE="/Game/Dialogos/diag_tutorial1" FILE="../../../../../TFG/CreativeKeepers/Content/Dialogos/diag_tutorial1.uasset" SILENT=true
[2017.07.14-15.45.17:816][641]LogSavePackage: Save=9.30ms
[2017.07.14-15.45.17:816][641]LogSavePackage: Moving '../../../../../TFG/CreativeKeepers/Saved/diag_tutorial19BD980724F69010CD20766A3222F8488.tmp' to '../../../../../TFG/CreativeKeepers/Content/Dialogos/diag_tutorial1.uasset'
[2017.07.14-15.45.17:819][641]LogSavePackage:Display: Finished SavePackage ../../../../../TFG/CreativeKeepers/Content/Dialogos/diag_tutorial1.uasset
[2017.07.14-15.45.21:206][ 44]Cmd: OBJ SAVEPACKAGE PACKAGE="/Game/Levels/tutorial" FILE="../../../../../TFG/CreativeKeepers/Content/Levels/tutorial.umap" SILENT=true AUTOSAVING=false KEEPDIRTY=false
[2017.07.14-15.45.21:313][ 44]LogSavePackage: Save=71.02ms
[2017.07.14-15.45.21:313][ 44]LogSavePackage: Moving '../../../../../TFG/CreativeKeepers/Saved/tutorial01F69A7B4E6CA19CE6D0ED97DD3227F9.tmp' to '../../../../../TFG/CreativeKeepers/Content/Levels/tutorial.umap'
[2017.07.14-15.45.21:315][ 44]LogSavePackage:Display: Finished SavePackage ../../../../../TFG/CreativeKeepers/Content/Levels/tutorial.umap
[2017.07.14-15.45.22:485][182]LogTemp: Repeting last play command: Selected Viewport
[2017.07.14-15.45.22:502][182]LogBlueprintUserMessages: Early PlayInEditor Detection: Level '/Game/Levels/tutorial.tutorial:PersistentLevel' has LevelScriptBlueprint '/Game/Levels/tutorial.tutorial:PersistentLevel.tutorial' with GeneratedClass '/Game/Levels/tutorial.tutorial_C' with ClassGeneratedBy '/Game/Levels/tutorial.tutorial:PersistentLevel.tutorial'
[2017.07.14-15.45.22:502][182]LogPlayLevel: PlayLevel: No blueprints needed recompiling
[2017.07.14-15.45.22:502][182]PIE: New page: PIE session: tutorial (Jul 14, 2017, 7:45:22 PM)
[2017.07.14-15.45.22:502][182]LogPlayLevel: Creating play world package: /Game/Levels/UEDPIE_0_tutorial
[2017.07.14-15.45.22:503][182]LogPlayLevel: PIE: StaticDuplicateObject took: (0.000971s)
[2017.07.14-15.45.22:504][182]LogAIModule: Creating AISystem for world tutorial
[2017.07.14-15.45.22:504][182]LogPlayLevel: PIE: World Init took: (0.000585s)
[2017.07.14-15.45.22:504][182]LogPlayLevel: PIE: Created PIE world by copying editor world from /Game/Levels/tutorial.tutorial to /Game/Levels/UEDPIE_0_tutorial.tutorial (0.001731s)
[2017.07.14-15.45.22:530][182]LogInit: XAudio2 using 'Altavoces (Realtek High Definition Audio)' : 2 channels at 48 kHz using 32 bits per sample (channel mask 0x3)
[2017.07.14-15.45.22:540][182]LogInit: FAudioDevice initialized.
[2017.07.14-15.45.22:571][182]LogLoad: Game class is 'misc-gameMode_C'
[2017.07.14-15.45.22:572][182]LogWorld: Bringing World /Game/Levels/UEDPIE_0_tutorial.tutorial up for play (max tick rate 0) at 2017.07.14-17.45.22
[2017.07.14-15.45.22:572][182]LogWorld: Bringing up level for play took: 0.000621
[2017.07.14-15.45.22:574][182]PIE: Info Play in editor start time for /Game/Levels/UEDPIE_0_tutorial 0.382
[2017.07.14-15.45.22:574][182]LogBlueprintUserMessages: Late PlayInEditor Detection: Level '/Game/Levels/tutorial.tutorial:PersistentLevel' has LevelScriptBlueprint '/Game/Levels/tutorial.tutorial:PersistentLevel.tutorial' with GeneratedClass '/Game/Levels/tutorial.tutorial_C' with ClassGeneratedBy '/Game/Levels/tutorial.tutorial:PersistentLevel.tutorial'
[2017.07.14-15.45.36:731][880]LogBlueprintUserMessages: Early EndPlayMap Detection: Level '/Game/Levels/tutorial.tutorial:PersistentLevel' has LevelScriptBlueprint '/Game/Levels/tutorial.tutorial:PersistentLevel.tutorial' with GeneratedClass '/Game/Levels/tutorial.tutorial_C' with ClassGeneratedBy '/Game/Levels/tutorial.tutorial:PersistentLevel.tutorial'
[2017.07.14-15.45.36:764][880]LogBlueprintUserMessages: Late EndPlayMap Detection: Level '/Game/Levels/tutorial.tutorial:PersistentLevel' has LevelScriptBlueprint '/Game/Levels/tutorial.tutorial:PersistentLevel.tutorial' with GeneratedClass '/Game/Levels/tutorial.tutorial_C' with ClassGeneratedBy '/Game/Levels/tutorial.tutorial:PersistentLevel.tutorial'
[2017.07.14-15.45.47:169][ 91]LogStats:Warning: MetaData mismatch. Did you assign a stat to two groups? New //STATGROUP_Threads//Localization Commandlet Log Pump Thread///Thread_93c_0///####STATCAT_Advanced#### old //STATGROUP_Threads//Localization Commandlet Log Pump Thread///Thread_2880_0///####STATCAT_Advanced####
[2017.07.14-15.46.11:879][447]LogDesktopPlatform:Warning: Error reading results of folder dialog.
[2017.07.14-15.46.27:694][ 65]LogDesktopPlatform:Warning: Error reading results of folder dialog.
[2017.07.14-15.47.03:224][655]LogStats:Warning: MetaData mismatch. Did you assign a stat to two groups? New //STATGROUP_Threads//Localization Commandlet Log Pump Thread///Thread_32a8_0///####STATCAT_Advanced#### old //STATGROUP_Threads//Localization Commandlet Log Pump Thread///Thread_2880_0///####STATCAT_Advanced####
[2017.07.14-15.50.29:839][707]LogStats:Warning: MetaData mismatch. Did you assign a stat to two groups? New //STATGROUP_Threads//Localization Commandlet Log Pump Thread///Thread_688_0///####STATCAT_Advanced#### old //STATGROUP_Threads//Localization Commandlet Log Pump Thread///Thread_2880_0///####STATCAT_Advanced####
[2017.07.14-15.51.06:855][194]LogStats:Warning: MetaData mismatch. Did you assign a stat to two groups? New //STATGROUP_Threads//Localization Commandlet Log Pump Thread///Thread_b84_0///####STATCAT_Advanced#### old //STATGROUP_Threads//Localization Commandlet Log Pump Thread///Thread_2880_0///####STATCAT_Advanced####
[2017.07.14-15.51.14:518][194]LogStats:Warning: MetaData mismatch. Did you assign a stat to two groups? New //STATGROUP_Threads//Localization Commandlet Log Pump Thread///Thread_1140_0///####STATCAT_Advanced#### old //STATGROUP_Threads//Localization Commandlet Log Pump Thread///Thread_2880_0///####STATCAT_Advanced####
[2017.07.14-15.52.33:735][192]SourceControl: Info Successfully checked out and saved translation archive '../../../../../TFG/CreativeKeepers/Content/Localization/Game/en/Game.archive'. Please check-in this file later via your source control application.
[2017.07.14-15.53.54:100][313]LogSlate:Warning: Slate: Had to block on waiting for a draw buffer
[2017.07.14-15.53.54:414][313]LogSlate:Warning: Slate: Had to block on waiting for a draw buffer
[2017.07.14-15.53.56:632][313]LogSlate:Warning: Slate: Had to block on waiting for a draw buffer
[2017.07.14-15.53.56:665][313]LogSlate:Warning: Slate: Had to block on waiting for a draw buffer
[2017.07.14-15.53.56:831][313]LogSlate:Warning: Slate: Had to block on waiting for a draw buffer
[2017.07.14-15.53.56:897][313]LogSlate:Warning: Slate: Had to block on waiting for a draw buffer
[2017.07.14-15.53.56:931][313]LogSlate:Warning: Slate: Had to block on waiting for a draw buffer
[2017.07.14-15.53.56:965][313]LogSlate:Warning: Slate: Had to block on waiting for a draw buffer
[2017.07.14-15.53.56:998][313]LogSlate:Warning: Slate: Had to block on waiting for a draw buffer
[2017.07.14-15.53.57:032][313]LogSlate:Warning: Slate: Had to block on waiting for a draw buffer
[2017.07.14-15.53.57:066][313]LogSlate:Warning: Slate: Had to block on waiting for a draw buffer
[2017.07.14-15.53.57:099][313]LogSlate:Warning: Slate: Had to block on waiting for a draw buffer
[2017.07.14-15.53.57:133][313]LogSlate:Warning: Slate: Had to block on waiting for a draw buffer
[2017.07.14-15.53.57:183][313]LogSlate:Warning: Slate: Had to block on waiting for a draw buffer
[2017.07.14-15.53.57:200][313]LogSlate:Warning: Slate: Had to block on waiting for a draw buffer
[2017.07.14-15.53.57:234][313]LogSlate:Warning: Slate: Had to block on waiting for a draw buffer
[2017.07.14-15.53.57:268][313]LogSlate:Warning: Slate: Had to block on waiting for a draw buffer
[2017.07.14-15.53.57:302][313]LogSlate:Warning: Slate: Had to block on waiting for a draw buffer
[2017.07.14-15.53.57:335][313]LogSlate:Warning: Slate: Had to block on waiting for a draw buffer
[2017.07.14-15.53.57:434][313]LogSlate:Warning: Slate: Had to block on waiting for a draw buffer
[2017.07.14-15.53.57:468][313]LogSlate:Warning: Slate: Had to block on waiting for a draw buffer
[2017.07.14-15.53.57:502][313]LogSlate:Warning: Slate: Had to block on waiting for a draw buffer
[2017.07.14-15.53.57:535][313]LogSlate:Warning: Slate: Had to block on waiting for a draw buffer
[2017.07.14-15.53.57:568][313]LogSlate:Warning: Slate: Had to block on waiting for a draw buffer
[2017.07.14-15.53.57:601][313]LogSlate:Warning: Slate: Had to block on waiting for a draw buffer
[2017.07.14-15.53.57:701][313]LogSlate:Warning: Slate: Had to block on waiting for a draw buffer
[2017.07.14-15.53.57:735][313]LogSlate:Warning: Slate: Had to block on waiting for a draw buffer
[2017.07.14-15.53.57:933][313]LogSlate:Warning: Slate: Had to block on waiting for a draw buffer
[2017.07.14-15.53.58:311][313]LogSlate:Warning: Slate: Had to block on waiting for a draw buffer
[2017.07.14-15.53.58:345][313]LogSlate:Warning: Slate: Had to block on waiting for a draw buffer
[2017.07.14-15.53.58:378][313]LogSlate:Warning: Slate: Had to block on waiting for a draw buffer
[2017.07.14-15.53.58:591][313]LogSlate:Warning: Slate: Had to block on waiting for a draw buffer
[2017.07.14-15.54.34:247][176]LogSlate:Warning: Slate: Had to block on waiting for a draw buffer
[2017.07.14-15.54.34:412][176]LogSlate:Warning: Slate: Had to block on waiting for a draw buffer
[2017.07.14-15.54.34:661][176]LogSlate:Warning: Slate: Had to block on waiting for a draw buffer
[2017.07.14-15.54.34:694][176]LogSlate:Warning: Slate: Had to block on waiting for a draw buffer
[2017.07.14-15.54.34:728][176]LogSlate:Warning: Slate: Had to block on waiting for a draw buffer
[2017.07.14-15.54.34:762][176]LogSlate:Warning: Slate: Had to block on waiting for a draw buffer
[2017.07.14-15.54.34:796][176]LogSlate:Warning: Slate: Had to block on waiting for a draw buffer
[2017.07.14-15.54.34:845][176]LogSlate:Warning: Slate: Had to block on waiting for a draw buffer
[2017.07.14-15.54.34:879][176]LogSlate:Warning: Slate: Had to block on waiting for a draw buffer
[2017.07.14-15.54.34:913][176]LogSlate:Warning: Slate: Had to block on waiting for a draw buffer
[2017.07.14-15.54.34:946][176]LogSlate:Warning: Slate: Had to block on waiting for a draw buffer
[2017.07.14-15.54.35:029][176]LogSlate:Warning: Slate: Had to block on waiting for a draw buffer
[2017.07.14-15.54.35:310][176]LogSlate:Warning: Slate: Had to block on waiting for a draw buffer
[2017.07.14-15.54.35:343][176]LogSlate:Warning: Slate: Had to block on waiting for a draw buffer
[2017.07.14-15.54.35:476][176]LogSlate:Warning: Slate: Had to block on waiting for a draw buffer
[2017.07.14-15.54.58:387][761]LogSlate:Warning: Slate: Had to block on waiting for a draw buffer
[2017.07.14-15.54.58:997][761]LogSlate:Warning: Slate: Had to block on waiting for a draw buffer
[2017.07.14-15.54.59:031][761]LogSlate:Warning: Slate: Had to block on waiting for a draw buffer
[2017.07.14-15.54.59:114][761]LogSlate:Warning: Slate: Had to block on waiting for a draw buffer
[2017.07.14-15.54.59:147][761]LogSlate:Warning: Slate: Had to block on waiting for a draw buffer
[2017.07.14-15.54.59:181][761]LogSlate:Warning: Slate: Had to block on waiting for a draw buffer
[2017.07.14-15.54.59:198][761]LogSlate:Warning: Slate: Had to block on waiting for a draw buffer
[2017.07.14-15.54.59:233][761]LogSlate:Warning: Slate: Had to block on waiting for a draw buffer
[2017.07.14-15.54.59:298][761]LogSlate:Warning: Slate: Had to block on waiting for a draw buffer
[2017.07.14-15.55.33:881][886]LogStats:Warning: MetaData mismatch. Did you assign a stat to two groups? New //STATGROUP_Threads//Localization Commandlet Log Pump Thread///Thread_101c_0///####STATCAT_Advanced#### old //STATGROUP_Threads//Localization Commandlet Log Pump Thread///Thread_2880_0///####STATCAT_Advanced####
[2017.07.14-15.56.07:831][668]SourceControl: Info Successfully checked out and saved translation archive '../../../../../TFG/CreativeKeepers/Content/Localization/Game/en/Game.archive'. Please check-in this file later via your source control application.
[2017.07.14-15.57.38:380][516]LogTextLocalizationResourceGenerator:Error: No cultures to generate were specified.
[2017.07.14-16.01.55:453][681]LogStats:Warning: MetaData mismatch. Did you assign a stat to two groups? New //STATGROUP_Threads//Localization Commandlet Log Pump Thread///Thread_1774_0///####STATCAT_Advanced#### old //STATGROUP_Threads//Localization Commandlet Log Pump Thread///Thread_2880_0///####STATCAT_Advanced####
[2017.07.14-16.03.10:111][419]SourceControl: Info Successfully checked out and saved translation archive '../../../../../TFG/CreativeKeepers/Content/Localization/Game/es-ES/Game.archive'. Please check-in this file later via your source control application.
[2017.07.14-16.03.16:016][124]LogTemp: Repeting last play command: Selected Viewport
[2017.07.14-16.03.16:038][124]LogBlueprintUserMessages: Early PlayInEditor Detection: Level '/Game/Levels/tutorial.tutorial:PersistentLevel' has LevelScriptBlueprint '/Game/Levels/tutorial.tutorial:PersistentLevel.tutorial' with GeneratedClass '/Game/Levels/tutorial.tutorial_C' with ClassGeneratedBy '/Game/Levels/tutorial.tutorial:PersistentLevel.tutorial'
[2017.07.14-16.03.16:038][124]LogPlayLevel: PlayLevel: No blueprints needed recompiling
[2017.07.14-16.03.16:039][124]PIE: New page: PIE session: tutorial (Jul 14, 2017, 8:03:16 PM)
[2017.07.14-16.03.16:039][124]LogPlayLevel: Creating play world package: /Game/Levels/UEDPIE_0_tutorial
[2017.07.14-16.03.16:040][124]LogPlayLevel: PIE: StaticDuplicateObject took: (0.001095s)
[2017.07.14-16.03.16:041][124]LogAIModule: Creating AISystem for world tutorial
[2017.07.14-16.03.16:041][124]LogPlayLevel: PIE: World Init took: (0.000636s)
[2017.07.14-16.03.16:041][124]LogPlayLevel: PIE: Created PIE world by copying editor world from /Game/Levels/tutorial.tutorial to /Game/Levels/UEDPIE_0_tutorial.tutorial (0.001918s)
[2017.07.14-16.03.16:068][124]LogInit: XAudio2 using 'Altavoces (Realtek High Definition Audio)' : 2 channels at 48 kHz using 32 bits per sample (channel mask 0x3)
[2017.07.14-16.03.16:077][124]LogInit: FAudioDevice initialized.
[2017.07.14-16.03.16:110][124]LogLoad: Game class is 'misc-gameMode_C'
[2017.07.14-16.03.16:111][124]LogWorld: Bringing World /Game/Levels/UEDPIE_0_tutorial.tutorial up for play (max tick rate 0) at 2017.07.14-18.03.16
[2017.07.14-16.03.16:111][124]LogWorld: Bringing up level for play took: 0.000659
[2017.07.14-16.03.16:114][124]PIE: Info Play in editor start time for /Game/Levels/UEDPIE_0_tutorial -0.078
[2017.07.14-16.03.16:114][124]LogBlueprintUserMessages: Late PlayInEditor Detection: Level '/Game/Levels/tutorial.tutorial:PersistentLevel' has LevelScriptBlueprint '/Game/Levels/tutorial.tutorial:PersistentLevel.tutorial' with GeneratedClass '/Game/Levels/tutorial.tutorial_C' with ClassGeneratedBy '/Game/Levels/tutorial.tutorial:PersistentLevel.tutorial'
[2017.07.14-16.03.28:725][604]LogBlueprintUserMessages: Early EndPlayMap Detection: Level '/Game/Levels/tutorial.tutorial:PersistentLevel' has LevelScriptBlueprint '/Game/Levels/tutorial.tutorial:PersistentLevel.tutorial' with GeneratedClass '/Game/Levels/tutorial.tutorial_C' with ClassGeneratedBy '/Game/Levels/tutorial.tutorial:PersistentLevel.tutorial'
[2017.07.14-16.03.28:762][604]LogBlueprintUserMessages: Late EndPlayMap Detection: Level '/Game/Levels/tutorial.tutorial:PersistentLevel' has LevelScriptBlueprint '/Game/Levels/tutorial.tutorial:PersistentLevel.tutorial' with GeneratedClass '/Game/Levels/tutorial.tutorial_C' with ClassGeneratedBy '/Game/Levels/tutorial.tutorial:PersistentLevel.tutorial'
[2017.07.14-16.03.39:803][812]Cmd: TRANSACTION UNDO
[2017.07.14-16.03.39:803][812]LogEditorTransaction: Undo Edit Translation
[2017.07.14-16.03.39:809][812]SourceControl: Info Successfully checked out and saved translation archive '../../../../../TFG/CreativeKeepers/Content/Localization/Game/es-ES/Game.archive'. Please check-in this file later via your source control application.
[2017.07.14-16.06.26:317][751]LogActorComponent: UnregisterComponent: (/Engine/Transient.EditorFloorComp) Not registered. Aborting.
[2017.07.14-16.06.26:632][752]Cmd: QUIT_EDITOR
[2017.07.14-16.06.26:904][752]LogWindowsTextInputMethodSystem:Display: IME system now deactivated.
[2017.07.14-16.06.26:936][752]LogExit: Preparing to exit.
[2017.07.14-16.06.27:511][752]LogDirectoryWatcher: A directory notification for 'D:/TFG/CreativeKeepers/Content/' was aborted.
[2017.07.14-16.06.27:597][752]LogExit: Editor shut down
[2017.07.14-16.06.27:599][752]LogExit: Transaction tracking system shut down
[2017.07.14-16.06.27:710][752]LogObj: Freed 0b from 0 cluster array pools.
[2017.07.14-16.06.27:711][752]LogExit: Object subsystem successfully closed.
[2017.07.14-16.06.27:734][752]LogD3D11RHI: Shutdown
[2017.07.14-16.06.27:734][752]LogD3D11RHI: CleanupD3DDevice
[2017.07.14-16.06.27:790][752]LogD3D11RHI: ~FD3D11DynamicRHI
[2017.07.14-16.06.27:879][752]LogModuleManager: Shutting down and abandoning module MovieSceneCapture (508)
[2017.07.14-16.06.27:879][752]LogModuleManager: Shutting down and abandoning module BlueprintGraph (506)
[2017.07.14-16.06.27:879][752]LogModuleManager: Shutting down and abandoning module BlueprintProfiler (504)
[2017.07.14-16.06.27:880][752]LogModuleManager: Shutting down and abandoning module TranslationEditor (502)
[2017.07.14-16.06.27:880][752]LogModuleManager: Shutting down and abandoning module ExternalImagePicker (500)
[2017.07.14-16.06.27:880][752]LogModuleManager: Shutting down and abandoning module HierarchicalLODOutliner (498)
[2017.07.14-16.06.27:880][752]LogModuleManager: Shutting down and abandoning module CrashTracker (496)
[2017.07.14-16.06.27:880][752]LogModuleManager: Shutting down and abandoning module SceneOutliner (494)
[2017.07.14-16.06.27:880][752]LogModuleManager: Shutting down and abandoning module AddContentDialog (492)
[2017.07.14-16.06.27:880][752]LogDirectoryWatcher: A directory notification for 'D:/Programas/UE_4.15/FeaturePacks/' was aborted.
[2017.07.14-16.06.27:884][752]LogModuleManager: Shutting down and abandoning module WidgetCarousel (491)
[2017.07.14-16.06.27:884][752]LogModuleManager: Shutting down and abandoning module EditorWidgets (488)
[2017.07.14-16.06.27:884][752]LogModuleManager: Shutting down and abandoning module CollectionManager (486)
[2017.07.14-16.06.27:884][752]LogDirectoryWatcher: A directory notification for 'D:/TFG/CreativeKeepers/Content/Collections/' was aborted.
[2017.07.14-16.06.27:884][752]LogDirectoryWatcher: A directory notification for 'D:/TFG/CreativeKeepers/Content/Developers/Grego/Collections/' was aborted.
[2017.07.14-16.06.27:884][752]LogDirectoryWatcher: A directory notification for 'D:/TFG/CreativeKeepers/Saved/Collections/' was aborted.
[2017.07.14-16.06.27:884][752]LogModuleManager: Shutting down and abandoning module StatsViewer (484)
[2017.07.14-16.06.27:886][752]LogModuleManager: Shutting down and abandoning module FoliageEdit (482)
[2017.07.14-16.06.27:886][752]LogModuleManager: Shutting down and abandoning module LandscapeEditor (480)
[2017.07.14-16.06.27:886][752]LogModuleManager: Shutting down and abandoning module SceneDepthPickerMode (478)
[2017.07.14-16.06.27:886][752]LogModuleManager: Shutting down and abandoning module ActorPickerMode (476)
[2017.07.14-16.06.27:886][752]LogModuleManager: Shutting down and abandoning module GeometryMode (474)
[2017.07.14-16.06.27:886][752]LogModuleManager: Shutting down and abandoning module TextureAlignMode (472)
[2017.07.14-16.06.27:886][752]LogModuleManager: Shutting down and abandoning module BspMode (470)
[2017.07.14-16.06.27:895][752]LogModuleManager: Shutting down and abandoning module HardwareSurvey (468)
[2017.07.14-16.06.27:895][752]LogModuleManager: Shutting down and abandoning module SequenceRecorderSections (466)
[2017.07.14-16.06.27:895][752]LogModuleManager: Shutting down and abandoning module AutomationWorker (464)
[2017.07.14-16.06.27:902][752]LogModuleManager: Shutting down and abandoning module MatineeToLevelSequence (462)
[2017.07.14-16.06.27:902][752]LogModuleManager: Shutting down and abandoning module LevelSequenceEditor (460)
[2017.07.14-16.06.27:914][752]LogModuleManager: Shutting down and abandoning module PlacementMode (459)
[2017.07.14-16.06.27:914][752]LogModuleManager: Shutting down and abandoning module WmfMediaFactory (456)
[2017.07.14-16.06.27:914][752]LogModuleManager: Shutting down and abandoning module WmfMediaEditor (454)
[2017.07.14-16.06.27:914][752]LogModuleManager: Shutting down and abandoning module MfMediaFactory (452)
[2017.07.14-16.06.27:914][752]LogModuleManager: Shutting down and abandoning module MfMediaEditor (450)
[2017.07.14-16.06.27:914][752]LogModuleManager: Shutting down and abandoning module AvfMediaFactory (448)
[2017.07.14-16.06.27:914][752]LogModuleManager: Shutting down and abandoning module AvfMediaEditor (446)
[2017.07.14-16.06.27:914][752]LogModuleManager: Shutting down and abandoning module AndroidMediaFactory (444)
[2017.07.14-16.06.27:914][752]LogModuleManager: Shutting down and abandoning module Media (443)
[2017.07.14-16.06.27:914][752]LogModuleManager: Shutting down and abandoning module AndroidMediaEditor (440)
[2017.07.14-16.06.27:914][752]LogModuleManager: Shutting down and abandoning module CharacterAI (438)
[2017.07.14-16.06.27:914][752]LogModuleManager: Shutting down and abandoning module AudioCapture (436)
[2017.07.14-16.06.27:914][752]LogModuleManager: Shutting down and abandoning module SequenceRecorder (435)
[2017.07.14-16.06.27:914][752]LogModuleManager: Shutting down and abandoning module SmartSnapping (432)
[2017.07.14-16.06.27:914][752]LogModuleManager: Shutting down and abandoning module SessionServices (430)
[2017.07.14-16.06.27:914][752]LogModuleManager: Shutting down and abandoning module ViewportSnapping (428)
[2017.07.14-16.06.27:914][752]LogModuleManager: Shutting down and abandoning module ViewportInteraction (426)
[2017.07.14-16.06.27:914][752]LogModuleManager: Shutting down and abandoning module LogVisualizer (424)
[2017.07.14-16.06.27:922][752]LogModuleManager: Shutting down and abandoning module IntroTutorials (422)
[2017.07.14-16.06.27:933][752]LogModuleManager: Shutting down and abandoning module GameProjectGeneration (421)
[2017.07.14-16.06.27:937][752]LogModuleManager: Shutting down and abandoning module EditorLiveStreaming (418)
[2017.07.14-16.06.27:937][752]LogModuleManager: Shutting down and abandoning module IOSPlatformEditor (416)
[2017.07.14-16.06.27:937][752]LogModuleManager: Shutting down and abandoning module HTML5PlatformEditor (414)
[2017.07.14-16.06.27:937][752]LogModuleManager: Shutting down and abandoning module AndroidPlatformEditor (412)
[2017.07.14-16.06.27:937][752]LogModuleManager: Shutting down and abandoning module AndroidDeviceDetection (411)
[2017.07.14-16.06.28:304][752]LogModuleManager: Shutting down and abandoning module IOSRuntimeSettings (408)
[2017.07.14-16.06.28:304][752]LogModuleManager: Shutting down and abandoning module AndroidRuntimeSettings (406)
[2017.07.14-16.06.28:304][752]LogModuleManager: Shutting down and abandoning module InputBindingEditor (404)
[2017.07.14-16.06.28:304][752]LogModuleManager: Shutting down and abandoning module NiagaraEditor (402)
[2017.07.14-16.06.28:327][752]LogModuleManager: Shutting down and abandoning module MergeActors (400)
[2017.07.14-16.06.28:337][752]LogModuleManager: Shutting down and abandoning module SizeMap (398)
[2017.07.14-16.06.28:337][752]LogModuleManager: Shutting down and abandoning module TreeMap (396)
[2017.07.14-16.06.28:338][752]LogModuleManager: Shutting down and abandoning module ReferenceViewer (394)
[2017.07.14-16.06.28:338][752]LogModuleManager: Shutting down and abandoning module LocalizationDashboard (392)
[2017.07.14-16.06.28:342][752]LogModuleManager: Shutting down and abandoning module LocalizationService (391)
[2017.07.14-16.06.28:351][752]LogModuleManager: Shutting down and abandoning module HardwareTargeting (388)
[2017.07.14-16.06.28:351][752]LogModuleManager: Shutting down and abandoning module DeviceProfileEditor (386)
[2017.07.14-16.06.28:358][752]LogModuleManager: Shutting down and abandoning module UndoHistory (384)
[2017.07.14-16.06.28:364][752]LogModuleManager: Shutting down and abandoning module UserFeedback (382)
[2017.07.14-16.06.28:364][752]LogModuleManager: Shutting down and abandoning module XmlParser (380)
[2017.07.14-16.06.28:364][752]LogModuleManager: Shutting down and abandoning module Blutility (378)
[2017.07.14-16.06.28:364][752]LogModuleManager: Shutting down and abandoning module ProjectSettingsViewer (376)
[2017.07.14-16.06.28:364][752]LogModuleManager: Shutting down and abandoning module ProjectTargetPlatformEditor (375)
[2017.07.14-16.06.28:364][752]LogModuleManager: Shutting down and abandoning module EditorSettingsViewer (372)
[2017.07.14-16.06.28:364][752]LogModuleManager: Shutting down and abandoning module SettingsEditor (370)
[2017.07.14-16.06.28:364][752]LogModuleManager: Shutting down and abandoning module ProjectLauncher (368)
[2017.07.14-16.06.28:373][752]LogModuleManager: Shutting down and abandoning module SessionFrontend (366)
[2017.07.14-16.06.28:379][752]LogModuleManager: Shutting down and abandoning module ProfilerClient (364)
[2017.07.14-16.06.28:382][752]LogModuleManager: Shutting down and abandoning module DeviceManager (362)
[2017.07.14-16.06.28:392][752]LogModuleManager: Shutting down and abandoning module TargetDeviceServices (361)
[2017.07.14-16.06.28:433][752]LogModuleManager: Shutting down and abandoning module AutomationController (358)
[2017.07.14-16.06.28:440][752]LogModuleManager: Shutting down and abandoning module AutomationWindow (356)
[2017.07.14-16.06.28:447][752]LogModuleManager: Shutting down and abandoning module Layers (354)
[2017.07.14-16.06.28:473][752]LogModuleManager: Shutting down and abandoning module ComponentVisualizers (352)
[2017.07.14-16.06.28:473][752]LogModuleManager: Shutting down and abandoning module DetailCustomizations (350)
[2017.07.14-16.06.28:473][752]LogModuleManager: Shutting down and abandoning module PackagesDialog (348)
[2017.07.14-16.06.28:473][752]LogModuleManager: Shutting down and abandoning module Persona (346)
[2017.07.14-16.06.28:473][752]LogModuleManager: Shutting down and abandoning module AnimGraph (345)
[2017.07.14-16.06.28:473][752]LogModuleManager: Shutting down and abandoning module Kismet (342)
[2017.07.14-16.06.28:478][752]LogModuleManager: Shutting down and abandoning module GraphEditor (340)
[2017.07.14-16.06.28:478][752]LogModuleManager: Shutting down and abandoning module ClassViewer (338)
[2017.07.14-16.06.28:480][752]LogModuleManager: Shutting down and abandoning module Toolbox (336)
[2017.07.14-16.06.28:480][752]LogModuleManager: Shutting down and abandoning module ModuleUI (334)
[2017.07.14-16.06.28:486][752]LogModuleManager: Shutting down and abandoning module MovieSceneTools (332)
[2017.07.14-16.06.28:493][752]LogModuleManager: Shutting down and abandoning module OutputLog (330)
[2017.07.14-16.06.28:498][752]LogModuleManager: Shutting down and abandoning module GammaUI (328)
[2017.07.14-16.06.28:505][752]LogModuleManager: Shutting down and abandoning module Documentation (326)
[2017.07.14-16.06.28:505][752]LogModuleManager: Shutting down and abandoning module Niagara (324)
[2017.07.14-16.06.28:505][752]LogModuleManager: Shutting down and abandoning module StreamingPauseRendering (322)
[2017.07.14-16.06.28:505][752]LogModuleManager: Shutting down and abandoning module AnalyticsET (320)
[2017.07.14-16.06.28:505][752]LogModuleManager: Shutting down and abandoning module PortalServices (318)
[2017.07.14-16.06.28:505][752]LogModuleManager: Shutting down and abandoning module PortalRpc (316)
[2017.07.14-16.06.28:505][752]LogModuleManager: Shutting down and abandoning module MessagingRpc (314)
[2017.07.14-16.06.28:505][752]LogModuleManager: Shutting down and abandoning module AIModule (312)
[2017.07.14-16.06.28:505][752]LogModuleManager: Shutting down and abandoning module GameplayDebugger (311)
[2017.07.14-16.06.28:505][752]LogModuleManager: Shutting down and abandoning module AITestSuite (309)
[2017.07.14-16.06.28:505][752]LogModuleManager: Shutting down and abandoning module ProfilerService (306)
[2017.07.14-16.06.28:706][752]LogModuleManager: Shutting down and abandoning module TaskGraph (304)
[2017.07.14-16.06.28:712][752]LogModuleManager: Shutting down and abandoning module SteamVRController (302)
[2017.07.14-16.06.28:712][752]LogModuleManager: Shutting down and abandoning module SteamVR (300)
[2017.07.14-16.06.28:712][752]LogModuleManager: Shutting down and abandoning module ProceduralMeshComponentEditor (298)
[2017.07.14-16.06.28:712][752]LogModuleManager: Shutting down and abandoning module ProceduralMeshComponent (296)
[2017.07.14-16.06.28:712][752]LogModuleManager: Shutting down and abandoning module OculusLibrary (294)
[2017.07.14-16.06.28:712][752]LogModuleManager: Shutting down and abandoning module OculusInput (292)
[2017.07.14-16.06.28:712][752]LogModuleManager: Shutting down and abandoning module MobilePatchingUtils (290)
[2017.07.14-16.06.28:712][752]LogModuleManager: Shutting down and abandoning module CustomMeshComponent (288)
[2017.07.14-16.06.28:712][752]LogModuleManager: Shutting down and abandoning module CableComponent (286)
[2017.07.14-16.06.28:712][752]LogModuleManager: Shutting down and abandoning module ArchVisCharacter (284)
[2017.07.14-16.06.28:712][752]LogModuleManager: Shutting down and abandoning module MediaPlayerEditor (280)
[2017.07.14-16.06.28:712][752]LogModuleManager: Shutting down and abandoning module HTML5Networking (278)
[2017.07.14-16.06.28:712][752]LogModuleManager: Shutting down and abandoning module AlembicImporter (276)
[2017.07.14-16.06.28:712][752]LogModuleManager: Shutting down and abandoning module AlembicLibrary (275)
[2017.07.14-16.06.28:712][752]LogModuleManager: Shutting down and abandoning module GeometryCache (274)
[2017.07.14-16.06.28:712][752]LogModuleManager: Shutting down and abandoning module GeometryCacheEd (273)
[2017.07.14-16.06.28:712][752]LogModuleManager: Shutting down and abandoning module SuperSearchEditor (268)
[2017.07.14-16.06.28:712][752]LogModuleManager: Shutting down and abandoning module SuperSearch (267)
[2017.07.14-16.06.28:712][752]LogModuleManager: Shutting down and abandoning module SpeedTreeImporter (264)
[2017.07.14-16.06.28:712][752]LogModuleManager: Shutting down and abandoning module PluginBrowser (262)
[2017.07.14-16.06.28:712][752]LogModuleManager: Shutting down and abandoning module MobileLauncherProfileWizard (260)
[2017.07.14-16.06.28:712][752]LogModuleManager: Shutting down and abandoning module EpicSurvey (258)
[2017.07.14-16.06.28:712][752]LogModuleManager: Shutting down and abandoning module VisualStudioSourceCodeAccess (256)
[2017.07.14-16.06.28:712][752]LogModuleManager: Shutting down and abandoning module DesktopPlatform (255)
[2017.07.14-16.06.28:712][752]LogModuleManager: Shutting down and abandoning module UObjectPlugin (252)
[2017.07.14-16.06.28:712][752]LogModuleManager: Shutting down and abandoning module SubversionSourceControl (250)
[2017.07.14-16.06.28:712][752]LogModuleManager: Shutting down and abandoning module PerforceSourceControl (248)
[2017.07.14-16.06.28:712][752]LogModuleManager: Shutting down and abandoning module GitSourceControl (246)
[2017.07.14-16.06.28:712][752]LogModuleManager: Shutting down and abandoning module SourceControl (245)
[2017.07.14-16.06.28:712][752]LogModuleManager: Shutting down and abandoning module LightPropagationVolumeEditor (242)
[2017.07.14-16.06.28:712][752]LogModuleManager: Shutting down and abandoning module PaperTiledImporter (240)
[2017.07.14-16.06.28:712][752]LogModuleManager: Shutting down and abandoning module PaperSpriteSheetImporter (238)
[2017.07.14-16.06.28:712][752]LogModuleManager: Shutting down and abandoning module Paper2DEditor (236)
[2017.07.14-16.06.28:712][752]LogModuleManager: Shutting down and abandoning module MeshPaint (235)
[2017.07.14-16.06.28:712][752]LogModuleManager: Shutting down and abandoning module LevelEditor (233)
[2017.07.14-16.06.28:713][752]LogModuleManager: Shutting down and abandoning module PixelInspectorModule (232)
[2017.07.14-16.06.28:713][752]LogModuleManager: Shutting down and abandoning module MainFrame (230)
[2017.07.14-16.06.28:713][752]LogModuleManager: Shutting down and abandoning module HotReload (229)
[2017.07.14-16.06.28:714][752]LogModuleManager: Shutting down and abandoning module ContentBrowser (225)
[2017.07.14-16.06.28:715][752]LogModuleManager: Shutting down and abandoning module PhysXVehiclesEditor (222)
[2017.07.14-16.06.28:716][752]LogModuleManager: Shutting down and abandoning module PhysXVehicles (220)
[2017.07.14-16.06.28:716][752]LogModuleManager: Shutting down and abandoning module LocationServicesBPLibrary (218)
[2017.07.14-16.06.28:716][752]LogModuleManager: Shutting down and abandoning module UdpMessaging (216)
[2017.07.14-16.06.28:816][752]LogModuleManager: Shutting down and abandoning module TcpMessaging (214)
[2017.07.14-16.06.28:916][752]LogModuleManager: Shutting down and abandoning module GameplayTagsEditor (212)
[2017.07.14-16.06.28:917][752]LogModuleManager: Shutting down and abandoning module FacialAnimationEditor (210)
[2017.07.14-16.06.28:917][752]LogModuleManager: Shutting down and abandoning module FacialAnimation (208)
[2017.07.14-16.06.28:917][752]LogModuleManager: Shutting down and abandoning module LightPropagationVolumeRuntime (206)
[2017.07.14-16.06.28:917][752]LogModuleManager: Shutting down and abandoning module Paper2D (204)
[2017.07.14-16.06.28:917][752]LogModuleManager: Shutting down and abandoning module WindowsMoviePlayer (202)
[2017.07.14-16.06.28:919][752]LogModuleManager: Shutting down and abandoning module WmfMedia (200)
[2017.07.14-16.06.28:919][752]LogModuleManager: Shutting down and abandoning module MfMedia (198)
[2017.07.14-16.06.28:919][752]LogModuleManager: Shutting down and abandoning module MediaAssets (196)
[2017.07.14-16.06.28:919][752]LogModuleManager: Shutting down and abandoning module GameLiveStreaming (194)
[2017.07.14-16.06.28:919][752]LogModuleManager: Shutting down and abandoning module VREditor (192)
[2017.07.14-16.06.28:919][752]LogModuleManager: Shutting down and abandoning module GameplayTasksEditor (190)
[2017.07.14-16.06.28:919][752]LogModuleManager: Shutting down and abandoning module BehaviorTreeEditor (188)
[2017.07.14-16.06.28:919][752]LogModuleManager: Shutting down and abandoning module FunctionalTesting (186)
[2017.07.14-16.06.28:919][752]LogModuleManager: Shutting down and abandoning module CollisionAnalyzer (184)
[2017.07.14-16.06.28:919][752]LogModuleManager: Shutting down and abandoning module UMG (182)
[2017.07.14-16.06.28:919][752]LogModuleManager: Shutting down and abandoning module UMGEditor (181)
[2017.07.14-16.06.28:920][752]LogModuleManager: Shutting down and abandoning module Sequencer (180)
[2017.07.14-16.06.28:929][752]LogModuleManager: Shutting down and abandoning module AssetTools (178)
[2017.07.14-16.06.28:929][752]LogModuleManager: Shutting down and abandoning module MessageLog (177)
[2017.07.14-16.06.28:929][752]LogModuleManager: Shutting down and abandoning module WorkspaceMenuStructure (176)
[2017.07.14-16.06.28:929][752]LogModuleManager: Shutting down and abandoning module SlateReflector (170)
[2017.07.14-16.06.28:929][752]LogModuleManager: Shutting down and abandoning module Slate (168)
[2017.07.14-16.06.28:929][752]LogModuleManager: Shutting down and abandoning module EditorStyle (166)
[2017.07.14-16.06.28:935][752]LogModuleManager: Shutting down and abandoning module SourceCodeAccess (164)
[2017.07.14-16.06.28:935][752]LogModuleManager: Shutting down and abandoning module HeadMountedDisplay (162)
[2017.07.14-16.06.28:935][752]LogModuleManager: Shutting down and abandoning module XAudio2 (160)
[2017.07.14-16.06.28:935][752]LogModuleManager: Shutting down and abandoning module Networking (158)
[2017.07.14-16.06.28:935][752]LogModuleManager: Shutting down and abandoning module Core (154)
[2017.07.14-16.06.28:935][752]LogModuleManager: Shutting down and abandoning module AssetRegistry (152)
[2017.07.14-16.06.29:112][752]LogDirectoryWatcher: A directory notification for '../../../Engine/Content/' was aborted.
[2017.07.14-16.06.29:112][752]LogDirectoryWatcher: A directory notification for '../../../../../TFG/CreativeKeepers/Content/' was aborted.
[2017.07.14-16.06.29:112][752]LogDirectoryWatcher: A directory notification for '../../../Engine/Plugins/2D/Paper2D/Content/' was aborted.
[2017.07.14-16.06.29:113][752]LogModuleManager: Shutting down and abandoning module DirectoryWatcher (151)
[2017.07.14-16.06.29:117][752]LogModuleManager: Shutting down and abandoning module KismetCompiler (148)
[2017.07.14-16.06.29:117][752]LogModuleManager: Shutting down and abandoning module PhysXFormats (146)
[2017.07.14-16.06.29:117][752]LogModuleManager: Shutting down and abandoning module MeshUtilities (144)
[2017.07.14-16.06.29:117][752]LogModuleManager: Shutting down and abandoning module SimplygonSwarm (143)
[2017.07.14-16.06.29:117][752]LogModuleManager: Shutting down and abandoning module SimplygonMeshReduction (141)
[2017.07.14-16.06.29:117][752]LogModuleManager: Shutting down and abandoning module QuadricMeshReduction (139)
[2017.07.14-16.06.29:117][752]LogModuleManager: Shutting down and abandoning module PropertyEditor (137)
[2017.07.14-16.06.29:117][752]LogModuleManager: Shutting down and abandoning module DerivedDataCache (134)
[2017.07.14-16.06.29:123][752]LogDerivedDataCache: Shutdown
[2017.07.14-16.06.29:123][752]LogModuleManager: Shutting down and abandoning module TargetPlatform (132)
[2017.07.14-16.06.29:123][752]LogModuleManager: Shutting down and abandoning module VulkanShaderFormat (131)
[2017.07.14-16.06.29:123][752]LogModuleManager: Shutting down and abandoning module ShaderFormatOpenGL (129)
[2017.07.14-16.06.29:123][752]LogModuleManager: Shutting down and abandoning module ShaderFormatD3D (127)
[2017.07.14-16.06.29:123][752]LogModuleManager: Shutting down and abandoning module MetalShaderFormat (125)
[2017.07.14-16.06.29:123][752]LogModuleManager: Shutting down and abandoning module TextureFormatUncompressed (123)
[2017.07.14-16.06.29:123][752]LogModuleManager: Shutting down and abandoning module TextureFormatPVR (121)
[2017.07.14-16.06.29:123][752]LogModuleManager: Shutting down and abandoning module TextureFormatDXT (119)
[2017.07.14-16.06.29:123][752]LogModuleManager: Shutting down and abandoning module TextureFormatIntelISPCTexComp (117)
[2017.07.14-16.06.29:123][752]LogModuleManager: Shutting down and abandoning module TextureFormatASTC (115)
[2017.07.14-16.06.29:123][752]LogModuleManager: Shutting down and abandoning module ImageWrapper (114)
[2017.07.14-16.06.29:123][752]LogModuleManager: Shutting down and abandoning module TextureFormatAndroid (111)
[2017.07.14-16.06.29:123][752]LogModuleManager: Shutting down and abandoning module AudioFormatOpus (109)
[2017.07.14-16.06.29:123][752]LogModuleManager: Shutting down and abandoning module AudioFormatOgg (107)
[2017.07.14-16.06.29:123][752]LogModuleManager: Shutting down and abandoning module AudioFormatADPCM (105)
[2017.07.14-16.06.29:123][752]LogModuleManager: Shutting down and abandoning module LinuxTargetPlatform (103)
[2017.07.14-16.06.29:123][752]LogModuleManager: Shutting down and abandoning module LinuxServerTargetPlatform (101)
[2017.07.14-16.06.29:124][752]LogModuleManager: Shutting down and abandoning module LinuxNoEditorTargetPlatform (99)
[2017.07.14-16.06.29:124][752]LogModuleManager: Shutting down and abandoning module LinuxClientTargetPlatform (97)
[2017.07.14-16.06.29:124][752]LogModuleManager: Shutting down and abandoning module TVOSTargetPlatform (95)
[2017.07.14-16.06.29:124][752]LogModuleManager: Shutting down and abandoning module Messaging (93)
[2017.07.14-16.06.29:124][752]LogModuleManager: Shutting down and abandoning module IOSTargetPlatform (91)
[2017.07.14-16.06.29:124][752]LogModuleManager: Shutting down and abandoning module HTML5TargetPlatform (89)
[2017.07.14-16.06.29:124][752]LogModuleManager: Shutting down and abandoning module Android_PVRTCTargetPlatform (87)
[2017.07.14-16.06.29:124][752]LogModuleManager: Shutting down and abandoning module Android_MultiTargetPlatform (85)
[2017.07.14-16.06.29:124][752]LogModuleManager: Shutting down and abandoning module Android_ETC2TargetPlatform (83)
[2017.07.14-16.06.29:124][752]LogModuleManager: Shutting down and abandoning module Android_ETC1TargetPlatform (81)
[2017.07.14-16.06.29:124][752]LogModuleManager: Shutting down and abandoning module Android_DXTTargetPlatform (79)
[2017.07.14-16.06.29:124][752]LogModuleManager: Shutting down and abandoning module Android_ATCTargetPlatform (77)
[2017.07.14-16.06.29:124][752]LogModuleManager: Shutting down and abandoning module Android_ASTCTargetPlatform (75)
[2017.07.14-16.06.29:124][752]LogModuleManager: Shutting down and abandoning module AndroidTargetPlatform (73)
[2017.07.14-16.06.29:124][752]LogModuleManager: Shutting down and abandoning module WindowsTargetPlatform (71)
[2017.07.14-16.06.29:124][752]LogModuleManager: Shutting down and abandoning module WindowsServerTargetPlatform (69)
[2017.07.14-16.06.29:124][752]LogModuleManager: Shutting down and abandoning module WindowsNoEditorTargetPlatform (67)
[2017.07.14-16.06.29:124][752]LogModuleManager: Shutting down and abandoning module WindowsClientTargetPlatform (65)
[2017.07.14-16.06.29:124][752]LogModuleManager: Shutting down and abandoning module MacTargetPlatform (63)
[2017.07.14-16.06.29:124][752]LogModuleManager: Shutting down and abandoning module MacServerTargetPlatform (61)
[2017.07.14-16.06.29:124][752]LogModuleManager: Shutting down and abandoning module MacNoEditorTargetPlatform (59)
[2017.07.14-16.06.29:124][752]LogModuleManager: Shutting down and abandoning module MacClientTargetPlatform (57)
[2017.07.14-16.06.29:124][752]LogModuleManager: Shutting down and abandoning module AllDesktopTargetPlatform (55)
[2017.07.14-16.06.29:124][752]LogModuleManager: Shutting down and abandoning module InputCore (52)
[2017.07.14-16.06.29:124][752]LogModuleManager: Shutting down and abandoning module Settings (50)
[2017.07.14-16.06.29:124][752]LogModuleManager: Shutting down and abandoning module OculusRift (48)
[2017.07.14-16.06.29:124][752]LogModuleManager: Shutting down and abandoning module GearVR (46)
[2017.07.14-16.06.29:124][752]LogModuleManager: Shutting down and abandoning module ExampleDeviceProfileSelector (44)
[2017.07.14-16.06.29:124][752]LogModuleManager: Shutting down and abandoning module OnlineBlueprintSupport (42)
[2017.07.14-16.06.29:124][752]LogModuleManager: Shutting down and abandoning module OnlineSubsystem (38)
[2017.07.14-16.06.29:124][752]LogOnline:Display: Unloading online subsystem: NULL
[2017.07.14-16.06.29:124][752]LogModuleManager: Shutting down and abandoning module XMPP (37)
[2017.07.14-16.06.29:124][752]LogModuleManager: Shutting down and abandoning module HTTP (35)
[2017.07.14-16.06.29:124][752]LogHttp:Display: Http module shutting down, but needs to wait on 1 outstanding Http requests:
[2017.07.14-16.06.29:124][752]LogHttp:Display: 	verb=[POST] url=[https://datarouter.ol.epicgames.com/datarouter/api/v1/public/data?SessionID=%7B5585E7DD-4B86-109A-60DA-629B1ADE1D5D%7D&AppID=UEEditor.Rocket.Release&AppVersion=4.15.1-3348071%2B%2B%2BUE4%2BRelease-4.15&UserID=32a836f54a69625fd74255b8f28df338%7C1968c17eba254ed9b4bf8b1be1637d8f%7C3fa134da-b9a2-4079-8632-9954fbbaa8c2&AppEnvironment=datacollector-binary&UploadType=eteventstream] status=Processing
[2017.07.14-16.06.29:131][752]LogModuleManager: Shutting down and abandoning module SSL (34)
[2017.07.14-16.06.29:134][752]LogModuleManager: Shutting down and abandoning module AudioEditor (30)
[2017.07.14-16.06.29:134][752]LogModuleManager: Shutting down and abandoning module TextureCompressor (28)
[2017.07.14-16.06.29:134][752]LogModuleManager: Shutting down and abandoning module ShaderCore (26)
[2017.07.14-16.06.29:134][752]LogModuleManager: Shutting down and abandoning module Landscape (24)
[2017.07.14-16.06.29:134][752]LogModuleManager: Shutting down and abandoning module SlateRHIRenderer (22)
[2017.07.14-16.06.29:151][752]LogModuleManager: Shutting down and abandoning module OpenGLDrv (20)
[2017.07.14-16.06.29:151][752]LogModuleManager: Shutting down and abandoning module D3D11RHI (18)
[2017.07.14-16.06.29:151][752]LogModuleManager: Shutting down and abandoning module AnimGraphRuntime (16)
[2017.07.14-16.06.29:151][752]LogModuleManager: Shutting down and abandoning module Renderer (14)
[2017.07.14-16.06.29:151][752]LogModuleManager: Shutting down and abandoning module Engine (12)
[2017.07.14-16.06.29:151][752]LogModuleManager: Shutting down and abandoning module CoreUObject (10)
[2017.07.14-16.06.29:151][752]LogModuleManager: Shutting down and abandoning module NetworkFile (8)
[2017.07.14-16.06.29:151][752]LogModuleManager: Shutting down and abandoning module StreamingFile (6)
[2017.07.14-16.06.29:151][752]LogModuleManager: Shutting down and abandoning module SandboxFile (4)
[2017.07.14-16.06.29:151][752]LogModuleManager: Shutting down and abandoning module PakFile (2)
[2017.07.14-16.06.29:154][752]LogExit: Exiting.
[2017.07.14-16.06.29:173][752]Log file closed, 07/14/17 18:06:29
