Log file open, 08/14/17 16:48:31
LogInit:Display: Running engine for game: CreativeKeepers
LogPlatformFile: Not using cached read wrapper
LogInit:Display: RandInit(118283102) SRandInit(118283103).
LogTaskGraph: Started task graph with 5 named threads and 6 total threads with 1 sets of task threads.
LogStats: Stats thread started at 1.976590
LogInit: Using libcurl 7.47.1
LogInit:  - built for x86_64-pc-win32
LogInit:  - supports SSL with OpenSSL/1.0.2g
LogInit:  - supports HTTP deflate (compression) using libz 1.2.8
LogInit:  - other features:
LogInit:      CURL_VERSION_SSL
LogInit:      CURL_VERSION_LIBZ
LogInit:      CURL_VERSION_IPV6
LogInit:      CURL_VERSION_ASYNCHDNS
LogInit:      CURL_VERSION_LARGEFILE
LogInit:      CURL_VERSION_IDN
LogInit:  CurlRequestOptions (configurable via config and command line):
LogInit:  - bVerifyPeer = false  - Libcurl will NOT verify peer certificate
LogInit:  - bUseHttpProxy = false  - Libcurl will NOT use HTTP proxy
LogInit:  - bDontReuseConnections = false  - Libcurl will reuse connections
LogInit:  - CertBundlePath = nullptr  - Libcurl will use whatever was configured at build time.
LogInit: Build: ++UE4+Release-4.15-CL-3348071
LogInit: Engine Version: 4.15.1-3348071+++UE4+Release-4.15
LogInit: Compatible Engine Version: 4.15.0-3299760+++UE4+Release-4.15
LogInit: Net CL: 3299760
LogDevObjectVersion: Number of dev versions registered: 14
LogDevObjectVersion:   Dev-Blueprints (B0D832E4-1F89-4F0D-ACCF-7EB736FD4AA2): 8
LogDevObjectVersion:   Dev-Build (E1C64328-A22C-4D53-A36C-8E866417BD8C): 0
LogDevObjectVersion:   Dev-Core (375EC13C-06E4-48FB-B500-84F0262A717E): 2
LogDevObjectVersion:   Dev-Editor (E4B068ED-F494-42E9-A231-DA0B2E46BB41): 14
LogDevObjectVersion:   Dev-Framework (CFFC743F-43B0-4480-9391-14DF171D2073): 22
LogDevObjectVersion:   Dev-Mobile (B02B49B5-BB20-44E9-A304-32B752E40360): 0
LogDevObjectVersion:   Dev-Networking (A4E4105C-59A1-49B5-A7C5-40C4547EDFEE): 0
LogDevObjectVersion:   Dev-Online (39C831C9-5AE6-47DC-9A44-9C173E1C8E7C): 0
LogDevObjectVersion:   Dev-Physics (78F01B33-EBEA-4F98-B9B4-84EACCB95AA2): 0
LogDevObjectVersion:   Dev-Platform (6631380F-2D4D-43E0-8009-CF276956A95A): 0
LogDevObjectVersion:   Dev-Rendering (12F88B9F-8875-4AFC-A67C-D90C383ABD29): 12
LogDevObjectVersion:   Dev-Sequencer (7B5AE74C-D270-4C10-A958-57980B212A5A): 3
LogDevObjectVersion:   Dev-VR (D7296918-1DD6-4BDD-9DE2-64A83CC13884): 0
LogDevObjectVersion:   Dev-LoadTimes (C2A15278-BFE7-4AFE-6C17-90FF531DF755): 1
LogInit: Compiled (64-bit): Mar 15 2017 16:52:47
LogInit: Compiled with Visual C++: 19.00.23026.00
LogInit: Build Configuration: Development
LogInit: Branch Name: ++UE4+Release-4.15
LogInit: Command line:  
LogInit: Base directory: D:/Programas/UE_4.15/Engine/Binaries/Win64/
LogInit: Installed Engine Build: 1
LogInit: Presizing for max 8388607 objects, including 0 objects not considered by GC, pre-allocating 0 bytes for permanent pool.
LogInit: Object subsystem initialized
[2017.08.14-14.48.32:780][  0]LogInit: Selected Device Profile: [Windows]
[2017.08.14-14.48.32:780][  0]LogInit: Applying CVar settings loaded from the selected device profile: [Windows]
[2017.08.14-14.48.32:845][  0]LogInit: Computer: DESKTOP-QMJBIV2
[2017.08.14-14.48.32:845][  0]LogInit: User: Grego
[2017.08.14-14.48.32:845][  0]LogInit: CPU Page size=65536, Cores=2
[2017.08.14-14.48.32:845][  0]LogInit: High frequency timer resolution =3.609369 MHz
[2017.08.14-14.48.32:845][  0]LogMemory: Memory total: Physical=8.0GB (8GB approx)
[2017.08.14-14.48.32:845][  0]LogMemory: Platform Memory Stats for Windows
[2017.08.14-14.48.32:845][  0]LogMemory: Process Physical Memory: 261.75 MB used, 261.75 MB peak
[2017.08.14-14.48.32:845][  0]LogMemory: Process Virtual Memory: 261.81 MB used, 261.81 MB peak
[2017.08.14-14.48.32:845][  0]LogMemory: Physical Memory: 2833.70 MB used,  5321.37 MB free, 8155.07 MB total
[2017.08.14-14.48.32:845][  0]LogMemory: Virtual Memory: 642.97 MB used,  5321.37 MB free, 134217728.00 MB total
[2017.08.14-14.48.33:442][  0]LogInit: Overriding culture en with editor configuration.
[2017.08.14-14.48.34:963][  0]LogD3D11RHI: D3D11 adapters:
[2017.08.14-14.48.35:688][  0]LogD3D11RHI:    0. 'NVIDIA GeForce GTX 1060 6GB' (Feature Level 11_0)
[2017.08.14-14.48.35:688][  0]LogD3D11RHI:       6084/0/4077 MB DedicatedVideo/DedicatedSystem/SharedSystem, Outputs:1, VendorId:0x10de
[2017.08.14-14.48.35:689][  0]LogD3D11RHI:    1. 'Microsoft Basic Render Driver' (Feature Level 11_0)
[2017.08.14-14.48.35:689][  0]LogD3D11RHI:       0/0/4077 MB DedicatedVideo/DedicatedSystem/SharedSystem, Outputs:0, VendorId:0x1414
[2017.08.14-14.48.35:689][  0]LogD3D11RHI: Chosen D3D11 Adapter: 0
[2017.08.14-14.48.35:713][  0]LogD3D11RHI: Creating new Direct3DDevice
[2017.08.14-14.48.35:713][  0]LogD3D11RHI:     GPU DeviceId: 0x1c03 (for the marketing name, search the web for "GPU Device Id")
[2017.08.14-14.48.35:713][  0]LogWindows: EnumDisplayDevices:
[2017.08.14-14.48.35:713][  0]LogWindows:    0. 'NVIDIA GeForce GTX 1060 6GB' (P:1 D:1)
[2017.08.14-14.48.35:713][  0]LogWindows:    1. 'NVIDIA GeForce GTX 1060 6GB' (P:0 D:0)
[2017.08.14-14.48.35:714][  0]LogWindows:    2. 'NVIDIA GeForce GTX 1060 6GB' (P:0 D:0)
[2017.08.14-14.48.35:714][  0]LogWindows:    3. 'NVIDIA GeForce GTX 1060 6GB' (P:0 D:0)
[2017.08.14-14.48.35:714][  0]LogWindows: DebugString: FoundDriverCount:4 
[2017.08.14-14.48.35:714][  0]LogD3D11RHI:     Adapter Name: NVIDIA GeForce GTX 1060 6GB
[2017.08.14-14.48.35:714][  0]LogD3D11RHI:   Driver Version: 382.53 (internal:22.21.13.8253, unified:382.53)
[2017.08.14-14.48.35:714][  0]LogD3D11RHI:      Driver Date: 6-7-2017
[2017.08.14-14.48.35:714][  0]LogRHI: Texture pool is 1361 MB (70% of 1945 MB)
[2017.08.14-14.48.36:245][  0]LogD3D11RHI: Async texture creation enabled
[2017.08.14-14.48.36:470][  0]LogD3D11RHI: GPU Timing Frequency: 1000.000000 (Debug: 2 1)
[2017.08.14-14.48.36:569][  0]LogShaderCompilers: Guid format shader working directory is 11 characters bigger than the processId version (../../../../../TFG/CreativeKeepers/Intermediate/Shaders/WorkingDirectory/10920/).
[2017.08.14-14.48.36:569][  0]LogShaderCompilers: Cleaned the shader compiler working directory 'C:/Users/Grego/AppData/Local/Temp/UnrealShaderWorkingDir/731E33F243D98416AC52018FEBDD23D5/'.
[2017.08.14-14.48.36:577][  0]LogShaderCompilers:Display: Using Local Shader Compiler.
[2017.08.14-14.48.40:129][  0]LogTemp:Display: Loaded TP AllDesktopTargetPlatform
[2017.08.14-14.48.40:173][  0]LogTemp:Display: Loaded TP MacClientTargetPlatform
[2017.08.14-14.48.40:218][  0]LogTemp:Display: Loaded TP MacNoEditorTargetPlatform
[2017.08.14-14.48.40:260][  0]LogTemp:Display: Loaded TP MacServerTargetPlatform
[2017.08.14-14.48.40:348][  0]LogTemp:Display: Loaded TP MacTargetPlatform
[2017.08.14-14.48.40:390][  0]LogTemp:Display: Loaded TP WindowsClientTargetPlatform
[2017.08.14-14.48.40:559][  0]LogTemp:Display: Loaded TP WindowsNoEditorTargetPlatform
[2017.08.14-14.48.40:656][  0]LogTemp:Display: Loaded TP WindowsServerTargetPlatform
[2017.08.14-14.48.40:716][  0]LogTemp:Display: Loaded TP WindowsTargetPlatform
[2017.08.14-14.48.40:801][  0]LogTemp:Display: Loaded TP AndroidTargetPlatform
[2017.08.14-14.48.40:863][  0]LogTemp:Display: Loaded TP Android_ASTCTargetPlatform
[2017.08.14-14.48.40:908][  0]LogTemp:Display: Loaded TP Android_ATCTargetPlatform
[2017.08.14-14.48.40:949][  0]LogTemp:Display: Loaded TP Android_DXTTargetPlatform
[2017.08.14-14.48.41:007][  0]LogTemp:Display: Loaded TP Android_ETC1TargetPlatform
[2017.08.14-14.48.41:048][  0]LogTemp:Display: Loaded TP Android_ETC2TargetPlatform
[2017.08.14-14.48.41:157][  0]LogTemp:Display: Loaded TP Android_MultiTargetPlatform
[2017.08.14-14.48.41:157][  0]LogTemp:Display: Loaded TP Android_PVRTCTargetPlatform
[2017.08.14-14.48.41:187][  0]LogTemp:Display: Loaded TP HTML5TargetPlatform
[2017.08.14-14.48.41:346][  0]LogTemp:Display: Loaded TP IOSTargetPlatform
[2017.08.14-14.48.41:385][  0]LogTemp:Display: Loaded TP TVOSTargetPlatform
[2017.08.14-14.48.41:445][  0]LogTemp:Display: Loaded TP LinuxClientTargetPlatform
[2017.08.14-14.48.41:485][  0]LogTemp:Display: Loaded TP LinuxNoEditorTargetPlatform
[2017.08.14-14.48.41:524][  0]LogTemp:Display: Loaded TP LinuxServerTargetPlatform
[2017.08.14-14.48.41:563][  0]LogTemp:Display: Loaded TP LinuxTargetPlatform
[2017.08.14-14.48.41:564][  0]LogTargetPlatformManager:Display: Building Assets For Windows
[2017.08.14-14.48.42:397][  0]LogDerivedDataCache:Display: Max Cache Size: 512 MB
[2017.08.14-14.48.42:767][  0]LogDerivedDataCache: Loaded boot cache 0.37s 51MB C:/Users/Grego/AppData/Local/UnrealEngine/4.15/DerivedDataCache/Boot.ddc.
[2017.08.14-14.48.42:767][  0]LogDerivedDataCache:Display: Loaded Boot cache: C:/Users/Grego/AppData/Local/UnrealEngine/4.15/DerivedDataCache/Boot.ddc
[2017.08.14-14.48.42:768][  0]LogDerivedDataCache: FDerivedDataBackendGraph:  Pak pak cache file ../../../../../TFG/CreativeKeepers/DerivedDataCache/DDC.ddp not found, will not use a pak cache.
[2017.08.14-14.48.42:768][  0]LogDerivedDataCache: Unable to find inner node Pak for hierarchical cache Hierarchy.
[2017.08.14-14.48.42:768][  0]LogDerivedDataCache: FDerivedDataBackendGraph:  CompressedPak pak cache file ../../../../../TFG/CreativeKeepers/DerivedDataCache/Compressed.ddp not found, will not use a pak cache.
[2017.08.14-14.48.42:768][  0]LogDerivedDataCache: Unable to find inner node CompressedPak for hierarchical cache Hierarchy.
[2017.08.14-14.48.42:833][  0]LogDerivedDataCache:Display: Pak cache opened for reading ../../../Engine/DerivedDataCache/Compressed.ddp.
[2017.08.14-14.48.42:847][  0]LogDerivedDataCache: Using Local data cache path C:/Users/Grego/AppData/Local/UnrealEngine/Common/DerivedDataCache: Writable
[2017.08.14-14.48.42:976][  0]LogSlate: Using Freetype 2.6.0
[2017.08.14-14.48.43:123][  0]LogSlate: SlateFontCache - WITH_FREETYPE: 1, WITH_HARFBUZZ: 1
[2017.08.14-14.48.43:124][  0]LogSlate: SlateFontCache - WITH_FREETYPE: 1, WITH_HARFBUZZ: 1
[2017.08.14-14.48.48:407][  0]LogInit: Selected Device Profile: [Windows]
[2017.08.14-14.48.48:470][  0]LogContentStreaming: Texture pool size is 0.00 MB
[2017.08.14-14.48.48:932][  0]LogMeshUtilities: Using QuadricMeshReduction for automatic static mesh reduction
[2017.08.14-14.48.48:965][  0]LogSimplygon: Simplygon DLL not present - disabling.
[2017.08.14-14.48.49:000][  0]LogMeshUtilities: Using SimplygonSwarm for distributed automatic mesh merging
[2017.08.14-14.48.49:000][  0]LogMeshUtilities: No automatic skeletal mesh reduction module available
[2017.08.14-14.48.49:000][  0]LogMeshUtilities: No automatic mesh merging module available
[2017.08.14-14.48.52:289][  0]LogNetVersion: GetLocalNetworkVersion: CL: 3299760, ProjectName: creativekeepers, ProjectVersion: , EngineNetworkVersion: 2, GameNetworkVersion: 0, NetworkChecksum: 1593119604
[2017.08.14-14.48.52:378][  0]LogAssetRegistry: FAssetRegistry took 0.0217 seconds to start up
[2017.08.14-14.48.52:695][  0]LogPackageLocalizationCache: Processed 3 localized package path(s) for 1 prioritized culture(s) in 0.189047 seconds
[2017.08.14-14.48.52:724][  0]LogUObjectArray: 32493 objects as part of root set at end of initial load.
[2017.08.14-14.48.52:724][  0]LogUObjectAllocator: 7077032 out of 0 bytes used by permanent object pool.
[2017.08.14-14.48.52:724][  0]LogUObjectArray: CloseDisregardForGC: 0/0 objects in disregard for GC pool
[2017.08.14-14.48.52:764][  0]LogInit: WinSock: version 1.1 (2.2), MaxSocks=32767, MaxUdp=65467
[2017.08.14-14.49.02:854][  0]LogTcpMessaging: Initializing TcpMessaging bridge
[2017.08.14-14.49.02:893][  0]LogUdpMessaging: Initializing bridge on interface 0.0.0.0:0 to multicast group 230.0.0.1:6666.
[2017.08.14-14.49.03:810][  0]LogMaterial: Uniform references updated for custom material expression Custom.
[2017.08.14-14.49.04:312][  0]SourceControl: Info Source control is disabled
[2017.08.14-14.49.04:313][  0]SourceControl: Info Source control is disabled
[2017.08.14-14.49.04:396][  0]SourceControl: Info Source control is disabled
[2017.08.14-14.49.04:430][  0]SourceControl: Info Source control is disabled
[2017.08.14-14.49.05:836][  0]LogEngine: Initializing Engine...
[2017.08.14-14.49.05:837][  0]LogHMD: Failed to initialize OpenVR with code 110
[2017.08.14-14.49.08:642][  0]LogAIModule: Creating AISystem for world Untitled
[2017.08.14-14.49.08:720][  0]LogInit: XAudio2 using 'Altavoces (Realtek High Definition Audio)' : 2 channels at 48 kHz using 32 bits per sample (channel mask 0x3)
[2017.08.14-14.49.08:734][  0]LogInit: FAudioDevice initialized.
[2017.08.14-14.49.08:755][  0]LogDerivedDataCache: Saved boot cache 0.02s 51MB C:/Users/Grego/AppData/Local/UnrealEngine/4.15/DerivedDataCache/Boot.ddc.
[2017.08.14-14.49.08:758][  0]LogInit: Texture streaming: Enabled
[2017.08.14-14.49.08:831][  0]LogEngineSessionManager: EngineSessionManager initialized
[2017.08.14-14.49.09:377][  0]LogInit: Transaction tracking system initialized
[2017.08.14-14.49.10:449][  0]BlueprintLog: New page: Editor Load
[2017.08.14-14.49.12:972][  0]LocalizationService: Info Localization service is disabled
[2017.08.14-14.49.14:014][  0]LogConsoleResponse:Display: 
[2017.08.14-14.49.16:714][  0]LogFileCache: Scanning file cache for directory 'D:/TFG/CreativeKeepers/Content/' took 0.01s
[2017.08.14-14.49.16:714][  0]LogCook:Display: Max memory allowance for cook 16384mb min free memory 0mb
[2017.08.14-14.49.16:714][  0]LogCook:Display: Mobile HDR setting 1
[2017.08.14-14.49.20:523][  0]SourceControl: Info Source control is disabled
[2017.08.14-14.49.20:648][  0]Cmd: MAP LOAD FILE="../../../../../TFG/CreativeKeepers/Content/test.umap" TEMPLATE=0 SHOWPROGRESS=1 FEATURELEVEL=3
[2017.08.14-14.49.20:775][  0]LightingResults: New page: Lighting Build
[2017.08.14-14.49.21:193][  0]MapCheck: New page: Map Check
[2017.08.14-14.49.21:193][  0]LightingResults: New page: Lighting Build
[2017.08.14-14.49.23:041][  0]LogAIModule: Creating AISystem for world test
[2017.08.14-14.49.23:672][  0]LogEditorServer: Finished looking for orphan Actors (0.000 secs)
[2017.08.14-14.49.23:782][  0]Cmd: MAP CHECKDEP NOCLEARLOG
[2017.08.14-14.49.23:851][  0]MapCheck: Info Map check complete: 0 Error(s), 0 Warning(s), took 68.465ms to complete.
[2017.08.14-14.49.23:851][  0]LogFileHelpers: Loading map 'test' took 3.244
[2017.08.14-14.49.28:731][  0]LogCollectionManager: Loaded 0 collections in 0.001079 seconds
[2017.08.14-14.49.29:564][  0]LogFileCache: Scanning file cache for directory 'D:/TFG/CreativeKeepers/Saved/Collections/' took 0.03s
[2017.08.14-14.49.29:564][  0]LogFileCache: Scanning file cache for directory 'D:/TFG/CreativeKeepers/Content/Developers/Grego/Collections/' took 0.00s
[2017.08.14-14.49.29:564][  0]LogFileCache: Scanning file cache for directory 'D:/TFG/CreativeKeepers/Content/Collections/' took 0.00s
[2017.08.14-14.49.29:564][  0]LogCollectionManager: Rebuilt the GUID cache for 0 collections in 0.000002 seconds
[2017.08.14-14.49.29:729][  0]LogContentBrowser: Native class hierarchy populated in 0.0602 seconds. Added 2245 classes and 453 folders.
[2017.08.14-14.49.29:865][  0]LogStats: UGameplayTagsManager::ConstructGameplayTagTree: Construct from data asset -  0.000 s
[2017.08.14-14.49.29:893][  0]LogStats: UGameplayTagsManager::ConstructGameplayTagTree: GameplayTagTreeChangedEvent.Broadcast -  0.000 s
[2017.08.14-14.49.29:983][  0]LogContentBrowser: Native class hierarchy updated for 'WidgetCarousel' in 0.0006 seconds. Added 0 classes and 0 folders.
[2017.08.14-14.49.33:244][  0]LogContentBrowser: Native class hierarchy updated for 'AddContentDialog' in 0.0006 seconds. Added 0 classes and 0 folders.
[2017.08.14-14.49.33:328][  0]LogContentBrowser: Native class hierarchy updated for 'SceneOutliner' in 0.0006 seconds. Added 1 classes and 2 folders.
[2017.08.14-14.49.34:503][  0]LogCrashTracker: Crashtracker disabled due to settings.
[2017.08.14-14.49.34:580][  0]LogUObjectGlobals:Warning: Failed to find object 'Class None.'
[2017.08.14-14.49.34:699][  0]LogContentBrowser: Native class hierarchy updated for 'HierarchicalLODOutliner' in 0.0005 seconds. Added 1 classes and 2 folders.
[2017.08.14-14.49.34:700][  0]LogLoad: (Engine Initialization) Total time: 72.62 seconds
[2017.08.14-14.49.34:700][  0]LogLoad: (Engine Initialization) Total Blueprint compile time: 0.76 seconds
[2017.08.14-14.49.34:700][  0]LogExternalProfiler: No external profilers were discovered.  External profiling features will not be available.
[2017.08.14-14.49.35:049][  0]LogOcInput: OculusInput pre-init called
[2017.08.14-14.49.35:283][  0]LogContentStreaming: Texture pool size now 1000 MB
[2017.08.14-14.49.35:392][  0]LogSlate: Took 0.006184 seconds to synchronously load lazily loaded font '../../../Engine/Content/Slate/Fonts/Roboto-Regular.ttf' (155K)
[2017.08.14-14.49.35:470][  0]LogSlate: Took 0.074585 seconds to synchronously load lazily loaded font '../../../Engine/Content/Slate/Fonts/Roboto-Bold.ttf' (160K)
[2017.08.14-14.49.35:535][  0]LogSlate: Took 0.027264 seconds to synchronously load lazily loaded font '../../../Engine/Content/Editor/Slate/Fonts/FontAwesome.ttf' (139K)
[2017.08.14-14.49.36:174][  0]LogRenderer: Reallocating scene render targets to support 1208x576 NumSamples 1 (Frame:2).
[2017.08.14-14.49.36:929][  2]LogAssetRegistry: Asset discovery search completed in 44.5719 seconds
[2017.08.14-14.49.36:929][  2]LogCollectionManager: Rebuilt the object cache for 0 collections in 0.000012 seconds (found 0 objects)
[2017.08.14-14.49.36:929][  2]LogCollectionManager: Fixed up redirectors for 0 collections in 0.000025 seconds (updated 0 objects)
[2017.08.14-14.49.36:990][  2]LogSlate: Took 0.014759 seconds to synchronously load lazily loaded font '../../../Engine/Content/Slate/Fonts/Roboto-Light.ttf' (159K)
[2017.08.14-14.49.40:294][ 12]LogSlate: Took 0.000165 seconds to synchronously load lazily loaded font '../../../Engine/Content/Slate/Fonts/Roboto-Light.ttf' (159K)
[2017.08.14-15.07.20:954][331]LogSlate: Took 0.000117 seconds to synchronously load lazily loaded font '../../../Engine/Content/Slate/Fonts/Roboto-Light.ttf' (159K)
[2017.08.14-15.07.21:144][331]LogAIModule: Creating AISystem for world base
[2017.08.14-15.07.21:239][331]Cmd: MAP LOAD FILE="../../../../../TFG/CreativeKeepers/Content/Levels/base.umap" TEMPLATE=0 SHOWPROGRESS=1 FEATURELEVEL=3
[2017.08.14-15.07.21:239][331]LightingResults: New page: Lighting Build
[2017.08.14-15.07.21:241][331]LoadErrors: New page: Loading map: base.umap
[2017.08.14-15.07.21:247][331]MapCheck: New page: Map Check
[2017.08.14-15.07.21:247][331]LightingResults: New page: Lighting Build
[2017.08.14-15.07.21:364][331]LogEditorServer: Finished looking for orphan Actors (0.000 secs)
[2017.08.14-15.07.21:385][331]Cmd: MAP CHECKDEP NOCLEARLOG
[2017.08.14-15.07.21:411][331]MapCheck: Info Map check complete: 0 Error(s), 0 Warning(s), took 25.581ms to complete.
[2017.08.14-15.07.21:412][331]LogFileHelpers: Loading map 'base' took 0.183
[2017.08.14-15.08.21:201][141]LogContentBrowser: Native class hierarchy updated for 'BlueprintGraph' in 0.0007 seconds. Added 112 classes and 0 folders.
[2017.08.14-15.08.21:882][141]LogSlate: Took 0.000104 seconds to synchronously load lazily loaded font '../../../Engine/Content/Slate/Fonts/Roboto-Regular.ttf' (155K)
[2017.08.14-15.08.22:357][142]LogRenderer: Reallocating scene render targets to support 1208x712 NumSamples 1 (Frame:6653).
[2017.08.14-15.08.39:234][151]LogSlate: Took 0.020005 seconds to synchronously load lazily loaded font '../../../Engine/Content/Editor/Slate/Fonts/Roboto-Italic.ttf' (157K)
[2017.08.14-15.15.56:197][334]BlueprintLog: New page: Compile obj-clara
[2017.08.14-15.16.01:426][929]Cmd: OBJ SAVEPACKAGE PACKAGE="/Game/Objects/obj-clara" FILE="../../../../../TFG/CreativeKeepers/Content/Objects/obj-clara.uasset" SILENT=true
[2017.08.14-15.16.01:442][929]LogSavePackage: Save=14.48ms
[2017.08.14-15.16.01:442][929]LogSavePackage: Moving '../../../../../TFG/CreativeKeepers/Saved/obj-claraF7B01F6F45E52D6840446E922EF0F03E.tmp' to '../../../../../TFG/CreativeKeepers/Content/Objects/obj-clara.uasset'
[2017.08.14-15.16.01:451][929]LogSavePackage:Display: Finished SavePackage ../../../../../TFG/CreativeKeepers/Content/Objects/obj-clara.uasset
[2017.08.14-15.16.39:271][310]LogSlate: Took 0.024919 seconds to synchronously load lazily loaded font '../../../Engine/Content/Editor/Slate/Fonts/Roboto-BoldCondensed.ttf' (158K)
[2017.08.14-15.17.27:937][109]Cmd: OBJ SAVEPACKAGE PACKAGE="/Game/Levels/base" FILE="../../../../../TFG/CreativeKeepers/Saved/Autosaves/Game/Levels/base_Auto1.umap" SILENT=true AUTOSAVING=true KEEPDIRTY=false
[2017.08.14-15.17.28:390][109]LogSavePackage: Save=93.36ms
[2017.08.14-15.17.28:390][109]LogSavePackage: Moving '../../../../../TFG/CreativeKeepers/Saved/base_Auto11F12A6D8421E92A98DC1508D6C13590C.tmp' to '../../../../../TFG/CreativeKeepers/Saved/Autosaves/Game/Levels/base_Auto1.umap'
[2017.08.14-15.17.28:392][109]LogSavePackage:Display: Finished SavePackage ../../../../../TFG/CreativeKeepers/Saved/Autosaves/Game/Levels/base_Auto1.umap
[2017.08.14-15.17.28:394][109]LogFileHelpers: Editor autosave (incl. sublevels) for '/Game/Levels/base' took 0.527
[2017.08.14-15.17.28:394][109]LogFileHelpers: Editor autosave (incl. sublevels) for all levels took 0.527
[2017.08.14-15.18.05:311][532]BlueprintLog: New page: Compile obj-clara
[2017.08.14-15.18.05:721][562]Cmd: OBJ SAVEPACKAGE PACKAGE="/Game/Objects/obj-clara" FILE="../../../../../TFG/CreativeKeepers/Content/Objects/obj-clara.uasset" SILENT=true
[2017.08.14-15.18.05:743][562]LogSavePackage: Save=6.65ms
[2017.08.14-15.18.05:743][562]LogSavePackage: Moving '../../../../../TFG/CreativeKeepers/Saved/obj-claraB1D4112E4325A6EFEB3FA78C9A3D20E5.tmp' to '../../../../../TFG/CreativeKeepers/Content/Objects/obj-clara.uasset'
[2017.08.14-15.18.05:746][562]LogSavePackage:Display: Finished SavePackage ../../../../../TFG/CreativeKeepers/Content/Objects/obj-clara.uasset
[2017.08.14-15.18.06:756][683]LogTemp: Repeting last play command: Selected Viewport
[2017.08.14-15.18.06:770][683]LogBlueprintUserMessages: Early PlayInEditor Detection: Level '/Game/Levels/base.base:PersistentLevel' has LevelScriptBlueprint '/Game/Levels/base.base:PersistentLevel.base' with GeneratedClass '/Game/Levels/base.base_C' with ClassGeneratedBy '/Game/Levels/base.base:PersistentLevel.base'
[2017.08.14-15.18.06:770][683]LogPlayLevel: PlayLevel: No blueprints needed recompiling
[2017.08.14-15.18.06:795][683]PIE: New page: PIE session: base (Aug 14, 2017, 7:18:06 PM)
[2017.08.14-15.18.06:806][683]LogPlayLevel: Creating play world package: /Game/Levels/UEDPIE_0_base
[2017.08.14-15.18.06:813][683]LogPlayLevel: PIE: StaticDuplicateObject took: (0.006906s)
[2017.08.14-15.18.06:814][683]LogAIModule: Creating AISystem for world base
[2017.08.14-15.18.06:814][683]LogPlayLevel: PIE: World Init took: (0.000570s)
[2017.08.14-15.18.06:814][683]LogPlayLevel: PIE: Created PIE world by copying editor world from /Game/Levels/base.base to /Game/Levels/UEDPIE_0_base.base (0.018495s)
[2017.08.14-15.18.06:840][683]LogInit: XAudio2 using 'Altavoces (Realtek High Definition Audio)' : 2 channels at 48 kHz using 32 bits per sample (channel mask 0x3)
[2017.08.14-15.18.06:849][683]LogInit: FAudioDevice initialized.
[2017.08.14-15.18.06:940][683]LogLoad: Game class is 'misc-gameModeBase_C'
[2017.08.14-15.18.06:959][683]LogWorld: Bringing World /Game/Levels/UEDPIE_0_base.base up for play (max tick rate 0) at 2017.08.14-17.18.06
[2017.08.14-15.18.06:970][683]LogWorld: Bringing up level for play took: 0.011360
[2017.08.14-15.18.07:006][683]LogSpawn:Warning: SpawnActor failed because no class was specified
[2017.08.14-15.18.07:033][683]LogContentBrowser: Native class hierarchy updated for 'MovieSceneCapture' in 0.0005 seconds. Added 11 classes and 0 folders.
[2017.08.14-15.18.07:095][683]PIE: Info Play in editor start time for /Game/Levels/UEDPIE_0_base -0.096
[2017.08.14-15.18.07:095][683]LogBlueprintUserMessages: Late PlayInEditor Detection: Level '/Game/Levels/base.base:PersistentLevel' has LevelScriptBlueprint '/Game/Levels/base.base:PersistentLevel.base' with GeneratedClass '/Game/Levels/base.base_C' with ClassGeneratedBy '/Game/Levels/base.base:PersistentLevel.base'
[2017.08.14-15.18.07:153][683]LogRenderer: Reallocating scene render targets to support 1292x756 NumSamples 1 (Frame:25917).
[2017.08.14-15.18.24:051][699]LogBlueprintUserMessages: Early EndPlayMap Detection: Level '/Game/Levels/base.base:PersistentLevel' has LevelScriptBlueprint '/Game/Levels/base.base:PersistentLevel.base' with GeneratedClass '/Game/Levels/base.base_C' with ClassGeneratedBy '/Game/Levels/base.base:PersistentLevel.base'
[2017.08.14-15.18.24:104][699]LogBlueprintUserMessages: Late EndPlayMap Detection: Level '/Game/Levels/base.base:PersistentLevel' has LevelScriptBlueprint '/Game/Levels/base.base:PersistentLevel.base' with GeneratedClass '/Game/Levels/base.base_C' with ClassGeneratedBy '/Game/Levels/base.base:PersistentLevel.base'
[2017.08.14-15.18.36:126][129]LogTemp: Repeting last play command: Selected Viewport
[2017.08.14-15.18.36:137][129]LogBlueprintUserMessages: Early PlayInEditor Detection: Level '/Game/Levels/base.base:PersistentLevel' has LevelScriptBlueprint '/Game/Levels/base.base:PersistentLevel.base' with GeneratedClass '/Game/Levels/base.base_C' with ClassGeneratedBy '/Game/Levels/base.base:PersistentLevel.base'
[2017.08.14-15.18.36:137][129]BlueprintLog: New page: Pre-Play auto-recompile
[2017.08.14-15.18.36:137][129]LogPlayLevel: [PlayLevel] Compiling obj-clara before play...
[2017.08.14-15.18.36:230][129]LogPlayLevel: PlayLevel: Blueprint regeneration took 92 ms (1 blueprints)
[2017.08.14-15.18.36:230][129]PIE: New page: PIE session: base (Aug 14, 2017, 7:18:36 PM)
[2017.08.14-15.18.36:230][129]LogPlayLevel: Creating play world package: /Game/Levels/UEDPIE_0_base
[2017.08.14-15.18.36:232][129]LogPlayLevel: PIE: StaticDuplicateObject took: (0.002047s)
[2017.08.14-15.18.36:233][129]LogAIModule: Creating AISystem for world base
[2017.08.14-15.18.36:233][129]LogPlayLevel: PIE: World Init took: (0.000569s)
[2017.08.14-15.18.36:233][129]LogPlayLevel: PIE: Created PIE world by copying editor world from /Game/Levels/base.base to /Game/Levels/UEDPIE_0_base.base (0.002792s)
[2017.08.14-15.18.36:259][129]LogInit: XAudio2 using 'Altavoces (Realtek High Definition Audio)' : 2 channels at 48 kHz using 32 bits per sample (channel mask 0x3)
[2017.08.14-15.18.36:267][129]LogInit: FAudioDevice initialized.
[2017.08.14-15.18.36:305][129]LogLoad: Game class is 'misc-gameModeBase_C'
[2017.08.14-15.18.36:307][129]LogWorld: Bringing World /Game/Levels/UEDPIE_0_base.base up for play (max tick rate 0) at 2017.08.14-17.18.36
[2017.08.14-15.18.36:307][129]LogWorld: Bringing up level for play took: 0.001031
[2017.08.14-15.18.36:308][129]LogSpawn:Warning: SpawnActor failed because no class was specified
[2017.08.14-15.18.36:313][129]PIE: Info Play in editor start time for /Game/Levels/UEDPIE_0_base 1.122
[2017.08.14-15.18.36:313][129]LogBlueprintUserMessages: Late PlayInEditor Detection: Level '/Game/Levels/base.base:PersistentLevel' has LevelScriptBlueprint '/Game/Levels/base.base:PersistentLevel.base' with GeneratedClass '/Game/Levels/base.base_C' with ClassGeneratedBy '/Game/Levels/base.base:PersistentLevel.base'
[2017.08.14-15.19.04:239][340]LogBlueprintUserMessages: Early EndPlayMap Detection: Level '/Game/Levels/base.base:PersistentLevel' has LevelScriptBlueprint '/Game/Levels/base.base:PersistentLevel.base' with GeneratedClass '/Game/Levels/base.base_C' with ClassGeneratedBy '/Game/Levels/base.base:PersistentLevel.base'
[2017.08.14-15.19.04:282][340]LogBlueprintUserMessages: Late EndPlayMap Detection: Level '/Game/Levels/base.base:PersistentLevel' has LevelScriptBlueprint '/Game/Levels/base.base:PersistentLevel.base' with GeneratedClass '/Game/Levels/base.base_C' with ClassGeneratedBy '/Game/Levels/base.base:PersistentLevel.base'
[2017.08.14-15.35.47:446][276]LogSlate:Warning: Prevented a slow task dialog from being summoned while a context menu was open
[2017.08.14-15.38.34:728][550]Cmd: OBJ SAVEPACKAGE PACKAGE="/Game/Levels/base" FILE="../../../../../TFG/CreativeKeepers/Saved/Autosaves/Game/Levels/base_Auto2.umap" SILENT=true AUTOSAVING=true KEEPDIRTY=false
[2017.08.14-15.38.34:844][550]LogSavePackage: Save=98.43ms
[2017.08.14-15.38.34:844][550]LogSavePackage: Moving '../../../../../TFG/CreativeKeepers/Saved/base_Auto250755CEA4692DE6D890EC9A684B291FC.tmp' to '../../../../../TFG/CreativeKeepers/Saved/Autosaves/Game/Levels/base_Auto2.umap'
[2017.08.14-15.38.34:845][550]LogSavePackage:Display: Finished SavePackage ../../../../../TFG/CreativeKeepers/Saved/Autosaves/Game/Levels/base_Auto2.umap
[2017.08.14-15.38.34:846][550]LogFileHelpers: Editor autosave (incl. sublevels) for '/Game/Levels/base' took 0.146
[2017.08.14-15.38.34:846][550]LogFileHelpers: Editor autosave (incl. sublevels) for all levels took 0.146
[2017.08.14-15.38.34:854][550]OBJ SavePackage: Generating thumbnails for [0] asset(s) in package [/Game/Objects/obj-clara] ([1] browsable assets)...
[2017.08.14-15.38.34:854][550]OBJ SavePackage: Finished generating thumbnails for package [/Game/Objects/obj-clara]
[2017.08.14-15.38.34:854][550]Cmd: OBJ SAVEPACKAGE PACKAGE="/Game/Objects/obj-clara" FILE="../../../../../TFG/CreativeKeepers/Saved/Autosaves/Game/Objects/obj-clara_Auto2.uasset" SILENT=false AUTOSAVING=true
[2017.08.14-15.38.34:885][550]LogSavePackage: Save=13.88ms
[2017.08.14-15.38.34:885][550]LogSavePackage: Moving '../../../../../TFG/CreativeKeepers/Saved/obj-clara_Auto2896920DC49171CC9612010AC9D7AF192.tmp' to '../../../../../TFG/CreativeKeepers/Saved/Autosaves/Game/Objects/obj-clara_Auto2.uasset'
[2017.08.14-15.38.34:900][550]LogSavePackage:Display: Finished SavePackage ../../../../../TFG/CreativeKeepers/Saved/Autosaves/Game/Objects/obj-clara_Auto2.uasset
[2017.08.14-15.38.34:900][550]LogFileHelpers: Auto-saving content packages took 0.053
[2017.08.14-15.45.31:558][715]LogEditorTransaction: Undo Delete current selection
[2017.08.14-15.45.42:454][ 16]BlueprintLog: New page: Compile obj-clara
[2017.08.14-15.45.42:460][ 16]LogBlueprint:Error: [Compiler obj-clara] Error Spawn node  Create Widget  must have a class specified.
[2017.08.14-15.45.42:761][ 16]BlueprintEditorCompileResults:Error: Error Spawn node  Create Widget  must have a class specified.
[2017.08.14-15.45.42:762][ 16]LogBlueprint:Warning: [Compiler obj-clara] Warning [3440.68] Compile of obj-clara failed. 1 Fatal Issue(s) 0 Warning(s) [in 307 ms] (/Game/Objects/obj-clara.obj-clara)
[2017.08.14-15.48.31:571][967]LogSlate: Took 0.009946 seconds to synchronously load lazily loaded font '../../../Engine/Content/Editor/Slate/Fonts/Roboto-BoldCondensedItalic.ttf' (160K)
[2017.08.14-15.48.50:358][ 93]Cmd: OBJ SAVEPACKAGE PACKAGE="/Game/Levels/base" FILE="../../../../../TFG/CreativeKeepers/Saved/Autosaves/Game/Levels/base_Auto3.umap" SILENT=true AUTOSAVING=true KEEPDIRTY=false
[2017.08.14-15.48.50:477][ 93]LogSavePackage: Save=85.28ms
[2017.08.14-15.48.50:477][ 93]LogSavePackage: Moving '../../../../../TFG/CreativeKeepers/Saved/base_Auto34E68E1AA42A2CE1D1E1F47942E3313C4.tmp' to '../../../../../TFG/CreativeKeepers/Saved/Autosaves/Game/Levels/base_Auto3.umap'
[2017.08.14-15.48.50:480][ 93]LogSavePackage:Display: Finished SavePackage ../../../../../TFG/CreativeKeepers/Saved/Autosaves/Game/Levels/base_Auto3.umap
[2017.08.14-15.48.50:481][ 93]LogFileHelpers: Editor autosave (incl. sublevels) for '/Game/Levels/base' took 0.153
[2017.08.14-15.48.50:481][ 93]LogFileHelpers: Editor autosave (incl. sublevels) for all levels took 0.153
[2017.08.14-15.48.50:483][ 93]OBJ SavePackage: Generating thumbnails for [0] asset(s) in package [/Game/Objects/obj-clara] ([1] browsable assets)...
[2017.08.14-15.48.50:483][ 93]OBJ SavePackage: Finished generating thumbnails for package [/Game/Objects/obj-clara]
[2017.08.14-15.48.50:483][ 93]Cmd: OBJ SAVEPACKAGE PACKAGE="/Game/Objects/obj-clara" FILE="../../../../../TFG/CreativeKeepers/Saved/Autosaves/Game/Objects/obj-clara_Auto3.uasset" SILENT=false AUTOSAVING=true
[2017.08.14-15.48.50:518][ 93]LogSavePackage: Save=18.26ms
[2017.08.14-15.48.50:518][ 93]LogSavePackage: Moving '../../../../../TFG/CreativeKeepers/Saved/obj-clara_Auto356B97B01462BEC5755FB85A1EB51F225.tmp' to '../../../../../TFG/CreativeKeepers/Saved/Autosaves/Game/Objects/obj-clara_Auto3.uasset'
[2017.08.14-15.48.50:519][ 93]LogSavePackage:Display: Finished SavePackage ../../../../../TFG/CreativeKeepers/Saved/Autosaves/Game/Objects/obj-clara_Auto3.uasset
[2017.08.14-15.48.50:519][ 93]LogFileHelpers: Auto-saving content packages took 0.038
[2017.08.14-15.57.02:394][ 86]LogEditorViewport: Clicking on Actor (LMB): obj-clara_C (obj-clara)
[2017.08.14-15.57.03:324][197]LogTemp: Repeting last play command: Selected Viewport
[2017.08.14-15.57.03:337][197]LogBlueprintUserMessages: Early PlayInEditor Detection: Level '/Game/Levels/base.base:PersistentLevel' has LevelScriptBlueprint '/Game/Levels/base.base:PersistentLevel.base' with GeneratedClass '/Game/Levels/base.base_C' with ClassGeneratedBy '/Game/Levels/base.base:PersistentLevel.base'
[2017.08.14-15.57.03:337][197]LogPlayLevel: PlayLevel: No blueprints needed recompiling
[2017.08.14-15.59.36:528][667]LogFileHelpers: Editor autosave (incl. sublevels) for '/Game/Levels/base' took 0.028
[2017.08.14-15.59.36:530][667]OBJ SavePackage: Generating thumbnails for [0] asset(s) in package [/Game/HUDs/hud-galeria] ([1] browsable assets)...
[2017.08.14-15.59.36:530][667]OBJ SavePackage: Finished generating thumbnails for package [/Game/HUDs/hud-galeria]
[2017.08.14-15.59.36:530][667]Cmd: OBJ SAVEPACKAGE PACKAGE="/Game/HUDs/hud-galeria" FILE="../../../../../TFG/CreativeKeepers/Saved/Autosaves/Game/HUDs/hud-galeria_Auto4.uasset" SILENT=false AUTOSAVING=true
[2017.08.14-15.59.36:535][667]LogSavePackage: Save=3.74ms
[2017.08.14-15.59.36:535][667]LogSavePackage: Moving '../../../../../TFG/CreativeKeepers/Saved/hud-galeria_Auto41445E44C49C0A19C9DE6AAB56EFAD1ED.tmp' to '../../../../../TFG/CreativeKeepers/Saved/Autosaves/Game/HUDs/hud-galeria_Auto4.uasset'
[2017.08.14-15.59.36:548][667]LogSavePackage:Display: Finished SavePackage ../../../../../TFG/CreativeKeepers/Saved/Autosaves/Game/HUDs/hud-galeria_Auto4.uasset
[2017.08.14-15.59.36:548][667]LogFileHelpers: Auto-saving content packages took 0.020
[2017.08.14-16.02.12:288][781]LogSlate: Took 0.035974 seconds to synchronously load lazily loaded font '../../../Engine/Content/Slate/Fonts/DroidSansFallback.ttf' (3848K)
[2017.08.14-16.09.36:939][419]LogFileHelpers: Editor autosave (incl. sublevels) for '/Game/Levels/base' took 0.052
[2017.08.14-16.09.36:944][419]OBJ SavePackage: Generating thumbnails for [0] asset(s) in package [/Game/HUDs/hud-galeria] ([1] browsable assets)...
[2017.08.14-16.09.36:944][419]OBJ SavePackage: Finished generating thumbnails for package [/Game/HUDs/hud-galeria]
[2017.08.14-16.09.36:944][419]Cmd: OBJ SAVEPACKAGE PACKAGE="/Game/HUDs/hud-galeria" FILE="../../../../../TFG/CreativeKeepers/Saved/Autosaves/Game/HUDs/hud-galeria_Auto5.uasset" SILENT=false AUTOSAVING=true
[2017.08.14-16.09.36:953][419]LogSavePackage: Save=7.43ms
[2017.08.14-16.09.36:953][419]LogSavePackage: Moving '../../../../../TFG/CreativeKeepers/Saved/hud-galeria_Auto52E2B06B6433AC00495ED63B8E9CFB806.tmp' to '../../../../../TFG/CreativeKeepers/Saved/Autosaves/Game/HUDs/hud-galeria_Auto5.uasset'
[2017.08.14-16.09.36:954][419]LogSavePackage:Display: Finished SavePackage ../../../../../TFG/CreativeKeepers/Saved/Autosaves/Game/HUDs/hud-galeria_Auto5.uasset
[2017.08.14-16.09.36:954][419]LogFileHelpers: Auto-saving content packages took 0.011
[2017.08.14-16.16.40:574][557]BlueprintLog: New page: Compile hud-galeria
[2017.08.14-16.16.41:081][602]Cmd: OBJ SAVEPACKAGE PACKAGE="/Game/HUDs/hud-galeria" FILE="../../../../../TFG/CreativeKeepers/Content/HUDs/hud-galeria.uasset" SILENT=true
[2017.08.14-16.16.41:105][602]LogSavePackage: Save=6.16ms
[2017.08.14-16.16.41:105][602]LogSavePackage: Moving '../../../../../TFG/CreativeKeepers/Saved/hud-galeriaAD39C014457F0A6532FDA8AB8CBC0B6B.tmp' to '../../../../../TFG/CreativeKeepers/Content/HUDs/hud-galeria.uasset'
[2017.08.14-16.16.41:108][602]LogSavePackage:Display: Finished SavePackage ../../../../../TFG/CreativeKeepers/Content/HUDs/hud-galeria.uasset
[2017.08.14-16.16.44:624][ 23]LogSlate:Warning: Prevented a slow task dialog from being summoned while a context menu was open
[2017.08.14-16.17.38:570][442]BlueprintLog: New page: Compile obj-clara
[2017.08.14-16.17.39:966][579]Cmd: OBJ SAVEPACKAGE PACKAGE="/Game/Objects/obj-clara" FILE="../../../../../TFG/CreativeKeepers/Content/Objects/obj-clara.uasset" SILENT=true
[2017.08.14-16.17.40:010][579]LogSavePackage: Save=30.14ms
[2017.08.14-16.17.40:010][579]LogSavePackage: Moving '../../../../../TFG/CreativeKeepers/Saved/obj-claraCA7463E347475D5F667720B08A5021E9.tmp' to '../../../../../TFG/CreativeKeepers/Content/Objects/obj-clara.uasset'
[2017.08.14-16.17.40:012][579]LogSavePackage:Display: Finished SavePackage ../../../../../TFG/CreativeKeepers/Content/Objects/obj-clara.uasset
[2017.08.14-16.18.26:914][157]BlueprintLog: New page: Compile obj-clara
[2017.08.14-16.18.28:211][298]LogTemp: Repeting last play command: Selected Viewport
[2017.08.14-16.18.28:226][298]LogBlueprintUserMessages: Early PlayInEditor Detection: Level '/Game/Levels/base.base:PersistentLevel' has LevelScriptBlueprint '/Game/Levels/base.base:PersistentLevel.base' with GeneratedClass '/Game/Levels/base.base_C' with ClassGeneratedBy '/Game/Levels/base.base:PersistentLevel.base'
[2017.08.14-16.18.28:226][298]LogPlayLevel: PlayLevel: No blueprints needed recompiling
[2017.08.14-16.18.28:226][298]PIE: New page: PIE session: base (Aug 14, 2017, 8:18:28 PM)
[2017.08.14-16.18.28:226][298]LogPlayLevel: Creating play world package: /Game/Levels/UEDPIE_0_base
[2017.08.14-16.18.28:229][298]LogPlayLevel: PIE: StaticDuplicateObject took: (0.002131s)
[2017.08.14-16.18.28:229][298]LogAIModule: Creating AISystem for world base
[2017.08.14-16.18.28:229][298]LogPlayLevel: PIE: World Init took: (0.000560s)
[2017.08.14-16.18.28:229][298]LogPlayLevel: PIE: Created PIE world by copying editor world from /Game/Levels/base.base to /Game/Levels/UEDPIE_0_base.base (0.002901s)
[2017.08.14-16.18.28:259][298]LogInit: XAudio2 using 'Altavoces (Realtek High Definition Audio)' : 2 channels at 48 kHz using 32 bits per sample (channel mask 0x3)
[2017.08.14-16.18.28:268][298]LogInit: FAudioDevice initialized.
[2017.08.14-16.18.28:305][298]LogLoad: Game class is 'misc-gameModeBase_C'
[2017.08.14-16.18.28:307][298]LogWorld: Bringing World /Game/Levels/UEDPIE_0_base.base up for play (max tick rate 0) at 2017.08.14-18.18.28
[2017.08.14-16.18.28:307][298]LogWorld: Bringing up level for play took: 0.001002
[2017.08.14-16.18.28:307][298]LogSpawn:Warning: SpawnActor failed because no class was specified
[2017.08.14-16.18.28:312][298]PIE: Info Play in editor start time for /Game/Levels/UEDPIE_0_base -0.879
[2017.08.14-16.18.28:313][298]LogBlueprintUserMessages: Late PlayInEditor Detection: Level '/Game/Levels/base.base:PersistentLevel' has LevelScriptBlueprint '/Game/Levels/base.base:PersistentLevel.base' with GeneratedClass '/Game/Levels/base.base_C' with ClassGeneratedBy '/Game/Levels/base.base:PersistentLevel.base'
[2017.08.14-16.18.54:750][466]LogBlueprintUserMessages: Early EndPlayMap Detection: Level '/Game/Levels/base.base:PersistentLevel' has LevelScriptBlueprint '/Game/Levels/base.base:PersistentLevel.base' with GeneratedClass '/Game/Levels/base.base_C' with ClassGeneratedBy '/Game/Levels/base.base:PersistentLevel.base'
[2017.08.14-16.18.54:808][466]LogBlueprintUserMessages: Late EndPlayMap Detection: Level '/Game/Levels/base.base:PersistentLevel' has LevelScriptBlueprint '/Game/Levels/base.base:PersistentLevel.base' with GeneratedClass '/Game/Levels/base.base_C' with ClassGeneratedBy '/Game/Levels/base.base:PersistentLevel.base'
[2017.08.14-16.19.08:683][121]LogTemp: Repeting last play command: Selected Viewport
[2017.08.14-16.19.08:697][121]LogBlueprintUserMessages: Early PlayInEditor Detection: Level '/Game/Levels/base.base:PersistentLevel' has LevelScriptBlueprint '/Game/Levels/base.base:PersistentLevel.base' with GeneratedClass '/Game/Levels/base.base_C' with ClassGeneratedBy '/Game/Levels/base.base:PersistentLevel.base'
[2017.08.14-16.19.08:697][121]LogPlayLevel: PlayLevel: No blueprints needed recompiling
[2017.08.14-16.19.08:697][121]PIE: New page: PIE session: base (Aug 14, 2017, 8:19:08 PM)
[2017.08.14-16.19.08:698][121]LogPlayLevel: Creating play world package: /Game/Levels/UEDPIE_0_base
[2017.08.14-16.19.08:700][121]LogPlayLevel: PIE: StaticDuplicateObject took: (0.002130s)
[2017.08.14-16.19.08:700][121]LogAIModule: Creating AISystem for world base
[2017.08.14-16.19.08:701][121]LogPlayLevel: PIE: World Init took: (0.000519s)
[2017.08.14-16.19.08:701][121]LogPlayLevel: PIE: Created PIE world by copying editor world from /Game/Levels/base.base to /Game/Levels/UEDPIE_0_base.base (0.002815s)
[2017.08.14-16.19.08:729][121]LogInit: XAudio2 using 'Altavoces (Realtek High Definition Audio)' : 2 channels at 48 kHz using 32 bits per sample (channel mask 0x3)
[2017.08.14-16.19.08:739][121]LogInit: FAudioDevice initialized.
[2017.08.14-16.19.08:780][121]LogLoad: Game class is 'misc-gameModeBase_C'
[2017.08.14-16.19.08:781][121]LogWorld: Bringing World /Game/Levels/UEDPIE_0_base.base up for play (max tick rate 0) at 2017.08.14-18.19.08
[2017.08.14-16.19.08:781][121]LogWorld: Bringing up level for play took: 0.001198
[2017.08.14-16.19.08:782][121]LogSpawn:Warning: SpawnActor failed because no class was specified
[2017.08.14-16.19.08:787][121]PIE: Info Play in editor start time for /Game/Levels/UEDPIE_0_base -0.404
[2017.08.14-16.19.08:788][121]LogBlueprintUserMessages: Late PlayInEditor Detection: Level '/Game/Levels/base.base:PersistentLevel' has LevelScriptBlueprint '/Game/Levels/base.base:PersistentLevel.base' with GeneratedClass '/Game/Levels/base.base_C' with ClassGeneratedBy '/Game/Levels/base.base:PersistentLevel.base'
[2017.08.14-16.19.10:386][309]LogBlueprintDebug:Warning: Hit breakpoint on node 'K2Node_IfThenElse', from offset 501
[2017.08.14-16.19.10:386][309]LogBlueprintDebug: 
Script call stack:
	Function /Game/Objects/obj-clara.obj-clara_C:InpActEvt_Select_K2Node_InputActionEvent_2
	Function /Game/Objects/obj-clara.obj-clara_C:ExecuteUbergraph_obj-clara

[2017.08.14-16.19.18:606][672]LogBlueprintDebug:Warning: Hit breakpoint on node 'K2Node_IfThenElse', from offset 501
[2017.08.14-16.19.18:606][672]LogBlueprintDebug: 
Script call stack:
	Function /Game/Objects/obj-clara.obj-clara_C:InpActEvt_Select_K2Node_InputActionEvent_2
	Function /Game/Objects/obj-clara.obj-clara_C:ExecuteUbergraph_obj-clara

[2017.08.14-16.19.20:134][672]LogBlueprintUserMessages: Early EndPlayMap Detection: Level '/Game/Levels/base.base:PersistentLevel' has LevelScriptBlueprint '/Game/Levels/base.base:PersistentLevel.base' with GeneratedClass '/Game/Levels/base.base_C' with ClassGeneratedBy '/Game/Levels/base.base:PersistentLevel.base'
[2017.08.14-16.19.20:192][672]LogBlueprintUserMessages: Late EndPlayMap Detection: Level '/Game/Levels/base.base:PersistentLevel' has LevelScriptBlueprint '/Game/Levels/base.base:PersistentLevel.base' with GeneratedClass '/Game/Levels/base.base_C' with ClassGeneratedBy '/Game/Levels/base.base:PersistentLevel.base'
[2017.08.14-16.19.37:128][695]LogTemp: Repeting last play command: Selected Viewport
[2017.08.14-16.19.37:143][695]LogBlueprintUserMessages: Early PlayInEditor Detection: Level '/Game/Levels/base.base:PersistentLevel' has LevelScriptBlueprint '/Game/Levels/base.base:PersistentLevel.base' with GeneratedClass '/Game/Levels/base.base_C' with ClassGeneratedBy '/Game/Levels/base.base:PersistentLevel.base'
[2017.08.14-16.19.37:143][695]LogPlayLevel: PlayLevel: No blueprints needed recompiling
[2017.08.14-16.19.37:143][695]PIE: New page: PIE session: base (Aug 14, 2017, 8:19:37 PM)
[2017.08.14-16.19.37:144][695]LogPlayLevel: Creating play world package: /Game/Levels/UEDPIE_0_base
[2017.08.14-16.19.37:146][695]LogPlayLevel: PIE: StaticDuplicateObject took: (0.001923s)
[2017.08.14-16.19.37:146][695]LogAIModule: Creating AISystem for world base
[2017.08.14-16.19.37:146][695]LogPlayLevel: PIE: World Init took: (0.000473s)
[2017.08.14-16.19.37:146][695]LogPlayLevel: PIE: Created PIE world by copying editor world from /Game/Levels/base.base to /Game/Levels/UEDPIE_0_base.base (0.002573s)
[2017.08.14-16.19.37:175][695]LogInit: XAudio2 using 'Altavoces (Realtek High Definition Audio)' : 2 channels at 48 kHz using 32 bits per sample (channel mask 0x3)
[2017.08.14-16.19.37:184][695]LogInit: FAudioDevice initialized.
[2017.08.14-16.19.37:223][695]LogLoad: Game class is 'misc-gameModeBase_C'
[2017.08.14-16.19.37:225][695]LogWorld: Bringing World /Game/Levels/UEDPIE_0_base.base up for play (max tick rate 0) at 2017.08.14-18.19.37
[2017.08.14-16.19.37:225][695]LogWorld: Bringing up level for play took: 0.001148
[2017.08.14-16.19.37:226][695]LogSpawn:Warning: SpawnActor failed because no class was specified
[2017.08.14-16.19.37:230][695]PIE: Info Play in editor start time for /Game/Levels/UEDPIE_0_base 0.039
[2017.08.14-16.19.37:231][695]LogBlueprintUserMessages: Late PlayInEditor Detection: Level '/Game/Levels/base.base:PersistentLevel' has LevelScriptBlueprint '/Game/Levels/base.base:PersistentLevel.base' with GeneratedClass '/Game/Levels/base.base_C' with ClassGeneratedBy '/Game/Levels/base.base:PersistentLevel.base'
[2017.08.14-16.19.48:564][704]LogBlueprintDebug:Warning: Hit breakpoint on node 'K2Node_IfThenElse', from offset 501
[2017.08.14-16.19.48:564][704]LogBlueprintDebug: 
Script call stack:
	Function /Game/Objects/obj-clara.obj-clara_C:InpActEvt_Select_K2Node_InputActionEvent_2
	Function /Game/Objects/obj-clara.obj-clara_C:ExecuteUbergraph_obj-clara

[2017.08.14-16.20.02:458][446]LogBlueprintDebug:Warning: Hit breakpoint on node 'K2Node_IfThenElse', from offset 501
[2017.08.14-16.20.02:458][446]LogBlueprintDebug: 
Script call stack:
	Function /Game/Objects/obj-clara.obj-clara_C:InpActEvt_Select_K2Node_InputActionEvent_2
	Function /Game/Objects/obj-clara.obj-clara_C:ExecuteUbergraph_obj-clara

[2017.08.14-16.20.31:910][623]LogBlueprintDebug:Warning: Hit breakpoint on node 'K2Node_IfThenElse', from offset 501
[2017.08.14-16.20.31:910][623]LogBlueprintDebug: 
Script call stack:
	Function /Game/Objects/obj-clara.obj-clara_C:InpActEvt_Select_K2Node_InputActionEvent_2
	Function /Game/Objects/obj-clara.obj-clara_C:ExecuteUbergraph_obj-clara

[2017.08.14-16.20.55:322][623]LogBlueprintUserMessages: Early EndPlayMap Detection: Level '/Game/Levels/base.base:PersistentLevel' has LevelScriptBlueprint '/Game/Levels/base.base:PersistentLevel.base' with GeneratedClass '/Game/Levels/base.base_C' with ClassGeneratedBy '/Game/Levels/base.base:PersistentLevel.base'
[2017.08.14-16.20.55:379][623]LogBlueprintUserMessages: Late EndPlayMap Detection: Level '/Game/Levels/base.base:PersistentLevel' has LevelScriptBlueprint '/Game/Levels/base.base:PersistentLevel.base' with GeneratedClass '/Game/Levels/base.base_C' with ClassGeneratedBy '/Game/Levels/base.base:PersistentLevel.base'
[2017.08.14-16.21.51:866][297]LogEditorViewport: Clicking on Actor (LMB): PlayerStart (PlayerStart)
[2017.08.14-16.21.54:955][662]LogNavigationPoint: PostEditMove Clear paths rebuilt
[2017.08.14-16.21.59:834][245]LogNavigationPoint: PostEditMove Clear paths rebuilt
[2017.08.14-16.22.02:834][604]LogTemp: Repeting last play command: Selected Viewport
[2017.08.14-16.22.02:851][604]LogBlueprintUserMessages: Early PlayInEditor Detection: Level '/Game/Levels/base.base:PersistentLevel' has LevelScriptBlueprint '/Game/Levels/base.base:PersistentLevel.base' with GeneratedClass '/Game/Levels/base.base_C' with ClassGeneratedBy '/Game/Levels/base.base:PersistentLevel.base'
[2017.08.14-16.22.02:851][604]BlueprintLog: New page: Pre-Play auto-recompile
[2017.08.14-16.22.02:851][604]LogPlayLevel: [PlayLevel] Compiling obj-clara before play...
[2017.08.14-16.22.02:953][604]LogPlayLevel: PlayLevel: Blueprint regeneration took 101 ms (1 blueprints)
[2017.08.14-16.22.02:953][604]PIE: New page: PIE session: base (Aug 14, 2017, 8:22:02 PM)
[2017.08.14-16.22.02:953][604]LogPlayLevel: Creating play world package: /Game/Levels/UEDPIE_0_base
[2017.08.14-16.22.02:955][604]LogPlayLevel: PIE: StaticDuplicateObject took: (0.001939s)
[2017.08.14-16.22.02:956][604]LogAIModule: Creating AISystem for world base
[2017.08.14-16.22.02:956][604]LogPlayLevel: PIE: World Init took: (0.000485s)
[2017.08.14-16.22.02:956][604]LogPlayLevel: PIE: Created PIE world by copying editor world from /Game/Levels/base.base to /Game/Levels/UEDPIE_0_base.base (0.002636s)
[2017.08.14-16.22.02:984][604]LogInit: XAudio2 using 'Altavoces (Realtek High Definition Audio)' : 2 channels at 48 kHz using 32 bits per sample (channel mask 0x3)
[2017.08.14-16.22.02:993][604]LogInit: FAudioDevice initialized.
[2017.08.14-16.22.03:092][604]LogLoad: Game class is 'misc-gameModeBase_C'
[2017.08.14-16.22.03:093][604]LogWorld: Bringing World /Game/Levels/UEDPIE_0_base.base up for play (max tick rate 0) at 2017.08.14-18.22.03
[2017.08.14-16.22.03:093][604]LogWorld: Bringing up level for play took: 0.000826
[2017.08.14-16.22.03:111][604]LogSpawn:Warning: SpawnActor failed because no class was specified
[2017.08.14-16.22.03:114][604]PIE: Info Play in editor start time for /Game/Levels/UEDPIE_0_base -0.077
[2017.08.14-16.22.03:114][604]LogBlueprintUserMessages: Late PlayInEditor Detection: Level '/Game/Levels/base.base:PersistentLevel' has LevelScriptBlueprint '/Game/Levels/base.base:PersistentLevel.base' with GeneratedClass '/Game/Levels/base.base_C' with ClassGeneratedBy '/Game/Levels/base.base:PersistentLevel.base'
[2017.08.14-16.22.04:259][737]LogBlueprintDebug:Warning: Hit breakpoint on node 'K2Node_IfThenElse', from offset 501
[2017.08.14-16.22.04:259][737]LogBlueprintDebug: 
Script call stack:
	Function /Game/Objects/obj-clara.obj-clara_C:InpActEvt_Select_K2Node_InputActionEvent_3
	Function /Game/Objects/obj-clara.obj-clara_C:ExecuteUbergraph_obj-clara

[2017.08.14-16.22.46:719][925]LogBlueprintUserMessages: Early EndPlayMap Detection: Level '/Game/Levels/base.base:PersistentLevel' has LevelScriptBlueprint '/Game/Levels/base.base:PersistentLevel.base' with GeneratedClass '/Game/Levels/base.base_C' with ClassGeneratedBy '/Game/Levels/base.base:PersistentLevel.base'
[2017.08.14-16.22.46:802][925]LogBlueprintUserMessages: Late EndPlayMap Detection: Level '/Game/Levels/base.base:PersistentLevel' has LevelScriptBlueprint '/Game/Levels/base.base:PersistentLevel.base' with GeneratedClass '/Game/Levels/base.base_C' with ClassGeneratedBy '/Game/Levels/base.base:PersistentLevel.base'
[2017.08.14-16.23.17:883][409]LogEditorTransaction: Undo Edit Z
[2017.08.14-16.23.33:446][262]LogTemp: Repeting last play command: Selected Viewport
[2017.08.14-16.23.33:461][262]LogBlueprintUserMessages: Early PlayInEditor Detection: Level '/Game/Levels/base.base:PersistentLevel' has LevelScriptBlueprint '/Game/Levels/base.base:PersistentLevel.base' with GeneratedClass '/Game/Levels/base.base_C' with ClassGeneratedBy '/Game/Levels/base.base:PersistentLevel.base'
[2017.08.14-16.23.33:461][262]BlueprintLog: New page: Pre-Play auto-recompile
[2017.08.14-16.23.33:461][262]LogPlayLevel: [PlayLevel] Compiling obj-clara before play...
[2017.08.14-16.23.33:568][262]LogPlayLevel: PlayLevel: Blueprint regeneration took 107 ms (1 blueprints)
[2017.08.14-16.23.33:569][262]PIE: New page: PIE session: base (Aug 14, 2017, 8:23:33 PM)
[2017.08.14-16.23.33:569][262]LogPlayLevel: Creating play world package: /Game/Levels/UEDPIE_0_base
[2017.08.14-16.23.33:571][262]LogPlayLevel: PIE: StaticDuplicateObject took: (0.001990s)
[2017.08.14-16.23.33:571][262]LogAIModule: Creating AISystem for world base
[2017.08.14-16.23.33:571][262]LogPlayLevel: PIE: World Init took: (0.000497s)
[2017.08.14-16.23.33:572][262]LogPlayLevel: PIE: Created PIE world by copying editor world from /Game/Levels/base.base to /Game/Levels/UEDPIE_0_base.base (0.002700s)
[2017.08.14-16.23.33:600][262]LogInit: XAudio2 using 'Altavoces (Realtek High Definition Audio)' : 2 channels at 48 kHz using 32 bits per sample (channel mask 0x3)
[2017.08.14-16.23.33:609][262]LogInit: FAudioDevice initialized.
[2017.08.14-16.23.33:650][262]LogLoad: Game class is 'misc-gameModeBase_C'
[2017.08.14-16.23.33:651][262]LogWorld: Bringing World /Game/Levels/UEDPIE_0_base.base up for play (max tick rate 0) at 2017.08.14-18.23.33
[2017.08.14-16.23.33:652][262]LogWorld: Bringing up level for play took: 0.001022
[2017.08.14-16.23.33:652][262]LogSpawn:Warning: SpawnActor failed because no class was specified
[2017.08.14-16.23.33:658][262]PIE: Info Play in editor start time for /Game/Levels/UEDPIE_0_base 0.467
[2017.08.14-16.23.33:658][262]LogBlueprintUserMessages: Late PlayInEditor Detection: Level '/Game/Levels/base.base:PersistentLevel' has LevelScriptBlueprint '/Game/Levels/base.base:PersistentLevel.base' with GeneratedClass '/Game/Levels/base.base_C' with ClassGeneratedBy '/Game/Levels/base.base:PersistentLevel.base'
[2017.08.14-16.23.42:169][272]LogBlueprintUserMessages: Early EndPlayMap Detection: Level '/Game/Levels/base.base:PersistentLevel' has LevelScriptBlueprint '/Game/Levels/base.base:PersistentLevel.base' with GeneratedClass '/Game/Levels/base.base_C' with ClassGeneratedBy '/Game/Levels/base.base:PersistentLevel.base'
[2017.08.14-16.23.42:228][272]LogBlueprintUserMessages: Late EndPlayMap Detection: Level '/Game/Levels/base.base:PersistentLevel' has LevelScriptBlueprint '/Game/Levels/base.base:PersistentLevel.base' with GeneratedClass '/Game/Levels/base.base_C' with ClassGeneratedBy '/Game/Levels/base.base:PersistentLevel.base'
[2017.08.14-16.24.00:732][465]BlueprintLog: New page: Compile obj-clara
[2017.08.14-16.24.01:229][504]Cmd: OBJ SAVEPACKAGE PACKAGE="/Game/Objects/obj-clara" FILE="../../../../../TFG/CreativeKeepers/Content/Objects/obj-clara.uasset" SILENT=true
[2017.08.14-16.24.01:278][504]LogSavePackage: Save=33.79ms
[2017.08.14-16.24.01:278][504]LogSavePackage: Moving '../../../../../TFG/CreativeKeepers/Saved/obj-claraF1686D80484F8386BF4829A404F37243.tmp' to '../../../../../TFG/CreativeKeepers/Content/Objects/obj-clara.uasset'
[2017.08.14-16.24.01:280][504]LogSavePackage:Display: Finished SavePackage ../../../../../TFG/CreativeKeepers/Content/Objects/obj-clara.uasset
[2017.08.14-16.24.01:841][571]LogTemp: Repeting last play command: Selected Viewport
[2017.08.14-16.24.01:856][571]LogBlueprintUserMessages: Early PlayInEditor Detection: Level '/Game/Levels/base.base:PersistentLevel' has LevelScriptBlueprint '/Game/Levels/base.base:PersistentLevel.base' with GeneratedClass '/Game/Levels/base.base_C' with ClassGeneratedBy '/Game/Levels/base.base:PersistentLevel.base'
[2017.08.14-16.24.01:856][571]LogPlayLevel: PlayLevel: No blueprints needed recompiling
[2017.08.14-16.24.01:856][571]PIE: New page: PIE session: base (Aug 14, 2017, 8:24:01 PM)
[2017.08.14-16.24.01:856][571]LogPlayLevel: Creating play world package: /Game/Levels/UEDPIE_0_base
[2017.08.14-16.24.01:858][571]LogPlayLevel: PIE: StaticDuplicateObject took: (0.001895s)
[2017.08.14-16.24.01:859][571]LogAIModule: Creating AISystem for world base
[2017.08.14-16.24.01:859][571]LogPlayLevel: PIE: World Init took: (0.000571s)
[2017.08.14-16.24.01:859][571]LogPlayLevel: PIE: Created PIE world by copying editor world from /Game/Levels/base.base to /Game/Levels/UEDPIE_0_base.base (0.002636s)
[2017.08.14-16.24.01:888][571]LogInit: XAudio2 using 'Altavoces (Realtek High Definition Audio)' : 2 channels at 48 kHz using 32 bits per sample (channel mask 0x3)
[2017.08.14-16.24.01:897][571]LogInit: FAudioDevice initialized.
[2017.08.14-16.24.01:936][571]LogLoad: Game class is 'misc-gameModeBase_C'
[2017.08.14-16.24.01:937][571]LogWorld: Bringing World /Game/Levels/UEDPIE_0_base.base up for play (max tick rate 0) at 2017.08.14-18.24.01
[2017.08.14-16.24.01:938][571]LogWorld: Bringing up level for play took: 0.001223
[2017.08.14-16.24.01:938][571]LogSpawn:Warning: SpawnActor failed because no class was specified
[2017.08.14-16.24.01:944][571]PIE: Info Play in editor start time for /Game/Levels/UEDPIE_0_base 0.753
[2017.08.14-16.24.01:944][571]LogBlueprintUserMessages: Late PlayInEditor Detection: Level '/Game/Levels/base.base:PersistentLevel' has LevelScriptBlueprint '/Game/Levels/base.base:PersistentLevel.base' with GeneratedClass '/Game/Levels/base.base_C' with ClassGeneratedBy '/Game/Levels/base.base:PersistentLevel.base'
[2017.08.14-16.24.23:670][169]LogBlueprintUserMessages: Early EndPlayMap Detection: Level '/Game/Levels/base.base:PersistentLevel' has LevelScriptBlueprint '/Game/Levels/base.base:PersistentLevel.base' with GeneratedClass '/Game/Levels/base.base_C' with ClassGeneratedBy '/Game/Levels/base.base:PersistentLevel.base'
[2017.08.14-16.24.23:724][169]LogBlueprintUserMessages: Late EndPlayMap Detection: Level '/Game/Levels/base.base:PersistentLevel' has LevelScriptBlueprint '/Game/Levels/base.base:PersistentLevel.base' with GeneratedClass '/Game/Levels/base.base_C' with ClassGeneratedBy '/Game/Levels/base.base:PersistentLevel.base'
[2017.08.14-16.25.11:966][852]BlueprintLog: New page: Compile obj-marcus
[2017.08.14-16.25.12:955][950]Cmd: OBJ SAVEPACKAGE PACKAGE="/Game/Objects/obj-marcus" FILE="../../../../../TFG/CreativeKeepers/Content/Objects/obj-marcus.uasset" SILENT=true
[2017.08.14-16.25.12:970][950]LogSavePackage: Save=14.05ms
[2017.08.14-16.25.12:970][950]LogSavePackage: Moving '../../../../../TFG/CreativeKeepers/Saved/obj-marcusE91C80794A3E23A22561A096A821EA77.tmp' to '../../../../../TFG/CreativeKeepers/Content/Objects/obj-marcus.uasset'
[2017.08.14-16.25.12:972][950]LogSavePackage:Display: Finished SavePackage ../../../../../TFG/CreativeKeepers/Content/Objects/obj-marcus.uasset
[2017.08.14-16.25.44:254][681]Cmd: DELETE
[2017.08.14-16.25.44:254][681]Cmd: ACTOR DELETE
[2017.08.14-16.25.44:285][681]LogEditorActor: Deleted Actor: obj-marcus_C
[2017.08.14-16.25.44:313][681]LogEditorActor: Deleted 1 Actors (0.033 secs)
[2017.08.14-16.25.51:016][121]LogActorComponent: UnregisterComponent: (/Engine/Transient.EditorFloorComp) Not registered. Aborting.
[2017.08.14-16.25.51:152][121]LogActorComponent: UnregisterComponent: (/Engine/Transient.EditorFloorComp) Not registered. Aborting.
[2017.08.14-16.25.51:704][121]LogObjectTools:Warning: ForceReplaceReferences replaced references for a transient object 'InputActionDelegateBinding_2' or package '/Engine/Transient'.
[2017.08.14-16.25.51:704][121]LogObjectTools:Warning: ForceReplaceReferences replaced references for a transient object 'UberGraphFrame' or package '/Engine/Transient'.
[2017.08.14-16.25.51:704][121]LogObjectTools:Warning: ForceReplaceReferences replaced references for a transient object 'UserConstructionScript' or package '/Engine/Transient'.
[2017.08.14-16.25.51:704][121]LogObjectTools:Warning: ForceReplaceReferences replaced references for a transient object 'InpActEvt_Select_K2Node_InputActionEvent_2' or package '/Engine/Transient'.
[2017.08.14-16.25.51:704][121]LogObjectTools:Warning: ForceReplaceReferences replaced references for a transient object 'ReceiveBeginPlay' or package '/Engine/Transient'.
[2017.08.14-16.25.51:704][121]LogObjectTools:Warning: ForceReplaceReferences replaced references for a transient object 'ExecuteUbergraph_obj-marcus' or package '/Engine/Transient'.
[2017.08.14-16.25.51:704][121]LogObjectTools:Warning: ForceReplaceReferences replaced references for a transient object 'InpActEvt_Select_K2Node_InputActionEvent_2' or package '/Game/Objects/obj-marcus'.
[2017.08.14-16.25.51:704][121]LogObjectTools:Warning: ForceReplaceReferences replaced references for a transient object 'ReceiveBeginPlay' or package '/Game/Objects/obj-marcus'.
[2017.08.14-16.25.51:705][121]LogObjectTools:Warning: ForceReplaceReferences replaced references for a transient object 'Box' or package '/Engine/Transient'.
[2017.08.14-16.25.51:705][121]LogObjectTools:Warning: ForceReplaceReferences replaced references for a transient object 'sprite_index' or package '/Engine/Transient'.
[2017.08.14-16.25.51:705][121]LogObjectTools:Warning: ForceReplaceReferences replaced references for a transient object 'activeWidget' or package '/Engine/Transient'.
[2017.08.14-16.25.51:705][121]LogObjectTools:Warning: ForceReplaceReferences replaced references for a transient object 'galeria' or package '/Engine/Transient'.
[2017.08.14-16.25.51:705][121]LogObjectTools:Warning: ForceReplaceReferences replaced references for a transient object 'REINST_SKEL_obj-marcus_C_309' or package '/Engine/Transient'.
[2017.08.14-16.25.51:705][121]LogObjectTools:Warning: ForceReplaceReferences replaced references for a transient object 'DEADCLASS_obj-marcus_C_1' or package '/Engine/Transient'.
[2017.08.14-16.25.51:705][121]LogObjectTools:Warning: ForceReplaceReferences replaced references for a transient object 'Box_GEN_VARIABLE' or package '/Engine/Transient'.
[2017.08.14-16.25.51:705][121]LogObjectTools:Warning: ForceReplaceReferences replaced references for a transient object 'sprite_index_GEN_VARIABLE' or package '/Engine/Transient'.
[2017.08.14-16.25.51:705][121]LogObjectTools:Warning: ForceReplaceReferences replaced references for a transient object 'DefaultSceneRoot_GEN_VARIABLE' or package '/Engine/Transient'.
[2017.08.14-16.25.51:705][121]LogObjectTools:Warning: ForceReplaceReferences replaced references for a transient object 'SimpleConstructionScript_0' or package '/Engine/Transient'.
[2017.08.14-16.25.51:705][121]LogObjectTools:Warning: ForceReplaceReferences replaced references for a transient object 'DEADCLASS_obj-marcus_C_0' or package '/Engine/Transient'.
[2017.08.14-16.25.51:705][121]LogObjectTools:Warning: ForceReplaceReferences replaced references for a transient object 'REINST_obj-marcus_C_308' or package '/Engine/Transient'.
[2017.08.14-16.26.02:631][365]LogEditorTransaction: Undo Set Vector Property
[2017.08.14-16.26.23:259][828]BlueprintLog: New page: Compile obj-clara
[2017.08.14-16.26.23:617][851]Cmd: OBJ SAVEPACKAGE PACKAGE="/Game/Objects/obj-clara" FILE="../../../../../TFG/CreativeKeepers/Content/Objects/obj-clara.uasset" SILENT=true
[2017.08.14-16.26.23:644][851]LogSavePackage: Save=12.91ms
[2017.08.14-16.26.23:644][851]LogSavePackage: Moving '../../../../../TFG/CreativeKeepers/Saved/obj-clara901F5C7A48D4708E17F5AA8E230BE205.tmp' to '../../../../../TFG/CreativeKeepers/Content/Objects/obj-clara.uasset'
[2017.08.14-16.26.23:647][851]LogSavePackage:Display: Finished SavePackage ../../../../../TFG/CreativeKeepers/Content/Objects/obj-clara.uasset
[2017.08.14-16.26.44:726][257]BlueprintLog: New page: Compile obj-marcus
[2017.08.14-16.26.45:124][284]Cmd: OBJ SAVEPACKAGE PACKAGE="/Game/Objects/obj-marcus" FILE="../../../../../TFG/CreativeKeepers/Content/Objects/obj-marcus.uasset" SILENT=true
[2017.08.14-16.26.45:139][284]LogSavePackage: Save=13.51ms
[2017.08.14-16.26.45:139][284]LogSavePackage: Moving '../../../../../TFG/CreativeKeepers/Saved/obj-marcus32F8CD7844E20BC00EE9D7A92396F308.tmp' to '../../../../../TFG/CreativeKeepers/Content/Objects/obj-marcus.uasset'
[2017.08.14-16.26.45:141][284]LogSavePackage:Display: Finished SavePackage ../../../../../TFG/CreativeKeepers/Content/Objects/obj-marcus.uasset
[2017.08.14-16.27.16:597][975]BlueprintLog: New page: Compile obj-nerea
[2017.08.14-16.27.16:893][990]Cmd: OBJ SAVEPACKAGE PACKAGE="/Game/Objects/obj-nerea" FILE="../../../../../TFG/CreativeKeepers/Content/Objects/obj-nerea.uasset" SILENT=true
[2017.08.14-16.27.16:908][990]LogSavePackage: Save=13.95ms
[2017.08.14-16.27.16:908][990]LogSavePackage: Moving '../../../../../TFG/CreativeKeepers/Saved/obj-nerea621844EC44EB5AD4530BF48487239713.tmp' to '../../../../../TFG/CreativeKeepers/Content/Objects/obj-nerea.uasset'
[2017.08.14-16.27.16:910][990]LogSavePackage:Display: Finished SavePackage ../../../../../TFG/CreativeKeepers/Content/Objects/obj-nerea.uasset
[2017.08.14-16.27.27:169][207]LogTemp: Repeting last play command: Selected Viewport
[2017.08.14-16.27.27:188][207]LogBlueprintUserMessages: Early PlayInEditor Detection: Level '/Game/Levels/base.base:PersistentLevel' has LevelScriptBlueprint '/Game/Levels/base.base:PersistentLevel.base' with GeneratedClass '/Game/Levels/base.base_C' with ClassGeneratedBy '/Game/Levels/base.base:PersistentLevel.base'
[2017.08.14-16.27.27:188][207]LogPlayLevel: PlayLevel: No blueprints needed recompiling
[2017.08.14-16.27.27:188][207]PIE: New page: PIE session: base (Aug 14, 2017, 8:27:27 PM)
[2017.08.14-16.27.27:247][207]LogPlayLevel: Creating play world package: /Game/Levels/UEDPIE_0_base
[2017.08.14-16.27.27:249][207]LogPlayLevel: PIE: StaticDuplicateObject took: (0.002567s)
[2017.08.14-16.27.27:250][207]LogAIModule: Creating AISystem for world base
[2017.08.14-16.27.27:250][207]LogPlayLevel: PIE: World Init took: (0.000483s)
[2017.08.14-16.27.27:250][207]LogPlayLevel: PIE: Created PIE world by copying editor world from /Game/Levels/base.base to /Game/Levels/UEDPIE_0_base.base (0.003243s)
[2017.08.14-16.27.27:280][207]LogInit: XAudio2 using 'Altavoces (Realtek High Definition Audio)' : 2 channels at 48 kHz using 32 bits per sample (channel mask 0x3)
[2017.08.14-16.27.27:289][207]LogInit: FAudioDevice initialized.
[2017.08.14-16.27.27:322][207]LogLoad: Game class is 'misc-gameModeBase_C'
[2017.08.14-16.27.27:323][207]LogWorld: Bringing World /Game/Levels/UEDPIE_0_base.base up for play (max tick rate 0) at 2017.08.14-18.27.27
[2017.08.14-16.27.27:323][207]LogWorld: Bringing up level for play took: 0.000921
[2017.08.14-16.27.27:323][207]LogSpawn:Warning: SpawnActor failed because no class was specified
[2017.08.14-16.27.27:327][207]PIE: Info Play in editor start time for /Game/Levels/UEDPIE_0_base 0.136
[2017.08.14-16.27.27:327][207]LogBlueprintUserMessages: Late PlayInEditor Detection: Level '/Game/Levels/base.base:PersistentLevel' has LevelScriptBlueprint '/Game/Levels/base.base:PersistentLevel.base' with GeneratedClass '/Game/Levels/base.base_C' with ClassGeneratedBy '/Game/Levels/base.base:PersistentLevel.base'
[2017.08.14-16.28.20:391][422]LogBlueprintUserMessages: Early EndPlayMap Detection: Level '/Game/Levels/base.base:PersistentLevel' has LevelScriptBlueprint '/Game/Levels/base.base:PersistentLevel.base' with GeneratedClass '/Game/Levels/base.base_C' with ClassGeneratedBy '/Game/Levels/base.base:PersistentLevel.base'
[2017.08.14-16.28.20:442][422]LogBlueprintUserMessages: Late EndPlayMap Detection: Level '/Game/Levels/base.base:PersistentLevel' has LevelScriptBlueprint '/Game/Levels/base.base:PersistentLevel.base' with GeneratedClass '/Game/Levels/base.base_C' with ClassGeneratedBy '/Game/Levels/base.base:PersistentLevel.base'
[2017.08.14-16.28.25:515][700]Cmd: OBJ SAVEPACKAGE PACKAGE="/Game/Levels/base" FILE="../../../../../TFG/CreativeKeepers/Content/Levels/base.umap" SILENT=true AUTOSAVING=false KEEPDIRTY=false
[2017.08.14-16.28.25:644][700]LogSavePackage: Save=87.79ms
[2017.08.14-16.28.25:644][700]LogSavePackage: Moving '../../../../../TFG/CreativeKeepers/Saved/base9FC388274F68039D2007CEA95AE1574F.tmp' to '../../../../../TFG/CreativeKeepers/Content/Levels/base.umap'
[2017.08.14-16.28.25:647][700]LogSavePackage:Display: Finished SavePackage ../../../../../TFG/CreativeKeepers/Content/Levels/base.umap
[2017.08.14-16.28.25:668][700]LogFileHelpers: Saving map 'base' took 0.182
[2017.08.14-16.28.25:800][700]LogActorComponent: UnregisterComponent: (/Engine/Transient.EditorFloorComp) Not registered. Aborting.
[2017.08.14-16.28.25:845][700]LogActorComponent: UnregisterComponent: (/Engine/Transient.EditorFloorComp) Not registered. Aborting.
[2017.08.14-16.28.26:114][701]Cmd: QUIT_EDITOR
[2017.08.14-16.28.26:365][701]LogWindowsTextInputMethodSystem:Display: IME system now deactivated.
[2017.08.14-16.28.26:388][701]LogExit: Preparing to exit.
[2017.08.14-16.28.27:179][701]LogDirectoryWatcher: A directory notification for 'D:/TFG/CreativeKeepers/Content/' was aborted.
[2017.08.14-16.28.27:234][701]LogExit: Editor shut down
[2017.08.14-16.28.27:263][701]LogExit: Transaction tracking system shut down
[2017.08.14-16.28.27:452][701]LogObj: Freed 0b from 0 cluster array pools.
[2017.08.14-16.28.27:452][701]LogExit: Object subsystem successfully closed.
[2017.08.14-16.28.27:498][701]LogD3D11RHI: Shutdown
[2017.08.14-16.28.27:498][701]LogD3D11RHI: CleanupD3DDevice
[2017.08.14-16.28.27:583][701]LogD3D11RHI: ~FD3D11DynamicRHI
[2017.08.14-16.28.27:715][701]LogModuleManager: Shutting down and abandoning module SequencerWidgets (506)
[2017.08.14-16.28.27:715][701]LogModuleManager: Shutting down and abandoning module MovieSceneCapture (504)
[2017.08.14-16.28.27:715][701]LogModuleManager: Shutting down and abandoning module BlueprintGraph (502)
[2017.08.14-16.28.27:715][701]LogModuleManager: Shutting down and abandoning module BlueprintProfiler (500)
[2017.08.14-16.28.27:716][701]LogModuleManager: Shutting down and abandoning module HierarchicalLODOutliner (498)
[2017.08.14-16.28.27:716][701]LogModuleManager: Shutting down and abandoning module CrashTracker (496)
[2017.08.14-16.28.27:716][701]LogModuleManager: Shutting down and abandoning module SceneOutliner (494)
[2017.08.14-16.28.27:716][701]LogModuleManager: Shutting down and abandoning module AddContentDialog (492)
[2017.08.14-16.28.27:716][701]LogDirectoryWatcher: A directory notification for 'D:/Programas/UE_4.15/FeaturePacks/' was aborted.
[2017.08.14-16.28.27:721][701]LogModuleManager: Shutting down and abandoning module WidgetCarousel (491)
[2017.08.14-16.28.27:721][701]LogModuleManager: Shutting down and abandoning module EditorWidgets (488)
[2017.08.14-16.28.27:721][701]LogModuleManager: Shutting down and abandoning module CollectionManager (486)
[2017.08.14-16.28.27:721][701]LogDirectoryWatcher: A directory notification for 'D:/TFG/CreativeKeepers/Content/Collections/' was aborted.
[2017.08.14-16.28.27:721][701]LogDirectoryWatcher: A directory notification for 'D:/TFG/CreativeKeepers/Content/Developers/Grego/Collections/' was aborted.
[2017.08.14-16.28.27:721][701]LogDirectoryWatcher: A directory notification for 'D:/TFG/CreativeKeepers/Saved/Collections/' was aborted.
[2017.08.14-16.28.27:721][701]LogModuleManager: Shutting down and abandoning module StatsViewer (484)
[2017.08.14-16.28.27:721][701]LogModuleManager: Shutting down and abandoning module FoliageEdit (482)
[2017.08.14-16.28.27:721][701]LogModuleManager: Shutting down and abandoning module LandscapeEditor (480)
[2017.08.14-16.28.27:721][701]LogModuleManager: Shutting down and abandoning module SceneDepthPickerMode (478)
[2017.08.14-16.28.27:721][701]LogModuleManager: Shutting down and abandoning module ActorPickerMode (476)
[2017.08.14-16.28.27:721][701]LogModuleManager: Shutting down and abandoning module GeometryMode (474)
[2017.08.14-16.28.27:721][701]LogModuleManager: Shutting down and abandoning module TextureAlignMode (472)
[2017.08.14-16.28.27:721][701]LogModuleManager: Shutting down and abandoning module BspMode (470)
[2017.08.14-16.28.27:721][701]LogModuleManager: Shutting down and abandoning module HardwareSurvey (468)
[2017.08.14-16.28.27:721][701]LogModuleManager: Shutting down and abandoning module SequenceRecorderSections (466)
[2017.08.14-16.28.27:721][701]LogModuleManager: Shutting down and abandoning module AutomationWorker (464)
[2017.08.14-16.28.27:721][701]LogModuleManager: Shutting down and abandoning module MatineeToLevelSequence (462)
[2017.08.14-16.28.27:721][701]LogModuleManager: Shutting down and abandoning module LevelSequenceEditor (460)
[2017.08.14-16.28.27:733][701]LogModuleManager: Shutting down and abandoning module PlacementMode (459)
[2017.08.14-16.28.27:733][701]LogModuleManager: Shutting down and abandoning module WmfMediaFactory (456)
[2017.08.14-16.28.27:733][701]LogModuleManager: Shutting down and abandoning module WmfMediaEditor (454)
[2017.08.14-16.28.27:733][701]LogModuleManager: Shutting down and abandoning module MfMediaFactory (452)
[2017.08.14-16.28.27:733][701]LogModuleManager: Shutting down and abandoning module MfMediaEditor (450)
[2017.08.14-16.28.27:733][701]LogModuleManager: Shutting down and abandoning module AvfMediaFactory (448)
[2017.08.14-16.28.27:733][701]LogModuleManager: Shutting down and abandoning module AvfMediaEditor (446)
[2017.08.14-16.28.27:733][701]LogModuleManager: Shutting down and abandoning module AndroidMediaFactory (444)
[2017.08.14-16.28.27:733][701]LogModuleManager: Shutting down and abandoning module Media (443)
[2017.08.14-16.28.27:733][701]LogModuleManager: Shutting down and abandoning module AndroidMediaEditor (440)
[2017.08.14-16.28.27:733][701]LogModuleManager: Shutting down and abandoning module CharacterAI (438)
[2017.08.14-16.28.27:733][701]LogModuleManager: Shutting down and abandoning module AudioCapture (436)
[2017.08.14-16.28.27:733][701]LogModuleManager: Shutting down and abandoning module SequenceRecorder (435)
[2017.08.14-16.28.27:733][701]LogModuleManager: Shutting down and abandoning module SmartSnapping (432)
[2017.08.14-16.28.27:733][701]LogModuleManager: Shutting down and abandoning module SessionServices (430)
[2017.08.14-16.28.27:733][701]LogModuleManager: Shutting down and abandoning module ViewportSnapping (428)
[2017.08.14-16.28.27:733][701]LogModuleManager: Shutting down and abandoning module ViewportInteraction (426)
[2017.08.14-16.28.27:733][701]LogModuleManager: Shutting down and abandoning module LogVisualizer (424)
[2017.08.14-16.28.27:744][701]LogModuleManager: Shutting down and abandoning module IntroTutorials (422)
[2017.08.14-16.28.27:754][701]LogModuleManager: Shutting down and abandoning module GameProjectGeneration (421)
[2017.08.14-16.28.27:759][701]LogModuleManager: Shutting down and abandoning module EditorLiveStreaming (418)
[2017.08.14-16.28.27:759][701]LogModuleManager: Shutting down and abandoning module IOSPlatformEditor (416)
[2017.08.14-16.28.27:759][701]LogModuleManager: Shutting down and abandoning module HTML5PlatformEditor (414)
[2017.08.14-16.28.27:759][701]LogModuleManager: Shutting down and abandoning module AndroidPlatformEditor (412)
[2017.08.14-16.28.27:759][701]LogModuleManager: Shutting down and abandoning module AndroidDeviceDetection (411)
[2017.08.14-16.28.28:584][701]LogModuleManager: Shutting down and abandoning module IOSRuntimeSettings (408)
[2017.08.14-16.28.28:584][701]LogModuleManager: Shutting down and abandoning module AndroidRuntimeSettings (406)
[2017.08.14-16.28.28:584][701]LogModuleManager: Shutting down and abandoning module InputBindingEditor (404)
[2017.08.14-16.28.28:584][701]LogModuleManager: Shutting down and abandoning module NiagaraEditor (402)
[2017.08.14-16.28.28:607][701]LogModuleManager: Shutting down and abandoning module MergeActors (400)
[2017.08.14-16.28.28:609][701]LogModuleManager: Shutting down and abandoning module SizeMap (398)
[2017.08.14-16.28.28:609][701]LogModuleManager: Shutting down and abandoning module TreeMap (396)
[2017.08.14-16.28.28:609][701]LogModuleManager: Shutting down and abandoning module ReferenceViewer (394)
[2017.08.14-16.28.28:609][701]LogModuleManager: Shutting down and abandoning module LocalizationDashboard (392)
[2017.08.14-16.28.28:622][701]LogModuleManager: Shutting down and abandoning module LocalizationService (391)
[2017.08.14-16.28.28:622][701]LogModuleManager: Shutting down and abandoning module HardwareTargeting (388)
[2017.08.14-16.28.28:622][701]LogModuleManager: Shutting down and abandoning module DeviceProfileEditor (386)
[2017.08.14-16.28.28:630][701]LogModuleManager: Shutting down and abandoning module UndoHistory (384)
[2017.08.14-16.28.28:630][701]LogModuleManager: Shutting down and abandoning module UserFeedback (382)
[2017.08.14-16.28.28:630][701]LogModuleManager: Shutting down and abandoning module XmlParser (380)
[2017.08.14-16.28.28:630][701]LogModuleManager: Shutting down and abandoning module Blutility (378)
[2017.08.14-16.28.28:630][701]LogModuleManager: Shutting down and abandoning module ProjectSettingsViewer (376)
[2017.08.14-16.28.28:630][701]LogModuleManager: Shutting down and abandoning module ProjectTargetPlatformEditor (375)
[2017.08.14-16.28.28:630][701]LogModuleManager: Shutting down and abandoning module EditorSettingsViewer (372)
[2017.08.14-16.28.28:630][701]LogModuleManager: Shutting down and abandoning module SettingsEditor (370)
[2017.08.14-16.28.28:630][701]LogModuleManager: Shutting down and abandoning module ProjectLauncher (368)
[2017.08.14-16.28.28:635][701]LogModuleManager: Shutting down and abandoning module SessionFrontend (366)
[2017.08.14-16.28.28:642][701]LogModuleManager: Shutting down and abandoning module ProfilerClient (364)
[2017.08.14-16.28.28:642][701]LogModuleManager: Shutting down and abandoning module DeviceManager (362)
[2017.08.14-16.28.28:654][701]LogModuleManager: Shutting down and abandoning module TargetDeviceServices (361)
[2017.08.14-16.28.28:696][701]LogModuleManager: Shutting down and abandoning module AutomationController (358)
[2017.08.14-16.28.28:696][701]LogModuleManager: Shutting down and abandoning module AutomationWindow (356)
[2017.08.14-16.28.28:701][701]LogModuleManager: Shutting down and abandoning module Layers (354)
[2017.08.14-16.28.28:710][701]LogModuleManager: Shutting down and abandoning module ComponentVisualizers (352)
[2017.08.14-16.28.28:710][701]LogModuleManager: Shutting down and abandoning module DetailCustomizations (350)
[2017.08.14-16.28.28:710][701]LogModuleManager: Shutting down and abandoning module PackagesDialog (348)
[2017.08.14-16.28.28:710][701]LogModuleManager: Shutting down and abandoning module Persona (346)
[2017.08.14-16.28.28:715][701]LogModuleManager: Shutting down and abandoning module AnimGraph (345)
[2017.08.14-16.28.28:715][701]LogModuleManager: Shutting down and abandoning module Kismet (342)
[2017.08.14-16.28.28:721][701]LogModuleManager: Shutting down and abandoning module GraphEditor (340)
[2017.08.14-16.28.28:721][701]LogModuleManager: Shutting down and abandoning module ClassViewer (338)
[2017.08.14-16.28.28:722][701]LogModuleManager: Shutting down and abandoning module Toolbox (336)
[2017.08.14-16.28.28:722][701]LogModuleManager: Shutting down and abandoning module ModuleUI (334)
[2017.08.14-16.28.28:722][701]LogModuleManager: Shutting down and abandoning module MovieSceneTools (332)
[2017.08.14-16.28.28:731][701]LogModuleManager: Shutting down and abandoning module OutputLog (330)
[2017.08.14-16.28.28:731][701]LogModuleManager: Shutting down and abandoning module GammaUI (328)
[2017.08.14-16.28.28:731][701]LogModuleManager: Shutting down and abandoning module Documentation (326)
[2017.08.14-16.28.28:731][701]LogModuleManager: Shutting down and abandoning module Niagara (324)
[2017.08.14-16.28.28:731][701]LogModuleManager: Shutting down and abandoning module StreamingPauseRendering (322)
[2017.08.14-16.28.28:731][701]LogModuleManager: Shutting down and abandoning module AnalyticsET (320)
[2017.08.14-16.28.28:731][701]LogModuleManager: Shutting down and abandoning module PortalServices (318)
[2017.08.14-16.28.28:731][701]LogModuleManager: Shutting down and abandoning module PortalRpc (316)
[2017.08.14-16.28.28:731][701]LogModuleManager: Shutting down and abandoning module MessagingRpc (314)
[2017.08.14-16.28.28:731][701]LogModuleManager: Shutting down and abandoning module AIModule (312)
[2017.08.14-16.28.28:731][701]LogModuleManager: Shutting down and abandoning module GameplayDebugger (311)
[2017.08.14-16.28.28:731][701]LogModuleManager: Shutting down and abandoning module AITestSuite (309)
[2017.08.14-16.28.28:731][701]LogModuleManager: Shutting down and abandoning module ProfilerService (306)
[2017.08.14-16.28.28:808][701]LogModuleManager: Shutting down and abandoning module TaskGraph (304)
[2017.08.14-16.28.28:809][701]LogModuleManager: Shutting down and abandoning module SteamVRController (302)
[2017.08.14-16.28.28:809][701]LogModuleManager: Shutting down and abandoning module SteamVR (300)
[2017.08.14-16.28.28:809][701]LogModuleManager: Shutting down and abandoning module ProceduralMeshComponentEditor (298)
[2017.08.14-16.28.28:809][701]LogModuleManager: Shutting down and abandoning module ProceduralMeshComponent (296)
[2017.08.14-16.28.28:809][701]LogModuleManager: Shutting down and abandoning module OculusLibrary (294)
[2017.08.14-16.28.28:809][701]LogModuleManager: Shutting down and abandoning module OculusInput (292)
[2017.08.14-16.28.28:809][701]LogModuleManager: Shutting down and abandoning module MobilePatchingUtils (290)
[2017.08.14-16.28.28:809][701]LogModuleManager: Shutting down and abandoning module CustomMeshComponent (288)
[2017.08.14-16.28.28:809][701]LogModuleManager: Shutting down and abandoning module CableComponent (286)
[2017.08.14-16.28.28:809][701]LogModuleManager: Shutting down and abandoning module ArchVisCharacter (284)
[2017.08.14-16.28.28:809][701]LogModuleManager: Shutting down and abandoning module MediaPlayerEditor (280)
[2017.08.14-16.28.28:819][701]LogModuleManager: Shutting down and abandoning module HTML5Networking (278)
[2017.08.14-16.28.28:819][701]LogModuleManager: Shutting down and abandoning module AlembicImporter (276)
[2017.08.14-16.28.28:819][701]LogModuleManager: Shutting down and abandoning module AlembicLibrary (275)
[2017.08.14-16.28.28:819][701]LogModuleManager: Shutting down and abandoning module GeometryCache (274)
[2017.08.14-16.28.28:819][701]LogModuleManager: Shutting down and abandoning module GeometryCacheEd (273)
[2017.08.14-16.28.28:819][701]LogModuleManager: Shutting down and abandoning module SuperSearchEditor (268)
[2017.08.14-16.28.28:819][701]LogModuleManager: Shutting down and abandoning module SuperSearch (267)
[2017.08.14-16.28.28:819][701]LogModuleManager: Shutting down and abandoning module SpeedTreeImporter (264)
[2017.08.14-16.28.28:819][701]LogModuleManager: Shutting down and abandoning module PluginBrowser (262)
[2017.08.14-16.28.28:819][701]LogModuleManager: Shutting down and abandoning module MobileLauncherProfileWizard (260)
[2017.08.14-16.28.28:819][701]LogModuleManager: Shutting down and abandoning module EpicSurvey (258)
[2017.08.14-16.28.28:819][701]LogModuleManager: Shutting down and abandoning module VisualStudioSourceCodeAccess (256)
[2017.08.14-16.28.28:819][701]LogModuleManager: Shutting down and abandoning module DesktopPlatform (255)
[2017.08.14-16.28.28:819][701]LogModuleManager: Shutting down and abandoning module UObjectPlugin (252)
[2017.08.14-16.28.28:819][701]LogModuleManager: Shutting down and abandoning module SubversionSourceControl (250)
[2017.08.14-16.28.28:819][701]LogModuleManager: Shutting down and abandoning module PerforceSourceControl (248)
[2017.08.14-16.28.28:824][701]LogModuleManager: Shutting down and abandoning module GitSourceControl (246)
[2017.08.14-16.28.28:824][701]LogModuleManager: Shutting down and abandoning module SourceControl (245)
[2017.08.14-16.28.28:824][701]LogModuleManager: Shutting down and abandoning module LightPropagationVolumeEditor (242)
[2017.08.14-16.28.28:824][701]LogModuleManager: Shutting down and abandoning module PaperTiledImporter (240)
[2017.08.14-16.28.28:824][701]LogModuleManager: Shutting down and abandoning module PaperSpriteSheetImporter (238)
[2017.08.14-16.28.28:824][701]LogModuleManager: Shutting down and abandoning module Paper2DEditor (236)
[2017.08.14-16.28.28:827][701]LogModuleManager: Shutting down and abandoning module MeshPaint (235)
[2017.08.14-16.28.28:827][701]LogModuleManager: Shutting down and abandoning module LevelEditor (233)
[2017.08.14-16.28.28:828][701]LogModuleManager: Shutting down and abandoning module PixelInspectorModule (232)
[2017.08.14-16.28.28:828][701]LogModuleManager: Shutting down and abandoning module MainFrame (230)
[2017.08.14-16.28.28:828][701]LogModuleManager: Shutting down and abandoning module HotReload (229)
[2017.08.14-16.28.28:828][701]LogModuleManager: Shutting down and abandoning module ContentBrowser (225)
[2017.08.14-16.28.28:829][701]LogModuleManager: Shutting down and abandoning module PhysXVehiclesEditor (222)
[2017.08.14-16.28.28:829][701]LogModuleManager: Shutting down and abandoning module PhysXVehicles (220)
[2017.08.14-16.28.28:829][701]LogModuleManager: Shutting down and abandoning module LocationServicesBPLibrary (218)
[2017.08.14-16.28.28:829][701]LogModuleManager: Shutting down and abandoning module UdpMessaging (216)
[2017.08.14-16.28.28:930][701]LogModuleManager: Shutting down and abandoning module TcpMessaging (214)
[2017.08.14-16.28.29:030][701]LogModuleManager: Shutting down and abandoning module GameplayTagsEditor (212)
[2017.08.14-16.28.29:031][701]LogModuleManager: Shutting down and abandoning module FacialAnimationEditor (210)
[2017.08.14-16.28.29:031][701]LogModuleManager: Shutting down and abandoning module FacialAnimation (208)
[2017.08.14-16.28.29:031][701]LogModuleManager: Shutting down and abandoning module LightPropagationVolumeRuntime (206)
[2017.08.14-16.28.29:031][701]LogModuleManager: Shutting down and abandoning module Paper2D (204)
[2017.08.14-16.28.29:031][701]LogModuleManager: Shutting down and abandoning module WindowsMoviePlayer (202)
[2017.08.14-16.28.29:031][701]LogModuleManager: Shutting down and abandoning module WmfMedia (200)
[2017.08.14-16.28.29:031][701]LogModuleManager: Shutting down and abandoning module MfMedia (198)
[2017.08.14-16.28.29:031][701]LogModuleManager: Shutting down and abandoning module MediaAssets (196)
[2017.08.14-16.28.29:031][701]LogModuleManager: Shutting down and abandoning module GameLiveStreaming (194)
[2017.08.14-16.28.29:031][701]LogModuleManager: Shutting down and abandoning module VREditor (192)
[2017.08.14-16.28.29:031][701]LogModuleManager: Shutting down and abandoning module GameplayTasksEditor (190)
[2017.08.14-16.28.29:031][701]LogModuleManager: Shutting down and abandoning module BehaviorTreeEditor (188)
[2017.08.14-16.28.29:049][701]LogModuleManager: Shutting down and abandoning module FunctionalTesting (186)
[2017.08.14-16.28.29:049][701]LogModuleManager: Shutting down and abandoning module CollisionAnalyzer (184)
[2017.08.14-16.28.29:049][701]LogModuleManager: Shutting down and abandoning module UMG (182)
[2017.08.14-16.28.29:049][701]LogModuleManager: Shutting down and abandoning module UMGEditor (181)
[2017.08.14-16.28.29:049][701]LogModuleManager: Shutting down and abandoning module Sequencer (180)
[2017.08.14-16.28.29:049][701]LogModuleManager: Shutting down and abandoning module AssetTools (178)
[2017.08.14-16.28.29:055][701]LogModuleManager: Shutting down and abandoning module MessageLog (177)
[2017.08.14-16.28.29:055][701]LogModuleManager: Shutting down and abandoning module WorkspaceMenuStructure (176)
[2017.08.14-16.28.29:055][701]LogModuleManager: Shutting down and abandoning module SlateReflector (170)
[2017.08.14-16.28.29:070][701]LogModuleManager: Shutting down and abandoning module Slate (168)
[2017.08.14-16.28.29:070][701]LogModuleManager: Shutting down and abandoning module EditorStyle (166)
[2017.08.14-16.28.29:072][701]LogModuleManager: Shutting down and abandoning module SourceCodeAccess (164)
[2017.08.14-16.28.29:072][701]LogModuleManager: Shutting down and abandoning module HeadMountedDisplay (162)
[2017.08.14-16.28.29:072][701]LogModuleManager: Shutting down and abandoning module XAudio2 (160)
[2017.08.14-16.28.29:072][701]LogModuleManager: Shutting down and abandoning module Networking (158)
[2017.08.14-16.28.29:072][701]LogModuleManager: Shutting down and abandoning module Core (154)
[2017.08.14-16.28.29:072][701]LogModuleManager: Shutting down and abandoning module AssetRegistry (152)
[2017.08.14-16.28.29:240][701]LogDirectoryWatcher: A directory notification for '../../../Engine/Content/' was aborted.
[2017.08.14-16.28.29:240][701]LogDirectoryWatcher: A directory notification for '../../../../../TFG/CreativeKeepers/Content/' was aborted.
[2017.08.14-16.28.29:240][701]LogDirectoryWatcher: A directory notification for '../../../Engine/Plugins/2D/Paper2D/Content/' was aborted.
[2017.08.14-16.28.29:241][701]LogModuleManager: Shutting down and abandoning module DirectoryWatcher (151)
[2017.08.14-16.28.29:244][701]LogModuleManager: Shutting down and abandoning module KismetCompiler (148)
[2017.08.14-16.28.29:244][701]LogModuleManager: Shutting down and abandoning module PhysXFormats (146)
[2017.08.14-16.28.29:244][701]LogModuleManager: Shutting down and abandoning module MeshUtilities (144)
[2017.08.14-16.28.29:244][701]LogModuleManager: Shutting down and abandoning module SimplygonSwarm (143)
[2017.08.14-16.28.29:244][701]LogModuleManager: Shutting down and abandoning module SimplygonMeshReduction (141)
[2017.08.14-16.28.29:244][701]LogModuleManager: Shutting down and abandoning module QuadricMeshReduction (139)
[2017.08.14-16.28.29:244][701]LogModuleManager: Shutting down and abandoning module PropertyEditor (137)
[2017.08.14-16.28.29:244][701]LogModuleManager: Shutting down and abandoning module DerivedDataCache (134)
[2017.08.14-16.28.29:293][701]LogDerivedDataCache: Shutdown
[2017.08.14-16.28.29:293][701]LogModuleManager: Shutting down and abandoning module TargetPlatform (132)
[2017.08.14-16.28.29:294][701]LogModuleManager: Shutting down and abandoning module VulkanShaderFormat (131)
[2017.08.14-16.28.29:294][701]LogModuleManager: Shutting down and abandoning module ShaderFormatOpenGL (129)
[2017.08.14-16.28.29:294][701]LogModuleManager: Shutting down and abandoning module ShaderFormatD3D (127)
[2017.08.14-16.28.29:294][701]LogModuleManager: Shutting down and abandoning module MetalShaderFormat (125)
[2017.08.14-16.28.29:294][701]LogModuleManager: Shutting down and abandoning module TextureFormatUncompressed (123)
[2017.08.14-16.28.29:294][701]LogModuleManager: Shutting down and abandoning module TextureFormatPVR (121)
[2017.08.14-16.28.29:294][701]LogModuleManager: Shutting down and abandoning module TextureFormatDXT (119)
[2017.08.14-16.28.29:294][701]LogModuleManager: Shutting down and abandoning module TextureFormatIntelISPCTexComp (117)
[2017.08.14-16.28.29:294][701]LogModuleManager: Shutting down and abandoning module TextureFormatASTC (115)
[2017.08.14-16.28.29:294][701]LogModuleManager: Shutting down and abandoning module ImageWrapper (114)
[2017.08.14-16.28.29:294][701]LogModuleManager: Shutting down and abandoning module TextureFormatAndroid (111)
[2017.08.14-16.28.29:294][701]LogModuleManager: Shutting down and abandoning module AudioFormatOpus (109)
[2017.08.14-16.28.29:294][701]LogModuleManager: Shutting down and abandoning module AudioFormatOgg (107)
[2017.08.14-16.28.29:294][701]LogModuleManager: Shutting down and abandoning module AudioFormatADPCM (105)
[2017.08.14-16.28.29:294][701]LogModuleManager: Shutting down and abandoning module LinuxTargetPlatform (103)
[2017.08.14-16.28.29:294][701]LogModuleManager: Shutting down and abandoning module LinuxServerTargetPlatform (101)
[2017.08.14-16.28.29:294][701]LogModuleManager: Shutting down and abandoning module LinuxNoEditorTargetPlatform (99)
[2017.08.14-16.28.29:294][701]LogModuleManager: Shutting down and abandoning module LinuxClientTargetPlatform (97)
[2017.08.14-16.28.29:294][701]LogModuleManager: Shutting down and abandoning module TVOSTargetPlatform (95)
[2017.08.14-16.28.29:294][701]LogModuleManager: Shutting down and abandoning module Messaging (93)
[2017.08.14-16.28.29:294][701]LogModuleManager: Shutting down and abandoning module IOSTargetPlatform (91)
[2017.08.14-16.28.29:294][701]LogModuleManager: Shutting down and abandoning module HTML5TargetPlatform (89)
[2017.08.14-16.28.29:294][701]LogModuleManager: Shutting down and abandoning module Android_PVRTCTargetPlatform (87)
[2017.08.14-16.28.29:294][701]LogModuleManager: Shutting down and abandoning module Android_MultiTargetPlatform (85)
[2017.08.14-16.28.29:294][701]LogModuleManager: Shutting down and abandoning module Android_ETC2TargetPlatform (83)
[2017.08.14-16.28.29:294][701]LogModuleManager: Shutting down and abandoning module Android_ETC1TargetPlatform (81)
[2017.08.14-16.28.29:294][701]LogModuleManager: Shutting down and abandoning module Android_DXTTargetPlatform (79)
[2017.08.14-16.28.29:294][701]LogModuleManager: Shutting down and abandoning module Android_ATCTargetPlatform (77)
[2017.08.14-16.28.29:294][701]LogModuleManager: Shutting down and abandoning module Android_ASTCTargetPlatform (75)
[2017.08.14-16.28.29:294][701]LogModuleManager: Shutting down and abandoning module AndroidTargetPlatform (73)
[2017.08.14-16.28.29:294][701]LogModuleManager: Shutting down and abandoning module WindowsTargetPlatform (71)
[2017.08.14-16.28.29:294][701]LogModuleManager: Shutting down and abandoning module WindowsServerTargetPlatform (69)
[2017.08.14-16.28.29:294][701]LogModuleManager: Shutting down and abandoning module WindowsNoEditorTargetPlatform (67)
[2017.08.14-16.28.29:294][701]LogModuleManager: Shutting down and abandoning module WindowsClientTargetPlatform (65)
[2017.08.14-16.28.29:294][701]LogModuleManager: Shutting down and abandoning module MacTargetPlatform (63)
[2017.08.14-16.28.29:294][701]LogModuleManager: Shutting down and abandoning module MacServerTargetPlatform (61)
[2017.08.14-16.28.29:294][701]LogModuleManager: Shutting down and abandoning module MacNoEditorTargetPlatform (59)
[2017.08.14-16.28.29:294][701]LogModuleManager: Shutting down and abandoning module MacClientTargetPlatform (57)
[2017.08.14-16.28.29:294][701]LogModuleManager: Shutting down and abandoning module AllDesktopTargetPlatform (55)
[2017.08.14-16.28.29:294][701]LogModuleManager: Shutting down and abandoning module InputCore (52)
[2017.08.14-16.28.29:294][701]LogModuleManager: Shutting down and abandoning module Settings (50)
[2017.08.14-16.28.29:294][701]LogModuleManager: Shutting down and abandoning module OculusRift (48)
[2017.08.14-16.28.29:294][701]LogModuleManager: Shutting down and abandoning module GearVR (46)
[2017.08.14-16.28.29:294][701]LogModuleManager: Shutting down and abandoning module ExampleDeviceProfileSelector (44)
[2017.08.14-16.28.29:294][701]LogModuleManager: Shutting down and abandoning module OnlineBlueprintSupport (42)
[2017.08.14-16.28.29:295][701]LogModuleManager: Shutting down and abandoning module OnlineSubsystem (38)
[2017.08.14-16.28.29:295][701]LogOnline:Display: Unloading online subsystem: NULL
[2017.08.14-16.28.29:295][701]LogModuleManager: Shutting down and abandoning module XMPP (37)
[2017.08.14-16.28.29:297][701]LogModuleManager: Shutting down and abandoning module HTTP (35)
[2017.08.14-16.28.29:297][701]LogHttp:Display: Http module shutting down, but needs to wait on 1 outstanding Http requests:
[2017.08.14-16.28.29:297][701]LogHttp:Display: 	verb=[POST] url=[https://datarouter.ol.epicgames.com/datarouter/api/v1/public/data?SessionID=%7BCE37C0E7-4180-EB37-00E1-B5BC15665A91%7D&AppID=UEEditor.Rocket.Release&AppVersion=4.15.1-3348071%2B%2B%2BUE4%2BRelease-4.15&UserID=32a836f54a69625fd74255b8f28df338%7C1968c17eba254ed9b4bf8b1be1637d8f%7C3fa134da-b9a2-4079-8632-9954fbbaa8c2&AppEnvironment=datacollector-binary&UploadType=eteventstream] status=Processing
[2017.08.14-16.28.29:302][701]LogModuleManager: Shutting down and abandoning module SSL (34)
[2017.08.14-16.28.29:303][701]LogModuleManager: Shutting down and abandoning module AudioEditor (30)
[2017.08.14-16.28.29:314][701]LogModuleManager: Shutting down and abandoning module TextureCompressor (28)
[2017.08.14-16.28.29:314][701]LogModuleManager: Shutting down and abandoning module ShaderCore (26)
[2017.08.14-16.28.29:314][701]LogModuleManager: Shutting down and abandoning module Landscape (24)
[2017.08.14-16.28.29:314][701]LogModuleManager: Shutting down and abandoning module SlateRHIRenderer (22)
[2017.08.14-16.28.29:328][701]LogModuleManager: Shutting down and abandoning module OpenGLDrv (20)
[2017.08.14-16.28.29:332][701]LogModuleManager: Shutting down and abandoning module D3D11RHI (18)
[2017.08.14-16.28.29:332][701]LogModuleManager: Shutting down and abandoning module AnimGraphRuntime (16)
[2017.08.14-16.28.29:332][701]LogModuleManager: Shutting down and abandoning module Renderer (14)
[2017.08.14-16.28.29:332][701]LogModuleManager: Shutting down and abandoning module Engine (12)
[2017.08.14-16.28.29:332][701]LogModuleManager: Shutting down and abandoning module CoreUObject (10)
[2017.08.14-16.28.29:332][701]LogModuleManager: Shutting down and abandoning module NetworkFile (8)
[2017.08.14-16.28.29:332][701]LogModuleManager: Shutting down and abandoning module StreamingFile (6)
[2017.08.14-16.28.29:332][701]LogModuleManager: Shutting down and abandoning module SandboxFile (4)
[2017.08.14-16.28.29:332][701]LogModuleManager: Shutting down and abandoning module PakFile (2)
[2017.08.14-16.28.29:333][701]LogExit: Exiting.
[2017.08.14-16.28.29:337][701]Log file closed, 08/14/17 18:28:29
