Log file open, 08/11/17 20:01:39
LogInit:Display: Running engine for game: CreativeKeepers
LogPlatformFile: Not using cached read wrapper
LogInit:Display: RandInit(-154722287) SRandInit(-154722287).
LogTaskGraph: Started task graph with 5 named threads and 6 total threads with 1 sets of task threads.
LogStats: Stats thread started at 0.044845
LogInit: Using libcurl 7.47.1
LogInit:  - built for x86_64-pc-win32
LogInit:  - supports SSL with OpenSSL/1.0.2g
LogInit:  - supports HTTP deflate (compression) using libz 1.2.8
LogInit:  - other features:
LogInit:      CURL_VERSION_SSL
LogInit:      CURL_VERSION_LIBZ
LogInit:      CURL_VERSION_IPV6
LogInit:      CURL_VERSION_ASYNCHDNS
LogInit:      CURL_VERSION_LARGEFILE
LogInit:      CURL_VERSION_IDN
LogInit:  CurlRequestOptions (configurable via config and command line):
LogInit:  - bVerifyPeer = false  - Libcurl will NOT verify peer certificate
LogInit:  - bUseHttpProxy = false  - Libcurl will NOT use HTTP proxy
LogInit:  - bDontReuseConnections = false  - Libcurl will reuse connections
LogInit:  - CertBundlePath = nullptr  - Libcurl will use whatever was configured at build time.
LogInit: Build: ++UE4+Release-4.15-CL-3348071
LogInit: Engine Version: 4.15.1-3348071+++UE4+Release-4.15
LogInit: Compatible Engine Version: 4.15.0-3299760+++UE4+Release-4.15
LogInit: Net CL: 3299760
LogDevObjectVersion: Number of dev versions registered: 14
LogDevObjectVersion:   Dev-Blueprints (B0D832E4-1F89-4F0D-ACCF-7EB736FD4AA2): 8
LogDevObjectVersion:   Dev-Build (E1C64328-A22C-4D53-A36C-8E866417BD8C): 0
LogDevObjectVersion:   Dev-Core (375EC13C-06E4-48FB-B500-84F0262A717E): 2
LogDevObjectVersion:   Dev-Editor (E4B068ED-F494-42E9-A231-DA0B2E46BB41): 14
LogDevObjectVersion:   Dev-Framework (CFFC743F-43B0-4480-9391-14DF171D2073): 22
LogDevObjectVersion:   Dev-Mobile (B02B49B5-BB20-44E9-A304-32B752E40360): 0
LogDevObjectVersion:   Dev-Networking (A4E4105C-59A1-49B5-A7C5-40C4547EDFEE): 0
LogDevObjectVersion:   Dev-Online (39C831C9-5AE6-47DC-9A44-9C173E1C8E7C): 0
LogDevObjectVersion:   Dev-Physics (78F01B33-EBEA-4F98-B9B4-84EACCB95AA2): 0
LogDevObjectVersion:   Dev-Platform (6631380F-2D4D-43E0-8009-CF276956A95A): 0
LogDevObjectVersion:   Dev-Rendering (12F88B9F-8875-4AFC-A67C-D90C383ABD29): 12
LogDevObjectVersion:   Dev-Sequencer (7B5AE74C-D270-4C10-A958-57980B212A5A): 3
LogDevObjectVersion:   Dev-VR (D7296918-1DD6-4BDD-9DE2-64A83CC13884): 0
LogDevObjectVersion:   Dev-LoadTimes (C2A15278-BFE7-4AFE-6C17-90FF531DF755): 1
LogInit: Compiled (64-bit): Mar 15 2017 16:52:47
LogInit: Compiled with Visual C++: 19.00.23026.00
LogInit: Build Configuration: Development
LogInit: Branch Name: ++UE4+Release-4.15
LogInit: Command line:  /Temp/Autosaves/Game/Levels/UEDPCmain-menu -game -PIEVIACONSOLE -ResX=1280 -ResY=720  -Multiprocess -messaging -SessionName="Play in Standalone Game" -windowed 
LogInit: Base directory: D:/Programas/UE_4.15/Engine/Binaries/Win64/
LogInit: Installed Engine Build: 1
LogInit: Presizing for max 8388607 objects, including 0 objects not considered by GC, pre-allocating 0 bytes for permanent pool.
LogInit: Object subsystem initialized
[2017.08.11-18.01.40:272][  0]LogInit: Selected Device Profile: [Windows]
[2017.08.11-18.01.40:272][  0]LogInit: Applying CVar settings loaded from the selected device profile: [Windows]
[2017.08.11-18.01.40:295][  0]LogInit: Computer: DESKTOP-QMJBIV2
[2017.08.11-18.01.40:295][  0]LogInit: User: Grego
[2017.08.11-18.01.40:295][  0]LogInit: CPU Page size=65536, Cores=2
[2017.08.11-18.01.40:295][  0]LogInit: High frequency timer resolution =3.609381 MHz
[2017.08.11-18.01.40:295][  0]LogMemory: Memory total: Physical=8.0GB (8GB approx)
[2017.08.11-18.01.40:295][  0]LogMemory: Platform Memory Stats for Windows
[2017.08.11-18.01.40:295][  0]LogMemory: Process Physical Memory: 262.93 MB used, 262.93 MB peak
[2017.08.11-18.01.40:295][  0]LogMemory: Process Virtual Memory: 261.89 MB used, 261.89 MB peak
[2017.08.11-18.01.40:295][  0]LogMemory: Physical Memory: 4005.85 MB used,  4149.23 MB free, 8155.07 MB total
[2017.08.11-18.01.40:295][  0]LogMemory: Virtual Memory: 642.97 MB used,  4149.23 MB free, 134217728.00 MB total
[2017.08.11-18.01.40:795][  0]LogD3D11RHI: D3D11 adapters:
[2017.08.11-18.01.41:288][  0]LogD3D11RHI:    0. 'NVIDIA GeForce GTX 1060 6GB' (Feature Level 11_0)
[2017.08.11-18.01.41:288][  0]LogD3D11RHI:       6084/0/4077 MB DedicatedVideo/DedicatedSystem/SharedSystem, Outputs:1, VendorId:0x10de
[2017.08.11-18.01.41:289][  0]LogD3D11RHI:    1. 'Microsoft Basic Render Driver' (Feature Level 11_0)
[2017.08.11-18.01.41:289][  0]LogD3D11RHI:       0/0/4077 MB DedicatedVideo/DedicatedSystem/SharedSystem, Outputs:0, VendorId:0x1414
[2017.08.11-18.01.41:289][  0]LogD3D11RHI: Chosen D3D11 Adapter: 0
[2017.08.11-18.01.41:294][  0]LogD3D11RHI: Creating new Direct3DDevice
[2017.08.11-18.01.41:294][  0]LogD3D11RHI:     GPU DeviceId: 0x1c03 (for the marketing name, search the web for "GPU Device Id")
[2017.08.11-18.01.41:294][  0]LogWindows: EnumDisplayDevices:
[2017.08.11-18.01.41:294][  0]LogWindows:    0. 'NVIDIA GeForce GTX 1060 6GB' (P:1 D:1)
[2017.08.11-18.01.41:294][  0]LogWindows:    1. 'NVIDIA GeForce GTX 1060 6GB' (P:0 D:0)
[2017.08.11-18.01.41:294][  0]LogWindows:    2. 'NVIDIA GeForce GTX 1060 6GB' (P:0 D:0)
[2017.08.11-18.01.41:294][  0]LogWindows:    3. 'NVIDIA GeForce GTX 1060 6GB' (P:0 D:0)
[2017.08.11-18.01.41:294][  0]LogWindows: DebugString: FoundDriverCount:4 
[2017.08.11-18.01.41:294][  0]LogD3D11RHI:     Adapter Name: NVIDIA GeForce GTX 1060 6GB
[2017.08.11-18.01.41:294][  0]LogD3D11RHI:   Driver Version: 382.53 (internal:22.21.13.8253, unified:382.53)
[2017.08.11-18.01.41:294][  0]LogD3D11RHI:      Driver Date: 6-7-2017
[2017.08.11-18.01.41:294][  0]LogRHI: Texture pool is 1361 MB (70% of 1945 MB)
[2017.08.11-18.01.41:765][  0]LogD3D11RHI: Async texture creation enabled
[2017.08.11-18.01.41:794][  0]LogD3D11RHI: GPU Timing Frequency: 1000.000000 (Debug: 2 1)
[2017.08.11-18.01.41:842][  0]LogShaderCompilers: Guid format shader working directory is 12 characters bigger than the processId version (../../../../../TFG/CreativeKeepers/Intermediate/Shaders/WorkingDirectory/5292/).
[2017.08.11-18.01.41:842][  0]LogShaderCompilers: Cleaned the shader compiler working directory 'C:/Users/Grego/AppData/Local/Temp/UnrealShaderWorkingDir/8E42723A4A3FA12BF74C77A27DDA21DB/'.
[2017.08.11-18.01.41:842][  0]LogShaderCompilers:Display: Using Local Shader Compiler.
[2017.08.11-18.01.42:855][  0]LogTemp:Display: Loaded TP WindowsClientTargetPlatform
[2017.08.11-18.01.42:889][  0]LogTemp:Display: Loaded TP WindowsNoEditorTargetPlatform
[2017.08.11-18.01.42:923][  0]LogTemp:Display: Loaded TP WindowsServerTargetPlatform
[2017.08.11-18.01.42:955][  0]LogTemp:Display: Loaded TP WindowsTargetPlatform
[2017.08.11-18.01.42:955][  0]LogTargetPlatformManager:Display: Building Assets For Windows
[2017.08.11-18.01.43:240][  0]LogDerivedDataCache:Display: Max Cache Size: 512 MB
[2017.08.11-18.01.43:288][  0]LogDerivedDataCache: Loaded boot cache 0.05s 50MB C:/Users/Grego/AppData/Local/UnrealEngine/4.15/DerivedDataCache/Boot.ddc.
[2017.08.11-18.01.43:288][  0]LogDerivedDataCache:Display: Loaded Boot cache: C:/Users/Grego/AppData/Local/UnrealEngine/4.15/DerivedDataCache/Boot.ddc
[2017.08.11-18.01.43:288][  0]LogDerivedDataCache: FDerivedDataBackendGraph:  Pak pak cache file ../../../../../TFG/CreativeKeepers/DerivedDataCache/DDC.ddp not found, will not use a pak cache.
[2017.08.11-18.01.43:288][  0]LogDerivedDataCache: Unable to find inner node Pak for hierarchical cache Hierarchy.
[2017.08.11-18.01.43:288][  0]LogDerivedDataCache: FDerivedDataBackendGraph:  CompressedPak pak cache file ../../../../../TFG/CreativeKeepers/DerivedDataCache/Compressed.ddp not found, will not use a pak cache.
[2017.08.11-18.01.43:288][  0]LogDerivedDataCache: Unable to find inner node CompressedPak for hierarchical cache Hierarchy.
[2017.08.11-18.01.43:307][  0]LogDerivedDataCache:Display: Pak cache opened for reading ../../../Engine/DerivedDataCache/Compressed.ddp.
[2017.08.11-18.01.43:319][  0]LogDerivedDataCache: Using Local data cache path C:/Users/Grego/AppData/Local/UnrealEngine/Common/DerivedDataCache: Writable
[2017.08.11-18.01.43:327][  0]LogSlate: Using Freetype 2.6.0
[2017.08.11-18.01.43:328][  0]LogSlate: SlateFontCache - WITH_FREETYPE: 1, WITH_HARFBUZZ: 1
[2017.08.11-18.01.43:328][  0]LogSlate: SlateFontCache - WITH_FREETYPE: 1, WITH_HARFBUZZ: 1
[2017.08.11-18.01.43:838][  0]LogAssetRegistry: FAssetRegistry took 0.0001 seconds to start up
[2017.08.11-18.01.43:845][  0]LogPackageLocalizationCache: Processed 3 localized package path(s) for 2 prioritized culture(s) in 0.007556 seconds
[2017.08.11-18.01.43:869][  0]LogInit: Selected Device Profile: [Windows]
[2017.08.11-18.01.43:871][  0]LogContentStreaming: Texture pool size is 1000.00 MB
[2017.08.11-18.01.44:030][  0]LogMeshUtilities: Using QuadricMeshReduction for automatic static mesh reduction
[2017.08.11-18.01.44:053][  0]LogSimplygon: Simplygon DLL not present - disabling.
[2017.08.11-18.01.44:079][  0]LogMeshUtilities: Using SimplygonSwarm for distributed automatic mesh merging
[2017.08.11-18.01.44:079][  0]LogMeshUtilities: No automatic skeletal mesh reduction module available
[2017.08.11-18.01.44:079][  0]LogMeshUtilities: No automatic mesh merging module available
[2017.08.11-18.01.44:488][  0]LogNetVersion: GetLocalNetworkVersion: CL: 3299760, ProjectName: creativekeepers, ProjectVersion: , EngineNetworkVersion: 2, GameNetworkVersion: 0, NetworkChecksum: 1593119604
[2017.08.11-18.01.44:526][  0]LogInit: WinSock: version 1.1 (2.2), MaxSocks=32767, MaxUdp=65467
[2017.08.11-18.01.45:029][  0]LogMoviePlayer: Initializing movie player
[2017.08.11-18.01.45:249][  0]LogTcpMessaging: Initializing TcpMessaging bridge
[2017.08.11-18.01.45:274][  0]LogUdpMessaging: Initializing bridge on interface 0.0.0.0:0 to multicast group 230.0.0.1:6666.
[2017.08.11-18.01.45:449][  0]SourceControl: Información El control de código fuente está desactivado
[2017.08.11-18.01.45:449][  0]SourceControl: Información El control de código fuente está desactivado
[2017.08.11-18.01.45:471][  0]SourceControl: Información El control de código fuente está desactivado
[2017.08.11-18.01.45:801][  0]LogUObjectArray: 34408 objects as part of root set at end of initial load.
[2017.08.11-18.01.45:801][  0]LogUObjectAllocator: 7639320 out of 0 bytes used by permanent object pool.
[2017.08.11-18.01.45:801][  0]LogUObjectArray: CloseDisregardForGC: 0/0 objects in disregard for GC pool
[2017.08.11-18.01.45:884][  0]LogEngine: Initializing Engine...
[2017.08.11-18.01.45:885][  0]LogHMD: Failed to initialize OpenVR with code 110
[2017.08.11-18.01.46:279][  0]LogInit: XAudio2 using 'Altavoces (Realtek High Definition Audio)' : 2 channels at 48 kHz using 32 bits per sample (channel mask 0x3)
[2017.08.11-18.01.46:293][  0]LogInit: FAudioDevice initialized.
[2017.08.11-18.01.46:308][  0]LogInit: Texture streaming: Enabled
[2017.08.11-18.01.46:329][  0]LogMaterial: Uniform references updated for custom material expression Custom.
[2017.08.11-18.01.46:693][  0]LogInit:Display: Game Engine Initialized.
[2017.08.11-18.01.46:806][  0]LogInit:Display: Starting Game.
[2017.08.11-18.01.46:806][  0]LogNet: Browse: /Temp/Autosaves/Game/Levels/UEDPCmain-menu?Name=Player
[2017.08.11-18.01.46:806][  0]LogLoad: LoadMap: /Temp/Autosaves/Game/Levels/UEDPCmain-menu?Name=Player
[2017.08.11-18.01.46:836][  0]LogMemory: Platform Memory Stats for Windows
[2017.08.11-18.01.46:836][  0]LogMemory: Process Physical Memory: 681.29 MB used, 705.71 MB peak
[2017.08.11-18.01.46:836][  0]LogMemory: Process Virtual Memory: 755.27 MB used, 755.28 MB peak
[2017.08.11-18.01.46:836][  0]LogMemory: Physical Memory: 3405.10 MB used,  4749.98 MB free, 8155.07 MB total
[2017.08.11-18.01.46:836][  0]LogMemory: Virtual Memory: 1407.20 MB used,  4749.98 MB free, 134217728.00 MB total
[2017.08.11-18.01.46:836][  0]LogMemory: 
[2017.08.11-18.01.46:836][  0]Allocator Stats for TBB: (not implemented)
[2017.08.11-18.01.46:922][  0]LogAIModule: Creating AISystem for world main-menu
[2017.08.11-18.01.46:922][  0]LogLoad: Game class is 'misc-gameModeNoPawn_C'
[2017.08.11-18.01.46:923][  0]LogWorld: Bringing World /Temp/Autosaves/Game/Levels/UEDPCmain-menu.main-menu up for play (max tick rate 0) at 2017.08.11-20.01.46
[2017.08.11-18.01.46:923][  0]LogWorld: Bringing up level for play took: 0.000460
[2017.08.11-18.01.46:924][  0]LogSpawn:Warning: SpawnActor failed because no class was specified
[2017.08.11-18.01.46:926][  0]LogLoad: Took 0.118858 seconds to LoadMap(/Temp/Autosaves/Game/Levels/UEDPCmain-menu)
[2017.08.11-18.01.47:053][  0]LogRenderer: Reallocating scene render targets to support 1280x720 NumSamples 1 (Frame:2).
[2017.08.11-18.01.47:053][  0]LogLoad: (Engine Initialization) Total time: 8.08 seconds
[2017.08.11-18.01.47:053][  0]LogLoad: (Engine Initialization) Total Blueprint compile time: 0.28 seconds
[2017.08.11-18.01.47:053][  0]LogExternalProfiler: No external profilers were discovered.  External profiling features will not be available.
[2017.08.11-18.01.47:070][  0]LogWindowsTextInputMethodSystem:Display: IME system now deactivated.
[2017.08.11-18.01.47:070][  0]LogOcInput: OculusInput pre-init called
[2017.08.11-18.01.47:635][ 35]LogSlate: Took 0.000110 seconds to synchronously load lazily loaded font '../../../Engine/Content/Slate/Fonts/Roboto-Regular.ttf' (155K)
[2017.08.11-18.01.50:032][172]LogPackageName: SearchForPackageOnDisk took   0.033s to resolve prologo.umap.
[2017.08.11-18.01.50:063][173]LogPackageName: SearchForPackageOnDisk took   0.030s to resolve prologo.umap.
[2017.08.11-18.01.50:063][173]LogNet: Browse: /Game/Levels/prologo
[2017.08.11-18.01.50:063][173]LogLoad: LoadMap: /Game/Levels/prologo
[2017.08.11-18.01.50:087][173]LogMemory: Platform Memory Stats for Windows
[2017.08.11-18.01.50:087][173]LogMemory: Process Physical Memory: 714.39 MB used, 714.39 MB peak
[2017.08.11-18.01.50:087][173]LogMemory: Process Virtual Memory: 949.41 MB used, 950.77 MB peak
[2017.08.11-18.01.50:087][173]LogMemory: Physical Memory: 3440.19 MB used,  4714.88 MB free, 8155.07 MB total
[2017.08.11-18.01.50:087][173]LogMemory: Virtual Memory: 1607.11 MB used,  4714.88 MB free, 134217728.00 MB total
[2017.08.11-18.01.50:087][173]LogMemory: 
[2017.08.11-18.01.50:087][173]Allocator Stats for TBB: (not implemented)
[2017.08.11-18.01.50:203][173]LogAIModule: Creating AISystem for world prologo
[2017.08.11-18.01.50:203][173]LogLoad: Game class is 'misc-gameModeNoPawn_C'
[2017.08.11-18.01.50:204][173]LogWorld: Bringing World /Game/Levels/prologo.prologo up for play (max tick rate 0) at 2017.08.11-20.01.50
[2017.08.11-18.01.50:204][173]LogWorld: Bringing up level for play took: 0.000587
[2017.08.11-18.01.50:205][173]LogGameMode: FindPlayerStart: PATHS NOT DEFINED or NO PLAYERSTART with positive rating
[2017.08.11-18.01.50:206][173]LogSpawn:Warning: SpawnActor failed because no class was specified
[2017.08.11-18.01.50:209][173]LogLoad: Took 0.146042 seconds to LoadMap(/Game/Levels/prologo)
[2017.08.11-18.02.27:837][504]LogWindowsTextInputMethodSystem:Display: IME system now deactivated.
[2017.08.11-18.02.27:838][504]LogWindowsTextInputMethodSystem:Display: IME system now deactivated.
[2017.08.11-18.02.27:841][504]LogEngine: All Windows Closed
[2017.08.11-18.02.27:841][504]LogWindows: FPlatformMisc::RequestExit(0)
[2017.08.11-18.02.27:841][505]LogMoviePlayer: Shutting down movie player
[2017.08.11-18.02.27:901][505]LogExit: Preparing to exit.
[2017.08.11-18.02.28:456][505]LogExit: Game engine shut down
[2017.08.11-18.02.28:656][505]LogObj: Freed 0b from 0 cluster array pools.
[2017.08.11-18.02.28:656][505]LogExit: Object subsystem successfully closed.
[2017.08.11-18.02.28:678][505]LogD3D11RHI: Shutdown
[2017.08.11-18.02.28:678][505]LogD3D11RHI: CleanupD3DDevice
[2017.08.11-18.02.28:712][505]LogD3D11RHI: ~FD3D11DynamicRHI
[2017.08.11-18.02.28:800][505]LogModuleManager: Shutting down and abandoning module SequenceRecorderSections (264)
[2017.08.11-18.02.28:800][505]LogModuleManager: Shutting down and abandoning module SequenceRecorder (262)
[2017.08.11-18.02.28:800][505]LogModuleManager: Shutting down and abandoning module AutomationController (260)
[2017.08.11-18.02.28:809][505]LogModuleManager: Shutting down and abandoning module AutomationWorker (258)
[2017.08.11-18.02.28:813][505]LogModuleManager: Shutting down and abandoning module AIModule (256)
[2017.08.11-18.02.28:813][505]LogModuleManager: Shutting down and abandoning module GameplayDebugger (255)
[2017.08.11-18.02.28:813][505]LogModuleManager: Shutting down and abandoning module AITestSuite (253)
[2017.08.11-18.02.28:813][505]LogModuleManager: Shutting down and abandoning module WmfMediaFactory (250)
[2017.08.11-18.02.28:813][505]LogModuleManager: Shutting down and abandoning module MfMediaFactory (248)
[2017.08.11-18.02.28:813][505]LogModuleManager: Shutting down and abandoning module AvfMediaFactory (246)
[2017.08.11-18.02.28:813][505]LogModuleManager: Shutting down and abandoning module AndroidMediaFactory (244)
[2017.08.11-18.02.28:813][505]LogModuleManager: Shutting down and abandoning module Media (243)
[2017.08.11-18.02.28:813][505]LogModuleManager: Shutting down and abandoning module CharacterAI (240)
[2017.08.11-18.02.28:813][505]LogModuleManager: Shutting down and abandoning module SessionServices (238)
[2017.08.11-18.02.28:813][505]LogModuleManager: Shutting down and abandoning module MovieSceneCapture (236)
[2017.08.11-18.02.28:813][505]LogModuleManager: Shutting down and abandoning module GeometryCache (234)
[2017.08.11-18.02.28:813][505]LogModuleManager: Shutting down and abandoning module GeometryCacheEd (233)
[2017.08.11-18.02.28:813][505]LogModuleManager: Shutting down and abandoning module Niagara (230)
[2017.08.11-18.02.28:813][505]LogModuleManager: Shutting down and abandoning module StreamingPauseRendering (228)
[2017.08.11-18.02.28:813][505]LogModuleManager: Shutting down and abandoning module PortalServices (226)
[2017.08.11-18.02.28:813][505]LogModuleManager: Shutting down and abandoning module PortalRpc (224)
[2017.08.11-18.02.28:813][505]LogModuleManager: Shutting down and abandoning module MessagingRpc (222)
[2017.08.11-18.02.28:813][505]LogModuleManager: Shutting down and abandoning module ProfilerService (220)
[2017.08.11-18.02.28:898][505]LogModuleManager: Shutting down and abandoning module TaskGraph (218)
[2017.08.11-18.02.28:899][505]LogModuleManager: Shutting down and abandoning module SteamVRController (216)
[2017.08.11-18.02.28:899][505]LogModuleManager: Shutting down and abandoning module SteamVR (214)
[2017.08.11-18.02.28:899][505]LogModuleManager: Shutting down and abandoning module ProceduralMeshComponent (212)
[2017.08.11-18.02.28:906][505]LogModuleManager: Shutting down and abandoning module OculusLibrary (210)
[2017.08.11-18.02.28:906][505]LogModuleManager: Shutting down and abandoning module OculusInput (208)
[2017.08.11-18.02.28:906][505]LogModuleManager: Shutting down and abandoning module MobilePatchingUtils (206)
[2017.08.11-18.02.28:906][505]LogModuleManager: Shutting down and abandoning module CustomMeshComponent (204)
[2017.08.11-18.02.28:906][505]LogModuleManager: Shutting down and abandoning module CableComponent (202)
[2017.08.11-18.02.28:906][505]LogModuleManager: Shutting down and abandoning module ArchVisCharacter (200)
[2017.08.11-18.02.28:906][505]LogModuleManager: Shutting down and abandoning module HTML5Networking (196)
[2017.08.11-18.02.28:906][505]LogModuleManager: Shutting down and abandoning module VisualStudioSourceCodeAccess (194)
[2017.08.11-18.02.28:906][505]LogModuleManager: Shutting down and abandoning module DesktopPlatform (193)
[2017.08.11-18.02.28:906][505]LogModuleManager: Shutting down and abandoning module HotReload (191)
[2017.08.11-18.02.28:906][505]LogModuleManager: Shutting down and abandoning module DirectoryWatcher (190)
[2017.08.11-18.02.28:906][505]LogModuleManager: Shutting down and abandoning module UObjectPlugin (186)
[2017.08.11-18.02.28:906][505]LogModuleManager: Shutting down and abandoning module SubversionSourceControl (184)
[2017.08.11-18.02.28:910][505]LogModuleManager: Shutting down and abandoning module PerforceSourceControl (182)
[2017.08.11-18.02.28:913][505]LogModuleManager: Shutting down and abandoning module SourceControl (181)
[2017.08.11-18.02.28:918][505]LogModuleManager: Shutting down and abandoning module PhysXVehiclesEditor (178)
[2017.08.11-18.02.28:918][505]LogModuleManager: Shutting down and abandoning module PhysXVehicles (176)
[2017.08.11-18.02.28:918][505]LogModuleManager: Shutting down and abandoning module LocationServicesBPLibrary (174)
[2017.08.11-18.02.28:918][505]LogModuleManager: Shutting down and abandoning module UdpMessaging (172)
[2017.08.11-18.02.29:018][505]LogModuleManager: Shutting down and abandoning module TcpMessaging (170)
[2017.08.11-18.02.29:264][505]LogModuleManager: Shutting down and abandoning module GameplayTagsEditor (168)
[2017.08.11-18.02.29:264][505]LogModuleManager: Shutting down and abandoning module FacialAnimation (166)
[2017.08.11-18.02.29:264][505]LogModuleManager: Shutting down and abandoning module LightPropagationVolumeRuntime (164)
[2017.08.11-18.02.29:264][505]LogModuleManager: Shutting down and abandoning module Paper2D (162)
[2017.08.11-18.02.29:264][505]LogModuleManager: Shutting down and abandoning module WindowsMoviePlayer (160)
[2017.08.11-18.02.29:264][505]LogModuleManager: Shutting down and abandoning module WmfMedia (158)
[2017.08.11-18.02.29:264][505]LogModuleManager: Shutting down and abandoning module MfMedia (156)
[2017.08.11-18.02.29:264][505]LogModuleManager: Shutting down and abandoning module MediaAssets (154)
[2017.08.11-18.02.29:264][505]LogModuleManager: Shutting down and abandoning module GameLiveStreaming (152)
[2017.08.11-18.02.29:264][505]LogModuleManager: Shutting down and abandoning module VREditor (150)
[2017.08.11-18.02.29:264][505]LogModuleManager: Shutting down and abandoning module GameplayTasksEditor (148)
[2017.08.11-18.02.29:264][505]LogModuleManager: Shutting down and abandoning module BehaviorTreeEditor (146)
[2017.08.11-18.02.29:280][505]LogModuleManager: Shutting down and abandoning module FunctionalTesting (144)
[2017.08.11-18.02.29:284][505]LogModuleManager: Shutting down and abandoning module CollisionAnalyzer (142)
[2017.08.11-18.02.29:292][505]LogModuleManager: Shutting down and abandoning module UMG (140)
[2017.08.11-18.02.29:292][505]LogModuleManager: Shutting down and abandoning module UMGEditor (139)
[2017.08.11-18.02.29:292][505]LogModuleManager: Shutting down and abandoning module Sequencer (138)
[2017.08.11-18.02.29:292][505]LogModuleManager: Shutting down and abandoning module AssetTools (136)
[2017.08.11-18.02.29:294][505]LogModuleManager: Shutting down and abandoning module MessageLog (135)
[2017.08.11-18.02.29:294][505]LogModuleManager: Shutting down and abandoning module WorkspaceMenuStructure (134)
[2017.08.11-18.02.29:294][505]LogModuleManager: Shutting down and abandoning module SlateReflector (128)
[2017.08.11-18.02.29:301][505]LogModuleManager: Shutting down and abandoning module Slate (126)
[2017.08.11-18.02.29:301][505]LogModuleManager: Shutting down and abandoning module EditorStyle (124)
[2017.08.11-18.02.29:302][505]LogModuleManager: Shutting down and abandoning module Messaging (122)
[2017.08.11-18.02.29:302][505]LogModuleManager: Shutting down and abandoning module SourceCodeAccess (120)
[2017.08.11-18.02.29:302][505]LogModuleManager: Shutting down and abandoning module HeadMountedDisplay (118)
[2017.08.11-18.02.29:302][505]LogModuleManager: Shutting down and abandoning module XAudio2 (116)
[2017.08.11-18.02.29:302][505]LogModuleManager: Shutting down and abandoning module Networking (114)
[2017.08.11-18.02.29:302][505]LogModuleManager: Shutting down and abandoning module Core (110)
[2017.08.11-18.02.29:302][505]LogModuleManager: Shutting down and abandoning module KismetCompiler (108)
[2017.08.11-18.02.29:302][505]LogModuleManager: Shutting down and abandoning module PhysXFormats (106)
[2017.08.11-18.02.29:302][505]LogModuleManager: Shutting down and abandoning module MeshUtilities (104)
[2017.08.11-18.02.29:302][505]LogModuleManager: Shutting down and abandoning module SimplygonSwarm (103)
[2017.08.11-18.02.29:303][505]LogModuleManager: Shutting down and abandoning module SimplygonMeshReduction (101)
[2017.08.11-18.02.29:303][505]LogModuleManager: Shutting down and abandoning module QuadricMeshReduction (99)
[2017.08.11-18.02.29:303][505]LogModuleManager: Shutting down and abandoning module PropertyEditor (97)
[2017.08.11-18.02.29:303][505]LogModuleManager: Shutting down and abandoning module AssetRegistry (94)
[2017.08.11-18.02.29:303][505]LogModuleManager: Shutting down and abandoning module DerivedDataCache (92)
[2017.08.11-18.02.29:334][505]LogDerivedDataCache: Shutdown
[2017.08.11-18.02.29:334][505]LogModuleManager: Shutting down and abandoning module TargetPlatform (90)
[2017.08.11-18.02.29:334][505]LogModuleManager: Shutting down and abandoning module VulkanShaderFormat (89)
[2017.08.11-18.02.29:338][505]LogModuleManager: Shutting down and abandoning module ShaderFormatOpenGL (87)
[2017.08.11-18.02.29:345][505]LogModuleManager: Shutting down and abandoning module ShaderFormatD3D (85)
[2017.08.11-18.02.29:345][505]LogModuleManager: Shutting down and abandoning module MetalShaderFormat (83)
[2017.08.11-18.02.29:356][505]LogModuleManager: Shutting down and abandoning module TextureFormatUncompressed (81)
[2017.08.11-18.02.29:356][505]LogModuleManager: Shutting down and abandoning module TextureFormatPVR (79)
[2017.08.11-18.02.29:356][505]LogModuleManager: Shutting down and abandoning module TextureFormatDXT (77)
[2017.08.11-18.02.29:356][505]LogModuleManager: Shutting down and abandoning module TextureFormatIntelISPCTexComp (75)
[2017.08.11-18.02.29:357][505]LogModuleManager: Shutting down and abandoning module TextureFormatASTC (73)
[2017.08.11-18.02.29:357][505]LogModuleManager: Shutting down and abandoning module ImageWrapper (72)
[2017.08.11-18.02.29:357][505]LogModuleManager: Shutting down and abandoning module TextureFormatAndroid (69)
[2017.08.11-18.02.29:357][505]LogModuleManager: Shutting down and abandoning module AudioFormatOpus (67)
[2017.08.11-18.02.29:362][505]LogModuleManager: Shutting down and abandoning module AudioFormatOgg (65)
[2017.08.11-18.02.29:362][505]LogModuleManager: Shutting down and abandoning module AudioFormatADPCM (63)
[2017.08.11-18.02.29:362][505]LogModuleManager: Shutting down and abandoning module WindowsTargetPlatform (61)
[2017.08.11-18.02.29:362][505]LogModuleManager: Shutting down and abandoning module WindowsServerTargetPlatform (59)
[2017.08.11-18.02.29:362][505]LogModuleManager: Shutting down and abandoning module WindowsNoEditorTargetPlatform (57)
[2017.08.11-18.02.29:362][505]LogModuleManager: Shutting down and abandoning module WindowsClientTargetPlatform (55)
[2017.08.11-18.02.29:362][505]LogModuleManager: Shutting down and abandoning module InputCore (52)
[2017.08.11-18.02.29:362][505]LogModuleManager: Shutting down and abandoning module Settings (50)
[2017.08.11-18.02.29:362][505]LogModuleManager: Shutting down and abandoning module OculusRift (48)
[2017.08.11-18.02.29:362][505]LogModuleManager: Shutting down and abandoning module GearVR (46)
[2017.08.11-18.02.29:362][505]LogModuleManager: Shutting down and abandoning module ExampleDeviceProfileSelector (44)
[2017.08.11-18.02.29:362][505]LogModuleManager: Shutting down and abandoning module OnlineBlueprintSupport (42)
[2017.08.11-18.02.29:362][505]LogModuleManager: Shutting down and abandoning module OnlineSubsystem (38)
[2017.08.11-18.02.29:362][505]LogOnline:Display: Unloading online subsystem: NULL
[2017.08.11-18.02.29:371][505]LogModuleManager: Shutting down and abandoning module XMPP (37)
[2017.08.11-18.02.29:371][505]LogModuleManager: Shutting down and abandoning module HTTP (35)
[2017.08.11-18.02.29:392][505]LogModuleManager: Shutting down and abandoning module SSL (34)
[2017.08.11-18.02.29:393][505]LogModuleManager: Shutting down and abandoning module AudioEditor (30)
[2017.08.11-18.02.29:403][505]LogModuleManager: Shutting down and abandoning module TextureCompressor (28)
[2017.08.11-18.02.29:403][505]LogModuleManager: Shutting down and abandoning module ShaderCore (26)
[2017.08.11-18.02.29:403][505]LogModuleManager: Shutting down and abandoning module Landscape (24)
[2017.08.11-18.02.29:403][505]LogModuleManager: Shutting down and abandoning module SlateRHIRenderer (22)
[2017.08.11-18.02.29:413][505]LogModuleManager: Shutting down and abandoning module OpenGLDrv (20)
[2017.08.11-18.02.29:421][505]LogModuleManager: Shutting down and abandoning module D3D11RHI (18)
[2017.08.11-18.02.29:421][505]LogModuleManager: Shutting down and abandoning module AnimGraphRuntime (16)
[2017.08.11-18.02.29:421][505]LogModuleManager: Shutting down and abandoning module Renderer (14)
[2017.08.11-18.02.29:421][505]LogModuleManager: Shutting down and abandoning module Engine (12)
[2017.08.11-18.02.29:421][505]LogModuleManager: Shutting down and abandoning module CoreUObject (10)
[2017.08.11-18.02.29:421][505]LogModuleManager: Shutting down and abandoning module NetworkFile (8)
[2017.08.11-18.02.29:421][505]LogModuleManager: Shutting down and abandoning module StreamingFile (6)
[2017.08.11-18.02.29:421][505]LogModuleManager: Shutting down and abandoning module SandboxFile (4)
[2017.08.11-18.02.29:421][505]LogModuleManager: Shutting down and abandoning module PakFile (2)
[2017.08.11-18.02.29:421][505]LogExit: Exiting.
[2017.08.11-18.02.29:423][505]Log file closed, 08/11/17 20:02:29
