Log file open, 07/12/17 16:45:03
LogInit:Display: Running engine for game: CreativeKeepers
LogPlatformFile: Not using cached read wrapper
LogInit:Display: RandInit(-1952146867) SRandInit(-1952146867).
LogTaskGraph: Started task graph with 5 named threads and 6 total threads with 1 sets of task threads.
LogStats: Stats thread started at 0.106969
LogInit: Using libcurl 7.47.1
LogInit:  - built for x86_64-pc-win32
LogInit:  - supports SSL with OpenSSL/1.0.2g
LogInit:  - supports HTTP deflate (compression) using libz 1.2.8
LogInit:  - other features:
LogInit:      CURL_VERSION_SSL
LogInit:      CURL_VERSION_LIBZ
LogInit:      CURL_VERSION_IPV6
LogInit:      CURL_VERSION_ASYNCHDNS
LogInit:      CURL_VERSION_LARGEFILE
LogInit:      CURL_VERSION_IDN
LogInit:  CurlRequestOptions (configurable via config and command line):
LogInit:  - bVerifyPeer = false  - Libcurl will NOT verify peer certificate
LogInit:  - bUseHttpProxy = false  - Libcurl will NOT use HTTP proxy
LogInit:  - bDontReuseConnections = false  - Libcurl will reuse connections
LogInit:  - CertBundlePath = nullptr  - Libcurl will use whatever was configured at build time.
LogInit: Build: ++UE4+Release-4.15-CL-3348071
LogInit: Engine Version: 4.15.1-3348071+++UE4+Release-4.15
LogInit: Compatible Engine Version: 4.15.0-3299760+++UE4+Release-4.15
LogInit: Net CL: 3299760
LogDevObjectVersion: Number of dev versions registered: 14
LogDevObjectVersion:   Dev-Blueprints (B0D832E4-1F89-4F0D-ACCF-7EB736FD4AA2): 8
LogDevObjectVersion:   Dev-Build (E1C64328-A22C-4D53-A36C-8E866417BD8C): 0
LogDevObjectVersion:   Dev-Core (375EC13C-06E4-48FB-B500-84F0262A717E): 2
LogDevObjectVersion:   Dev-Editor (E4B068ED-F494-42E9-A231-DA0B2E46BB41): 14
LogDevObjectVersion:   Dev-Framework (CFFC743F-43B0-4480-9391-14DF171D2073): 22
LogDevObjectVersion:   Dev-Mobile (B02B49B5-BB20-44E9-A304-32B752E40360): 0
LogDevObjectVersion:   Dev-Networking (A4E4105C-59A1-49B5-A7C5-40C4547EDFEE): 0
LogDevObjectVersion:   Dev-Online (39C831C9-5AE6-47DC-9A44-9C173E1C8E7C): 0
LogDevObjectVersion:   Dev-Physics (78F01B33-EBEA-4F98-B9B4-84EACCB95AA2): 0
LogDevObjectVersion:   Dev-Platform (6631380F-2D4D-43E0-8009-CF276956A95A): 0
LogDevObjectVersion:   Dev-Rendering (12F88B9F-8875-4AFC-A67C-D90C383ABD29): 12
LogDevObjectVersion:   Dev-Sequencer (7B5AE74C-D270-4C10-A958-57980B212A5A): 3
LogDevObjectVersion:   Dev-VR (D7296918-1DD6-4BDD-9DE2-64A83CC13884): 0
LogDevObjectVersion:   Dev-LoadTimes (C2A15278-BFE7-4AFE-6C17-90FF531DF755): 1
LogInit: Compiled (64-bit): Mar 15 2017 16:52:47
LogInit: Compiled with Visual C++: 19.00.23026.00
LogInit: Build Configuration: Development
LogInit: Branch Name: ++UE4+Release-4.15
LogInit: Command line:  
LogInit: Base directory: D:/Programas/UE_4.15/Engine/Binaries/Win64/
LogInit: Installed Engine Build: 1
LogInit: Presizing for max 8388607 objects, including 0 objects not considered by GC, pre-allocating 0 bytes for permanent pool.
LogInit: Object subsystem initialized
[2017.07.12-14.45.04:382][  0]LogInit: Selected Device Profile: [Windows]
[2017.07.12-14.45.04:382][  0]LogInit: Applying CVar settings loaded from the selected device profile: [Windows]
[2017.07.12-14.45.04:453][  0]LogInit: Computer: DESKTOP-QMJBIV2
[2017.07.12-14.45.04:453][  0]LogInit: User: Grego
[2017.07.12-14.45.04:453][  0]LogInit: CPU Page size=65536, Cores=2
[2017.07.12-14.45.04:453][  0]LogInit: High frequency timer resolution =3.609378 MHz
[2017.07.12-14.45.04:473][  0]LogMemory: Memory total: Physical=8.0GB (8GB approx)
[2017.07.12-14.45.04:473][  0]LogMemory: Platform Memory Stats for Windows
[2017.07.12-14.45.04:473][  0]LogMemory: Process Physical Memory: 262.79 MB used, 262.79 MB peak
[2017.07.12-14.45.04:473][  0]LogMemory: Process Virtual Memory: 261.89 MB used, 261.89 MB peak
[2017.07.12-14.45.04:473][  0]LogMemory: Physical Memory: 2717.62 MB used,  5437.46 MB free, 8155.07 MB total
[2017.07.12-14.45.04:473][  0]LogMemory: Virtual Memory: 642.96 MB used,  5437.46 MB free, 134217728.00 MB total
[2017.07.12-14.45.05:076][  0]LogInit: Overriding culture en with editor configuration.
[2017.07.12-14.45.06:546][  0]LogD3D11RHI: D3D11 adapters:
[2017.07.12-14.45.07:036][  0]LogD3D11RHI:    0. 'NVIDIA GeForce GTX 1060 6GB' (Feature Level 11_0)
[2017.07.12-14.45.07:036][  0]LogD3D11RHI:       6084/0/4077 MB DedicatedVideo/DedicatedSystem/SharedSystem, Outputs:1, VendorId:0x10de
[2017.07.12-14.45.07:037][  0]LogD3D11RHI:    1. 'Microsoft Basic Render Driver' (Feature Level 11_0)
[2017.07.12-14.45.07:037][  0]LogD3D11RHI:       0/0/4077 MB DedicatedVideo/DedicatedSystem/SharedSystem, Outputs:0, VendorId:0x1414
[2017.07.12-14.45.07:037][  0]LogD3D11RHI: Chosen D3D11 Adapter: 0
[2017.07.12-14.45.07:064][  0]LogD3D11RHI: Creating new Direct3DDevice
[2017.07.12-14.45.07:064][  0]LogD3D11RHI:     GPU DeviceId: 0x1c03 (for the marketing name, search the web for "GPU Device Id")
[2017.07.12-14.45.07:064][  0]LogWindows: EnumDisplayDevices:
[2017.07.12-14.45.07:064][  0]LogWindows:    0. 'NVIDIA GeForce GTX 1060 6GB' (P:1 D:1)
[2017.07.12-14.45.07:064][  0]LogWindows:    1. 'NVIDIA GeForce GTX 1060 6GB' (P:0 D:0)
[2017.07.12-14.45.07:065][  0]LogWindows:    2. 'NVIDIA GeForce GTX 1060 6GB' (P:0 D:0)
[2017.07.12-14.45.07:065][  0]LogWindows:    3. 'NVIDIA GeForce GTX 1060 6GB' (P:0 D:0)
[2017.07.12-14.45.07:065][  0]LogWindows: DebugString: FoundDriverCount:4 
[2017.07.12-14.45.07:065][  0]LogD3D11RHI:     Adapter Name: NVIDIA GeForce GTX 1060 6GB
[2017.07.12-14.45.07:065][  0]LogD3D11RHI:   Driver Version: 382.53 (internal:22.21.13.8253, unified:382.53)
[2017.07.12-14.45.07:065][  0]LogD3D11RHI:      Driver Date: 6-7-2017
[2017.07.12-14.45.07:065][  0]LogRHI: Texture pool is 1361 MB (70% of 1945 MB)
[2017.07.12-14.45.07:514][  0]LogD3D11RHI: Async texture creation enabled
[2017.07.12-14.45.07:733][  0]LogD3D11RHI: GPU Timing Frequency: 1000.000000 (Debug: 2 1)
[2017.07.12-14.45.07:862][  0]LogShaderCompilers: Guid format shader working directory is 12 characters bigger than the processId version (../../../../../TFG/CreativeKeepers/Intermediate/Shaders/WorkingDirectory/5512/).
[2017.07.12-14.45.07:862][  0]LogShaderCompilers: Cleaned the shader compiler working directory 'C:/Users/Grego/AppData/Local/Temp/UnrealShaderWorkingDir/C45B6E1141E84D3CBB564EBC98761B8E/'.
[2017.07.12-14.45.07:868][  0]LogShaderCompilers:Display: Using Local Shader Compiler.
[2017.07.12-14.45.10:380][  0]LogTemp:Display: Loaded TP AllDesktopTargetPlatform
[2017.07.12-14.45.10:417][  0]LogTemp:Display: Loaded TP MacClientTargetPlatform
[2017.07.12-14.45.10:453][  0]LogTemp:Display: Loaded TP MacNoEditorTargetPlatform
[2017.07.12-14.45.10:490][  0]LogTemp:Display: Loaded TP MacServerTargetPlatform
[2017.07.12-14.45.10:565][  0]LogTemp:Display: Loaded TP MacTargetPlatform
[2017.07.12-14.45.10:603][  0]LogTemp:Display: Loaded TP WindowsClientTargetPlatform
[2017.07.12-14.45.10:640][  0]LogTemp:Display: Loaded TP WindowsNoEditorTargetPlatform
[2017.07.12-14.45.10:677][  0]LogTemp:Display: Loaded TP WindowsServerTargetPlatform
[2017.07.12-14.45.10:706][  0]LogTemp:Display: Loaded TP WindowsTargetPlatform
[2017.07.12-14.45.10:743][  0]LogTemp:Display: Loaded TP AndroidTargetPlatform
[2017.07.12-14.45.10:780][  0]LogTemp:Display: Loaded TP Android_ASTCTargetPlatform
[2017.07.12-14.45.10:817][  0]LogTemp:Display: Loaded TP Android_ATCTargetPlatform
[2017.07.12-14.45.10:854][  0]LogTemp:Display: Loaded TP Android_DXTTargetPlatform
[2017.07.12-14.45.10:891][  0]LogTemp:Display: Loaded TP Android_ETC1TargetPlatform
[2017.07.12-14.45.10:927][  0]LogTemp:Display: Loaded TP Android_ETC2TargetPlatform
[2017.07.12-14.45.11:012][  0]LogTemp:Display: Loaded TP Android_MultiTargetPlatform
[2017.07.12-14.45.11:012][  0]LogTemp:Display: Loaded TP Android_PVRTCTargetPlatform
[2017.07.12-14.45.11:035][  0]LogTemp:Display: Loaded TP HTML5TargetPlatform
[2017.07.12-14.45.11:171][  0]LogTemp:Display: Loaded TP IOSTargetPlatform
[2017.07.12-14.45.11:198][  0]LogTemp:Display: Loaded TP TVOSTargetPlatform
[2017.07.12-14.45.11:234][  0]LogTemp:Display: Loaded TP LinuxClientTargetPlatform
[2017.07.12-14.45.11:270][  0]LogTemp:Display: Loaded TP LinuxNoEditorTargetPlatform
[2017.07.12-14.45.11:307][  0]LogTemp:Display: Loaded TP LinuxServerTargetPlatform
[2017.07.12-14.45.11:344][  0]LogTemp:Display: Loaded TP LinuxTargetPlatform
[2017.07.12-14.45.11:344][  0]LogTargetPlatformManager:Display: Building Assets For Windows
[2017.07.12-14.45.12:117][  0]LogDerivedDataCache:Display: Max Cache Size: 512 MB
[2017.07.12-14.45.12:452][  0]LogDerivedDataCache: Loaded boot cache 0.34s 50MB C:/Users/Grego/AppData/Local/UnrealEngine/4.15/DerivedDataCache/Boot.ddc.
[2017.07.12-14.45.12:453][  0]LogDerivedDataCache:Display: Loaded Boot cache: C:/Users/Grego/AppData/Local/UnrealEngine/4.15/DerivedDataCache/Boot.ddc
[2017.07.12-14.45.12:453][  0]LogDerivedDataCache: FDerivedDataBackendGraph:  Pak pak cache file ../../../../../TFG/CreativeKeepers/DerivedDataCache/DDC.ddp not found, will not use a pak cache.
[2017.07.12-14.45.12:453][  0]LogDerivedDataCache: Unable to find inner node Pak for hierarchical cache Hierarchy.
[2017.07.12-14.45.12:453][  0]LogDerivedDataCache: FDerivedDataBackendGraph:  CompressedPak pak cache file ../../../../../TFG/CreativeKeepers/DerivedDataCache/Compressed.ddp not found, will not use a pak cache.
[2017.07.12-14.45.12:453][  0]LogDerivedDataCache: Unable to find inner node CompressedPak for hierarchical cache Hierarchy.
[2017.07.12-14.45.12:524][  0]LogDerivedDataCache:Display: Pak cache opened for reading ../../../Engine/DerivedDataCache/Compressed.ddp.
[2017.07.12-14.45.12:538][  0]LogDerivedDataCache: Using Local data cache path C:/Users/Grego/AppData/Local/UnrealEngine/Common/DerivedDataCache: Writable
[2017.07.12-14.45.12:750][  0]LogSlate: Using Freetype 2.6.0
[2017.07.12-14.45.12:854][  0]LogSlate: SlateFontCache - WITH_FREETYPE: 1, WITH_HARFBUZZ: 1
[2017.07.12-14.45.12:854][  0]LogSlate: SlateFontCache - WITH_FREETYPE: 1, WITH_HARFBUZZ: 1
[2017.07.12-14.45.18:619][  0]LogInit: Selected Device Profile: [Windows]
[2017.07.12-14.45.18:708][  0]LogContentStreaming: Texture pool size is 0.00 MB
[2017.07.12-14.45.19:332][  0]LogMeshUtilities: Using QuadricMeshReduction for automatic static mesh reduction
[2017.07.12-14.45.19:359][  0]LogSimplygon: Simplygon DLL not present - disabling.
[2017.07.12-14.45.19:417][  0]LogMeshUtilities: Using SimplygonSwarm for distributed automatic mesh merging
[2017.07.12-14.45.19:417][  0]LogMeshUtilities: No automatic skeletal mesh reduction module available
[2017.07.12-14.45.19:417][  0]LogMeshUtilities: No automatic mesh merging module available
[2017.07.12-14.45.23:204][  0]LogNetVersion: GetLocalNetworkVersion: CL: 3299760, ProjectName: creativekeepers, ProjectVersion: , EngineNetworkVersion: 2, GameNetworkVersion: 0, NetworkChecksum: 1593119604
[2017.07.12-14.45.23:296][  0]LogAssetRegistry: FAssetRegistry took 0.0225 seconds to start up
[2017.07.12-14.45.23:533][  0]LogPackageLocalizationCache: Processed 3 localized package path(s) for 1 prioritized culture(s) in 0.113762 seconds
[2017.07.12-14.45.23:540][  0]LogUObjectArray: 32493 objects as part of root set at end of initial load.
[2017.07.12-14.45.23:540][  0]LogUObjectAllocator: 7077024 out of 0 bytes used by permanent object pool.
[2017.07.12-14.45.23:540][  0]LogUObjectArray: CloseDisregardForGC: 0/0 objects in disregard for GC pool
[2017.07.12-14.45.23:577][  0]LogInit: WinSock: version 1.1 (2.2), MaxSocks=32767, MaxUdp=65467
[2017.07.12-14.45.33:846][  0]LogTcpMessaging: Initializing TcpMessaging bridge
[2017.07.12-14.45.33:885][  0]LogUdpMessaging: Initializing bridge on interface 0.0.0.0:0 to multicast group 230.0.0.1:6666.
[2017.07.12-14.45.34:844][  0]LogMaterial: Uniform references updated for custom material expression Custom.
[2017.07.12-14.45.35:229][  0]SourceControl: Info Source control is disabled
[2017.07.12-14.45.35:230][  0]SourceControl: Info Source control is disabled
[2017.07.12-14.45.35:280][  0]SourceControl: Info Source control is disabled
[2017.07.12-14.45.35:314][  0]SourceControl: Info Source control is disabled
[2017.07.12-14.45.36:853][  0]LogEngine: Initializing Engine...
[2017.07.12-14.45.36:854][  0]LogHMD: Failed to initialize OpenVR with code 110
[2017.07.12-14.45.37:810][  0]LogAIModule: Creating AISystem for world Untitled
[2017.07.12-14.45.37:888][  0]LogInit: XAudio2 using 'Altavoces (Realtek High Definition Audio)' : 2 channels at 48 kHz using 32 bits per sample (channel mask 0x3)
[2017.07.12-14.45.37:904][  0]LogInit: FAudioDevice initialized.
[2017.07.12-14.45.37:924][  0]LogDerivedDataCache: Saved boot cache 0.02s 50MB C:/Users/Grego/AppData/Local/UnrealEngine/4.15/DerivedDataCache/Boot.ddc.
[2017.07.12-14.45.37:926][  0]LogInit: Texture streaming: Enabled
[2017.07.12-14.45.38:048][  0]LogEngineSessionManager: EngineSessionManager initialized
[2017.07.12-14.45.38:554][  0]LogInit: Transaction tracking system initialized
[2017.07.12-14.45.39:641][  0]BlueprintLog: New page: Editor Load
[2017.07.12-14.45.41:573][  0]LocalizationService: Info Localization service is disabled
[2017.07.12-14.45.42:266][  0]LogConsoleResponse:Display: 
[2017.07.12-14.45.43:924][  0]LogFileCache: Scanning file cache for directory 'D:/TFG/CreativeKeepers/Content/' took 0.01s
[2017.07.12-14.45.43:924][  0]LogCook:Display: Max memory allowance for cook 16384mb min free memory 0mb
[2017.07.12-14.45.43:925][  0]LogCook:Display: Mobile HDR setting 1
[2017.07.12-14.45.46:010][  0]SourceControl: Info Source control is disabled
[2017.07.12-14.45.46:097][  0]Cmd: MAP LOAD FILE="../../../../../TFG/CreativeKeepers/Content/test.umap" TEMPLATE=0 SHOWPROGRESS=1 FEATURELEVEL=3
[2017.07.12-14.45.46:242][  0]LightingResults: New page: Lighting Build
[2017.07.12-14.45.46:479][  0]MapCheck: New page: Map Check
[2017.07.12-14.45.46:479][  0]LightingResults: New page: Lighting Build
[2017.07.12-14.45.50:400][  0]LogAIModule: Creating AISystem for world test
[2017.07.12-14.45.50:723][  0]LogEditorServer: Finished looking for orphan Actors (0.000 secs)
[2017.07.12-14.45.50:799][  0]Cmd: MAP CHECKDEP NOCLEARLOG
[2017.07.12-14.45.50:834][  0]MapCheck: Info Map check complete: 0 Error(s), 0 Warning(s), took 35.085ms to complete.
[2017.07.12-14.45.50:834][  0]LogFileHelpers: Loading map 'test' took 4.764
[2017.07.12-14.45.53:031][  0]LogCollectionManager: Loaded 0 collections in 0.000820 seconds
[2017.07.12-14.45.53:198][  0]LogFileCache: Scanning file cache for directory 'D:/TFG/CreativeKeepers/Saved/Collections/' took 0.01s
[2017.07.12-14.45.53:198][  0]LogFileCache: Scanning file cache for directory 'D:/TFG/CreativeKeepers/Content/Developers/Grego/Collections/' took 0.01s
[2017.07.12-14.45.53:198][  0]LogFileCache: Scanning file cache for directory 'D:/TFG/CreativeKeepers/Content/Collections/' took 0.01s
[2017.07.12-14.45.53:198][  0]LogCollectionManager: Rebuilt the GUID cache for 0 collections in 0.000001 seconds
[2017.07.12-14.45.53:224][  0]LogContentBrowser: Native class hierarchy populated in 0.0075 seconds. Added 2245 classes and 453 folders.
[2017.07.12-14.45.53:240][  0]LogStats: UGameplayTagsManager::ConstructGameplayTagTree: Construct from data asset -  0.000 s
[2017.07.12-14.45.53:244][  0]LogStats: UGameplayTagsManager::ConstructGameplayTagTree: GameplayTagTreeChangedEvent.Broadcast -  0.000 s
[2017.07.12-14.45.53:280][  0]LogContentBrowser: Native class hierarchy updated for 'WidgetCarousel' in 0.0004 seconds. Added 0 classes and 0 folders.
[2017.07.12-14.45.54:878][  0]LogContentBrowser: Native class hierarchy updated for 'AddContentDialog' in 0.0004 seconds. Added 0 classes and 0 folders.
[2017.07.12-14.45.55:055][  0]LogContentBrowser: Native class hierarchy updated for 'SceneOutliner' in 0.0004 seconds. Added 1 classes and 2 folders.
[2017.07.12-14.45.56:449][  0]LogCrashTracker: Crashtracker disabled due to settings.
[2017.07.12-14.45.56:563][  0]LogUObjectGlobals:Warning: Failed to find object 'Class None.'
[2017.07.12-14.45.56:703][  0]LogContentBrowser: Native class hierarchy updated for 'HierarchicalLODOutliner' in 0.0004 seconds. Added 1 classes and 2 folders.
[2017.07.12-14.45.56:704][  0]LogLoad: (Engine Initialization) Total time: 56.65 seconds
[2017.07.12-14.45.56:704][  0]LogLoad: (Engine Initialization) Total Blueprint compile time: 0.88 seconds
[2017.07.12-14.45.56:704][  0]LogExternalProfiler: No external profilers were discovered.  External profiling features will not be available.
[2017.07.12-14.45.56:714][  0]LogOcInput: OculusInput pre-init called
[2017.07.12-14.45.57:053][  0]LogContentStreaming: Texture pool size now 1000 MB
[2017.07.12-14.45.57:161][  0]LogSlate: Took 0.017757 seconds to synchronously load lazily loaded font '../../../Engine/Content/Slate/Fonts/Roboto-Regular.ttf' (155K)
[2017.07.12-14.45.57:185][  0]LogSlate: Took 0.007037 seconds to synchronously load lazily loaded font '../../../Engine/Content/Slate/Fonts/Roboto-Bold.ttf' (160K)
[2017.07.12-14.45.57:268][  0]LogSlate: Took 0.030314 seconds to synchronously load lazily loaded font '../../../Engine/Content/Editor/Slate/Fonts/FontAwesome.ttf' (139K)
[2017.07.12-14.45.57:747][  0]LogRenderer: Reallocating scene render targets to support 1208x576 NumSamples 1 (Frame:2).
[2017.07.12-14.45.57:747][  0]LogSlate: Took 0.022746 seconds to synchronously load lazily loaded font '../../../Engine/Content/Slate/Fonts/Roboto-Light.ttf' (159K)
[2017.07.12-14.45.58:207][  2]LogAssetRegistry: Asset discovery search completed in 34.9329 seconds
[2017.07.12-14.45.58:207][  2]LogCollectionManager: Rebuilt the object cache for 0 collections in 0.000017 seconds (found 0 objects)
[2017.07.12-14.45.58:207][  2]LogCollectionManager: Fixed up redirectors for 0 collections in 0.000031 seconds (updated 0 objects)
[2017.07.12-14.45.58:219][  2]LogSlate: Took 0.000198 seconds to synchronously load lazily loaded font '../../../Engine/Content/Slate/Fonts/Roboto-Light.ttf' (159K)
[2017.07.12-14.46.04:940][787]LogSlate: Took 0.000316 seconds to synchronously load lazily loaded font '../../../Engine/Content/Slate/Fonts/Roboto-Light.ttf' (159K)
[2017.07.12-14.46.05:712][787]LogContentBrowser: Native class hierarchy updated for 'BlueprintGraph' in 0.0007 seconds. Added 112 classes and 0 folders.
[2017.07.12-14.46.07:833][787]LogSlate: Took 0.035084 seconds to synchronously load lazily loaded font '../../../Engine/Content/Editor/Slate/Fonts/Roboto-BoldCondensed.ttf' (158K)
[2017.07.12-14.48.58:838][128]LogSlate: Took 0.016280 seconds to synchronously load lazily loaded font '../../../Engine/Content/Editor/Slate/Fonts/Roboto-Italic.ttf' (157K)
[2017.07.12-14.50.17:152][435]LogEditorTransaction: Undo Wrap Widgets
[2017.07.12-14.51.27:502][801]Cmd: OBJ SAVEPACKAGE PACKAGE="/Game/HUDs/hud-dialogos" FILE="../../../../../TFG/CreativeKeepers/Content/HUDs/hud-dialogos.uasset" SILENT=true
[2017.07.12-14.51.27:629][801]LogSavePackage: Save=40.97ms
[2017.07.12-14.51.27:629][801]LogSavePackage: Moving '../../../../../TFG/CreativeKeepers/Saved/hud-dialogos484D65BF409168117978C79F6299B4BA.tmp' to '../../../../../TFG/CreativeKeepers/Content/HUDs/hud-dialogos.uasset'
[2017.07.12-14.51.27:644][801]LogSavePackage:Display: Finished SavePackage ../../../../../TFG/CreativeKeepers/Content/HUDs/hud-dialogos.uasset
[2017.07.12-14.51.30:455][138]BlueprintLog: New page: Compile hud-dialogos
[2017.07.12-14.53.16:835][826]BlueprintLog: New page: Compile test
[2017.07.12-14.57.11:859][ 43]BlueprintLog: New page: Compile test
[2017.07.12-14.57.11:865][ 43]LogBlueprint:Error: [Compiler PersistentLevel.test] Error This blueprint (self) is not a UserWidget, therefore ' Target ' must have a connection.
[2017.07.12-14.57.12:047][ 43]BlueprintEditorCompileResults:Error: Error This blueprint (self) is not a UserWidget, therefore ' Target ' must have a connection.
[2017.07.12-14.57.12:047][ 43]LogBlueprint:Warning: [Compiler PersistentLevel.test] Warning [0732.00] Compile of PersistentLevel.test failed. 1 Fatal Issue(s) 0 Warning(s) [in 188 ms] (/Game/test.test:PersistentLevel.test)
[2017.07.12-14.57.24:396][516]BlueprintLog: New page: Compile test
[2017.07.12-14.57.33:018][535]LogTemp: Repeting last play command: Selected Viewport
[2017.07.12-14.57.33:031][535]LogBlueprintUserMessages: Early PlayInEditor Detection: Level '/Game/test.test:PersistentLevel' has LevelScriptBlueprint '/Game/test.test:PersistentLevel.test' with GeneratedClass '/Game/test.test_C' with ClassGeneratedBy '/Game/test.test:PersistentLevel.test'
[2017.07.12-14.57.33:031][535]LogPlayLevel: PlayLevel: No blueprints needed recompiling
[2017.07.12-14.57.33:050][535]PIE: New page: PIE session: test (Jul 12, 2017, 6:57:33 PM)
[2017.07.12-14.57.33:062][535]LogPlayLevel: Creating play world package: /Game/UEDPIE_0_test
[2017.07.12-14.57.33:086][535]LogPlayLevel: PIE: StaticDuplicateObject took: (0.024421s)
[2017.07.12-14.57.33:087][535]LogAIModule: Creating AISystem for world test
[2017.07.12-14.57.33:087][535]LogPlayLevel: PIE: World Init took: (0.000607s)
[2017.07.12-14.57.33:092][535]LogPlayLevel: PIE: Created PIE world by copying editor world from /Game/test.test to /Game/UEDPIE_0_test.test (0.040926s)
[2017.07.12-14.57.33:118][535]LogInit: XAudio2 using 'Altavoces (Realtek High Definition Audio)' : 2 channels at 48 kHz using 32 bits per sample (channel mask 0x3)
[2017.07.12-14.57.33:128][535]LogInit: FAudioDevice initialized.
[2017.07.12-14.57.33:192][535]LogLoad: Game class is 'misc-gameMode_C'
[2017.07.12-14.57.33:194][535]LogWorld: Bringing World /Game/UEDPIE_0_test.test up for play (max tick rate 0) at 2017.07.12-16.57.33
[2017.07.12-14.57.33:234][535]LogWorld: Bringing up level for play took: 0.040950
[2017.07.12-14.57.33:297][535]LogContentBrowser: Native class hierarchy updated for 'MovieSceneCapture' in 0.0005 seconds. Added 11 classes and 0 folders.
[2017.07.12-14.57.33:322][535]PIE: Info Play in editor start time for /Game/UEDPIE_0_test 0.131
[2017.07.12-14.57.33:331][535]LogBlueprintUserMessages: Late PlayInEditor Detection: Level '/Game/test.test:PersistentLevel' has LevelScriptBlueprint '/Game/test.test:PersistentLevel.test' with GeneratedClass '/Game/test.test_C' with ClassGeneratedBy '/Game/test.test:PersistentLevel.test'
[2017.07.12-14.57.33:353][535]LogRenderer: Reallocating scene render targets to support 1292x756 NumSamples 1 (Frame:1235).
[2017.07.12-14.57.46:956][147]LogBlueprintUserMessages: Early EndPlayMap Detection: Level '/Game/test.test:PersistentLevel' has LevelScriptBlueprint '/Game/test.test:PersistentLevel.test' with GeneratedClass '/Game/test.test_C' with ClassGeneratedBy '/Game/test.test:PersistentLevel.test'
[2017.07.12-14.57.47:020][147]LogBlueprintUserMessages: Late EndPlayMap Detection: Level '/Game/test.test:PersistentLevel' has LevelScriptBlueprint '/Game/test.test:PersistentLevel.test' with GeneratedClass '/Game/test.test_C' with ClassGeneratedBy '/Game/test.test:PersistentLevel.test'
[2017.07.12-14.58.01:718][899]BlueprintLog: New page: Compile test
[2017.07.12-14.58.38:419][261]BlueprintLog: New page: Compile test
[2017.07.12-14.58.39:418][366]LogTemp: Repeting last play command: Selected Viewport
[2017.07.12-14.58.39:429][366]LogBlueprintUserMessages: Early PlayInEditor Detection: Level '/Game/test.test:PersistentLevel' has LevelScriptBlueprint '/Game/test.test:PersistentLevel.test' with GeneratedClass '/Game/test.test_C' with ClassGeneratedBy '/Game/test.test:PersistentLevel.test'
[2017.07.12-14.58.39:429][366]LogPlayLevel: PlayLevel: No blueprints needed recompiling
[2017.07.12-14.58.39:429][366]PIE: New page: PIE session: test (Jul 12, 2017, 6:58:39 PM)
[2017.07.12-14.58.39:430][366]LogPlayLevel: Creating play world package: /Game/UEDPIE_0_test
[2017.07.12-14.58.39:434][366]LogPlayLevel: PIE: StaticDuplicateObject took: (0.004287s)
[2017.07.12-14.58.39:435][366]LogAIModule: Creating AISystem for world test
[2017.07.12-14.58.39:435][366]LogPlayLevel: PIE: World Init took: (0.000492s)
[2017.07.12-14.58.39:435][366]LogPlayLevel: PIE: Created PIE world by copying editor world from /Game/test.test to /Game/UEDPIE_0_test.test (0.004934s)
[2017.07.12-14.58.39:461][366]LogInit: XAudio2 using 'Altavoces (Realtek High Definition Audio)' : 2 channels at 48 kHz using 32 bits per sample (channel mask 0x3)
[2017.07.12-14.58.39:470][366]LogInit: FAudioDevice initialized.
[2017.07.12-14.58.39:508][366]LogLoad: Game class is 'misc-gameMode_C'
[2017.07.12-14.58.39:509][366]LogWorld: Bringing World /Game/UEDPIE_0_test.test up for play (max tick rate 0) at 2017.07.12-16.58.39
[2017.07.12-14.58.39:510][366]LogWorld: Bringing up level for play took: 0.001589
[2017.07.12-14.58.39:514][366]PIE: Info Play in editor start time for /Game/UEDPIE_0_test 0.322
[2017.07.12-14.58.39:514][366]LogBlueprintUserMessages: Late PlayInEditor Detection: Level '/Game/test.test:PersistentLevel' has LevelScriptBlueprint '/Game/test.test:PersistentLevel.test' with GeneratedClass '/Game/test.test_C' with ClassGeneratedBy '/Game/test.test:PersistentLevel.test'
[2017.07.12-14.59.14:672][577]LogBlueprintUserMessages: Early EndPlayMap Detection: Level '/Game/test.test:PersistentLevel' has LevelScriptBlueprint '/Game/test.test:PersistentLevel.test' with GeneratedClass '/Game/test.test_C' with ClassGeneratedBy '/Game/test.test:PersistentLevel.test'
[2017.07.12-14.59.14:717][577]LogBlueprintUserMessages: Late EndPlayMap Detection: Level '/Game/test.test:PersistentLevel' has LevelScriptBlueprint '/Game/test.test:PersistentLevel.test' with GeneratedClass '/Game/test.test_C' with ClassGeneratedBy '/Game/test.test:PersistentLevel.test'
[2017.07.12-14.59.16:790][815]LogEditorTransaction: Undo Break Pin Link
[2017.07.12-14.59.17:485][894]LogEditorTransaction: Undo Create Pin Link
[2017.07.12-14.59.19:832][171]LogTemp: Repeting last play command: Selected Viewport
[2017.07.12-14.59.19:843][171]LogBlueprintUserMessages: Early PlayInEditor Detection: Level '/Game/test.test:PersistentLevel' has LevelScriptBlueprint '/Game/test.test:PersistentLevel.test' with GeneratedClass '/Game/test.test_C' with ClassGeneratedBy '/Game/test.test:PersistentLevel.test'
[2017.07.12-14.59.19:843][171]BlueprintLog: New page: Pre-Play auto-recompile
[2017.07.12-14.59.19:843][171]LogPlayLevel: [PlayLevel] Compiling test before play...
[2017.07.12-14.59.19:932][171]LogPlayLevel: PlayLevel: Blueprint regeneration took 88 ms (1 blueprints)
[2017.07.12-14.59.19:932][171]PIE: New page: PIE session: test (Jul 12, 2017, 6:59:19 PM)
[2017.07.12-14.59.19:933][171]LogPlayLevel: Creating play world package: /Game/UEDPIE_0_test
[2017.07.12-14.59.19:936][171]LogPlayLevel: PIE: StaticDuplicateObject took: (0.003562s)
[2017.07.12-14.59.19:937][171]LogAIModule: Creating AISystem for world test
[2017.07.12-14.59.19:937][171]LogPlayLevel: PIE: World Init took: (0.000486s)
[2017.07.12-14.59.19:937][171]LogPlayLevel: PIE: Created PIE world by copying editor world from /Game/test.test to /Game/UEDPIE_0_test.test (0.004221s)
[2017.07.12-14.59.19:963][171]LogInit: XAudio2 using 'Altavoces (Realtek High Definition Audio)' : 2 channels at 48 kHz using 32 bits per sample (channel mask 0x3)
[2017.07.12-14.59.19:972][171]LogInit: FAudioDevice initialized.
[2017.07.12-14.59.20:009][171]LogLoad: Game class is 'misc-gameMode_C'
[2017.07.12-14.59.20:010][171]LogWorld: Bringing World /Game/UEDPIE_0_test.test up for play (max tick rate 0) at 2017.07.12-16.59.20
[2017.07.12-14.59.20:010][171]LogWorld: Bringing up level for play took: 0.001481
[2017.07.12-14.59.20:015][171]PIE: Info Play in editor start time for /Game/UEDPIE_0_test 0.823
[2017.07.12-14.59.20:015][171]LogBlueprintUserMessages: Late PlayInEditor Detection: Level '/Game/test.test:PersistentLevel' has LevelScriptBlueprint '/Game/test.test:PersistentLevel.test' with GeneratedClass '/Game/test.test_C' with ClassGeneratedBy '/Game/test.test:PersistentLevel.test'
[2017.07.12-14.59.27:034][781]LogBlueprintUserMessages: Early EndPlayMap Detection: Level '/Game/test.test:PersistentLevel' has LevelScriptBlueprint '/Game/test.test:PersistentLevel.test' with GeneratedClass '/Game/test.test_C' with ClassGeneratedBy '/Game/test.test:PersistentLevel.test'
[2017.07.12-14.59.27:068][781]LogBlueprintUserMessages: Late EndPlayMap Detection: Level '/Game/test.test:PersistentLevel' has LevelScriptBlueprint '/Game/test.test:PersistentLevel.test' with GeneratedClass '/Game/test.test_C' with ClassGeneratedBy '/Game/test.test:PersistentLevel.test'
[2017.07.12-14.59.40:398][365]LogTemp: Repeting last play command: Selected Viewport
[2017.07.12-14.59.40:409][365]LogBlueprintUserMessages: Early PlayInEditor Detection: Level '/Game/test.test:PersistentLevel' has LevelScriptBlueprint '/Game/test.test:PersistentLevel.test' with GeneratedClass '/Game/test.test_C' with ClassGeneratedBy '/Game/test.test:PersistentLevel.test'
[2017.07.12-14.59.40:409][365]BlueprintLog: New page: Pre-Play auto-recompile
[2017.07.12-14.59.40:409][365]LogPlayLevel: [PlayLevel] Compiling test before play...
[2017.07.12-14.59.40:497][365]LogPlayLevel: PlayLevel: Blueprint regeneration took 88 ms (1 blueprints)
[2017.07.12-14.59.40:497][365]PIE: New page: PIE session: test (Jul 12, 2017, 6:59:40 PM)
[2017.07.12-14.59.40:498][365]LogPlayLevel: Creating play world package: /Game/UEDPIE_0_test
[2017.07.12-14.59.40:501][365]LogPlayLevel: PIE: StaticDuplicateObject took: (0.003513s)
[2017.07.12-14.59.40:502][365]LogAIModule: Creating AISystem for world test
[2017.07.12-14.59.40:502][365]LogPlayLevel: PIE: World Init took: (0.000507s)
[2017.07.12-14.59.40:502][365]LogPlayLevel: PIE: Created PIE world by copying editor world from /Game/test.test to /Game/UEDPIE_0_test.test (0.004196s)
[2017.07.12-14.59.40:528][365]LogInit: XAudio2 using 'Altavoces (Realtek High Definition Audio)' : 2 channels at 48 kHz using 32 bits per sample (channel mask 0x3)
[2017.07.12-14.59.40:536][365]LogInit: FAudioDevice initialized.
[2017.07.12-14.59.40:573][365]LogLoad: Game class is 'misc-gameMode_C'
[2017.07.12-14.59.40:575][365]LogWorld: Bringing World /Game/UEDPIE_0_test.test up for play (max tick rate 0) at 2017.07.12-16.59.40
[2017.07.12-14.59.40:575][365]LogWorld: Bringing up level for play took: 0.001584
[2017.07.12-14.59.40:580][365]PIE: Info Play in editor start time for /Game/UEDPIE_0_test -0.611
[2017.07.12-14.59.40:580][365]LogBlueprintUserMessages: Late PlayInEditor Detection: Level '/Game/test.test:PersistentLevel' has LevelScriptBlueprint '/Game/test.test:PersistentLevel.test' with GeneratedClass '/Game/test.test_C' with ClassGeneratedBy '/Game/test.test:PersistentLevel.test'
[2017.07.12-14.59.42:451][580]LogBlueprintUserMessages: Early EndPlayMap Detection: Level '/Game/test.test:PersistentLevel' has LevelScriptBlueprint '/Game/test.test:PersistentLevel.test' with GeneratedClass '/Game/test.test_C' with ClassGeneratedBy '/Game/test.test:PersistentLevel.test'
[2017.07.12-14.59.42:485][580]LogBlueprintUserMessages: Late EndPlayMap Detection: Level '/Game/test.test:PersistentLevel' has LevelScriptBlueprint '/Game/test.test:PersistentLevel.test' with GeneratedClass '/Game/test.test_C' with ClassGeneratedBy '/Game/test.test:PersistentLevel.test'
[2017.07.12-15.00.25:597][706]BlueprintLog: New page: Compile test
[2017.07.12-15.01.56:136][534]BlueprintLog: New page: Compile hud-dialogos
[2017.07.12-15.01.56:636][578]Cmd: OBJ SAVEPACKAGE PACKAGE="/Game/HUDs/hud-dialogos" FILE="../../../../../TFG/CreativeKeepers/Content/HUDs/hud-dialogos.uasset" SILENT=true
[2017.07.12-15.01.56:704][578]LogSavePackage: Save=24.22ms
[2017.07.12-15.01.56:704][578]LogSavePackage: Moving '../../../../../TFG/CreativeKeepers/Saved/hud-dialogosF792FCCF4E4E04FF9209609C8DF7C3BA.tmp' to '../../../../../TFG/CreativeKeepers/Content/HUDs/hud-dialogos.uasset'
[2017.07.12-15.01.56:706][578]LogSavePackage:Display: Finished SavePackage ../../../../../TFG/CreativeKeepers/Content/HUDs/hud-dialogos.uasset
[2017.07.12-15.03.18:166][ 47]BlueprintLog: New page: Compile test
[2017.07.12-15.03.18:255][ 47]BlueprintEditorCompileResults: Info 'ReturnValue' is already a 'Hud-dialogos', you don't need  Cast To hud-dialogos .
[2017.07.12-15.03.39:683][617]BlueprintLog: New page: Compile test
[2017.07.12-15.03.51:556][ 31]LogTemp: Repeting last play command: Selected Viewport
[2017.07.12-15.03.51:569][ 31]LogBlueprintUserMessages: Early PlayInEditor Detection: Level '/Game/test.test:PersistentLevel' has LevelScriptBlueprint '/Game/test.test:PersistentLevel.test' with GeneratedClass '/Game/test.test_C' with ClassGeneratedBy '/Game/test.test:PersistentLevel.test'
[2017.07.12-15.03.51:569][ 31]LogPlayLevel: PlayLevel: No blueprints needed recompiling
[2017.07.12-15.03.51:569][ 31]PIE: New page: PIE session: test (Jul 12, 2017, 7:03:51 PM)
[2017.07.12-15.03.51:569][ 31]LogPlayLevel: Creating play world package: /Game/UEDPIE_0_test
[2017.07.12-15.03.51:573][ 31]LogPlayLevel: PIE: StaticDuplicateObject took: (0.003450s)
[2017.07.12-15.03.51:573][ 31]LogAIModule: Creating AISystem for world test
[2017.07.12-15.03.51:573][ 31]LogPlayLevel: PIE: World Init took: (0.000498s)
[2017.07.12-15.03.51:573][ 31]LogPlayLevel: PIE: Created PIE world by copying editor world from /Game/test.test to /Game/UEDPIE_0_test.test (0.004107s)
[2017.07.12-15.03.51:599][ 31]LogInit: XAudio2 using 'Altavoces (Realtek High Definition Audio)' : 2 channels at 48 kHz using 32 bits per sample (channel mask 0x3)
[2017.07.12-15.03.51:608][ 31]LogInit: FAudioDevice initialized.
[2017.07.12-15.03.51:646][ 31]LogLoad: Game class is 'misc-gameMode_C'
[2017.07.12-15.03.51:648][ 31]LogWorld: Bringing World /Game/UEDPIE_0_test.test up for play (max tick rate 0) at 2017.07.12-17.03.51
[2017.07.12-15.03.51:648][ 31]LogWorld: Bringing up level for play took: 0.001498
[2017.07.12-15.03.51:652][ 31]PIE: Info Play in editor start time for /Game/UEDPIE_0_test 0.461
[2017.07.12-15.03.51:653][ 31]LogBlueprintUserMessages: Late PlayInEditor Detection: Level '/Game/test.test:PersistentLevel' has LevelScriptBlueprint '/Game/test.test:PersistentLevel.test' with GeneratedClass '/Game/test.test_C' with ClassGeneratedBy '/Game/test.test:PersistentLevel.test'
[2017.07.12-15.04.10:498][286]LogBlueprintUserMessages: Early EndPlayMap Detection: Level '/Game/test.test:PersistentLevel' has LevelScriptBlueprint '/Game/test.test:PersistentLevel.test' with GeneratedClass '/Game/test.test_C' with ClassGeneratedBy '/Game/test.test:PersistentLevel.test'
[2017.07.12-15.04.10:542][286]LogBlueprintUserMessages: Late EndPlayMap Detection: Level '/Game/test.test:PersistentLevel' has LevelScriptBlueprint '/Game/test.test:PersistentLevel.test' with GeneratedClass '/Game/test.test_C' with ClassGeneratedBy '/Game/test.test:PersistentLevel.test'
[2017.07.12-15.04.24:362][919]LogTemp: Repeting last play command: Selected Viewport
[2017.07.12-15.04.24:377][919]LogBlueprintUserMessages: Early PlayInEditor Detection: Level '/Game/test.test:PersistentLevel' has LevelScriptBlueprint '/Game/test.test:PersistentLevel.test' with GeneratedClass '/Game/test.test_C' with ClassGeneratedBy '/Game/test.test:PersistentLevel.test'
[2017.07.12-15.04.24:377][919]LogPlayLevel: PlayLevel: No blueprints needed recompiling
[2017.07.12-15.04.24:377][919]PIE: New page: PIE session: test (Jul 12, 2017, 7:04:24 PM)
[2017.07.12-15.04.24:378][919]LogPlayLevel: Creating play world package: /Game/UEDPIE_0_test
[2017.07.12-15.04.24:381][919]LogPlayLevel: PIE: StaticDuplicateObject took: (0.003450s)
[2017.07.12-15.04.24:382][919]LogAIModule: Creating AISystem for world test
[2017.07.12-15.04.24:382][919]LogPlayLevel: PIE: World Init took: (0.000469s)
[2017.07.12-15.04.24:382][919]LogPlayLevel: PIE: Created PIE world by copying editor world from /Game/test.test to /Game/UEDPIE_0_test.test (0.004076s)
[2017.07.12-15.04.24:408][919]LogInit: XAudio2 using 'Altavoces (Realtek High Definition Audio)' : 2 channels at 48 kHz using 32 bits per sample (channel mask 0x3)
[2017.07.12-15.04.24:416][919]LogInit: FAudioDevice initialized.
[2017.07.12-15.04.24:457][919]LogLoad: Game class is 'misc-gameMode_C'
[2017.07.12-15.04.24:459][919]LogWorld: Bringing World /Game/UEDPIE_0_test.test up for play (max tick rate 0) at 2017.07.12-17.04.24
[2017.07.12-15.04.24:459][919]LogWorld: Bringing up level for play took: 0.001437
[2017.07.12-15.04.24:464][919]PIE: Info Play in editor start time for /Game/UEDPIE_0_test -0.728
[2017.07.12-15.04.24:464][919]LogBlueprintUserMessages: Late PlayInEditor Detection: Level '/Game/test.test:PersistentLevel' has LevelScriptBlueprint '/Game/test.test:PersistentLevel.test' with GeneratedClass '/Game/test.test_C' with ClassGeneratedBy '/Game/test.test:PersistentLevel.test'
[2017.07.12-15.05.56:070][565]LogBlueprintUserMessages: Early EndPlayMap Detection: Level '/Game/test.test:PersistentLevel' has LevelScriptBlueprint '/Game/test.test:PersistentLevel.test' with GeneratedClass '/Game/test.test_C' with ClassGeneratedBy '/Game/test.test:PersistentLevel.test'
[2017.07.12-15.05.56:110][565]LogBlueprintUserMessages: Late EndPlayMap Detection: Level '/Game/test.test:PersistentLevel' has LevelScriptBlueprint '/Game/test.test:PersistentLevel.test' with GeneratedClass '/Game/test.test_C' with ClassGeneratedBy '/Game/test.test:PersistentLevel.test'
[2017.07.12-15.06.32:187][878]BlueprintLog: New page: Compile test
[2017.07.12-15.07.01:138][329]Cmd: OBJ SAVEPACKAGE PACKAGE="/Game/test" FILE="../../../../../TFG/CreativeKeepers/Saved/Autosaves/Game/test_Auto1.umap" SILENT=true AUTOSAVING=true KEEPDIRTY=false
[2017.07.12-15.07.01:260][329]LogSavePackage: Save=112.82ms
[2017.07.12-15.07.01:261][329]LogSavePackage: Moving '../../../../../TFG/CreativeKeepers/Saved/test_Auto1F997E2FF4628DFFBB66CA4A16AB0AB03.tmp' to '../../../../../TFG/CreativeKeepers/Saved/Autosaves/Game/test_Auto1.umap'
[2017.07.12-15.07.01:263][329]LogSavePackage:Display: Finished SavePackage ../../../../../TFG/CreativeKeepers/Saved/Autosaves/Game/test_Auto1.umap
[2017.07.12-15.07.01:275][329]LogFileHelpers: Editor autosave (incl. sublevels) for '/Game/test' took 0.204
[2017.07.12-15.07.01:275][329]LogFileHelpers: Editor autosave (incl. sublevels) for all levels took 0.204
[2017.07.12-15.08.34:429][787]LogSlate: Took 0.012644 seconds to synchronously load lazily loaded font '../../../Engine/Content/Editor/Slate/Fonts/Roboto-BoldCondensedItalic.ttf' (160K)
[2017.07.12-15.09.56:246][552]BlueprintLog: New page: Compile misc-gameInstance
[2017.07.12-15.11.50:298][161]BlueprintLog: New page: Compile misc-gameInstance
[2017.07.12-15.11.51:221][246]Cmd: OBJ SAVEPACKAGE PACKAGE="/Game/Miscelaneous/misc-gameInstance" FILE="../../../../../TFG/CreativeKeepers/Content/Miscelaneous/misc-gameInstance.uasset" SILENT=true
[2017.07.12-15.11.51:244][246]LogSavePackage: Save=12.82ms
[2017.07.12-15.11.51:244][246]LogSavePackage: Moving '../../../../../TFG/CreativeKeepers/Saved/misc-gameInstance6AFD0BE14BD647559B46F098188854B8.tmp' to '../../../../../TFG/CreativeKeepers/Content/Miscelaneous/misc-gameInstance.uasset'
[2017.07.12-15.11.51:246][246]LogSavePackage:Display: Finished SavePackage ../../../../../TFG/CreativeKeepers/Content/Miscelaneous/misc-gameInstance.uasset
[2017.07.12-15.11.56:413][863]LogTemp: Repeting last play command: Selected Viewport
[2017.07.12-15.11.56:426][863]LogBlueprintUserMessages: Early PlayInEditor Detection: Level '/Game/test.test:PersistentLevel' has LevelScriptBlueprint '/Game/test.test:PersistentLevel.test' with GeneratedClass '/Game/test.test_C' with ClassGeneratedBy '/Game/test.test:PersistentLevel.test'
[2017.07.12-15.11.56:426][863]LogPlayLevel: PlayLevel: No blueprints needed recompiling
[2017.07.12-15.11.56:426][863]PIE: New page: PIE session: test (Jul 12, 2017, 7:11:56 PM)
[2017.07.12-15.11.56:431][863]LogPlayLevel: Creating play world package: /Game/UEDPIE_0_test
[2017.07.12-15.11.56:435][863]LogPlayLevel: PIE: StaticDuplicateObject took: (0.003458s)
[2017.07.12-15.11.56:435][863]LogAIModule: Creating AISystem for world test
[2017.07.12-15.11.56:435][863]LogPlayLevel: PIE: World Init took: (0.000509s)
[2017.07.12-15.11.56:435][863]LogPlayLevel: PIE: Created PIE world by copying editor world from /Game/test.test to /Game/UEDPIE_0_test.test (0.004144s)
[2017.07.12-15.11.56:464][863]LogInit: XAudio2 using 'Altavoces (Realtek High Definition Audio)' : 2 channels at 48 kHz using 32 bits per sample (channel mask 0x3)
[2017.07.12-15.11.56:473][863]LogInit: FAudioDevice initialized.
[2017.07.12-15.11.56:575][863]LogLoad: Game class is 'misc-gameMode_C'
[2017.07.12-15.11.56:576][863]LogWorld: Bringing World /Game/UEDPIE_0_test.test up for play (max tick rate 0) at 2017.07.12-17.11.56
[2017.07.12-15.11.56:576][863]LogWorld: Bringing up level for play took: 0.001194
[2017.07.12-15.11.56:604][863]PIE: Info Play in editor start time for /Game/UEDPIE_0_test -0.587
[2017.07.12-15.11.56:604][863]LogBlueprintUserMessages: Late PlayInEditor Detection: Level '/Game/test.test:PersistentLevel' has LevelScriptBlueprint '/Game/test.test:PersistentLevel.test' with GeneratedClass '/Game/test.test_C' with ClassGeneratedBy '/Game/test.test:PersistentLevel.test'
[2017.07.12-15.12.13:194][850]LogBlueprintUserMessages: Early EndPlayMap Detection: Level '/Game/test.test:PersistentLevel' has LevelScriptBlueprint '/Game/test.test:PersistentLevel.test' with GeneratedClass '/Game/test.test_C' with ClassGeneratedBy '/Game/test.test:PersistentLevel.test'
[2017.07.12-15.12.13:262][850]LogBlueprintUserMessages: Late EndPlayMap Detection: Level '/Game/test.test:PersistentLevel' has LevelScriptBlueprint '/Game/test.test:PersistentLevel.test' with GeneratedClass '/Game/test.test_C' with ClassGeneratedBy '/Game/test.test:PersistentLevel.test'
[2017.07.12-15.12.39:738][ 11]LogBlueprint:Warning: [test] 'dialogos_hud' variable not found. Base class was probably changed.
[2017.07.12-15.12.39:738][ 11]LogBlueprint:Warning: [test] 'dialogos_hud' variable not found. Base class was probably changed.
[2017.07.12-15.13.31:312][181]LogTemp: Repeting last play command: Selected Viewport
[2017.07.12-15.13.31:325][181]LogBlueprintUserMessages: Early PlayInEditor Detection: Level '/Game/test.test:PersistentLevel' has LevelScriptBlueprint '/Game/test.test:PersistentLevel.test' with GeneratedClass '/Game/test.test_C' with ClassGeneratedBy '/Game/test.test:PersistentLevel.test'
[2017.07.12-15.13.31:325][181]BlueprintLog: New page: Pre-Play auto-recompile
[2017.07.12-15.13.31:325][181]LogPlayLevel: [PlayLevel] Compiling misc-gameInstance before play...
[2017.07.12-15.13.31:343][181]LogPlayLevel: [PlayLevel]   Compiling test as a dependent...
[2017.07.12-15.13.31:346][181]LogBlueprint:Error: [Compiler PersistentLevel.test] Error This blueprint (self) is not a misc-gameInstance_C, therefore ' Target ' must have a connection.
[2017.07.12-15.13.31:346][181]LogBlueprint:Error: [Compiler PersistentLevel.test] Error Variable node  Set dialogos_hud  uses an invalid target.  It may depend on a node that is not connected to the execution chain, and got purged.
[2017.07.12-15.13.31:516][181]LogPlayLevel: PlayLevel: Blueprint regeneration took 191 ms (2 blueprints)
[2017.07.12-15.13.31:516][181]BlueprintLog: Info Blueprint test failed to compile
[2017.07.12-15.13.47:215][811]Cmd: OBJ SAVEPACKAGE PACKAGE="/Game/Miscelaneous/misc-gameInstance" FILE="../../../../../TFG/CreativeKeepers/Content/Miscelaneous/misc-gameInstance.uasset" SILENT=true
[2017.07.12-15.13.47:235][811]LogSavePackage: Save=11.59ms
[2017.07.12-15.13.47:235][811]LogSavePackage: Moving '../../../../../TFG/CreativeKeepers/Saved/misc-gameInstanceCC32506A4B2B13E046E019ADA692966D.tmp' to '../../../../../TFG/CreativeKeepers/Content/Miscelaneous/misc-gameInstance.uasset'
[2017.07.12-15.13.47:237][811]LogSavePackage:Display: Finished SavePackage ../../../../../TFG/CreativeKeepers/Content/Miscelaneous/misc-gameInstance.uasset
[2017.07.12-15.14.26:263][491]BlueprintLog: New page: Compile test
[2017.07.12-15.14.27:688][651]LogTemp: Repeting last play command: Selected Viewport
[2017.07.12-15.14.27:700][651]LogBlueprintUserMessages: Early PlayInEditor Detection: Level '/Game/test.test:PersistentLevel' has LevelScriptBlueprint '/Game/test.test:PersistentLevel.test' with GeneratedClass '/Game/test.test_C' with ClassGeneratedBy '/Game/test.test:PersistentLevel.test'
[2017.07.12-15.14.27:700][651]LogPlayLevel: PlayLevel: No blueprints needed recompiling
[2017.07.12-15.14.27:700][651]PIE: New page: PIE session: test (Jul 12, 2017, 7:14:27 PM)
[2017.07.12-15.14.27:702][651]LogPlayLevel: Creating play world package: /Game/UEDPIE_0_test
[2017.07.12-15.14.27:706][651]LogPlayLevel: PIE: StaticDuplicateObject took: (0.003427s)
[2017.07.12-15.14.27:706][651]LogAIModule: Creating AISystem for world test
[2017.07.12-15.14.27:706][651]LogPlayLevel: PIE: World Init took: (0.000524s)
[2017.07.12-15.14.27:706][651]LogPlayLevel: PIE: Created PIE world by copying editor world from /Game/test.test to /Game/UEDPIE_0_test.test (0.004112s)
[2017.07.12-15.14.27:733][651]LogInit: XAudio2 using 'Altavoces (Realtek High Definition Audio)' : 2 channels at 48 kHz using 32 bits per sample (channel mask 0x3)
[2017.07.12-15.14.27:743][651]LogInit: FAudioDevice initialized.
[2017.07.12-15.14.27:780][651]LogLoad: Game class is 'misc-gameMode_C'
[2017.07.12-15.14.27:781][651]LogWorld: Bringing World /Game/UEDPIE_0_test.test up for play (max tick rate 0) at 2017.07.12-17.14.27
[2017.07.12-15.14.27:782][651]LogWorld: Bringing up level for play took: 0.001587
[2017.07.12-15.14.27:786][651]PIE: Info Play in editor start time for /Game/UEDPIE_0_test 0.595
[2017.07.12-15.14.27:787][651]LogBlueprintUserMessages: Late PlayInEditor Detection: Level '/Game/test.test:PersistentLevel' has LevelScriptBlueprint '/Game/test.test:PersistentLevel.test' with GeneratedClass '/Game/test.test_C' with ClassGeneratedBy '/Game/test.test:PersistentLevel.test'
[2017.07.12-15.14.32:148][170]LogBlueprintUserMessages: Early EndPlayMap Detection: Level '/Game/test.test:PersistentLevel' has LevelScriptBlueprint '/Game/test.test:PersistentLevel.test' with GeneratedClass '/Game/test.test_C' with ClassGeneratedBy '/Game/test.test:PersistentLevel.test'
[2017.07.12-15.14.32:180][170]LogBlueprintUserMessages: Late EndPlayMap Detection: Level '/Game/test.test:PersistentLevel' has LevelScriptBlueprint '/Game/test.test:PersistentLevel.test' with GeneratedClass '/Game/test.test_C' with ClassGeneratedBy '/Game/test.test:PersistentLevel.test'
[2017.07.12-15.24.29:399][843]LogTemp: Repeting last play command: Selected Viewport
[2017.07.12-15.24.29:445][843]LogBlueprintUserMessages: Early PlayInEditor Detection: Level '/Game/test.test:PersistentLevel' has LevelScriptBlueprint '/Game/test.test:PersistentLevel.test' with GeneratedClass '/Game/test.test_C' with ClassGeneratedBy '/Game/test.test:PersistentLevel.test'
[2017.07.12-15.24.29:446][843]BlueprintLog: New page: Pre-Play auto-recompile
[2017.07.12-15.24.29:446][843]LogPlayLevel: [PlayLevel] Compiling hud-dialogos before play...
[2017.07.12-15.24.29:589][843]LogPlayLevel: PlayLevel: Blueprint regeneration took 143 ms (1 blueprints)
[2017.07.12-15.24.29:589][843]PIE: New page: PIE session: test (Jul 12, 2017, 7:24:29 PM)
[2017.07.12-15.24.29:590][843]LogPlayLevel: Creating play world package: /Game/UEDPIE_0_test
[2017.07.12-15.24.29:593][843]LogPlayLevel: PIE: StaticDuplicateObject took: (0.003559s)
[2017.07.12-15.24.29:594][843]LogAIModule: Creating AISystem for world test
[2017.07.12-15.24.29:594][843]LogPlayLevel: PIE: World Init took: (0.000529s)
[2017.07.12-15.24.29:594][843]LogPlayLevel: PIE: Created PIE world by copying editor world from /Game/test.test to /Game/UEDPIE_0_test.test (0.004252s)
[2017.07.12-15.24.29:621][843]LogInit: XAudio2 using 'Altavoces (Realtek High Definition Audio)' : 2 channels at 48 kHz using 32 bits per sample (channel mask 0x3)
[2017.07.12-15.24.29:631][843]LogInit: FAudioDevice initialized.
[2017.07.12-15.24.29:672][843]LogLoad: Game class is 'misc-gameMode_C'
[2017.07.12-15.24.29:673][843]LogWorld: Bringing World /Game/UEDPIE_0_test.test up for play (max tick rate 0) at 2017.07.12-17.24.29
[2017.07.12-15.24.29:674][843]LogWorld: Bringing up level for play took: 0.001638
[2017.07.12-15.24.29:679][843]PIE: Info Play in editor start time for /Game/UEDPIE_0_test 0.488
[2017.07.12-15.24.29:679][843]LogBlueprintUserMessages: Late PlayInEditor Detection: Level '/Game/test.test:PersistentLevel' has LevelScriptBlueprint '/Game/test.test:PersistentLevel.test' with GeneratedClass '/Game/test.test_C' with ClassGeneratedBy '/Game/test.test:PersistentLevel.test'
[2017.07.12-15.24.29:686][843]LogWindows: Windows GetLastError: La operación se completó correctamente. (0)
